[01m[K/home/javierfr/Tesis_ws/V1/src/img_proc_pkg/src/img_proc_id_node.cpp:[m[K In member function â€˜[01m[Kvoid Img_Proc_Id_Node::topic_callback(sensor_msgs::msg::Image_<std::allocator<void> >::SharedPtr) const[m[Kâ€™:
[01m[K/home/javierfr/Tesis_ws/V1/src/img_proc_pkg/src/img_proc_id_node.cpp:95:84:[m[K [01;31m[Kerror: [m[Kâ€˜[01m[KKBSmax[m[Kâ€™ was not declared in this scope; did you mean â€˜[01m[KBKSmax[m[Kâ€™?
   95 |       cv::inRange(img_red_bin, cv::Scalar(BKHmin,BKSmin,BKVmin), cv::Scalar(BKHmax,[01;31m[KKBSmax[m[K,KBVmax), img_red_bin);
      |                                                                                    [01;31m[K^~~~~~[m[K
      |                                                                                    [32m[KBKSmax[m[K
[01m[K/home/javierfr/Tesis_ws/V1/src/img_proc_pkg/src/img_proc_id_node.cpp:95:91:[m[K [01;31m[Kerror: [m[Kâ€˜[01m[KKBVmax[m[Kâ€™ was not declared in this scope; did you mean â€˜[01m[KBKVmax[m[Kâ€™?
   95 |       cv::inRange(img_red_bin, cv::Scalar(BKHmin,BKSmin,BKVmin), cv::Scalar(BKHmax,KBSmax,[01;31m[KKBVmax[m[K), img_red_bin);
      |                                                                                           [01;31m[K^~~~~~[m[K
      |                                                                                           [32m[KBKVmax[m[K
make[2]: *** [CMakeFiles/img_proc_id_node.dir/build.make:63: CMakeFiles/img_proc_id_node.dir/src/img_proc_id_node.cpp.o] Error 1
make[1]: *** [CMakeFiles/Makefile2:138: CMakeFiles/img_proc_id_node.dir/all] Error 2
make: *** [Makefile:141: all] Error 2
