[0.018s] Invoking command in '/home/javierfr/Tesis_ws/V1/build/img_proc_pkg': CMAKE_PREFIX_PATH=${CMAKE_PREFIX_PATH}:/opt/ros/foxy /usr/bin/cmake --build /home/javierfr/Tesis_ws/V1/build/img_proc_pkg -- -j12 -l12
[0.055s] [35m[1mScanning dependencies of target img_proc_id_node[0m
[0.075s] [ 25%] Built target img_proc_node
[0.079s] [ 50%] Built target img_subs_test_node
[0.084s] [ 75%] Built target img_publ_test_node
[0.091s] [ 87%] [32mBuilding CXX object CMakeFiles/img_proc_id_node.dir/src/img_proc_id_node.cpp.o[0m
[1.389s] [01m[K/home/javierfr/Tesis_ws/V1/src/img_proc_pkg/src/img_proc_id_node.cpp:[m[K In member function â€˜[01m[Kvoid Img_Proc_Id_Node::topic_callback(sensor_msgs::msg::Image_<std::allocator<void> >::SharedPtr) const[m[Kâ€™:
[1.389s] [01m[K/home/javierfr/Tesis_ws/V1/src/img_proc_pkg/src/img_proc_id_node.cpp:95:84:[m[K [01;31m[Kerror: [m[Kâ€˜[01m[KKBSmax[m[Kâ€™ was not declared in this scope; did you mean â€˜[01m[KBKSmax[m[Kâ€™?
[1.389s]    95 |       cv::inRange(img_red_bin, cv::Scalar(BKHmin,BKSmin,BKVmin), cv::Scalar(BKHmax,[01;31m[KKBSmax[m[K,KBVmax), img_red_bin);
[1.389s]       |                                                                                    [01;31m[K^~~~~~[m[K
[1.389s]       |                                                                                    [32m[KBKSmax[m[K
[1.390s] [01m[K/home/javierfr/Tesis_ws/V1/src/img_proc_pkg/src/img_proc_id_node.cpp:95:91:[m[K [01;31m[Kerror: [m[Kâ€˜[01m[KKBVmax[m[Kâ€™ was not declared in this scope; did you mean â€˜[01m[KBKVmax[m[Kâ€™?
[1.390s]    95 |       cv::inRange(img_red_bin, cv::Scalar(BKHmin,BKSmin,BKVmin), cv::Scalar(BKHmax,KBSmax,[01;31m[KKBVmax[m[K), img_red_bin);
[1.390s]       |                                                                                           [01;31m[K^~~~~~[m[K
[1.390s]       |                                                                                           [32m[KBKVmax[m[K
[2.498s] make[2]: *** [CMakeFiles/img_proc_id_node.dir/build.make:63: CMakeFiles/img_proc_id_node.dir/src/img_proc_id_node.cpp.o] Error 1
[2.498s] make[1]: *** [CMakeFiles/Makefile2:138: CMakeFiles/img_proc_id_node.dir/all] Error 2
[2.499s] make: *** [Makefile:141: all] Error 2
[2.500s] Invoked command in '/home/javierfr/Tesis_ws/V1/build/img_proc_pkg' returned '2': CMAKE_PREFIX_PATH=${CMAKE_PREFIX_PATH}:/opt/ros/foxy /usr/bin/cmake --build /home/javierfr/Tesis_ws/V1/build/img_proc_pkg -- -j12 -l12
