[0.010s] Invoking command in '/home/javierfr/Tesis_ws/V1/build/img_proc_pkg': CMAKE_PREFIX_PATH=/opt/ros/foxy /usr/bin/cmake --build /home/javierfr/Tesis_ws/V1/build/img_proc_pkg -- -j12 -l12
[0.029s] -- Found ament_cmake: 0.9.8 (/opt/ros/foxy/share/ament_cmake/cmake)
[0.045s] -- Using PYTHON_EXECUTABLE: /usr/bin/python3
[0.402s] -- Configuring done
[0.605s] -- Generating done
[0.606s] -- Build files have been written to: /home/javierfr/Tesis_ws/V1/build/img_proc_pkg
[0.626s] [35m[1mScanning dependencies of target img_proc_node[0m
[0.676s] [ 50%] [32mBuilding CXX object CMakeFiles/img_proc_node.dir/src/img_proc_node.cpp.o[0m
[3.729s] [01m[K/home/javierfr/Tesis_ws/V1/src/img_proc_pkg/src/img_proc_node.cpp:[m[K In function â€˜[01m[Kint main(int, char**)[m[Kâ€™:
[3.729s] [01m[K/home/javierfr/Tesis_ws/V1/src/img_proc_pkg/src/img_proc_node.cpp:16:2:[m[K [01;31m[Kerror: [m[Kexpected â€˜[01m[K,[m[Kâ€™ or â€˜[01m[K;[m[Kâ€™ before â€˜[01m[KnamedWindow[m[Kâ€™
[3.729s]    16 |  [01;31m[KnamedWindow[m[K("Display Image", WINDOW_AUTOSIZE );
[3.729s]       |  [01;31m[K^~~~~~~~~~~[m[K
[3.866s] make[2]: *** [CMakeFiles/img_proc_node.dir/build.make:63: CMakeFiles/img_proc_node.dir/src/img_proc_node.cpp.o] Error 1
[3.867s] make[1]: *** [CMakeFiles/Makefile2:78: CMakeFiles/img_proc_node.dir/all] Error 2
[3.867s] make: *** [Makefile:141: all] Error 2
[3.869s] Invoked command in '/home/javierfr/Tesis_ws/V1/build/img_proc_pkg' returned '2': CMAKE_PREFIX_PATH=/opt/ros/foxy /usr/bin/cmake --build /home/javierfr/Tesis_ws/V1/build/img_proc_pkg -- -j12 -l12
