[0.156s] Invoking command in '/home/javierfr/Tesis_ws/V1/build/interfaces': CMAKE_PREFIX_PATH=/opt/ros/foxy /usr/bin/cmake --build /home/javierfr/Tesis_ws/V1/build/interfaces -- -j12 -l12
[2.582s] -- Found ament_cmake: 0.9.8 (/opt/ros/foxy/share/ament_cmake/cmake)
[3.244s] -- Using PYTHON_EXECUTABLE: /usr/bin/python3
[6.311s] -- Found rosidl_default_generators: 1.0.1 (/opt/ros/foxy/share/rosidl_default_generators/cmake)
[6.753s] -- Using all available rosidl_typesupport_c: rosidl_typesupport_fastrtps_c;rosidl_typesupport_introspection_c
[7.142s] -- Found rosidl_adapter: 1.2.1 (/opt/ros/foxy/share/rosidl_adapter/cmake)
[9.159s] -- Found OpenSSL: /usr/lib/x86_64-linux-gnu/libcrypto.so (found version "1.1.1f")  
[9.438s] -- Found FastRTPS: /opt/ros/foxy/include  
[10.464s] -- Using all available rosidl_typesupport_cpp: rosidl_typesupport_fastrtps_cpp;rosidl_typesupport_introspection_cpp
[11.085s] -- Found PythonInterp: /usr/bin/python3 (found version "3.8.5") 
[11.567s] CMake Error at /opt/ros/foxy/share/rosidl_adapter/cmake/rosidl_adapt_interfaces.cmake:60 (message):
[11.567s]   execute_process(/usr/bin/python3 -m rosidl_adapter --package-name
[11.567s]   interfaces --arguments-file
[11.567s]   /home/javierfr/Tesis_ws/V1/build/interfaces/rosidl_adapter__arguments__interfaces.json
[11.567s]   --output-dir
[11.568s]   /home/javierfr/Tesis_ws/V1/build/interfaces/rosidl_adapter/interfaces
[11.568s]   --output-file
[11.568s]   /home/javierfr/Tesis_ws/V1/build/interfaces/rosidl_adapter/interfaces.idls)
[11.568s]   returned error code 1:
[11.568s] 
[11.568s]   Error processing 'double x_vel' of 'interfaces/Platform1Vel_Request':
[11.568s]   ''double' is an invalid message name.  It should have the pattern
[11.568s]   '^[A-Z][A-Za-z0-9]*$''
[11.568s] 
[11.568s]   Traceback (most recent call last):
[11.568s] 
[11.568s]     File "/usr/lib/python3.8/runpy.py", line 194, in _run_module_as_main
[11.568s]       return _run_code(code, main_globals, None,
[11.568s]     File "/usr/lib/python3.8/runpy.py", line 87, in _run_code
[11.568s]       exec(code, run_globals)
[11.569s]     File "/opt/ros/foxy/lib/python3.8/site-packages/rosidl_adapter/__main__.py", line 19, in <module>
[11.569s]       sys.exit(main())
[11.569s]     File "/opt/ros/foxy/lib/python3.8/site-packages/rosidl_adapter/main.py", line 53, in main
[11.569s]       abs_idl_file = convert_to_idl(
[11.569s]     File "/opt/ros/foxy/lib/python3.8/site-packages/rosidl_adapter/__init__.py", line 24, in convert_to_idl
[11.569s]       return convert_srv_to_idl(
[11.569s]     File "/opt/ros/foxy/lib/python3.8/site-packages/rosidl_adapter/srv/__init__.py", line 28, in convert_srv_to_idl
[11.569s]       srv = parse_service_string(package_name, input_file.stem, content)
[11.569s]     File "/opt/ros/foxy/lib/python3.8/site-packages/rosidl_adapter/parser.py", line 852, in parse_service_string
[11.569s]       request_message = parse_message_string(
[11.569s]     File "/opt/ros/foxy/lib/python3.8/site-packages/rosidl_adapter/parser.py", line 516, in parse_message_string
[11.569s]       Type(type_string, context_package_name=pkg_name),
[11.569s]     File "/opt/ros/foxy/lib/python3.8/site-packages/rosidl_adapter/parser.py", line 276, in __init__
[11.569s]       super(Type, self).__init__(
[11.569s]     File "/opt/ros/foxy/lib/python3.8/site-packages/rosidl_adapter/parser.py", line 204, in __init__
[11.569s]       raise InvalidResourceName(
[11.569s] 
[11.570s]   rosidl_adapter.parser.InvalidResourceName: 'double' is an invalid message
[11.570s]   name.  It should have the pattern '^[A-Z][A-Za-z0-9]*$'
[11.570s] 
[11.570s] Call Stack (most recent call first):
[11.570s]   /opt/ros/foxy/share/rosidl_cmake/cmake/rosidl_generate_interfaces.cmake:130 (rosidl_adapt_interfaces)
[11.570s]   CMakeLists.txt:22 (rosidl_generate_interfaces)
[11.570s] 
[11.570s] 
[11.570s] -- Configuring incomplete, errors occurred!
[11.570s] See also "/home/javierfr/Tesis_ws/V1/build/interfaces/CMakeFiles/CMakeOutput.log".
[11.572s] make: *** [Makefile:222: cmake_check_build_system] Error 1
[11.573s] Invoked command in '/home/javierfr/Tesis_ws/V1/build/interfaces' returned '2': CMAKE_PREFIX_PATH=/opt/ros/foxy /usr/bin/cmake --build /home/javierfr/Tesis_ws/V1/build/interfaces -- -j12 -l12
