[0.007s] Invoking command in '/home/javierfr/Tesis_ws/V1/build/sim_pkg': CMAKE_PREFIX_PATH=${CMAKE_PREFIX_PATH}:/opt/ros/foxy LD_LIBRARY_PATH=/home/javierfr/Tesis_ws/V1/install/interfaces/lib:/opt/ros/foxy/opt/yaml_cpp_vendor/lib:/opt/ros/foxy/opt/rviz_ogre_vendor/lib:/opt/ros/foxy/lib/x86_64-linux-gnu:/opt/ros/foxy/lib:/usr/lib/x86_64-linux-gnu/gazebo-11/plugins:/usr/lib/x86_64-linux-gnu/gazebo-11/plugins /usr/bin/cmake --build /home/javierfr/Tesis_ws/V1/build/sim_pkg -- -j12 -l12
[0.037s] [35m[1mScanning dependencies of target plat1_send_vel_node[0m
[0.056s] [ 50%] [32mBuilding CXX object CMakeFiles/plat1_send_vel_node.dir/src/plat1_send_vel_node.cpp.o[0m
[1.391s] /home/javierfr/Tesis_ws/V1/src/sim_pkg/src/plat1_send_vel_node.cpp: In function â€˜void setvel(std::shared_ptr<interfaces::srv::Platform1Vel_Request_<std::allocator<void> > >, std::shared_ptr<interfaces::srv::Platform1Vel_Response_<std::allocator<void> > >)â€™:
[1.391s] /home/javierfr/Tesis_ws/V1/src/sim_pkg/src/plat1_send_vel_node.cpp:6:75: warning: unused parameter â€˜requestâ€™ [-Wunused-parameter]
[1.391s]     6 | void setvel(const std::shared_ptr<interfaces::srv::Platform1Vel::Request> request,     // CHANGE
[1.391s]       |             ~~~~~~~~~~~~~~~~~~~~~~~~~~~~~~~~~~~~~~~~~~~~~~~~~~~~~~~~~~~~~~^~~~~~~
[1.391s] /home/javierfr/Tesis_ws/V1/src/sim_pkg/src/plat1_send_vel_node.cpp:7:74: warning: unused parameter â€˜responseâ€™ [-Wunused-parameter]
[1.391s]     7 |           std::shared_ptr<interfaces::srv::Platform1Vel::Response>       response)  // CHANGE
[1.391s]       |           ~~~~~~~~~~~~~~~~~~~~~~~~~~~~~~~~~~~~~~~~~~~~~~~~~~~~~~~~~~~~~~~^~~~~~~~
[1.391s] /home/javierfr/Tesis_ws/V1/src/sim_pkg/src/plat1_send_vel_node.cpp: In function â€˜int main(int, char**)â€™:
[1.391s] /home/javierfr/Tesis_ws/V1/src/sim_pkg/src/plat1_send_vel_node.cpp:20:19: error: â€˜tutorial_interfacesâ€™ was not declared in this scope; did you mean â€˜rcl_interfacesâ€™?
[1.392s]    20 |   rclcpp::Service<tutorial_interfaces::srv::AddThreeInts>::SharedPtr service =                 // CHANGE
[1.392s]       |                   ^~~~~~~~~~~~~~~~~~~
[1.392s]       |                   rcl_interfaces
[1.392s] /home/javierfr/Tesis_ws/V1/src/sim_pkg/src/plat1_send_vel_node.cpp:20:57: error: template argument 1 is invalid
[1.392s]    20 |   rclcpp::Service<tutorial_interfaces::srv::AddThreeInts>::SharedPtr service =                 // CHANGE
[1.392s]       |                                                         ^
[1.392s] /home/javierfr/Tesis_ws/V1/src/sim_pkg/src/plat1_send_vel_node.cpp:20:70: error: qualified-id in declaration before â€˜serviceâ€™
[1.392s]    20 |   rclcpp::Service<tutorial_interfaces::srv::AddThreeInts>::SharedPtr service =                 // CHANGE
[1.392s]       |                                                                      ^~~~~~~
[1.392s] make[2]: *** [CMakeFiles/plat1_send_vel_node.dir/build.make:63: CMakeFiles/plat1_send_vel_node.dir/src/plat1_send_vel_node.cpp.o] Error 1
[1.392s] make[1]: *** [CMakeFiles/Makefile2:78: CMakeFiles/plat1_send_vel_node.dir/all] Error 2
[1.392s] make: *** [Makefile:141: all] Error 2
[1.393s] Invoked command in '/home/javierfr/Tesis_ws/V1/build/sim_pkg' returned '2': CMAKE_PREFIX_PATH=${CMAKE_PREFIX_PATH}:/opt/ros/foxy LD_LIBRARY_PATH=/home/javierfr/Tesis_ws/V1/install/interfaces/lib:/opt/ros/foxy/opt/yaml_cpp_vendor/lib:/opt/ros/foxy/opt/rviz_ogre_vendor/lib:/opt/ros/foxy/lib/x86_64-linux-gnu:/opt/ros/foxy/lib:/usr/lib/x86_64-linux-gnu/gazebo-11/plugins:/usr/lib/x86_64-linux-gnu/gazebo-11/plugins /usr/bin/cmake --build /home/javierfr/Tesis_ws/V1/build/sim_pkg -- -j12 -l12
