[0.018s] Invoking command in '/home/javierfr/Tesis_ws/V1/build/img_proc_pkg': CMAKE_PREFIX_PATH=${CMAKE_PREFIX_PATH}:/opt/ros/foxy /usr/bin/cmake --build /home/javierfr/Tesis_ws/V1/build/img_proc_pkg -- -j12 -l12
[0.053s] [35m[1mScanning dependencies of target img_proc_id_node[0m
[0.074s] [ 25%] Built target img_proc_node
[0.079s] [ 75%] Built target img_subs_test_node
[0.079s] [ 75%] Built target img_publ_test_node
[0.086s] [ 87%] [32mBuilding CXX object CMakeFiles/img_proc_id_node.dir/src/img_proc_id_node.cpp.o[0m
[1.297s] [01m[K/home/javierfr/Tesis_ws/V1/src/img_proc_pkg/src/img_proc_id_node.cpp:[m[K In member function â€˜[01m[Kvoid Img_Proc_Id_Node::topic_callback(sensor_msgs::msg::Image_<std::allocator<void> >::SharedPtr) const[m[Kâ€™:
[1.297s] [01m[K/home/javierfr/Tesis_ws/V1/src/img_proc_pkg/src/img_proc_id_node.cpp:76:69:[m[K [01;31m[Kerror: [m[Kcannot convert â€˜[01m[Kstd::vector<cv::Vec<int, 4> >[m[Kâ€™ to â€˜[01m[Kint[m[Kâ€™
[1.298s]    76 |       cv::drawContours(img_original,red_contours,-1, cv::FILLED, 8, [01;31m[Khierarchy[m[K);
[1.298s]       |                                                                     [01;31m[K^~~~~~~~~[m[K
[1.298s]       |                                                                     [01;31m[K|[m[K
[1.298s]       |                                                                     [01;31m[Kstd::vector<cv::Vec<int, 4> >[m[K
[1.298s] In file included from [01m[K/usr/local/include/opencv4/opencv2/imgproc/imgproc.hpp:48[m[K,
[1.298s]                  from [01m[K/opt/ros/foxy/include/cv_bridge/cv_bridge.h:44[m[K,
[1.298s]                  from [01m[K/home/javierfr/Tesis_ws/V1/src/img_proc_pkg/src/img_proc_id_node.cpp:21[m[K:
[1.298s] [01m[K/usr/local/include/opencv4/opencv2/imgproc.hpp:4579:54:[m[K [01;36m[Knote: [m[K  initializing argument 6 of â€˜[01m[Kvoid cv::drawContours(cv::InputOutputArray, cv::InputArrayOfArrays, int, const Scalar&, int, int, cv::InputArray, int, cv::Point)[m[Kâ€™
[1.298s]  4579 |                               int thickness = 1, [01;36m[Kint lineType = LINE_8[m[K,
[1.298s]       |                                                  [01;36m[K~~~~^~~~~~~~~~~~~~~~~[m[K
[2.375s] make[2]: *** [CMakeFiles/img_proc_id_node.dir/build.make:63: CMakeFiles/img_proc_id_node.dir/src/img_proc_id_node.cpp.o] Error 1
[2.375s] make[1]: *** [CMakeFiles/Makefile2:138: CMakeFiles/img_proc_id_node.dir/all] Error 2
[2.375s] make: *** [Makefile:141: all] Error 2
[2.378s] Invoked command in '/home/javierfr/Tesis_ws/V1/build/img_proc_pkg' returned '2': CMAKE_PREFIX_PATH=${CMAKE_PREFIX_PATH}:/opt/ros/foxy /usr/bin/cmake --build /home/javierfr/Tesis_ws/V1/build/img_proc_pkg -- -j12 -l12
