[35m[1mScanning dependencies of target img_proc_id_node[0m
[ 25%] Built target img_proc_node
[ 50%] Built target img_subs_test_node
[ 75%] Built target img_publ_test_node
[ 87%] [32mBuilding CXX object CMakeFiles/img_proc_id_node.dir/src/img_proc_id_node.cpp.o[0m
[01m[K/home/javierfr/Tesis_ws/V1/src/img_proc_pkg/src/img_proc_id_node.cpp:[m[K In member function â€˜[01m[Kvoid Img_Proc_Id_Node::topic_callback(sensor_msgs::msg::Image_<std::allocator<void> >::SharedPtr) const[m[Kâ€™:
[01m[K/home/javierfr/Tesis_ws/V1/src/img_proc_pkg/src/img_proc_id_node.cpp:98:22:[m[K [01;35m[Kwarning: [m[Kcomparison of integer expressions of different signedness: â€˜[01m[Kint[m[Kâ€™ and â€˜[01m[Kstd::vector<std::vector<cv::Point_<int> > >::size_type[m[Kâ€™ {aka â€˜[01m[Klong unsigned int[m[Kâ€™} [[01;35m[K-Wsign-compare[m[K]
   98 |       for (int i=0; [01;35m[Ki<red_contours.size()[m[K; i++)
      |                     [01;35m[K~^~~~~~~~~~~~~~~~~~~~[m[K
[01m[K/home/javierfr/Tesis_ws/V1/src/img_proc_pkg/src/img_proc_id_node.cpp:129:26:[m[K [01;35m[Kwarning: [m[Kcomparison of integer expressions of different signedness: â€˜[01m[Kint[m[Kâ€™ and â€˜[01m[Kstd::vector<std::vector<cv::Point_<int> > >::size_type[m[Kâ€™ {aka â€˜[01m[Klong unsigned int[m[Kâ€™} [[01;35m[K-Wsign-compare[m[K]
  129 |         for (int ii=1; [01;35m[Kii<red_subcontours.size()[m[K; ii++)
      |                        [01;35m[K~~^~~~~~~~~~~~~~~~~~~~~~~[m[K
[01m[K/home/javierfr/Tesis_ws/V1/src/img_proc_pkg/src/img_proc_id_node.cpp:175:15:[m[K [01;31m[Kerror: [m[Kâ€˜[01m[Ksprintf_s[m[Kâ€™ was not declared in this scope; did you mean â€˜[01m[Ksprintf[m[Kâ€™?
  175 |               [01;31m[Ksprintf_s[m[K(Data, "Robot 1 \n x= %d \n y=%d \n angle=%f", R1x,R1y,R1ang);
      |               [01;31m[K^~~~~~~~~[m[K
      |               [32m[Ksprintf[m[K
[01m[K/home/javierfr/Tesis_ws/V1/src/img_proc_pkg/src/img_proc_id_node.cpp:185:15:[m[K [01;31m[Kerror: [m[Kâ€˜[01m[Ksprintf_s[m[Kâ€™ was not declared in this scope; did you mean â€˜[01m[Ksprintf[m[Kâ€™?
  185 |               [01;31m[Ksprintf_s[m[K(Data, "Robot 2 \n x= %d \n y=%d \n angle=%f", R2x,R2y,R2ang);
      |               [01;31m[K^~~~~~~~~[m[K
      |               [32m[Ksprintf[m[K
make[2]: *** [CMakeFiles/img_proc_id_node.dir/build.make:63: CMakeFiles/img_proc_id_node.dir/src/img_proc_id_node.cpp.o] Error 1
make[1]: *** [CMakeFiles/Makefile2:138: CMakeFiles/img_proc_id_node.dir/all] Error 2
make: *** [Makefile:141: all] Error 2
