[01m[K/home/javierfr/Tesis_ws/V1/src/img_proc_pkg/src/img_proc_id_node.cpp:[m[K In member function â€˜[01m[Kvoid Img_Proc_Id_Node::topic_callback(sensor_msgs::msg::Image_<std::allocator<void> >::SharedPtr) const[m[Kâ€™:
[01m[K/home/javierfr/Tesis_ws/V1/src/img_proc_pkg/src/img_proc_id_node.cpp:74:11:[m[K [01;31m[Kerror: [m[Kâ€˜[01m[KfindCountours[m[Kâ€™ is not a member of â€˜[01m[Kcv[m[Kâ€™; did you mean â€˜[01m[KfindContours[m[Kâ€™?
   74 |       cv::[01;31m[KfindCountours[m[K(img_red_bin,red_contours,hierarchy,cv::RETR_EXTERNAL, cv::CHAIN_APPROX_SIMPLE;
      |           [01;31m[K^~~~~~~~~~~~~[m[K
      |           [32m[KfindContours[m[K
[01m[K/home/javierfr/Tesis_ws/V1/src/img_proc_pkg/src/img_proc_id_node.cpp:74:102:[m[K [01;31m[Kerror: [m[Kexpected â€˜[01m[K)[m[Kâ€™ before â€˜[01m[K;[m[Kâ€™ token
   74 |       cv::findCountours[34m[K([m[Kimg_red_bin,red_contours,hierarchy,cv::RETR_EXTERNAL, cv::CHAIN_APPROX_SIMPLE[01;31m[K;[m[K
      |                        [34m[K~[m[K                                                                             [01;31m[K^[m[K
      |                                                                                                      [32m[K)[m[K
make[2]: *** [CMakeFiles/img_proc_id_node.dir/build.make:63: CMakeFiles/img_proc_id_node.dir/src/img_proc_id_node.cpp.o] Error 1
make[1]: *** [CMakeFiles/Makefile2:138: CMakeFiles/img_proc_id_node.dir/all] Error 2
make: *** [Makefile:141: all] Error 2
