[0.015s] Invoking command in '/home/javierfr/Tesis_ws/V1/build/img_proc_pkg': CMAKE_PREFIX_PATH=/opt/ros/foxy /usr/bin/cmake --build /home/javierfr/Tesis_ws/V1/build/img_proc_pkg -- -j12 -l12
[0.047s] [35m[1mScanning dependencies of target img_subs_test_node[0m
[0.059s] [ 33%] Built target img_proc_node
[0.062s] [ 66%] Built target img_publ_test_node
[0.069s] [ 83%] [32mBuilding CXX object CMakeFiles/img_subs_test_node.dir/src/img_subs_test_node.cpp.o[0m
[1.232s] [01m[K/home/javierfr/Tesis_ws/V1/src/img_proc_pkg/src/img_subs_test_node.cpp:[m[K In function â€˜[01m[Kint main(int, char**)[m[Kâ€™:
[1.232s] [01m[K/home/javierfr/Tesis_ws/V1/src/img_proc_pkg/src/img_subs_test_node.cpp:62:11:[m[K [01;31m[Kerror: [m[Kâ€˜[01m[Kspin_node_once[m[Kâ€™ is not a member of â€˜[01m[Krclcpp[m[Kâ€™
[1.232s]    62 |   rclcpp::[01;31m[Kspin_node_once[m[K(std::make_shared<Img_Subs_Test_Node>());
[1.232s]       |           [01;31m[K^~~~~~~~~~~~~~[m[K
[2.206s] make[2]: *** [CMakeFiles/img_subs_test_node.dir/build.make:63: CMakeFiles/img_subs_test_node.dir/src/img_subs_test_node.cpp.o] Error 1
[2.207s] make[1]: *** [CMakeFiles/Makefile2:82: CMakeFiles/img_subs_test_node.dir/all] Error 2
[2.207s] make: *** [Makefile:141: all] Error 2
[2.208s] Invoked command in '/home/javierfr/Tesis_ws/V1/build/img_proc_pkg' returned '2': CMAKE_PREFIX_PATH=/opt/ros/foxy /usr/bin/cmake --build /home/javierfr/Tesis_ws/V1/build/img_proc_pkg -- -j12 -l12
