[0.010s] Invoking command in '/home/javierfr/Tesis_ws/V1/build/control_pkg': AMENT_PREFIX_PATH=/home/javierfr/Tesis_ws/V1/install/interfaces:${AMENT_PREFIX_PATH} CMAKE_PREFIX_PATH=/home/javierfr/Tesis_ws/V1/install/interfaces:/opt/ros/foxy LD_LIBRARY_PATH=/home/javierfr/Tesis_ws/V1/install/interfaces/lib:/opt/ros/foxy/opt/yaml_cpp_vendor/lib:/opt/ros/foxy/opt/rviz_ogre_vendor/lib:/opt/ros/foxy/lib/x86_64-linux-gnu:/opt/ros/foxy/lib:/usr/lib/x86_64-linux-gnu/gazebo-11/plugins:/usr/lib/x86_64-linux-gnu/gazebo-11/plugins PYTHONPATH=/home/javierfr/Tesis_ws/V1/install/interfaces/lib/python3.8/site-packages:${PYTHONPATH} /usr/bin/cmake --build /home/javierfr/Tesis_ws/V1/build/control_pkg -- -j12 -l12
[0.038s] [35m[1mScanning dependencies of target control_pid_p1_node[0m
[0.053s] [ 50%] Built target control_pid_p2_node
[0.058s] [ 75%] [32mBuilding CXX object CMakeFiles/control_pid_p1_node.dir/src/control_pid_p1_node.cpp.o[0m
[2.551s] /home/javierfr/Tesis_ws/V1/src/control_pkg/src/control_pid_p1_node.cpp: In member function â€˜void Control_PID_P1_node::timer_callback()â€™:
[2.551s] /home/javierfr/Tesis_ws/V1/src/control_pkg/src/control_pid_p1_node.cpp:110:41: error: conversion from â€˜intâ€™ to non-scalar type â€˜interfaces::msg::PlatStateâ€™ {aka â€˜interfaces::msg::PlatState_<std::allocator<void> >â€™} requested
[2.551s]   110 |     interfaces::msg::PlatState msg_publ=platform1_state;
[2.551s]       |                                         ^~~~~~~~~~~~~~~
[2.551s] make[2]: *** [CMakeFiles/control_pid_p1_node.dir/build.make:63: CMakeFiles/control_pid_p1_node.dir/src/control_pid_p1_node.cpp.o] Error 1
[2.551s] make[1]: *** [CMakeFiles/Makefile2:107: CMakeFiles/control_pid_p1_node.dir/all] Error 2
[2.552s] make: *** [Makefile:141: all] Error 2
[2.553s] Invoked command in '/home/javierfr/Tesis_ws/V1/build/control_pkg' returned '2': AMENT_PREFIX_PATH=/home/javierfr/Tesis_ws/V1/install/interfaces:${AMENT_PREFIX_PATH} CMAKE_PREFIX_PATH=/home/javierfr/Tesis_ws/V1/install/interfaces:/opt/ros/foxy LD_LIBRARY_PATH=/home/javierfr/Tesis_ws/V1/install/interfaces/lib:/opt/ros/foxy/opt/yaml_cpp_vendor/lib:/opt/ros/foxy/opt/rviz_ogre_vendor/lib:/opt/ros/foxy/lib/x86_64-linux-gnu:/opt/ros/foxy/lib:/usr/lib/x86_64-linux-gnu/gazebo-11/plugins:/usr/lib/x86_64-linux-gnu/gazebo-11/plugins PYTHONPATH=/home/javierfr/Tesis_ws/V1/install/interfaces/lib/python3.8/site-packages:${PYTHONPATH} /usr/bin/cmake --build /home/javierfr/Tesis_ws/V1/build/control_pkg -- -j12 -l12
