[0.019s] Invoking command in '/home/javierfr/Tesis_ws/V1/build/gazebo_plugin_sim': CMAKE_PREFIX_PATH=${CMAKE_PREFIX_PATH}:/opt/ros/foxy /usr/bin/cmake --build /home/javierfr/Tesis_ws/V1/build/gazebo_plugin_sim -- -j12 -l12
[0.058s] [35m[1mScanning dependencies of target platform_plugin_test[0m
[0.144s] [ 50%] [32mBuilding CXX object CMakeFiles/platform_plugin_test.dir/src/platform_plugin_test.cpp.o[0m
[9.657s] /home/javierfr/Tesis_ws/V1/src/gazebo_plugin_sim/src/platform_plugin_test.cpp: In member function â€˜void gazebo_plugin_sim::PlatformPluginTestPrivate::OnMsgVelM1(geometry_msgs::msg::Vector3_<std::allocator<void> >::SharedPtr)â€™:
[9.657s] /home/javierfr/Tesis_ws/V1/src/gazebo_plugin_sim/src/platform_plugin_test.cpp:117:52: error: expression cannot be used as a function
[9.657s]   117 |   PlatformPluginTestPrivate::SetVelocityM1(_msg->x());
[9.657s]       |                                                    ^
[9.657s] At global scope:
[9.658s] cc1plus: warning: unrecognized command line option â€˜-Wno-inconsistent-missing-overrideâ€™
[9.659s] make[2]: *** [CMakeFiles/platform_plugin_test.dir/build.make:63: CMakeFiles/platform_plugin_test.dir/src/platform_plugin_test.cpp.o] Error 1
[9.659s] make[1]: *** [CMakeFiles/Makefile2:78: CMakeFiles/platform_plugin_test.dir/all] Error 2
[9.659s] make: *** [Makefile:141: all] Error 2
[9.661s] Invoked command in '/home/javierfr/Tesis_ws/V1/build/gazebo_plugin_sim' returned '2': CMAKE_PREFIX_PATH=${CMAKE_PREFIX_PATH}:/opt/ros/foxy /usr/bin/cmake --build /home/javierfr/Tesis_ws/V1/build/gazebo_plugin_sim -- -j12 -l12
