[35m[1mScanning dependencies of target img_publ_test_node[0m
[ 50%] Built target img_proc_node
[ 75%] [32mBuilding CXX object CMakeFiles/img_publ_test_node.dir/src/img_publ_test_node.cpp.o[0m
[01m[K/home/javierfr/Tesis_ws/V1/src/img_proc_pkg/src/img_publ_test_node.cpp:58:39:[m[K [01;31m[Kerror: [m[Kâ€˜[01m[KString[m[Kâ€™ is not a member of â€˜[01m[Kstd_msgs::msg[m[Kâ€™; did you mean â€˜[01m[Kcv::String[m[Kâ€™?
   58 |      rclcpp::Publisher<std_msgs::msg::[01;31m[KString[m[K>::SharedPtr publisher_;
      |                                       [01;31m[K^~~~~~[m[K
In file included from [01m[K/usr/local/include/opencv4/opencv2/core/base.hpp:58[m[K,
                 from [01m[K/usr/local/include/opencv4/opencv2/core.hpp:54[m[K,
                 from [01m[K/home/javierfr/Tesis_ws/V1/src/img_proc_pkg/src/img_publ_test_node.cpp:10[m[K:
[01m[K/usr/local/include/opencv4/opencv2/core/cvstd.hpp:152:21:[m[K [01;36m[Knote: [m[Kâ€˜[01m[Kcv::String[m[Kâ€™ declared here
  152 | typedef std::string [01;36m[KString[m[K;
      |                     [01;36m[K^~~~~~[m[K
[01m[K/home/javierfr/Tesis_ws/V1/src/img_proc_pkg/src/img_publ_test_node.cpp:58:39:[m[K [01;31m[Kerror: [m[Kâ€˜[01m[KString[m[Kâ€™ is not a member of â€˜[01m[Kstd_msgs::msg[m[Kâ€™; did you mean â€˜[01m[Kcv::String[m[Kâ€™?
   58 |      rclcpp::Publisher<std_msgs::msg::[01;31m[KString[m[K>::SharedPtr publisher_;
      |                                       [01;31m[K^~~~~~[m[K
In file included from [01m[K/usr/local/include/opencv4/opencv2/core/base.hpp:58[m[K,
                 from [01m[K/usr/local/include/opencv4/opencv2/core.hpp:54[m[K,
                 from [01m[K/home/javierfr/Tesis_ws/V1/src/img_proc_pkg/src/img_publ_test_node.cpp:10[m[K:
[01m[K/usr/local/include/opencv4/opencv2/core/cvstd.hpp:152:21:[m[K [01;36m[Knote: [m[Kâ€˜[01m[Kcv::String[m[Kâ€™ declared here
  152 | typedef std::string [01;36m[KString[m[K;
      |                     [01;36m[K^~~~~~[m[K
[01m[K/home/javierfr/Tesis_ws/V1/src/img_proc_pkg/src/img_publ_test_node.cpp:58:45:[m[K [01;31m[Kerror: [m[Ktemplate argument 1 is invalid
   58 |      rclcpp::Publisher<std_msgs::msg::String[01;31m[K>[m[K::SharedPtr publisher_;
      |                                             [01;31m[K^[m[K
[01m[K/home/javierfr/Tesis_ws/V1/src/img_proc_pkg/src/img_publ_test_node.cpp:58:48:[m[K [01;31m[Kerror: [m[Kexpected â€˜[01m[K;[m[Kâ€™ at end of member declaration
   58 |      rclcpp::Publisher<std_msgs::msg::String>::[01;31m[KSharedPtr[m[K publisher_;
      |                                                [01;31m[K^~~~~~~~~[m[K
      |                                                         [32m[K;[m[K
[01m[K/home/javierfr/Tesis_ws/V1/src/img_proc_pkg/src/img_publ_test_node.cpp:58:58:[m[K [01;31m[Kerror: [m[Kâ€˜[01m[Kpublisher_[m[Kâ€™ does not name a type; did you mean â€˜[01m[Krcl_publisher_t[m[Kâ€™?
   58 |      rclcpp::Publisher<std_msgs::msg::String>::SharedPtr [01;31m[Kpublisher_[m[K;
      |                                                          [01;31m[K^~~~~~~~~~[m[K
      |                                                          [32m[Krcl_publisher_t[m[K
[01m[K/home/javierfr/Tesis_ws/V1/src/img_proc_pkg/src/img_publ_test_node.cpp:59:2:[m[K [01;31m[Kerror: [m[Kexpected â€˜[01m[K;[m[Kâ€™ after class definition
   59 | }
      |  [01;31m[K^[m[K
      |  [32m[K;[m[K
[01m[K/home/javierfr/Tesis_ws/V1/src/img_proc_pkg/src/img_publ_test_node.cpp:[m[K In constructor â€˜[01m[KImg_Publ_Test_Node::Img_Publ_Test_Node()[m[Kâ€™:
[01m[K/home/javierfr/Tesis_ws/V1/src/img_proc_pkg/src/img_publ_test_node.cpp:28:4:[m[K [01;31m[Kerror: [m[Kâ€˜[01m[Kpublisher_[m[Kâ€™ was not declared in this scope; did you mean â€˜[01m[Krcl_publisher_t[m[Kâ€™?
   28 |    [01;31m[Kpublisher_[m[K = this->create_publisher<sensor_msgs::msg::Image>("original_image",10);
      |    [01;31m[K^~~~~~~~~~[m[K
      |    [32m[Krcl_publisher_t[m[K
[01m[K/home/javierfr/Tesis_ws/V1/src/img_proc_pkg/src/img_publ_test_node.cpp:[m[K In member function â€˜[01m[Kvoid Img_Publ_Test_Node::timer_callback()[m[Kâ€™:
[01m[K/home/javierfr/Tesis_ws/V1/src/img_proc_pkg/src/img_publ_test_node.cpp:41:12:[m[K [01;31m[Kerror: [m[Kâ€˜[01m[Kclass std::unique_ptr<sensor_msgs::msg::Image_<std::allocator<void> >, std::default_delete<sensor_msgs::msg::Image_<std::allocator<void> > > >[m[Kâ€™ has no member named â€˜[01m[Kheight[m[Kâ€™
   41 |    message.[01;31m[Kheight[m[K = image.rows;
      |            [01;31m[K^~~~~~[m[K
[01m[K/home/javierfr/Tesis_ws/V1/src/img_proc_pkg/src/img_publ_test_node.cpp:42:12:[m[K [01;31m[Kerror: [m[Kâ€˜[01m[Kclass std::unique_ptr<sensor_msgs::msg::Image_<std::allocator<void> >, std::default_delete<sensor_msgs::msg::Image_<std::allocator<void> > > >[m[Kâ€™ has no member named â€˜[01m[Kwidth[m[Kâ€™
   42 |    message.[01;31m[Kwidth[m[K = image.cols;
      |            [01;31m[K^~~~~[m[K
[01m[K/home/javierfr/Tesis_ws/V1/src/img_proc_pkg/src/img_publ_test_node.cpp:43:12:[m[K [01;31m[Kerror: [m[Kâ€˜[01m[Kclass std::unique_ptr<sensor_msgs::msg::Image_<std::allocator<void> >, std::default_delete<sensor_msgs::msg::Image_<std::allocator<void> > > >[m[Kâ€™ has no member named â€˜[01m[Kencoding[m[Kâ€™
   43 |    message.[01;31m[Kencoding[m[K = mat_type2encoding(image.type());
      |            [01;31m[K^~~~~~~~[m[K
[01m[K/home/javierfr/Tesis_ws/V1/src/img_proc_pkg/src/img_publ_test_node.cpp:43:23:[m[K [01;31m[Kerror: [m[Kâ€˜[01m[Kmat_type2encoding[m[Kâ€™ was not declared in this scope
   43 |    message.encoding = [01;31m[Kmat_type2encoding[m[K(image.type());
      |                       [01;31m[K^~~~~~~~~~~~~~~~~[m[K
[01m[K/home/javierfr/Tesis_ws/V1/src/img_proc_pkg/src/img_publ_test_node.cpp:44:12:[m[K [01;31m[Kerror: [m[Kâ€˜[01m[Kclass std::unique_ptr<sensor_msgs::msg::Image_<std::allocator<void> >, std::default_delete<sensor_msgs::msg::Image_<std::allocator<void> > > >[m[Kâ€™ has no member named â€˜[01m[Kstep[m[Kâ€™
   44 |    message.[01;31m[Kstep[m[K = static_cast<sensor_msgs::msg::Image::_step_type>(image.step);
      |            [01;31m[K^~~~[m[K
[01m[K/home/javierfr/Tesis_ws/V1/src/img_proc_pkg/src/img_publ_test_node.cpp:46:12:[m[K [01;31m[Kerror: [m[Kâ€˜[01m[Kclass std::unique_ptr<sensor_msgs::msg::Image_<std::allocator<void> >, std::default_delete<sensor_msgs::msg::Image_<std::allocator<void> > > >[m[Kâ€™ has no member named â€˜[01m[Kdata[m[Kâ€™
   46 |    message.[01;31m[Kdata[m[K.rezise(size);
      |            [01;31m[K^~~~[m[K
[01m[K/home/javierfr/Tesis_ws/V1/src/img_proc_pkg/src/img_publ_test_node.cpp:47:20:[m[K [01;31m[Kerror: [m[Kâ€˜[01m[Kclass std::unique_ptr<sensor_msgs::msg::Image_<std::allocator<void> >, std::default_delete<sensor_msgs::msg::Image_<std::allocator<void> > > >[m[Kâ€™ has no member named â€˜[01m[Kdata[m[Kâ€™
   47 |    memcpy(&message.[01;31m[Kdata[m[K[0], image.data, size);
      |                    [01;31m[K^~~~[m[K
[01m[K/home/javierfr/Tesis_ws/V1/src/img_proc_pkg/src/img_publ_test_node.cpp:48:12:[m[K [01;31m[Kerror: [m[Kâ€˜[01m[Kclass std::unique_ptr<sensor_msgs::msg::Image_<std::allocator<void> >, std::default_delete<sensor_msgs::msg::Image_<std::allocator<void> > > >[m[Kâ€™ has no member named â€˜[01m[Kheader[m[Kâ€™
   48 |    message.[01;31m[Kheader[m[K.image_id = image_id_;
      |            [01;31m[K^~~~~~[m[K
[01m[K/home/javierfr/Tesis_ws/V1/src/img_proc_pkg/src/img_publ_test_node.cpp:48:30:[m[K [01;31m[Kerror: [m[Kâ€˜[01m[Kimage_id_[m[Kâ€™ was not declared in this scope
   48 |    message.header.image_id = [01;31m[Kimage_id_[m[K;
      |                              [01;31m[K^~~~~~~~~[m[K
[01m[K/home/javierfr/Tesis_ws/V1/src/img_proc_pkg/src/img_publ_test_node.cpp:49:12:[m[K [01;31m[Kerror: [m[Kâ€˜[01m[Kclass std::unique_ptr<sensor_msgs::msg::Image_<std::allocator<void> >, std::default_delete<sensor_msgs::msg::Image_<std::allocator<void> > > >[m[Kâ€™ has no member named â€˜[01m[Kheader[m[Kâ€™
   49 |    message.[01;31m[Kheader[m[K.stamp = this->now();
      |            [01;31m[K^~~~~~[m[K
[01m[K/home/javierfr/Tesis_ws/V1/src/img_proc_pkg/src/img_publ_test_node.cpp:54:9:[m[K [01;31m[Kerror: [m[Kâ€˜[01m[Kpublisher_[m[Kâ€™ was not declared in this scope; did you mean â€˜[01m[Krcl_publisher_t[m[Kâ€™?
   54 |         [01;31m[Kpublisher_[m[K->publish(message);
      |         [01;31m[K^~~~~~~~~~[m[K
      |         [32m[Krcl_publisher_t[m[K
make[2]: *** [CMakeFiles/img_publ_test_node.dir/build.make:63: CMakeFiles/img_publ_test_node.dir/src/img_publ_test_node.cpp.o] Error 1
make[1]: *** [CMakeFiles/Makefile2:80: CMakeFiles/img_publ_test_node.dir/all] Error 2
make: *** [Makefile:141: all] Error 2
