[0.012s] Invoking command in '/home/javierfr/Tesis_ws/V1/build/control_pkg': AMENT_PREFIX_PATH=/home/javierfr/Tesis_ws/V1/install/interfaces:${AMENT_PREFIX_PATH} CMAKE_PREFIX_PATH=/home/javierfr/Tesis_ws/V1/install/interfaces:/opt/ros/foxy LD_LIBRARY_PATH=/home/javierfr/Tesis_ws/V1/install/interfaces/lib:/opt/ros/foxy/opt/yaml_cpp_vendor/lib:/opt/ros/foxy/opt/rviz_ogre_vendor/lib:/opt/ros/foxy/lib/x86_64-linux-gnu:/opt/ros/foxy/lib:/usr/lib/x86_64-linux-gnu/gazebo-11/plugins:/usr/lib/x86_64-linux-gnu/gazebo-11/plugins PYTHONPATH=/home/javierfr/Tesis_ws/V1/install/interfaces/lib/python3.8/site-packages:${PYTHONPATH} /usr/bin/cmake --build /home/javierfr/Tesis_ws/V1/build/control_pkg -- -j12 -l12
[0.044s] [35m[1mScanning dependencies of target control_pid_p1_node[0m
[0.063s] [ 50%] Built target control_pid_p2_node
[0.071s] [ 75%] [32mBuilding CXX object CMakeFiles/control_pid_p1_node.dir/src/control_pid_p1_node.cpp.o[0m
[2.851s] /home/javierfr/Tesis_ws/V1/src/control_pkg/src/control_pid_p1_node.cpp: In member function â€˜void Control_PID_P1_node::PIDcicle()â€™:
[2.851s] /home/javierfr/Tesis_ws/V1/src/control_pkg/src/control_pid_p1_node.cpp:294:16: error: â€˜errorâ€™ was not declared in this scope; did you mean â€˜errorYâ€™?
[2.851s]   294 |    INTerrorX= (error + errorX_ant1 + errorX_ant2) * dt;
[2.851s]       |                ^~~~~
[2.852s]       |                errorY
[2.852s] /home/javierfr/Tesis_ws/V1/src/control_pkg/src/control_pid_p1_node.cpp:297:29: error: no match for â€˜operator/â€™ (operand types are â€˜intâ€™ and â€˜std::chrono::duration<long int, std::ratio<1, 1000> >â€™)
[2.852s]   297 |    Dx=(errorX - errorX_ant1)/dt;
[2.852s]       |       ~~~~~~~~~~~~~~~~~~~~~~^~~
[2.852s]       |               |              |
[2.852s]       |               int            std::chrono::duration<long int, std::ratio<1, 1000> >
[2.852s] In file included from /usr/include/c++/9/mutex:39,
[2.852s]                  from /usr/include/c++/9/future:38,
[2.852s]                  from /opt/ros/foxy/include/rclcpp/executors.hpp:18,
[2.852s]                  from /opt/ros/foxy/include/rclcpp/rclcpp.hpp:146,
[2.852s]                  from /home/javierfr/Tesis_ws/V1/src/control_pkg/src/control_pid_p1_node.cpp:1:
[2.853s] /usr/include/c++/9/chrono:498:7: note: candidate: â€˜template<class _Rep1, class _Period, class _Rep2> constexpr std::chrono::duration<std::chrono::__common_rep_t<_Rep1, typename std::enable_if<(! std::chrono::__is_duration<_Rep2>::value), _Rep2>::type>, _Period> std::chrono::operator/(const std::chrono::duration<_Rep1, _Period1>&, const _Rep2&)â€™
[2.853s]   498 |       operator/(const duration<_Rep1, _Period>& __d, const _Rep2& __s)
[2.853s]       |       ^~~~~~~~
[2.853s] /usr/include/c++/9/chrono:498:7: note:   template argument deduction/substitution failed:
[2.853s] /home/javierfr/Tesis_ws/V1/src/control_pkg/src/control_pid_p1_node.cpp:297:30: note:   mismatched types â€˜const std::chrono::duration<_Rep1, _Period1>â€™ and â€˜intâ€™
[2.853s]   297 |    Dx=(errorX - errorX_ant1)/dt;
[2.853s]       |                              ^~
[2.853s] In file included from /usr/include/c++/9/mutex:39,
[2.853s]                  from /usr/include/c++/9/future:38,
[2.853s]                  from /opt/ros/foxy/include/rclcpp/executors.hpp:18,
[2.853s]                  from /opt/ros/foxy/include/rclcpp/rclcpp.hpp:146,
[2.853s]                  from /home/javierfr/Tesis_ws/V1/src/control_pkg/src/control_pid_p1_node.cpp:1:
[2.854s] /usr/include/c++/9/chrono:508:7: note: candidate: â€˜template<class _Rep1, class _Period1, class _Rep2, class _Period2> constexpr typename std::common_type<_Rep1, _Rep2>::type std::chrono::operator/(const std::chrono::duration<_Rep1, _Period1>&, const std::chrono::duration<_Rep2, _Period2>&)â€™
[2.854s]   508 |       operator/(const duration<_Rep1, _Period1>& __lhs,
[2.854s]       |       ^~~~~~~~
[2.854s] /usr/include/c++/9/chrono:508:7: note:   template argument deduction/substitution failed:
[2.854s] /home/javierfr/Tesis_ws/V1/src/control_pkg/src/control_pid_p1_node.cpp:297:30: note:   mismatched types â€˜const std::chrono::duration<_Rep1, _Period1>â€™ and â€˜intâ€™
[2.855s]   297 |    Dx=(errorX - errorX_ant1)/dt;
[2.855s]       |                              ^~
[2.855s] make[2]: *** [CMakeFiles/control_pid_p1_node.dir/build.make:63: CMakeFiles/control_pid_p1_node.dir/src/control_pid_p1_node.cpp.o] Error 1
[2.856s] make[1]: *** [CMakeFiles/Makefile2:107: CMakeFiles/control_pid_p1_node.dir/all] Error 2
[2.856s] make: *** [Makefile:141: all] Error 2
[2.856s] Invoked command in '/home/javierfr/Tesis_ws/V1/build/control_pkg' returned '2': AMENT_PREFIX_PATH=/home/javierfr/Tesis_ws/V1/install/interfaces:${AMENT_PREFIX_PATH} CMAKE_PREFIX_PATH=/home/javierfr/Tesis_ws/V1/install/interfaces:/opt/ros/foxy LD_LIBRARY_PATH=/home/javierfr/Tesis_ws/V1/install/interfaces/lib:/opt/ros/foxy/opt/yaml_cpp_vendor/lib:/opt/ros/foxy/opt/rviz_ogre_vendor/lib:/opt/ros/foxy/lib/x86_64-linux-gnu:/opt/ros/foxy/lib:/usr/lib/x86_64-linux-gnu/gazebo-11/plugins:/usr/lib/x86_64-linux-gnu/gazebo-11/plugins PYTHONPATH=/home/javierfr/Tesis_ws/V1/install/interfaces/lib/python3.8/site-packages:${PYTHONPATH} /usr/bin/cmake --build /home/javierfr/Tesis_ws/V1/build/control_pkg -- -j12 -l12
