[35m[1mScanning dependencies of target plat1_send_vel_node[0m
[ 50%] [32mBuilding CXX object CMakeFiles/plat1_send_vel_node.dir/src/plat1_send_vel_node.cpp.o[0m
/home/javierfr/Tesis_ws/V1/src/sim_pkg/src/plat1_send_vel_node.cpp: In function â€˜void setvel(std::shared_ptr<interfaces::srv::Platform1Vel_Request_<std::allocator<void> > >, std::shared_ptr<interfaces::srv::Platform1Vel_Response_<std::allocator<void> > >)â€™:
/home/javierfr/Tesis_ws/V1/src/sim_pkg/src/plat1_send_vel_node.cpp:9:13: error: â€˜using element_type = struct interfaces::srv::Platform1Vel_Response_<std::allocator<void> >â€™ {aka â€˜struct interfaces::srv::Platform1Vel_Response_<std::allocator<void> >â€™} has no member named â€˜sumâ€™
    9 |   response->sum = request->a + request->b + request->c;                                       // CHANGE
      |             ^~~
/home/javierfr/Tesis_ws/V1/src/sim_pkg/src/plat1_send_vel_node.cpp:9:28: error: â€˜using element_type = struct interfaces::srv::Platform1Vel_Request_<std::allocator<void> >â€™ {aka â€˜struct interfaces::srv::Platform1Vel_Request_<std::allocator<void> >â€™} has no member named â€˜aâ€™
    9 |   response->sum = request->a + request->b + request->c;                                       // CHANGE
      |                            ^
/home/javierfr/Tesis_ws/V1/src/sim_pkg/src/plat1_send_vel_node.cpp:9:41: error: â€˜using element_type = struct interfaces::srv::Platform1Vel_Request_<std::allocator<void> >â€™ {aka â€˜struct interfaces::srv::Platform1Vel_Request_<std::allocator<void> >â€™} has no member named â€˜bâ€™
    9 |   response->sum = request->a + request->b + request->c;                                       // CHANGE
      |                                         ^
/home/javierfr/Tesis_ws/V1/src/sim_pkg/src/plat1_send_vel_node.cpp:9:54: error: â€˜using element_type = struct interfaces::srv::Platform1Vel_Request_<std::allocator<void> >â€™ {aka â€˜struct interfaces::srv::Platform1Vel_Request_<std::allocator<void> >â€™} has no member named â€˜câ€™
    9 |   response->sum = request->a + request->b + request->c;                                       // CHANGE
      |                                                      ^
In file included from /opt/ros/foxy/include/rclcpp/client.hpp:40,
                 from /opt/ros/foxy/include/rclcpp/callback_group.hpp:23,
                 from /opt/ros/foxy/include/rclcpp/any_executable.hpp:20,
                 from /opt/ros/foxy/include/rclcpp/memory_strategy.hpp:24,
                 from /opt/ros/foxy/include/rclcpp/memory_strategies.hpp:18,
                 from /opt/ros/foxy/include/rclcpp/executor_options.hpp:20,
                 from /opt/ros/foxy/include/rclcpp/executor.hpp:33,
                 from /opt/ros/foxy/include/rclcpp/executors/multi_threaded_executor.hpp:25,
                 from /opt/ros/foxy/include/rclcpp/executors.hpp:21,
                 from /opt/ros/foxy/include/rclcpp/rclcpp.hpp:146,
                 from /home/javierfr/Tesis_ws/V1/src/sim_pkg/src/plat1_send_vel_node.cpp:1:
/home/javierfr/Tesis_ws/V1/src/sim_pkg/src/plat1_send_vel_node.cpp:11:26: error: â€˜using element_type = struct interfaces::srv::Platform1Vel_Request_<std::allocator<void> >â€™ {aka â€˜struct interfaces::srv::Platform1Vel_Request_<std::allocator<void> >â€™} has no member named â€˜aâ€™
   11 |                 request->a, request->b, request->c);                                          // CHANGE
      |                          ^
/home/javierfr/Tesis_ws/V1/src/sim_pkg/src/plat1_send_vel_node.cpp:11:38: error: â€˜using element_type = struct interfaces::srv::Platform1Vel_Request_<std::allocator<void> >â€™ {aka â€˜struct interfaces::srv::Platform1Vel_Request_<std::allocator<void> >â€™} has no member named â€˜bâ€™
   11 |                 request->a, request->b, request->c);                                          // CHANGE
      |                                      ^
/home/javierfr/Tesis_ws/V1/src/sim_pkg/src/plat1_send_vel_node.cpp:11:50: error: â€˜using element_type = struct interfaces::srv::Platform1Vel_Request_<std::allocator<void> >â€™ {aka â€˜struct interfaces::srv::Platform1Vel_Request_<std::allocator<void> >â€™} has no member named â€˜câ€™
   11 |                 request->a, request->b, request->c);                                          // CHANGE
      |                                                  ^
/home/javierfr/Tesis_ws/V1/src/sim_pkg/src/plat1_send_vel_node.cpp:12:97: error: â€˜using element_type = struct interfaces::srv::Platform1Vel_Response_<std::allocator<void> >â€™ {aka â€˜struct interfaces::srv::Platform1Vel_Response_<std::allocator<void> >â€™} has no member named â€˜sumâ€™
   12 |   RCLCPP_INFO(rclcpp::get_logger("rclcpp"), "sending back response: [%ld]", (long int)response->sum);
      |                                                                                                 ^~~
/home/javierfr/Tesis_ws/V1/src/sim_pkg/src/plat1_send_vel_node.cpp: In function â€˜int main(int, char**)â€™:
/home/javierfr/Tesis_ws/V1/src/sim_pkg/src/plat1_send_vel_node.cpp:21:19: error: â€˜tutorial_interfacesâ€™ was not declared in this scope; did you mean â€˜rcl_interfacesâ€™?
   21 |   rclcpp::Service<tutorial_interfaces::srv::AddThreeInts>::SharedPtr service =                 // CHANGE
      |                   ^~~~~~~~~~~~~~~~~~~
      |                   rcl_interfaces
/home/javierfr/Tesis_ws/V1/src/sim_pkg/src/plat1_send_vel_node.cpp:21:57: error: template argument 1 is invalid
   21 |   rclcpp::Service<tutorial_interfaces::srv::AddThreeInts>::SharedPtr service =                 // CHANGE
      |                                                         ^
/home/javierfr/Tesis_ws/V1/src/sim_pkg/src/plat1_send_vel_node.cpp:21:70: error: qualified-id in declaration before â€˜serviceâ€™
   21 |   rclcpp::Service<tutorial_interfaces::srv::AddThreeInts>::SharedPtr service =                 // CHANGE
      |                                                                      ^~~~~~~
make[2]: *** [CMakeFiles/plat1_send_vel_node.dir/build.make:63: CMakeFiles/plat1_send_vel_node.dir/src/plat1_send_vel_node.cpp.o] Error 1
make[1]: *** [CMakeFiles/Makefile2:78: CMakeFiles/plat1_send_vel_node.dir/all] Error 2
make: *** [Makefile:141: all] Error 2
