[0.015s] Invoking command in '/home/javierfr/Tesis_ws/V1/build/interfaces': CMAKE_PREFIX_PATH=/opt/ros/foxy /usr/bin/cmake --build /home/javierfr/Tesis_ws/V1/build/interfaces -- -j12 -l12
[0.033s] -- Found ament_cmake: 0.9.8 (/opt/ros/foxy/share/ament_cmake/cmake)
[0.049s] -- Found PythonInterp: /usr/bin/python3 (found suitable version "3.8.5", minimum required is "3") 
[0.050s] -- Using PYTHON_EXECUTABLE: /usr/bin/python3
[0.194s] -- Found rosidl_default_generators: 1.0.1 (/opt/ros/foxy/share/rosidl_default_generators/cmake)
[0.195s] -- Using all available rosidl_typesupport_c: rosidl_typesupport_fastrtps_c;rosidl_typesupport_introspection_c
[0.198s] -- Found rosidl_adapter: 1.2.1 (/opt/ros/foxy/share/rosidl_adapter/cmake)
[0.311s] -- Using all available rosidl_typesupport_cpp: rosidl_typesupport_fastrtps_cpp;rosidl_typesupport_introspection_cpp
[0.344s] -- Found PythonInterp: /usr/bin/python3 (found version "3.8.5") 
[0.472s] CMake Error at /opt/ros/foxy/share/rosidl_adapter/cmake/rosidl_adapt_interfaces.cmake:60 (message):
[0.472s]   execute_process(/usr/bin/python3 -m rosidl_adapter --package-name
[0.472s]   interfaces --arguments-file
[0.472s]   /home/javierfr/Tesis_ws/V1/build/interfaces/rosidl_adapter__arguments__interfaces.json
[0.472s]   --output-dir
[0.473s]   /home/javierfr/Tesis_ws/V1/build/interfaces/rosidl_adapter/interfaces
[0.473s]   --output-file
[0.473s]   /home/javierfr/Tesis_ws/V1/build/interfaces/rosidl_adapter/interfaces.idls)
[0.473s]   returned error code 1:
[0.473s] 
[0.473s]   Error processing 'float32 vel_M1' of 'interfaces/Platform1Vel_Response':
[0.473s]   ''vel_M1' is an invalid field name.  It should have the pattern
[0.473s]   '^(?!.*__)(?!.*_$)[a-z][a-z0-9_]*$''
[0.473s] 
[0.473s]   Traceback (most recent call last):
[0.473s] 
[0.473s]     File "/usr/lib/python3.8/runpy.py", line 194, in _run_module_as_main
[0.473s]       return _run_code(code, main_globals, None,
[0.473s]     File "/usr/lib/python3.8/runpy.py", line 87, in _run_code
[0.474s]       exec(code, run_globals)
[0.474s]     File "/opt/ros/foxy/lib/python3.8/site-packages/rosidl_adapter/__main__.py", line 19, in <module>
[0.474s]       sys.exit(main())
[0.474s]     File "/opt/ros/foxy/lib/python3.8/site-packages/rosidl_adapter/main.py", line 53, in main
[0.474s]       abs_idl_file = convert_to_idl(
[0.474s]     File "/opt/ros/foxy/lib/python3.8/site-packages/rosidl_adapter/__init__.py", line 24, in convert_to_idl
[0.474s]       return convert_srv_to_idl(
[0.474s]     File "/opt/ros/foxy/lib/python3.8/site-packages/rosidl_adapter/srv/__init__.py", line 28, in convert_srv_to_idl
[0.474s]       srv = parse_service_string(package_name, input_file.stem, content)
[0.474s]     File "/opt/ros/foxy/lib/python3.8/site-packages/rosidl_adapter/parser.py", line 856, in parse_service_string
[0.474s]       response_message = parse_message_string(
[0.474s]     File "/opt/ros/foxy/lib/python3.8/site-packages/rosidl_adapter/parser.py", line 515, in parse_message_string
[0.474s]       fields.append(Field(
[0.474s]     File "/opt/ros/foxy/lib/python3.8/site-packages/rosidl_adapter/parser.py", line 353, in __init__
[0.474s]       raise NameError(
[0.474s] 
[0.474s]   NameError: 'vel_M1' is an invalid field name.  It should have the pattern
[0.475s]   '^(?!.*__)(?!.*_$)[a-z][a-z0-9_]*$'
[0.475s] 
[0.475s] Call Stack (most recent call first):
[0.475s]   /opt/ros/foxy/share/rosidl_cmake/cmake/rosidl_generate_interfaces.cmake:130 (rosidl_adapt_interfaces)
[0.475s]   CMakeLists.txt:22 (rosidl_generate_interfaces)
[0.475s] 
[0.475s] 
[0.475s] -- Configuring incomplete, errors occurred!
[0.475s] See also "/home/javierfr/Tesis_ws/V1/build/interfaces/CMakeFiles/CMakeOutput.log".
[0.477s] make: *** [Makefile:222: cmake_check_build_system] Error 1
[0.478s] Invoked command in '/home/javierfr/Tesis_ws/V1/build/interfaces' returned '2': CMAKE_PREFIX_PATH=/opt/ros/foxy /usr/bin/cmake --build /home/javierfr/Tesis_ws/V1/build/interfaces -- -j12 -l12
