[0.018s] Invoking command in '/home/javierfr/Tesis_ws/V1/build/img_proc_pkg': CMAKE_PREFIX_PATH=${CMAKE_PREFIX_PATH}:/opt/ros/foxy /usr/bin/cmake --build /home/javierfr/Tesis_ws/V1/build/img_proc_pkg -- -j12 -l12
[0.057s] [35m[1mScanning dependencies of target img_proc_id_node[0m
[0.079s] [ 25%] Built target img_proc_node
[0.083s] [ 50%] Built target img_publ_test_node
[0.083s] [ 75%] Built target img_subs_test_node
[0.091s] [ 87%] [32mBuilding CXX object CMakeFiles/img_proc_id_node.dir/src/img_proc_id_node.cpp.o[0m
[1.502s] [01m[K/home/javierfr/Tesis_ws/V1/src/img_proc_pkg/src/img_proc_id_node.cpp:[m[K In member function â€˜[01m[Kvoid Img_Proc_Id_Node::topic_callback(sensor_msgs::msg::Image_<std::allocator<void> >::SharedPtr) const[m[Kâ€™:
[1.502s] [01m[K/home/javierfr/Tesis_ws/V1/src/img_proc_pkg/src/img_proc_id_node.cpp:71:50:[m[K [01;31m[Kerror: [m[Kno matching function for call to â€˜[01m[Kcv::Mat::zeros(int&, int&)[m[Kâ€™
[1.502s]    71 |       cv::Mat mask = cv::Mat::zeros(n_rows,n_cols[01;31m[K)[m[K;
[1.502s]       |                                                  [01;31m[K^[m[K
[1.502s] In file included from [01m[K/usr/local/include/opencv4/opencv2/core.hpp:59[m[K,
[1.502s]                  from [01m[K/home/javierfr/Tesis_ws/V1/src/img_proc_pkg/src/img_proc_id_node.cpp:10[m[K:
[1.502s] [01m[K/usr/local/include/opencv4/opencv2/core/mat.hpp:1353:20:[m[K [01;36m[Knote: [m[Kcandidate: â€˜[01m[Kstatic cv::MatExpr cv::Mat::zeros(int, int, int)[m[Kâ€™
[1.502s]  1353 |     static MatExpr [01;36m[Kzeros[m[K(int rows, int cols, int type);
[1.503s]       |                    [01;36m[K^~~~~[m[K
[1.503s] [01m[K/usr/local/include/opencv4/opencv2/core/mat.hpp:1353:20:[m[K [01;36m[Knote: [m[K  candidate expects 3 arguments, 2 provided
[1.503s] [01m[K/usr/local/include/opencv4/opencv2/core/mat.hpp:1359:20:[m[K [01;36m[Knote: [m[Kcandidate: â€˜[01m[Kstatic cv::MatExpr cv::Mat::zeros(cv::Size, int)[m[Kâ€™
[1.503s]  1359 |     static MatExpr [01;36m[Kzeros[m[K(Size size, int type);
[1.503s]       |                    [01;36m[K^~~~~[m[K
[1.503s] [01m[K/usr/local/include/opencv4/opencv2/core/mat.hpp:1359:31:[m[K [01;36m[Knote: [m[K  no known conversion for argument 1 from â€˜[01m[Kint[m[Kâ€™ to â€˜[01m[Kcv::Size[m[Kâ€™ {aka â€˜[01m[Kcv::Size_<int>[m[Kâ€™}
[1.503s]  1359 |     static MatExpr zeros([01;36m[KSize size[m[K, int type);
[1.503s]       |                          [01;36m[K~~~~~^~~~[m[K
[1.503s] [01m[K/usr/local/include/opencv4/opencv2/core/mat.hpp:1366:20:[m[K [01;36m[Knote: [m[Kcandidate: â€˜[01m[Kstatic cv::MatExpr cv::Mat::zeros(int, const int*, int)[m[Kâ€™
[1.503s]  1366 |     static MatExpr [01;36m[Kzeros[m[K(int ndims, const int* sz, int type);
[1.503s]       |                    [01;36m[K^~~~~[m[K
[1.503s] [01m[K/usr/local/include/opencv4/opencv2/core/mat.hpp:1366:20:[m[K [01;36m[Knote: [m[K  candidate expects 3 arguments, 2 provided
[2.685s] make[2]: *** [CMakeFiles/img_proc_id_node.dir/build.make:63: CMakeFiles/img_proc_id_node.dir/src/img_proc_id_node.cpp.o] Error 1
[2.685s] make[1]: *** [CMakeFiles/Makefile2:138: CMakeFiles/img_proc_id_node.dir/all] Error 2
[2.686s] make: *** [Makefile:141: all] Error 2
[2.687s] Invoked command in '/home/javierfr/Tesis_ws/V1/build/img_proc_pkg' returned '2': CMAKE_PREFIX_PATH=${CMAKE_PREFIX_PATH}:/opt/ros/foxy /usr/bin/cmake --build /home/javierfr/Tesis_ws/V1/build/img_proc_pkg -- -j12 -l12
