[0.010s] Invoking command in '/home/javierfr/Tesis_ws/V1/build/img_proc_pkg': CMAKE_PREFIX_PATH=/opt/ros/foxy /usr/bin/cmake --build /home/javierfr/Tesis_ws/V1/build/img_proc_pkg -- -j12 -l12
[0.028s] -- Found ament_cmake: 0.9.8 (/opt/ros/foxy/share/ament_cmake/cmake)
[0.043s] -- Using PYTHON_EXECUTABLE: /usr/bin/python3
[0.220s] -- Configuring done
[0.222s] -- Generating done
[0.223s] -- Build files have been written to: /home/javierfr/Tesis_ws/V1/build/img_proc_pkg
[0.238s] [35m[1mScanning dependencies of target img_proc_node[0m
[0.246s] [ 50%] [32mBuilding CXX object CMakeFiles/img_proc_node.dir/src/img_proc_node.cpp.o[0m
[0.253s] [01m[K/home/javierfr/Tesis_ws/V1/src/img_proc_pkg/src/img_proc_node.cpp:2:10:[m[K [01;31m[Kfatal error: [m[Kopencv2/core.hpp: No such file or directory
[0.253s]     2 | #include [01;31m[K<opencv2/core.hpp>[m[K
[0.253s]       |          [01;31m[K^~~~~~~~~~~~~~~~~~[m[K
[0.253s] compilation terminated.
[0.254s] make[2]: *** [CMakeFiles/img_proc_node.dir/build.make:63: CMakeFiles/img_proc_node.dir/src/img_proc_node.cpp.o] Error 1
[0.254s] make[1]: *** [CMakeFiles/Makefile2:78: CMakeFiles/img_proc_node.dir/all] Error 2
[0.254s] make: *** [Makefile:141: all] Error 2
[0.255s] Invoked command in '/home/javierfr/Tesis_ws/V1/build/img_proc_pkg' returned '2': CMAKE_PREFIX_PATH=/opt/ros/foxy /usr/bin/cmake --build /home/javierfr/Tesis_ws/V1/build/img_proc_pkg -- -j12 -l12
