[35m[1mScanning dependencies of target img_proc_id_node[0m
[ 25%] Built target img_proc_node
[ 50%] Built target img_subs_test_node
[ 75%] Built target img_publ_test_node
[ 87%] [32mBuilding CXX object CMakeFiles/img_proc_id_node.dir/src/img_proc_id_node.cpp.o[0m
[01m[K/home/javierfr/Tesis_ws/V1/src/img_proc_pkg/src/img_proc_id_node.cpp:[m[K In member function â€˜[01m[Kvoid Img_Proc_Id_Node::topic_callback(sensor_msgs::msg::Image_<std::allocator<void> >::SharedPtr) const[m[Kâ€™:
[01m[K/home/javierfr/Tesis_ws/V1/src/img_proc_pkg/src/img_proc_id_node.cpp:76:69:[m[K [01;31m[Kerror: [m[Kcannot convert â€˜[01m[Kstd::vector<cv::Vec<int, 4> >[m[Kâ€™ to â€˜[01m[Kint[m[Kâ€™
   76 |       cv::drawContours(img_original,red_contours,-1, cv::FILLED, 8, [01;31m[Khierarchy[m[K);
      |                                                                     [01;31m[K^~~~~~~~~[m[K
      |                                                                     [01;31m[K|[m[K
      |                                                                     [01;31m[Kstd::vector<cv::Vec<int, 4> >[m[K
In file included from [01m[K/usr/local/include/opencv4/opencv2/imgproc/imgproc.hpp:48[m[K,
                 from [01m[K/opt/ros/foxy/include/cv_bridge/cv_bridge.h:44[m[K,
                 from [01m[K/home/javierfr/Tesis_ws/V1/src/img_proc_pkg/src/img_proc_id_node.cpp:21[m[K:
[01m[K/usr/local/include/opencv4/opencv2/imgproc.hpp:4579:54:[m[K [01;36m[Knote: [m[K  initializing argument 6 of â€˜[01m[Kvoid cv::drawContours(cv::InputOutputArray, cv::InputArrayOfArrays, int, const Scalar&, int, int, cv::InputArray, int, cv::Point)[m[Kâ€™
 4579 |                               int thickness = 1, [01;36m[Kint lineType = LINE_8[m[K,
      |                                                  [01;36m[K~~~~^~~~~~~~~~~~~~~~~[m[K
make[2]: *** [CMakeFiles/img_proc_id_node.dir/build.make:63: CMakeFiles/img_proc_id_node.dir/src/img_proc_id_node.cpp.o] Error 1
make[1]: *** [CMakeFiles/Makefile2:138: CMakeFiles/img_proc_id_node.dir/all] Error 2
make: *** [Makefile:141: all] Error 2
