[0.014s] Invoking command in '/home/javierfr/Tesis_ws/V1/build/img_proc_pkg': CMAKE_PREFIX_PATH=/opt/ros/foxy /usr/bin/cmake --build /home/javierfr/Tesis_ws/V1/build/img_proc_pkg -- -j12 -l12
[0.050s] [35m[1mScanning dependencies of target img_subs_test_node[0m
[0.062s] [ 33%] Built target img_proc_node
[0.065s] [ 66%] Built target img_publ_test_node
[0.073s] [ 83%] [32mBuilding CXX object CMakeFiles/img_subs_test_node.dir/src/img_subs_test_node.cpp.o[0m
[1.215s] [01m[K/home/javierfr/Tesis_ws/V1/src/img_proc_pkg/src/img_subs_test_node.cpp:[m[K In member function â€˜[01m[Kvoid Img_Subs_Test_Node::topic_callback(sensor_msgs::msg::Image_<std::allocator<void> >::SharedPtr) const[m[Kâ€™:
[1.215s] [01m[K/home/javierfr/Tesis_ws/V1/src/img_proc_pkg/src/img_subs_test_node.cpp:44:43:[m[K [01;31m[Kerror: [m[Kdeclaration of â€˜[01m[Ksensor_msgs::msg::Image_<std::allocator<void> >::SharedPtr& msg[m[Kâ€™ shadows a parameter
[1.215s]    44 |       sensor_msgs::msg::Image::SharedPtr &[01;31m[Kmsg[m[K;
[1.215s]       |                                           [01;31m[K^~~[m[K
[1.216s] [01m[K/home/javierfr/Tesis_ws/V1/src/img_proc_pkg/src/img_subs_test_node.cpp:44:43:[m[K [01;31m[Kerror: [m[Kâ€˜[01m[Kmsg[m[Kâ€™ declared as reference but not initialized
[1.221s] [01m[K/home/javierfr/Tesis_ws/V1/src/img_proc_pkg/src/img_subs_test_node.cpp:47:54:[m[K [01;31m[Kerror: [m[Kno match for â€˜[01m[Koperator=[m[Kâ€™ (operand types are â€˜[01m[Kcv_bridge::CvImage[m[Kâ€™ and â€˜[01m[Kcv_bridge::CvImagePtr[m[Kâ€™ {aka â€˜[01m[Kstd::shared_ptr<cv_bridge::CvImage>[m[Kâ€™})
[1.222s]    47 |       image_bridge=cv_bridge::toCvCopy(msg, enc::RGB8[01;31m[K)[m[K;
[1.222s]       |                                                      [01;31m[K^[m[K
[1.222s] In file included from [01m[K/home/javierfr/Tesis_ws/V1/src/img_proc_pkg/src/img_subs_test_node.cpp:20[m[K:
[1.222s] [01m[K/opt/ros/foxy/include/cv_bridge/cv_bridge.h:83:24:[m[K [01;36m[Knote: [m[Kcandidate: â€˜[01m[Kcv_bridge::CvImage& cv_bridge::CvImage::operator=(const cv_bridge::CvImage&)[m[Kâ€™
[1.222s]    83 | class CV_BRIDGE_EXPORT [01;36m[KCvImage[m[K
[1.222s]       |                        [01;36m[K^~~~~~~[m[K
[1.222s] [01m[K/opt/ros/foxy/include/cv_bridge/cv_bridge.h:83:24:[m[K [01;36m[Knote: [m[K  no known conversion for argument 1 from â€˜[01m[Kcv_bridge::CvImagePtr[m[Kâ€™ {aka â€˜[01m[Kstd::shared_ptr<cv_bridge::CvImage>[m[Kâ€™} to â€˜[01m[Kconst cv_bridge::CvImage&[m[Kâ€™
[1.222s] [01m[K/opt/ros/foxy/include/cv_bridge/cv_bridge.h:83:24:[m[K [01;36m[Knote: [m[Kcandidate: â€˜[01m[Kcv_bridge::CvImage& cv_bridge::CvImage::operator=(cv_bridge::CvImage&&)[m[Kâ€™
[1.222s] [01m[K/opt/ros/foxy/include/cv_bridge/cv_bridge.h:83:24:[m[K [01;36m[Knote: [m[K  no known conversion for argument 1 from â€˜[01m[Kcv_bridge::CvImagePtr[m[Kâ€™ {aka â€˜[01m[Kstd::shared_ptr<cv_bridge::CvImage>[m[Kâ€™} to â€˜[01m[Kcv_bridge::CvImage&&[m[Kâ€™
[1.222s] [01m[K/home/javierfr/Tesis_ws/V1/src/img_proc_pkg/src/img_subs_test_node.cpp:41:66:[m[K [01;35m[Kwarning: [m[Kunused parameter â€˜[01m[Kmsg[m[Kâ€™ [[01;35m[K-Wunused-parameter[m[K]
[1.222s]    41 | c_callback([01;35m[Kconst sensor_msgs::msg::Image::SharedPtr msg[m[K) const
[1.222s]       |            [01;35m[K~~~~~~~~~~~~~~~~~~~~~~~~~~~~~~~~~~~~~~~~~^~~[m[K
[1.222s] 
[2.277s] make[2]: *** [CMakeFiles/img_subs_test_node.dir/build.make:63: CMakeFiles/img_subs_test_node.dir/src/img_subs_test_node.cpp.o] Error 1
[2.277s] make[1]: *** [CMakeFiles/Makefile2:82: CMakeFiles/img_subs_test_node.dir/all] Error 2
[2.277s] make: *** [Makefile:141: all] Error 2
[2.280s] Invoked command in '/home/javierfr/Tesis_ws/V1/build/img_proc_pkg' returned '2': CMAKE_PREFIX_PATH=/opt/ros/foxy /usr/bin/cmake --build /home/javierfr/Tesis_ws/V1/build/img_proc_pkg -- -j12 -l12
