[0.014s] Invoking command in '/home/javierfr/Tesis_ws/V1/build/img_proc_pkg': CMAKE_PREFIX_PATH=/opt/ros/foxy /usr/bin/cmake --build /home/javierfr/Tesis_ws/V1/build/img_proc_pkg -- -j12 -l12
[0.048s] [35m[1mScanning dependencies of target img_subs_test_node[0m
[0.060s] [ 33%] Built target img_proc_node
[0.063s] [ 66%] Built target img_publ_test_node
[0.069s] [ 83%] [32mBuilding CXX object CMakeFiles/img_subs_test_node.dir/src/img_subs_test_node.cpp.o[0m
[1.240s] [01m[K/home/javierfr/Tesis_ws/V1/src/img_proc_pkg/src/img_subs_test_node.cpp:[m[K In member function â€˜[01m[Kvoid Img_Subs_Test_Node::topic_callback(sensor_msgs::msg::Image_<std::allocator<void> >::SharedPtr) const[m[Kâ€™:
[1.240s] [01m[K/home/javierfr/Tesis_ws/V1/src/img_proc_pkg/src/img_subs_test_node.cpp:50:7:[m[K [01;31m[Kerror: [m[Kbreak statement not within loop or switch
[1.241s]    50 |       [01;31m[Kbreak[m[K;
[1.241s]       |       [01;31m[K^~~~~[m[K
[2.312s] make[2]: *** [CMakeFiles/img_subs_test_node.dir/build.make:63: CMakeFiles/img_subs_test_node.dir/src/img_subs_test_node.cpp.o] Error 1
[2.312s] make[1]: *** [CMakeFiles/Makefile2:82: CMakeFiles/img_subs_test_node.dir/all] Error 2
[2.312s] make: *** [Makefile:141: all] Error 2
[2.314s] Invoked command in '/home/javierfr/Tesis_ws/V1/build/img_proc_pkg' returned '2': CMAKE_PREFIX_PATH=/opt/ros/foxy /usr/bin/cmake --build /home/javierfr/Tesis_ws/V1/build/img_proc_pkg -- -j12 -l12
