[0.015s] Invoking command in '/home/javierfr/Tesis_ws/V1/build/img_proc_pkg': CMAKE_PREFIX_PATH=/opt/ros/foxy /usr/bin/cmake --build /home/javierfr/Tesis_ws/V1/build/img_proc_pkg -- -j12 -l12
[0.049s] [35m[1mScanning dependencies of target img_subs_test_node[0m
[0.060s] [ 33%] Built target img_proc_node
[0.063s] [ 66%] Built target img_publ_test_node
[0.071s] [ 83%] [32mBuilding CXX object CMakeFiles/img_subs_test_node.dir/src/img_subs_test_node.cpp.o[0m
[1.212s] [01m[K/home/javierfr/Tesis_ws/V1/src/img_proc_pkg/src/img_subs_test_node.cpp:[m[K In member function â€˜[01m[Kvoid Img_Subs_Test_Node::topic_callback(sensor_msgs::msg::Image_<std::allocator<void> >::SharedPtr) const[m[Kâ€™:
[1.212s] [01m[K/home/javierfr/Tesis_ws/V1/src/img_proc_pkg/src/img_subs_test_node.cpp:44:27:[m[K [01;31m[Kerror: [m[Kno match for â€˜[01m[Koperator=[m[Kâ€™ (operand types are â€˜[01m[Kcv::Mat[m[Kâ€™ and â€˜[01m[Kstd::__shared_ptr_access<sensor_msgs::msg::Image_<std::allocator<void> >, __gnu_cxx::_S_atomic, false, false>::element_type[m[Kâ€™ {aka â€˜[01m[Ksensor_msgs::msg::Image_<std::allocator<void> >[m[Kâ€™})
[1.212s]    44 |       image_bridge.image=*[01;31m[Kmsg[m[K;
[1.213s]       |                           [01;31m[K^~~[m[K
[1.213s] In file included from [01m[K/usr/local/include/opencv4/opencv2/core/mat.hpp:3727[m[K,
[1.213s]                  from [01m[K/usr/local/include/opencv4/opencv2/core.hpp:59[m[K,
[1.213s]                  from [01m[K/home/javierfr/Tesis_ws/V1/src/img_proc_pkg/src/img_subs_test_node.cpp:10[m[K:
[1.213s] [01m[K/usr/local/include/opencv4/opencv2/core/mat.inl.hpp:755:6:[m[K [01;36m[Knote: [m[Kcandidate: â€˜[01m[Kcv::Mat& cv::Mat::operator=(const cv::Mat&)[m[Kâ€™
[1.213s]   755 | Mat& [01;36m[KMat[m[K::operator = (const Mat& m)
[1.213s]       |      [01;36m[K^~~[m[K
[1.213s] [01m[K/usr/local/include/opencv4/opencv2/core/mat.inl.hpp:755:34:[m[K [01;36m[Knote: [m[K  no known conversion for argument 1 from â€˜[01m[Kstd::__shared_ptr_access<sensor_msgs::msg::Image_<std::allocator<void> >, __gnu_cxx::_S_atomic, false, false>::element_type[m[Kâ€™ {aka â€˜[01m[Ksensor_msgs::msg::Image_<std::allocator<void> >[m[Kâ€™} to â€˜[01m[Kconst cv::Mat&[m[Kâ€™
[1.213s]   755 | Mat& Mat::operator = ([01;36m[Kconst Mat& m[m[K)
[1.213s]       |                       [01;36m[K~~~~~~~~~~~^[m[K
[1.213s] In file included from [01m[K/usr/local/include/opencv4/opencv2/core/mat.hpp:3727[m[K,
[1.213s]                  from [01m[K/usr/local/include/opencv4/opencv2/core.hpp:59[m[K,
[1.213s]                  from [01m[K/home/javierfr/Tesis_ws/V1/src/img_proc_pkg/src/img_subs_test_node.cpp:10[m[K:
[1.213s] [01m[K/usr/local/include/opencv4/opencv2/core/mat.inl.hpp:3379:6:[m[K [01;36m[Knote: [m[Kcandidate: â€˜[01m[Kcv::Mat& cv::Mat::operator=(const cv::MatExpr&)[m[Kâ€™
[1.213s]  3379 | Mat& [01;36m[KMat[m[K::operator = (const MatExpr& e)
[1.213s]       |      [01;36m[K^~~[m[K
[1.213s] [01m[K/usr/local/include/opencv4/opencv2/core/mat.inl.hpp:3379:38:[m[K [01;36m[Knote: [m[K  no known conversion for argument 1 from â€˜[01m[Kstd::__shared_ptr_access<sensor_msgs::msg::Image_<std::allocator<void> >, __gnu_cxx::_S_atomic, false, false>::element_type[m[Kâ€™ {aka â€˜[01m[Ksensor_msgs::msg::Image_<std::allocator<void> >[m[Kâ€™} to â€˜[01m[Kconst cv::MatExpr&[m[Kâ€™
[1.213s]  3379 | Mat& Mat::operator = ([01;36m[Kconst MatExpr& e[m[K)
[1.213s]       |                       [01;36m[K~~~~~~~~~~~~~~~^[m[K
[1.214s] In file included from [01m[K/usr/local/include/opencv4/opencv2/core.hpp:59[m[K,
[1.214s]                  from [01m[K/home/javierfr/Tesis_ws/V1/src/img_proc_pkg/src/img_subs_test_node.cpp:10[m[K:
[1.214s] [01m[K/usr/local/include/opencv4/opencv2/core/mat.hpp:1242:10:[m[K [01;36m[Knote: [m[Kcandidate: â€˜[01m[Kcv::Mat& cv::Mat::operator=(const Scalar&)[m[Kâ€™
[1.214s]  1242 |     Mat& [01;36m[Koperator[m[K = (const Scalar& s);
[1.214s]       |          [01;36m[K^~~~~~~~[m[K
[1.214s] [01m[K/usr/local/include/opencv4/opencv2/core/mat.hpp:1242:36:[m[K [01;36m[Knote: [m[K  no known conversion for argument 1 from â€˜[01m[Kstd::__shared_ptr_access<sensor_msgs::msg::Image_<std::allocator<void> >, __gnu_cxx::_S_atomic, false, false>::element_type[m[Kâ€™ {aka â€˜[01m[Ksensor_msgs::msg::Image_<std::allocator<void> >[m[Kâ€™} to â€˜[01m[Kconst Scalar&[m[Kâ€™ {aka â€˜[01m[Kconst cv::Scalar_<double>&[m[Kâ€™}
[1.214s]  1242 |     Mat& operator = ([01;36m[Kconst Scalar& s[m[K);
[1.214s]       |                      [01;36m[K~~~~~~~~~~~~~~^[m[K
[1.214s] In file included from [01m[K/usr/local/include/opencv4/opencv2/core/mat.hpp:3727[m[K,
[1.214s]                  from [01m[K/usr/local/include/opencv4/opencv2/core.hpp:59[m[K,
[1.214s]                  from [01m[K/home/javierfr/Tesis_ws/V1/src/img_proc_pkg/src/img_subs_test_node.cpp:10[m[K:
[1.214s] [01m[K/usr/local/include/opencv4/opencv2/core/mat.inl.hpp:1425:6:[m[K [01;36m[Knote: [m[Kcandidate: â€˜[01m[Kcv::Mat& cv::Mat::operator=(cv::Mat&&)[m[Kâ€™
[1.214s]  1425 | Mat& [01;36m[KMat[m[K::operator = (Mat&& m)
[1.214s]       |      [01;36m[K^~~[m[K
[1.214s] [01m[K/usr/local/include/opencv4/opencv2/core/mat.inl.hpp:1425:29:[m[K [01;36m[Knote: [m[K  no known conversion for argument 1 from â€˜[01m[Kstd::__shared_ptr_access<sensor_msgs::msg::Image_<std::allocator<void> >, __gnu_cxx::_S_atomic, false, false>::element_type[m[Kâ€™ {aka â€˜[01m[Ksensor_msgs::msg::Image_<std::allocator<void> >[m[Kâ€™} to â€˜[01m[Kcv::Mat&&[m[Kâ€™
[1.214s]  1425 | Mat& Mat::operator = ([01;36m[KMat&& m[m[K)
[1.214s]       |                       [01;36m[K~~~~~~^[m[K
[2.263s] make[2]: *** [CMakeFiles/img_subs_test_node.dir/build.make:63: CMakeFiles/img_subs_test_node.dir/src/img_subs_test_node.cpp.o] Error 1
[2.263s] make[1]: *** [CMakeFiles/Makefile2:82: CMakeFiles/img_subs_test_node.dir/all] Error 2
[2.263s] make: *** [Makefile:141: all] Error 2
[2.265s] Invoked command in '/home/javierfr/Tesis_ws/V1/build/img_proc_pkg' returned '2': CMAKE_PREFIX_PATH=/opt/ros/foxy /usr/bin/cmake --build /home/javierfr/Tesis_ws/V1/build/img_proc_pkg -- -j12 -l12
