[0.010s] Invoking command in '/home/javierfr/Tesis_ws/V1/build/img_proc_pkg': CMAKE_PREFIX_PATH=/opt/ros/foxy /usr/bin/cmake --build /home/javierfr/Tesis_ws/V1/build/img_proc_pkg -- -j12 -l12
[0.037s] [35m[1mScanning dependencies of target img_proc_node[0m
[0.045s] [ 50%] [32mBuilding CXX object CMakeFiles/img_proc_node.dir/src/img_proc_node.cpp.o[0m
[0.514s] [01m[K/home/javierfr/Tesis_ws/V1/src/img_proc_pkg/src/img_proc_node.cpp:[m[K In function â€˜[01m[Kint main(int, char**)[m[Kâ€™:
[0.514s] [01m[K/home/javierfr/Tesis_ws/V1/src/img_proc_pkg/src/img_proc_node.cpp:16:35:[m[K [01;31m[Kerror: [m[Kâ€˜[01m[KWINDOW_AUTOSIZE[m[Kâ€™ was not declared in this scope; did you mean â€˜[01m[Kcv::WINDOW_AUTOSIZE[m[Kâ€™?
[0.514s]    16 |  cv::namedWindow("Display Image", [01;31m[KWINDOW_AUTOSIZE[m[K );
[0.514s]       |                                   [01;31m[K^~~~~~~~~~~~~~~[m[K
[0.514s]       |                                   [32m[Kcv::WINDOW_AUTOSIZE[m[K
[0.514s] In file included from [01m[K/home/javierfr/Tesis_ws/V1/src/img_proc_pkg/src/img_proc_node.cpp:4[m[K:
[0.514s] [01m[K/usr/local/include/opencv4/opencv2/highgui.hpp:184:8:[m[K [01;36m[Knote: [m[Kâ€˜[01m[Kcv::WINDOW_AUTOSIZE[m[Kâ€™ declared here
[0.515s]   184 |        [01;36m[KWINDOW_AUTOSIZE[m[K   = 0x00000001, //!< the user cannot resize the window, the size is constrainted by the image displayed.
[0.515s]       |        [01;36m[K^~~~~~~~~~~~~~~[m[K
[0.576s] make[2]: *** [CMakeFiles/img_proc_node.dir/build.make:63: CMakeFiles/img_proc_node.dir/src/img_proc_node.cpp.o] Error 1
[0.576s] make[1]: *** [CMakeFiles/Makefile2:78: CMakeFiles/img_proc_node.dir/all] Error 2
[0.576s] make: *** [Makefile:141: all] Error 2
[0.578s] Invoked command in '/home/javierfr/Tesis_ws/V1/build/img_proc_pkg' returned '2': CMAKE_PREFIX_PATH=/opt/ros/foxy /usr/bin/cmake --build /home/javierfr/Tesis_ws/V1/build/img_proc_pkg -- -j12 -l12
