[0.020s] Invoking command in '/home/javierfr/Tesis_ws/V1/build/gazebo_plugin_sim': CMAKE_PREFIX_PATH=${CMAKE_PREFIX_PATH}:/opt/ros/foxy /usr/bin/cmake --build /home/javierfr/Tesis_ws/V1/build/gazebo_plugin_sim -- -j12 -l12
[0.061s] [35m[1mScanning dependencies of target platform_plugin_test[0m
[0.146s] [ 50%] [32mBuilding CXX object CMakeFiles/platform_plugin_test.dir/src/platform_plugin_test.cpp.o[0m
[9.598s] /home/javierfr/Tesis_ws/V1/src/gazebo_plugin_sim/src/platform_plugin_test.cpp: In member function â€˜void gazebo_plugin_sim::PlatformPluginTestPrivate::OnUpdate(const gazebo::common::UpdateInfo&)â€™:
[9.598s] /home/javierfr/Tesis_ws/V1/src/gazebo_plugin_sim/src/platform_plugin_test.cpp:227:10: error: expected unqualified-id before â€˜=â€™ token
[9.598s]   227 |   double = 1;
[9.598s]       |          ^
[9.598s] /home/javierfr/Tesis_ws/V1/src/gazebo_plugin_sim/src/platform_plugin_test.cpp:228:24: error: â€˜velM1â€™ was not declared in this scope; did you mean â€˜vel_M1_â€™?
[9.598s]   228 |   sim_vel_M1_->publish(velM1);
[9.598s]       |                        ^~~~~
[9.598s]       |                        vel_M1_
[9.598s] At global scope:
[9.598s] cc1plus: warning: unrecognized command line option â€˜-Wno-inconsistent-missing-overrideâ€™
[9.599s] make[2]: *** [CMakeFiles/platform_plugin_test.dir/build.make:63: CMakeFiles/platform_plugin_test.dir/src/platform_plugin_test.cpp.o] Error 1
[9.600s] make[1]: *** [CMakeFiles/Makefile2:78: CMakeFiles/platform_plugin_test.dir/all] Error 2
[9.600s] make: *** [Makefile:141: all] Error 2
[9.601s] Invoked command in '/home/javierfr/Tesis_ws/V1/build/gazebo_plugin_sim' returned '2': CMAKE_PREFIX_PATH=${CMAKE_PREFIX_PATH}:/opt/ros/foxy /usr/bin/cmake --build /home/javierfr/Tesis_ws/V1/build/gazebo_plugin_sim -- -j12 -l12
