-- Found ament_cmake: 0.9.8 (/opt/ros/foxy/share/ament_cmake/cmake)
-- Using PYTHON_EXECUTABLE: /usr/bin/python3
-- Found rclcpp: 2.3.1 (/opt/ros/foxy/share/rclcpp/cmake)
-- Using all available rosidl_typesupport_c: rosidl_typesupport_fastrtps_c;rosidl_typesupport_introspection_c
-- Found rosidl_adapter: 1.2.1 (/opt/ros/foxy/share/rosidl_adapter/cmake)
-- Using all available rosidl_typesupport_cpp: rosidl_typesupport_fastrtps_cpp;rosidl_typesupport_introspection_cpp
-- Found rmw_implementation_cmake: 1.0.3 (/opt/ros/foxy/share/rmw_implementation_cmake/cmake)
-- Using RMW implementation 'rmw_fastrtps_cpp' as default
-- Found interfaces: 0.0.0 (/home/javierfr/Tesis_ws/V1/install/interfaces/share/interfaces/cmake)
-- Configuring done
-- Generating done
-- Build files have been written to: /home/javierfr/Tesis_ws/V1/build/control_pkg
[35m[1mScanning dependencies of target control_pid_r1_node[0m
[ 66%] Built target control_pid_p2_node
[ 66%] Built target control_pid_p1_node
[ 83%] [32mBuilding CXX object CMakeFiles/control_pid_r1_node.dir/src/control_pid_r1_node.cpp.o[0m
[01m[K/home/javierfr/Tesis_ws/V1/src/control_pkg/src/control_pid_r1_node.cpp:7:10:[m[K [01;31m[Kfatal error: [m[Kinterfaces/msg/motors_vels_w_arm.hpp: No such file or directory
    7 | #include [01;31m[K<interfaces/msg/motors_vels_w_arm.hpp>[m[K
      |          [01;31m[K^~~~~~~~~~~~~~~~~~~~~~~~~~~~~~~~~~~~~~[m[K
compilation terminated.
make[2]: *** [CMakeFiles/control_pid_r1_node.dir/build.make:63: CMakeFiles/control_pid_r1_node.dir/src/control_pid_r1_node.cpp.o] Error 1
make[1]: *** [CMakeFiles/Makefile2:136: CMakeFiles/control_pid_r1_node.dir/all] Error 2
make: *** [Makefile:141: all] Error 2
