[0.017s] Invoking command in '/home/javierfr/Tesis_ws/V1/build/gazebo_plugin_sim': CMAKE_PREFIX_PATH=${CMAKE_PREFIX_PATH}:/opt/ros/foxy /usr/bin/cmake --build /home/javierfr/Tesis_ws/V1/build/gazebo_plugin_sim -- -j12 -l12
[0.089s] [ 12%] [32mBuilding CXX object CMakeFiles/robot1_plugin.dir/src/robot1_plugin.cpp.o[0m
[0.095s] [ 37%] Built target platform2_plugin
[0.096s] [ 62%] Built target platform_plugin_test
[0.096s] [ 87%] Built target platform1_plugin
[9.767s] /home/javierfr/Tesis_ws/V1/src/gazebo_plugin_sim/src/robot1_plugin.cpp: In member function â€˜void gazebo_plugin_sim::Robot1PluginPrivate::OnUpdate(const gazebo::common::UpdateInfo&)â€™:
[9.767s] /home/javierfr/Tesis_ws/V1/src/gazebo_plugin_sim/src/robot1_plugin.cpp:311:29: error: found â€˜:â€™ in nested-name-specifier, expected â€˜::â€™
[9.767s]   311 |   B1_pos=Robot1PluginPrivate:jointB1->GetAngle(0);
[9.767s]       |                             ^
[9.767s]       |                             ::
[9.767s] /home/javierfr/Tesis_ws/V1/src/gazebo_plugin_sim/src/robot1_plugin.cpp:311:39: error: â€˜class gazebo::physics::Jointâ€™ has no member named â€˜GetAngleâ€™
[9.768s]   311 |   B1_pos=Robot1PluginPrivate:jointB1->GetAngle(0);
[9.768s]       |                                       ^~~~~~~~
[9.768s] /home/javierfr/Tesis_ws/V1/src/gazebo_plugin_sim/src/robot1_plugin.cpp:298:17: warning: unused variable â€˜B2_posâ€™ [-Wunused-variable]
[9.768s]   298 |   float B1_pos, B2_pos, B3_pos;
[9.768s]       |                 ^~~~~~
[9.768s] /home/javierfr/Tesis_ws/V1/src/gazebo_plugin_sim/src/robot1_plugin.cpp:298:25: warning: unused variable â€˜B3_posâ€™ [-Wunused-variable]
[9.768s]   298 |   float B1_pos, B2_pos, B3_pos;
[9.768s]       |                         ^~~~~~
[9.768s] At global scope:
[9.768s] cc1plus: warning: unrecognized command line option â€˜-Wno-inconsistent-missing-overrideâ€™
[9.769s] make[2]: *** [CMakeFiles/robot1_plugin.dir/build.make:63: CMakeFiles/robot1_plugin.dir/src/robot1_plugin.cpp.o] Error 1
[9.769s] make[1]: *** [CMakeFiles/Makefile2:84: CMakeFiles/robot1_plugin.dir/all] Error 2
[9.769s] make: *** [Makefile:141: all] Error 2
[9.772s] Invoked command in '/home/javierfr/Tesis_ws/V1/build/gazebo_plugin_sim' returned '2': CMAKE_PREFIX_PATH=${CMAKE_PREFIX_PATH}:/opt/ros/foxy /usr/bin/cmake --build /home/javierfr/Tesis_ws/V1/build/gazebo_plugin_sim -- -j12 -l12
