[0.014s] Invoking command in '/home/javierfr/Tesis_ws/V1/build/img_proc_pkg': CMAKE_PREFIX_PATH=/opt/ros/foxy /usr/bin/cmake --build /home/javierfr/Tesis_ws/V1/build/img_proc_pkg -- -j12 -l12
[0.034s] -- Found ament_cmake: 0.9.8 (/opt/ros/foxy/share/ament_cmake/cmake)
[0.051s] -- Using PYTHON_EXECUTABLE: /usr/bin/python3
[0.190s] -- Found sensor_msgs: 2.0.3 (/opt/ros/foxy/share/sensor_msgs/cmake)
[0.206s] -- Using all available rosidl_typesupport_c: rosidl_typesupport_fastrtps_c;rosidl_typesupport_introspection_c
[0.209s] -- Found rosidl_adapter: 1.2.0 (/opt/ros/foxy/share/rosidl_adapter/cmake)
[0.302s] -- Using all available rosidl_typesupport_cpp: rosidl_typesupport_fastrtps_cpp;rosidl_typesupport_introspection_cpp
[0.429s] -- Found rclcpp: 2.3.0 (/opt/ros/foxy/share/rclcpp/cmake)
[0.456s] -- Found rmw_implementation_cmake: 1.0.2 (/opt/ros/foxy/share/rmw_implementation_cmake/cmake)
[0.457s] -- Using RMW implementation 'rmw_fastrtps_cpp' as default
[0.605s] -- Configuring done
[0.614s] -- Generating done
[0.615s] -- Build files have been written to: /home/javierfr/Tesis_ws/V1/build/img_proc_pkg
[0.640s] [ 25%] [32mBuilding CXX object CMakeFiles/img_publ_test_node.dir/src/img_publ_test_node.cpp.o[0m
[0.645s] [ 75%] Built target img_proc_node
[0.674s] [01m[K/home/javierfr/Tesis_ws/V1/src/img_proc_pkg/src/img_publ_test_node.cpp:10:10:[m[K [01;31m[Kfatal error: [m[Kopencv2/core.hpp: No such file or directory
[0.674s]    10 | #include [01;31m[K<opencv2/core.hpp>[m[K
[0.674s]       |          [01;31m[K^~~~~~~~~~~~~~~~~~[m[K
[0.674s] compilation terminated.
[0.675s] make[2]: *** [CMakeFiles/img_publ_test_node.dir/build.make:63: CMakeFiles/img_publ_test_node.dir/src/img_publ_test_node.cpp.o] Error 1
[0.675s] make[1]: *** [CMakeFiles/Makefile2:80: CMakeFiles/img_publ_test_node.dir/all] Error 2
[0.675s] make: *** [Makefile:141: all] Error 2
[0.677s] Invoked command in '/home/javierfr/Tesis_ws/V1/build/img_proc_pkg' returned '2': CMAKE_PREFIX_PATH=/opt/ros/foxy /usr/bin/cmake --build /home/javierfr/Tesis_ws/V1/build/img_proc_pkg -- -j12 -l12
