[0.032s] Invoking command in '/home/javierfr/Robotics_Cyber_Physical_LAB/build/img_proc_pkg': CMAKE_PREFIX_PATH=${CMAKE_PREFIX_PATH}:/opt/ros/foxy /usr/bin/cmake --build /home/javierfr/Robotics_Cyber_Physical_LAB/build/img_proc_pkg -- -j8 -l8
[0.122s] [35m[1mScanning dependencies of target calibrate_camera_charuco_node[0m
[0.125s] [ 14%] Built target calibrate_camera_charuco
[0.147s] [ 28%] Built target img_proc_node
[0.161s] [ 42%] Built target img_proc_id_node
[0.163s] [ 57%] Built target img_publ_test_node
[0.163s] [ 71%] Built target img_subs_test_node
[0.181s] [ 85%] Built target aruco_detector
[0.194s] [ 92%] [32mBuilding CXX object CMakeFiles/calibrate_camera_charuco_node.dir/src/calibrate_camera_charuco_node.cpp.o[0m
[2.341s] [01m[K/home/javierfr/Robotics_Cyber_Physical_LAB/src/img_proc_pkg/src/calibrate_camera_charuco_node.cpp:[m[K In constructor â€˜[01m[KCalibrate_Camera_Charuco_Node::Calibrate_Camera_Charuco_Node()[m[Kâ€™:
[2.341s] [01m[K/home/javierfr/Robotics_Cyber_Physical_LAB/src/img_proc_pkg/src/calibrate_camera_charuco_node.cpp:82:12:[m[K [01;35m[Kwarning: [m[Kunused variable â€˜[01m[KreadOk[m[Kâ€™ [[01;35m[K-Wunused-variable[m[K]
[2.341s]    82 |       bool [01;35m[KreadOk[m[K = readCameraParameters("src/img_proc_pkg/config/camera_calib_charuco.yaml", cameraMatrix, distCoeffs);
[2.341s]       |            [01;35m[K^~~~~~[m[K
[2.363s] [01m[K/home/javierfr/Robotics_Cyber_Physical_LAB/src/img_proc_pkg/src/calibrate_camera_charuco_node.cpp:[m[K In member function â€˜[01m[Kvoid Calibrate_Camera_Charuco_Node::topic_callback(sensor_msgs::msg::Image_<std::allocator<void> >::SharedPtr)[m[Kâ€™:
[2.363s] [01m[K/home/javierfr/Robotics_Cyber_Physical_LAB/src/img_proc_pkg/src/calibrate_camera_charuco_node.cpp:129:32:[m[K [01;31m[Kerror: [m[Kâ€˜[01m[KwaitTime[m[Kâ€™ was not declared in this scope
[2.364s]   129 |       char key = (char)waitKey([01;31m[KwaitTime[m[K);
[2.364s]       |                                [01;31m[K^~~~~~~~[m[K
[2.364s] [01m[K/home/javierfr/Robotics_Cyber_Physical_LAB/src/img_proc_pkg/src/calibrate_camera_charuco_node.cpp:130:21:[m[K [01;31m[Kerror: [m[Kbreak statement not within loop or switch
[2.364s]   130 |       if(key == 27) [01;31m[Kbreak[m[K;
[2.364s]       |                     [01;31m[K^~~~~[m[K
[2.366s] [01m[K/home/javierfr/Robotics_Cyber_Physical_LAB/src/img_proc_pkg/src/calibrate_camera_charuco_node.cpp:135:31:[m[K [01;31m[Kerror: [m[Kâ€˜[01m[Kimage[m[Kâ€™ was not declared in this scope
[2.366s]   135 |             allImgs.push_back([01;31m[Kimage[m[K);
[2.366s]       |                               [01;31m[K^~~~~[m[K
[2.369s] [01m[K/home/javierfr/Robotics_Cyber_Physical_LAB/src/img_proc_pkg/src/calibrate_camera_charuco_node.cpp:146:34:[m[K [01;31m[Kerror: [m[Kâ€˜[01m[Kimg_mod[m[Kâ€™ was not declared in this scope
[2.369s]   146 |      cv::imshow("Display Image", [01;31m[Kimg_mod[m[K);
[2.369s]       |                                  [01;31m[K^~~~~~~[m[K
[2.369s] [01m[K/home/javierfr/Robotics_Cyber_Physical_LAB/src/img_proc_pkg/src/calibrate_camera_charuco_node.cpp:103:11:[m[K [01;35m[Kwarning: [m[Kunused variable â€˜[01m[Kn_cols[m[Kâ€™ [[01;35m[K-Wunused-variable[m[K]
[2.369s]   103 |       int [01;35m[Kn_cols[m[K = img_original.cols;
[2.369s]       |           [01;35m[K^~~~~~[m[K
[2.369s] [01m[K/home/javierfr/Robotics_Cyber_Physical_LAB/src/img_proc_pkg/src/calibrate_camera_charuco_node.cpp:104:11:[m[K [01;35m[Kwarning: [m[Kunused variable â€˜[01m[Kn_rows[m[Kâ€™ [[01;35m[K-Wunused-variable[m[K]
[2.369s]   104 |       int [01;35m[Kn_rows[m[K = img_original.rows;
[2.369s]       |           [01;35m[K^~~~~~[m[K
[3.844s] make[2]: *** [CMakeFiles/calibrate_camera_charuco_node.dir/build.make:63: CMakeFiles/calibrate_camera_charuco_node.dir/src/calibrate_camera_charuco_node.cpp.o] Error 1
[3.845s] make[1]: *** [CMakeFiles/Makefile2:279: CMakeFiles/calibrate_camera_charuco_node.dir/all] Error 2
[3.845s] make: *** [Makefile:141: all] Error 2
[3.847s] Invoked command in '/home/javierfr/Robotics_Cyber_Physical_LAB/build/img_proc_pkg' returned '2': CMAKE_PREFIX_PATH=${CMAKE_PREFIX_PATH}:/opt/ros/foxy /usr/bin/cmake --build /home/javierfr/Robotics_Cyber_Physical_LAB/build/img_proc_pkg -- -j8 -l8
