-- Found ament_cmake: 0.9.8 (/opt/ros/foxy/share/ament_cmake/cmake)
-- Using PYTHON_EXECUTABLE: /usr/bin/python3
-- Found rclcpp: 2.3.1 (/opt/ros/foxy/share/rclcpp/cmake)
-- Using all available rosidl_typesupport_c: rosidl_typesupport_fastrtps_c;rosidl_typesupport_introspection_c
-- Found rosidl_adapter: 1.2.1 (/opt/ros/foxy/share/rosidl_adapter/cmake)
-- Using all available rosidl_typesupport_cpp: rosidl_typesupport_fastrtps_cpp;rosidl_typesupport_introspection_cpp
-- Found rmw_implementation_cmake: 1.0.3 (/opt/ros/foxy/share/rmw_implementation_cmake/cmake)
-- Using RMW implementation 'rmw_fastrtps_cpp' as default
-- Found interfaces: 0.0.0 (/home/javierfr/Tesis_ws/V1/install/interfaces/share/interfaces/cmake)
-- Configuring done
-- Generating done
-- Build files have been written to: /home/javierfr/Tesis_ws/V1/build/control_pkg
[35m[1mScanning dependencies of target control_pid_p1_node[0m
[ 50%] [32mBuilding CXX object CMakeFiles/control_pid_p1_node.dir/src/control_pid_p1_node.cpp.o[0m
/home/javierfr/Tesis_ws/V1/src/control_pkg/src/control_pid_p1_node.cpp:13:1: error: expected class-name before â€˜{â€™ token
   13 | {
      | ^
/home/javierfr/Tesis_ws/V1/src/control_pkg/src/control_pid_p1_node.cpp:31:2: error: expected â€˜;â€™ after class definition
   31 | }
      |  ^
      |  ;
/home/javierfr/Tesis_ws/V1/src/control_pkg/src/control_pid_p1_node.cpp: In constructor â€˜Control_PID_P1_node::Control_PID_P1_node()â€™:
/home/javierfr/Tesis_ws/V1/src/control_pkg/src/control_pid_p1_node.cpp:16:5: error: class â€˜Control_PID_P1_nodeâ€™ does not have any field named â€˜Nodeâ€™
   16 |   : Node("control_pid_p1_node")
      |     ^~~~
/home/javierfr/Tesis_ws/V1/src/control_pkg/src/control_pid_p1_node.cpp:18:26: error: â€˜class Control_PID_P1_nodeâ€™ has no member named â€˜create_subscriptionâ€™
   18 |    subs_img_data = this->create_subscription<interfaces::msg::ImgData>(
      |                          ^~~~~~~~~~~~~~~~~~~
/home/javierfr/Tesis_ws/V1/src/control_pkg/src/control_pid_p1_node.cpp:18:70: error: expected primary-expression before â€˜>â€™ token
   18 |    subs_img_data = this->create_subscription<interfaces::msg::ImgData>(
      |                                                                      ^
/home/javierfr/Tesis_ws/V1/src/control_pkg/src/control_pid_p1_node.cpp:19:5: warning: left operand of comma operator has no effect [-Wunused-value]
   19 |     "image_data", 1, std::bind(&Control_PID_P1_node::subs_callback,this, _1));
      |     ^~~~~~~~~~~~
/home/javierfr/Tesis_ws/V1/src/control_pkg/src/control_pid_p1_node.cpp:19:76: warning: right operand of comma operator has no effect [-Wunused-value]
   19 |     "image_data", 1, std::bind(&Control_PID_P1_node::subs_callback,this, _1));
      |                                                                            ^
In file included from /opt/ros/foxy/include/rclcpp/service.hpp:34,
                 from /opt/ros/foxy/include/rclcpp/callback_group.hpp:25,
                 from /opt/ros/foxy/include/rclcpp/any_executable.hpp:20,
                 from /opt/ros/foxy/include/rclcpp/memory_strategy.hpp:24,
                 from /opt/ros/foxy/include/rclcpp/memory_strategies.hpp:18,
                 from /opt/ros/foxy/include/rclcpp/executor_options.hpp:20,
                 from /opt/ros/foxy/include/rclcpp/executor.hpp:33,
                 from /opt/ros/foxy/include/rclcpp/executors/multi_threaded_executor.hpp:25,
                 from /opt/ros/foxy/include/rclcpp/executors.hpp:21,
                 from /opt/ros/foxy/include/rclcpp/rclcpp.hpp:146,
                 from /home/javierfr/Tesis_ws/V1/src/control_pkg/src/control_pid_p1_node.cpp:1:
/home/javierfr/Tesis_ws/V1/src/control_pkg/src/control_pid_p1_node.cpp: In member function â€˜void Control_PID_P1_node::subs_callback(interfaces::msg::ImgData_<std::allocator<void> >::SharedPtr) constâ€™:
/home/javierfr/Tesis_ws/V1/src/control_pkg/src/control_pid_p1_node.cpp:26:16: error: â€˜Control_PID_P1_serverâ€™ was not declared in this scope; did you mean â€˜Control_PID_P1_nodeâ€™?
   26 |    RCLCPP_INFO(Control_PID_P1_server->get_logger(), "Data received" );
      |                ^~~~~~~~~~~~~~~~~~~~~
/home/javierfr/Tesis_ws/V1/src/control_pkg/src/control_pid_p1_node.cpp:26:4: error: template argument 1 is invalid
   26 |    RCLCPP_INFO(Control_PID_P1_server->get_logger(), "Data received" );
      |    ^~~~~~~~~~~
/home/javierfr/Tesis_ws/V1/src/control_pkg/src/control_pid_p1_node.cpp:26:4: error: template argument 1 is invalid
   26 |    RCLCPP_INFO(Control_PID_P1_server->get_logger(), "Data received" );
      |    ^~~~~~~~~~~
/home/javierfr/Tesis_ws/V1/src/control_pkg/src/control_pid_p1_node.cpp:26:4: error: template argument 1 is invalid
   26 |    RCLCPP_INFO(Control_PID_P1_server->get_logger(), "Data received" );
      |    ^~~~~~~~~~~
/home/javierfr/Tesis_ws/V1/src/control_pkg/src/control_pid_p1_node.cpp:24:64: warning: unused parameter â€˜data_msgâ€™ [-Wunused-parameter]
   24 |   void subs_callback(const interfaces::msg::ImgData::SharedPtr data_msg) const
      |                      ~~~~~~~~~~~~~~~~~~~~~~~~~~~~~~~~~~~~~~~~~~^~~~~~~~
/home/javierfr/Tesis_ws/V1/src/control_pkg/src/control_pid_p1_node.cpp: In function â€˜int main(int, char**)â€™:
/home/javierfr/Tesis_ws/V1/src/control_pkg/src/control_pid_p1_node.cpp:40:55: error: no matching function for call to â€˜spin(std::shared_ptr<Control_PID_P1_node>)â€™
   40 |   rclcpp::spin(std::make_shared<Control_PID_P1_node>());
      |                                                       ^
In file included from /opt/ros/foxy/include/rclcpp/rclcpp.hpp:146,
                 from /home/javierfr/Tesis_ws/V1/src/control_pkg/src/control_pid_p1_node.cpp:1:
/opt/ros/foxy/include/rclcpp/executors.hpp:45:1: note: candidate: â€˜void rclcpp::spin(rclcpp::node_interfaces::NodeBaseInterface::SharedPtr)â€™
   45 | spin(rclcpp::node_interfaces::NodeBaseInterface::SharedPtr node_ptr);
      | ^~~~
/opt/ros/foxy/include/rclcpp/executors.hpp:45:60: note:   no known conversion for argument 1 from â€˜shared_ptr<Control_PID_P1_node>â€™ to â€˜shared_ptr<rclcpp::node_interfaces::NodeBaseInterface>â€™
   45 | spin(rclcpp::node_interfaces::NodeBaseInterface::SharedPtr node_ptr);
      |      ~~~~~~~~~~~~~~~~~~~~~~~~~~~~~~~~~~~~~~~~~~~~~~~~~~~~~~^~~~~~~~
/opt/ros/foxy/include/rclcpp/executors.hpp:49:1: note: candidate: â€˜void rclcpp::spin(rclcpp::Node::SharedPtr)â€™
   49 | spin(rclcpp::Node::SharedPtr node_ptr);
      | ^~~~
/opt/ros/foxy/include/rclcpp/executors.hpp:49:30: note:   no known conversion for argument 1 from â€˜shared_ptr<Control_PID_P1_node>â€™ to â€˜shared_ptr<rclcpp::Node>â€™
   49 | spin(rclcpp::Node::SharedPtr node_ptr);
      |      ~~~~~~~~~~~~~~~~~~~~~~~~^~~~~~~~
make[2]: *** [CMakeFiles/control_pid_p1_node.dir/build.make:63: CMakeFiles/control_pid_p1_node.dir/src/control_pid_p1_node.cpp.o] Error 1
make[1]: *** [CMakeFiles/Makefile2:78: CMakeFiles/control_pid_p1_node.dir/all] Error 2
make: *** [Makefile:141: all] Error 2
