[0.016s] Invoking command in '/home/javierfr/Tesis_ws/V1/build/gazebo_plugin_sim': CMAKE_PREFIX_PATH=${CMAKE_PREFIX_PATH}:/opt/ros/foxy /usr/bin/cmake --build /home/javierfr/Tesis_ws/V1/build/gazebo_plugin_sim -- -j12 -l12
[0.060s] [35m[1mScanning dependencies of target robot1_plugin[0m
[0.097s] [ 25%] Built target platform1_plugin
[0.100s] [ 50%] Built target platform2_plugin
[0.101s] [ 75%] Built target platform_plugin_test
[0.145s] [ 87%] [32mBuilding CXX object CMakeFiles/robot1_plugin.dir/src/robot1_plugin.cpp.o[0m
[9.773s] /home/javierfr/Tesis_ws/V1/src/gazebo_plugin_sim/src/robot1_plugin.cpp: In member function â€˜void gazebo_plugin_sim::Robot1PluginPrivate::OnUpdate(const gazebo::common::UpdateInfo&)â€™:
[9.773s] /home/javierfr/Tesis_ws/V1/src/gazebo_plugin_sim/src/robot1_plugin.cpp:311:40: error: â€˜class gazebo::physics::Jointâ€™ has no member named â€˜GetPositionâ€™; did you mean â€˜SetPositionâ€™?
[9.773s]   311 |   B1_pos=Robot1PluginPrivate::jointB1->GetPosition(0);
[9.773s]       |                                        ^~~~~~~~~~~
[9.774s]       |                                        SetPosition
[9.774s] /home/javierfr/Tesis_ws/V1/src/gazebo_plugin_sim/src/robot1_plugin.cpp:298:17: warning: unused variable â€˜B2_posâ€™ [-Wunused-variable]
[9.774s]   298 |   float B1_pos, B2_pos, B3_pos;
[9.774s]       |                 ^~~~~~
[9.774s] /home/javierfr/Tesis_ws/V1/src/gazebo_plugin_sim/src/robot1_plugin.cpp:298:25: warning: unused variable â€˜B3_posâ€™ [-Wunused-variable]
[9.774s]   298 |   float B1_pos, B2_pos, B3_pos;
[9.774s]       |                         ^~~~~~
[9.774s] At global scope:
[9.774s] cc1plus: warning: unrecognized command line option â€˜-Wno-inconsistent-missing-overrideâ€™
[9.782s] make[2]: *** [CMakeFiles/robot1_plugin.dir/build.make:63: CMakeFiles/robot1_plugin.dir/src/robot1_plugin.cpp.o] Error 1
[9.782s] make[1]: *** [CMakeFiles/Makefile2:84: CMakeFiles/robot1_plugin.dir/all] Error 2
[9.783s] make: *** [Makefile:141: all] Error 2
[9.784s] Invoked command in '/home/javierfr/Tesis_ws/V1/build/gazebo_plugin_sim' returned '2': CMAKE_PREFIX_PATH=${CMAKE_PREFIX_PATH}:/opt/ros/foxy /usr/bin/cmake --build /home/javierfr/Tesis_ws/V1/build/gazebo_plugin_sim -- -j12 -l12
