[0.017s] Invoking command in '/home/javierfr/Tesis_ws/V1/build/img_proc_pkg': CMAKE_PREFIX_PATH=${CMAKE_PREFIX_PATH}:/opt/ros/foxy /usr/bin/cmake --build /home/javierfr/Tesis_ws/V1/build/img_proc_pkg -- -j12 -l12
[0.053s] [35m[1mScanning dependencies of target img_proc_id_node[0m
[0.075s] [ 25%] Built target img_proc_node
[0.076s] [ 50%] Built target img_publ_test_node
[0.079s] [ 75%] Built target img_subs_test_node
[0.088s] [ 87%] [32mBuilding CXX object CMakeFiles/img_proc_id_node.dir/src/img_proc_id_node.cpp.o[0m
[1.352s] [01m[K/home/javierfr/Tesis_ws/V1/src/img_proc_pkg/src/img_proc_id_node.cpp:[m[K In member function â€˜[01m[Kvoid Img_Proc_Id_Node::topic_callback(sensor_msgs::msg::Image_<std::allocator<void> >::SharedPtr) const[m[Kâ€™:
[1.352s] [01m[K/home/javierfr/Tesis_ws/V1/src/img_proc_pkg/src/img_proc_id_node.cpp:108:24:[m[K [01;35m[Kwarning: [m[Kcomparison of integer expressions of different signedness: â€˜[01m[Kint[m[Kâ€™ and â€˜[01m[Kstd::vector<std::vector<cv::Point_<int> > >::size_type[m[Kâ€™ {aka â€˜[01m[Klong unsigned int[m[Kâ€™} [[01;35m[K-Wsign-compare[m[K]
[1.352s]   108 |       for (int ii=1; [01;35m[Kii<red_subcontours.size()[m[K, ii++)
[1.352s]       |                      [01;35m[K~~^~~~~~~~~~~~~~~~~~~~~~~[m[K
[1.352s] [01m[K/home/javierfr/Tesis_ws/V1/src/img_proc_pkg/src/img_proc_id_node.cpp:108:24:[m[K [01;35m[Kwarning: [m[Kvalue computed is not used [[01;35m[K-Wunused-value[m[K]
[1.352s] [01m[K/home/javierfr/Tesis_ws/V1/src/img_proc_pkg/src/img_proc_id_node.cpp:108:53:[m[K [01;31m[Kerror: [m[Kexpected â€˜[01m[K;[m[Kâ€™ before â€˜[01m[K)[m[Kâ€™ token
[1.352s]   108 |       for (int ii=1; ii<red_subcontours.size(), ii++[01;31m[K)[m[K
[1.352s]       |                                                     [01;31m[K^[m[K
[1.352s]       |                                                     [32m[K;[m[K
[1.353s] [01m[K/home/javierfr/Tesis_ws/V1/src/img_proc_pkg/src/img_proc_id_node.cpp:115:47:[m[K [01;31m[Kerror: [m[Kâ€˜[01m[Ki[m[Kâ€™ was not declared in this scope; did you mean â€˜[01m[Kii[m[Kâ€™?
[1.353s]   115 |         perim = cv::arcLength(red_subcontours[[01;31m[Ki[m[K], true);
[1.353s]       |                                               [01;31m[K^[m[K
[1.354s]       |                                               [32m[Kii[m[K
[1.354s] [01m[K/home/javierfr/Tesis_ws/V1/src/img_proc_pkg/src/img_proc_id_node.cpp:103:11:[m[K [01;35m[Kwarning: [m[Kunused variable â€˜[01m[KXc[m[Kâ€™ [[01;35m[K-Wunused-variable[m[K]
[1.354s]   103 |       int [01;35m[KXc[m[K,Yc,Xt,Yt;  //Coordenadas para triangulo y cuadrado
[1.354s]       |           [01;35m[K^~[m[K
[1.354s] [01m[K/home/javierfr/Tesis_ws/V1/src/img_proc_pkg/src/img_proc_id_node.cpp:103:14:[m[K [01;35m[Kwarning: [m[Kunused variable â€˜[01m[KYc[m[Kâ€™ [[01;35m[K-Wunused-variable[m[K]
[1.354s]   103 |       int Xc,[01;35m[KYc[m[K,Xt,Yt;  //Coordenadas para triangulo y cuadrado
[1.354s]       |              [01;35m[K^~[m[K
[1.354s] [01m[K/home/javierfr/Tesis_ws/V1/src/img_proc_pkg/src/img_proc_id_node.cpp:103:17:[m[K [01;35m[Kwarning: [m[Kunused variable â€˜[01m[KXt[m[Kâ€™ [[01;35m[K-Wunused-variable[m[K]
[1.354s]   103 |       int Xc,Yc,[01;35m[KXt[m[K,Yt;  //Coordenadas para triangulo y cuadrado
[1.354s]       |                 [01;35m[K^~[m[K
[1.354s] [01m[K/home/javierfr/Tesis_ws/V1/src/img_proc_pkg/src/img_proc_id_node.cpp:103:20:[m[K [01;35m[Kwarning: [m[Kunused variable â€˜[01m[KYt[m[Kâ€™ [[01;35m[K-Wunused-variable[m[K]
[1.354s]   103 |       int Xc,Yc,Xt,[01;35m[KYt[m[K;  //Coordenadas para triangulo y cuadrado
[1.354s]       |                    [01;35m[K^~[m[K
[1.354s] [01m[K/home/javierfr/Tesis_ws/V1/src/img_proc_pkg/src/img_proc_id_node.cpp:104:11:[m[K [01;35m[Kwarning: [m[Kunused variable â€˜[01m[KNcircles[m[Kâ€™ [[01;35m[K-Wunused-variable[m[K]
[1.354s]   104 |       int [01;35m[KNcircles[m[K=0;
[1.354s]       |           [01;35m[K^~~~~~~~[m[K
[1.355s] [01m[K/home/javierfr/Tesis_ws/V1/src/img_proc_pkg/src/img_proc_id_node.cpp:105:11:[m[K [01;35m[Kwarning: [m[Kunused variable â€˜[01m[Kcuad[m[Kâ€™ [[01;35m[K-Wunused-variable[m[K]
[1.355s]   105 |       int [01;35m[Kcuad[m[K=0;
[1.355s]       |           [01;35m[K^~~~[m[K
[1.355s] [01m[K/home/javierfr/Tesis_ws/V1/src/img_proc_pkg/src/img_proc_id_node.cpp:106:11:[m[K [01;35m[Kwarning: [m[Kunused variable â€˜[01m[Ktrian[m[Kâ€™ [[01;35m[K-Wunused-variable[m[K]
[1.355s]   106 |       int [01;35m[Ktrian[m[K=0;
[1.355s]       |           [01;35m[K^~~~~[m[K
[2.436s] make[2]: *** [CMakeFiles/img_proc_id_node.dir/build.make:63: CMakeFiles/img_proc_id_node.dir/src/img_proc_id_node.cpp.o] Error 1
[2.436s] make[1]: *** [CMakeFiles/Makefile2:138: CMakeFiles/img_proc_id_node.dir/all] Error 2
[2.437s] make: *** [Makefile:141: all] Error 2
[2.438s] Invoked command in '/home/javierfr/Tesis_ws/V1/build/img_proc_pkg' returned '2': CMAKE_PREFIX_PATH=${CMAKE_PREFIX_PATH}:/opt/ros/foxy /usr/bin/cmake --build /home/javierfr/Tesis_ws/V1/build/img_proc_pkg -- -j12 -l12
