[0.008s] Invoking command in '/home/javierfr/Tesis_ws/V1/build/sim_pkg': CMAKE_PREFIX_PATH=${CMAKE_PREFIX_PATH}:/opt/ros/foxy LD_LIBRARY_PATH=/home/javierfr/Tesis_ws/V1/install/interfaces/lib:/opt/ros/foxy/opt/yaml_cpp_vendor/lib:/opt/ros/foxy/opt/rviz_ogre_vendor/lib:/opt/ros/foxy/lib/x86_64-linux-gnu:/opt/ros/foxy/lib:/usr/lib/x86_64-linux-gnu/gazebo-11/plugins:/usr/lib/x86_64-linux-gnu/gazebo-11/plugins /usr/bin/cmake --build /home/javierfr/Tesis_ws/V1/build/sim_pkg -- -j12 -l12
[0.038s] [35m[1mScanning dependencies of target plat1_send_vel_node[0m
[1.376s] [ 50%] [32mBuilding CXX object CMakeFiles/plat1_send_vel_node.dir/src/plat1_send_vel_node.cpp.o[0m
[13.342s] In file included from /usr/include/ignition/math6/ignition/math.hh:30,
[13.342s]                  from /usr/include/sdformat-9.5/sdf/Param.hh:33,
[13.343s]                  from /usr/include/sdformat-9.5/sdf/Element.hh:28,
[13.343s]                  from /usr/include/sdformat-9.5/sdf/Actor.hh:25,
[13.343s]                  from /usr/include/sdformat-9.5/sdf/sdf.hh:2,
[13.343s]                  from /usr/include/gazebo-11/gazebo/msgs/msgs.hh:22,
[13.343s]                  from /usr/include/gazebo-11/gazebo/transport/CallbackHelper.hh:29,
[13.343s]                  from /usr/include/gazebo-11/gazebo/transport/transport.hh:2,
[13.343s]                  from /home/javierfr/Tesis_ws/V1/src/sim_pkg/src/plat1_send_vel_node.cpp:4:
[13.343s] /usr/include/ignition/math6/ignition/math/Capsule.hh:91:20: error: â€˜optionalâ€™ in namespace â€˜stdâ€™ does not name a template type
[13.343s]    91 |       public: std::optional< MassMatrix3<Precision> > MassMatrix() const;
[13.343s]       |                    ^~~~~~~~
[13.343s] /usr/include/ignition/math6/ignition/math/Capsule.hh:91:15: note: â€˜std::optionalâ€™ is only available from C++17 onwards
[13.343s]    91 |       public: std::optional< MassMatrix3<Precision> > MassMatrix() const;
[13.343s]       |               ^~~
[13.344s] In file included from /usr/include/ignition/math6/ignition/math/Capsule.hh:149,
[13.344s]                  from /usr/include/ignition/math6/ignition/math.hh:30,
[13.344s]                  from /usr/include/sdformat-9.5/sdf/Param.hh:33,
[13.344s]                  from /usr/include/sdformat-9.5/sdf/Element.hh:28,
[13.344s]                  from /usr/include/sdformat-9.5/sdf/Actor.hh:25,
[13.344s]                  from /usr/include/sdformat-9.5/sdf/sdf.hh:2,
[13.344s]                  from /usr/include/gazebo-11/gazebo/msgs/msgs.hh:22,
[13.344s]                  from /usr/include/gazebo-11/gazebo/transport/CallbackHelper.hh:29,
[13.344s]                  from /usr/include/gazebo-11/gazebo/transport/transport.hh:2,
[13.344s]                  from /home/javierfr/Tesis_ws/V1/src/sim_pkg/src/plat1_send_vel_node.cpp:4:
[13.344s] /usr/include/ignition/math6/ignition/math/detail/Capsule.hh:100:6: error: â€˜optionalâ€™ in namespace â€˜stdâ€™ does not name a template type
[13.344s]   100 | std::optional< MassMatrix3<T> > Capsule<T>::MassMatrix() const
[13.344s]       |      ^~~~~~~~
[13.344s] /usr/include/ignition/math6/ignition/math/detail/Capsule.hh:100:1: note: â€˜std::optionalâ€™ is only available from C++17 onwards
[13.344s]   100 | std::optional< MassMatrix3<T> > Capsule<T>::MassMatrix() const
[13.344s]       | ^~~
[13.345s] In file included from /usr/include/ignition/math6/ignition/math.hh:34,
[13.345s]                  from /usr/include/sdformat-9.5/sdf/Param.hh:33,
[13.345s]                  from /usr/include/sdformat-9.5/sdf/Element.hh:28,
[13.345s]                  from /usr/include/sdformat-9.5/sdf/Actor.hh:25,
[13.345s]                  from /usr/include/sdformat-9.5/sdf/sdf.hh:2,
[13.346s]                  from /usr/include/gazebo-11/gazebo/msgs/msgs.hh:22,
[13.346s]                  from /usr/include/gazebo-11/gazebo/transport/CallbackHelper.hh:29,
[13.347s]                  from /usr/include/gazebo-11/gazebo/transport/transport.hh:2,
[13.347s]                  from /home/javierfr/Tesis_ws/V1/src/sim_pkg/src/plat1_send_vel_node.cpp:4:
[13.347s] /usr/include/ignition/math6/ignition/math/Ellipsoid.hh:77:20: error: â€˜optionalâ€™ in namespace â€˜stdâ€™ does not name a template type
[13.348s]    77 |       public: std::optional< MassMatrix3<Precision> > MassMatrix() const;
[13.348s]       |                    ^~~~~~~~
[13.348s] /usr/include/ignition/math6/ignition/math/Ellipsoid.hh:77:15: note: â€˜std::optionalâ€™ is only available from C++17 onwards
[13.348s]    77 |       public: std::optional< MassMatrix3<Precision> > MassMatrix() const;
[13.348s]       |               ^~~
[13.348s] In file included from /usr/include/ignition/math6/ignition/math/Ellipsoid.hh:132,
[13.348s]                  from /usr/include/ignition/math6/ignition/math.hh:34,
[13.348s]                  from /usr/include/sdformat-9.5/sdf/Param.hh:33,
[13.348s]                  from /usr/include/sdformat-9.5/sdf/Element.hh:28,
[13.348s]                  from /usr/include/sdformat-9.5/sdf/Actor.hh:25,
[13.348s]                  from /usr/include/sdformat-9.5/sdf/sdf.hh:2,
[13.349s]                  from /usr/include/gazebo-11/gazebo/msgs/msgs.hh:22,
[13.349s]                  from /usr/include/gazebo-11/gazebo/transport/CallbackHelper.hh:29,
[13.349s]                  from /usr/include/gazebo-11/gazebo/transport/transport.hh:2,
[13.349s]                  from /home/javierfr/Tesis_ws/V1/src/sim_pkg/src/plat1_send_vel_node.cpp:4:
[13.349s] /usr/include/ignition/math6/ignition/math/detail/Ellipsoid.hh:77:6: error: â€˜optionalâ€™ in namespace â€˜stdâ€™ does not name a template type
[13.349s]    77 | std::optional< MassMatrix3<T> > Ellipsoid<T>::MassMatrix() const
[13.349s]       |      ^~~~~~~~
[13.349s] /usr/include/ignition/math6/ignition/math/detail/Ellipsoid.hh:77:1: note: â€˜std::optionalâ€™ is only available from C++17 onwards
[13.349s]    77 | std::optional< MassMatrix3<T> > Ellipsoid<T>::MassMatrix() const
[13.349s]       | ^~~
[13.349s] In file included from /usr/include/sdformat-9.5/sdf/Element.hh:28,
[13.349s]                  from /usr/include/sdformat-9.5/sdf/Actor.hh:25,
[13.349s]                  from /usr/include/sdformat-9.5/sdf/sdf.hh:2,
[13.349s]                  from /usr/include/gazebo-11/gazebo/msgs/msgs.hh:22,
[13.349s]                  from /usr/include/gazebo-11/gazebo/transport/CallbackHelper.hh:29,
[13.349s]                  from /usr/include/gazebo-11/gazebo/transport/transport.hh:2,
[13.349s]                  from /home/javierfr/Tesis_ws/V1/src/sim_pkg/src/plat1_send_vel_node.cpp:4:
[13.349s] /usr/include/sdformat-9.5/sdf/Param.hh:72:57: error: expected constructor, destructor, or type conversion before â€˜;â€™ token
[13.349s]    72 |   template<class T> ParamStreamer(T) -> ParamStreamer<T>;
[13.350s]       |                                                         ^
[13.350s] /usr/include/sdformat-9.5/sdf/Param.hh:83:47: error: â€˜variantâ€™ is not a member of â€˜stdâ€™
[13.350s]    83 |                            ParamStreamer<std::variant<Ts...>> sv)
[13.350s]       |                                               ^~~~~~~
[13.350s] /usr/include/sdformat-9.5/sdf/Param.hh:83:47: note: â€˜std::variantâ€™ is only available from C++17 onwards
[13.350s] /usr/include/sdformat-9.5/sdf/Param.hh:83:47: error: â€˜variantâ€™ is not a member of â€˜stdâ€™
[13.350s] /usr/include/sdformat-9.5/sdf/Param.hh:83:47: note: â€˜std::variantâ€™ is only available from C++17 onwards
[13.350s] /usr/include/sdformat-9.5/sdf/Param.hh:83:57: error: expected parameter pack before â€˜...â€™
[13.350s]    83 |                            ParamStreamer<std::variant<Ts...>> sv)
[13.350s]       |                                                         ^~~
[13.350s] /usr/include/sdformat-9.5/sdf/Param.hh:83:57: error: template argument 1 is invalid
[13.350s] /usr/include/sdformat-9.5/sdf/Param.hh:83:47: error: â€˜variantâ€™ is not a member of â€˜stdâ€™
[13.350s]    83 |                            ParamStreamer<std::variant<Ts...>> sv)
[13.350s]       |                                               ^~~~~~~
[13.350s] /usr/include/sdformat-9.5/sdf/Param.hh:83:47: note: â€˜std::variantâ€™ is only available from C++17 onwards
[13.350s] /usr/include/sdformat-9.5/sdf/Param.hh:83:47: error: â€˜variantâ€™ is not a member of â€˜stdâ€™
[13.350s] /usr/include/sdformat-9.5/sdf/Param.hh:83:47: note: â€˜std::variantâ€™ is only available from C++17 onwards
[13.350s] /usr/include/sdformat-9.5/sdf/Param.hh:83:57: error: expected parameter pack before â€˜...â€™
[13.350s]    83 |                            ParamStreamer<std::variant<Ts...>> sv)
[13.351s]       |                                                         ^~~
[13.351s] /usr/include/sdformat-9.5/sdf/Param.hh:83:60: error: template argument 1 is invalid
[13.351s]    83 |                            ParamStreamer<std::variant<Ts...>> sv)
[13.351s]       |                                                            ^~
[13.351s] /usr/include/sdformat-9.5/sdf/Param.hh:83:47: error: â€˜variantâ€™ is not a member of â€˜stdâ€™
[13.351s]    83 |                            ParamStreamer<std::variant<Ts...>> sv)
[13.351s]       |                                               ^~~~~~~
[13.351s] /usr/include/sdformat-9.5/sdf/Param.hh:83:47: note: â€˜std::variantâ€™ is only available from C++17 onwards
[13.351s] /usr/include/sdformat-9.5/sdf/Param.hh:83:47: error: â€˜variantâ€™ is not a member of â€˜stdâ€™
[13.351s] /usr/include/sdformat-9.5/sdf/Param.hh:83:47: note: â€˜std::variantâ€™ is only available from C++17 onwards
[13.351s] /usr/include/sdformat-9.5/sdf/Param.hh:83:57: error: expected parameter pack before â€˜...â€™
[13.351s]    83 |                            ParamStreamer<std::variant<Ts...>> sv)
[13.351s]       |                                                         ^~~
[13.351s] /usr/include/sdformat-9.5/sdf/Param.hh:83:60: error: template argument 1 is invalid
[13.351s]    83 |                            ParamStreamer<std::variant<Ts...>> sv)
[13.351s]       |                                                            ^~
[13.351s] /usr/include/sdformat-9.5/sdf/Param.hh:83:28: error: â€˜ParamStreamerâ€™ is not a type
[13.351s]    83 |                            ParamStreamer<std::variant<Ts...>> sv)
[13.351s]       |                            ^~~~~~~~~~~~~
[13.352s] /usr/include/sdformat-9.5/sdf/Param.hh:83:41: error: expected â€˜,â€™ or â€˜...â€™ before â€˜<â€™ token
[13.352s]    83 |                            ParamStreamer<std::variant<Ts...>> sv)
[13.352s]       |                                         ^
[13.352s] /usr/include/sdformat-9.5/sdf/Param.hh: In function â€˜std::ostream& sdf::v9::operator<<(std::ostream&, int)â€™:
[13.352s] /usr/include/sdformat-9.5/sdf/Param.hh:85:10: error: â€˜visitâ€™ is not a member of â€˜stdâ€™
[13.352s]    85 |     std::visit([&os](auto const &v)
[13.352s]       |          ^~~~~
[13.352s] /usr/include/sdformat-9.5/sdf/Param.hh:85:10: note: â€˜std::visitâ€™ is only available from C++17 onwards
[13.352s] /usr/include/sdformat-9.5/sdf/Param.hh: In lambda function:
[13.352s] /usr/include/sdformat-9.5/sdf/Param.hh:87:28: error: missing template arguments before â€˜{â€™ token
[13.352s]    87 |         os << ParamStreamer{v};
[13.352s]       |                            ^
[13.352s] /usr/include/sdformat-9.5/sdf/Param.hh: In function â€˜std::ostream& sdf::v9::operator<<(std::ostream&, int)â€™:
[13.352s] /usr/include/sdformat-9.5/sdf/Param.hh:88:10: error: â€˜svâ€™ was not declared in this scope
[13.352s]    88 |       }, sv.val);
[13.352s]       |          ^~
[13.352s] /usr/include/sdformat-9.5/sdf/Param.hh: At global scope:
[13.352s] /usr/include/sdformat-9.5/sdf/Param.hh:173:30: error: â€˜std::anyâ€™ has not been declared
[13.352s]   173 |     public: bool GetAny(std::any &_anyVal) const;
[13.352s]       |                              ^~~
[13.353s] /usr/include/sdformat-9.5/sdf/Param.hh:242:32: error: â€˜anyâ€™ is not a member of â€˜stdâ€™
[13.353s]   242 |     public: std::function<std::any ()> updateFunc;
[13.353s]       |                                ^~~
[13.353s] /usr/include/sdformat-9.5/sdf/Param.hh:242:32: note: â€˜std::anyâ€™ is only available from C++17 onwards
[13.353s] /usr/include/sdformat-9.5/sdf/Param.hh:242:32: error: â€˜anyâ€™ is not a member of â€˜stdâ€™
[13.353s] /usr/include/sdformat-9.5/sdf/Param.hh:242:32: note: â€˜std::anyâ€™ is only available from C++17 onwards
[13.353s] /usr/include/sdformat-9.5/sdf/Param.hh:242:38: error: template argument 1 is invalid
[13.353s]   242 |     public: std::function<std::any ()> updateFunc;
[13.353s]       |                                      ^
[13.353s] /usr/include/sdformat-9.5/sdf/Param.hh:246:26: error: â€˜variantâ€™ in namespace â€˜stdâ€™ does not name a template type
[13.353s]   246 |     public: typedef std::variant<bool, char, std::string, int, std::uint64_t,
[13.353s]       |                          ^~~~~~~
[13.353s] /usr/include/sdformat-9.5/sdf/Param.hh:246:21: note: â€˜std::variantâ€™ is only available from C++17 onwards
[13.353s]   246 |     public: typedef std::variant<bool, char, std::string, int, std::uint64_t,
[13.353s]       |                     ^~~
[13.353s] /usr/include/sdformat-9.5/sdf/Param.hh:257:13: error: â€˜ParamVariantâ€™ does not name a type
[13.353s]   257 |     public: ParamVariant value;
[13.353s]       |             ^~~~~~~~~~~~
[13.354s] /usr/include/sdformat-9.5/sdf/Param.hh:260:13: error: â€˜ParamVariantâ€™ does not name a type
[13.354s]   260 |     public: ParamVariant defaultValue;
[13.354s]       |             ^~~~~~~~~~~~
[13.354s] /usr/include/sdformat-9.5/sdf/Param.hh: In member function â€˜bool sdf::v9::Param::Get(T&) constâ€™:
[13.354s] /usr/include/sdformat-9.5/sdf/Param.hh:298:69: error: â€˜class sdf::v9::ParamPrivateâ€™ has no member named â€˜valueâ€™
[13.354s]   298 |         std::string strValue = std::get<std::string>(this->dataPtr->value);
[13.354s]       |                                                                     ^~~~~
[13.354s] /usr/include/sdformat-9.5/sdf/Param.hh:318:25: error: â€˜get_ifâ€™ is not a member of â€˜stdâ€™; did you mean â€˜get_timeâ€™?
[13.354s]   318 |         T *value = std::get_if<T>(&this->dataPtr->value);
[13.354s]       |                         ^~~~~~
[13.354s]       |                         get_time
[13.354s] /usr/include/sdformat-9.5/sdf/Param.hh:318:33: error: expected primary-expression before â€˜>â€™ token
[13.354s]   318 |         T *value = std::get_if<T>(&this->dataPtr->value);
[13.354s]       |                                 ^
[13.354s] /usr/include/sdformat-9.5/sdf/Param.hh:318:51: error: â€˜class sdf::v9::ParamPrivateâ€™ has no member named â€˜valueâ€™
[13.354s]   318 |         T *value = std::get_if<T>(&this->dataPtr->value);
[13.354s]       |                                                   ^~~~~
[13.354s] /usr/include/sdformat-9.5/sdf/Param.hh:324:30: error: missing template arguments before â€˜{â€™ token
[13.354s]   324 |           ss << ParamStreamer{this->dataPtr->value};
[13.355s]       |                              ^
[13.355s] /usr/include/sdformat-9.5/sdf/Param.hh: In member function â€˜bool sdf::v9::Param::GetDefault(T&) constâ€™:
[13.355s] /usr/include/sdformat-9.5/sdf/Param.hh:349:26: error: missing template arguments before â€˜{â€™ token
[13.355s]   349 |       ss << ParamStreamer{this->dataPtr->defaultValue};
[13.355s]       |                          ^
[13.355s] /usr/include/sdformat-9.5/sdf/Param.hh: In member function â€˜bool sdf::v9::Param::IsType() constâ€™:
[13.355s] /usr/include/sdformat-9.5/sdf/Param.hh:369:17: error: â€˜holds_alternativeâ€™ is not a member of â€˜stdâ€™
[13.355s]   369 |     return std::holds_alternative<Type>(this->dataPtr->value);
[13.355s]       |                 ^~~~~~~~~~~~~~~~~
[13.355s] /usr/include/sdformat-9.5/sdf/Param.hh:369:39: error: expected primary-expression before â€˜>â€™ token
[13.355s]   369 |     return std::holds_alternative<Type>(this->dataPtr->value);
[13.355s]       |                                       ^
[13.355s] /usr/include/sdformat-9.5/sdf/Param.hh:369:56: error: â€˜class sdf::v9::ParamPrivateâ€™ has no member named â€˜valueâ€™
[13.355s]   369 |     return std::holds_alternative<Type>(this->dataPtr->value);
[13.355s]       |                                                        ^~~~~
[13.355s] In file included from /usr/include/sdformat-9.5/sdf/Actor.hh:25,
[13.355s]                  from /usr/include/sdformat-9.5/sdf/sdf.hh:2,
[13.355s]                  from /usr/include/gazebo-11/gazebo/msgs/msgs.hh:22,
[13.355s]                  from /usr/include/gazebo-11/gazebo/transport/CallbackHelper.hh:29,
[13.356s]                  from /usr/include/gazebo-11/gazebo/transport/transport.hh:2,
[13.356s]                  from /home/javierfr/Tesis_ws/V1/src/sim_pkg/src/plat1_send_vel_node.cpp:4:
[13.356s] /usr/include/sdformat-9.5/sdf/Element.hh: At global scope:
[13.356s] /usr/include/sdformat-9.5/sdf/Element.hh:237:18: error: â€˜anyâ€™ in namespace â€˜stdâ€™ does not name a type
[13.356s]   237 |     public: std::any GetAny(const std::string &_key = "") const;
[13.356s]       |                  ^~~
[13.356s] /usr/include/sdformat-9.5/sdf/Element.hh:237:13: note: â€˜std::anyâ€™ is only available from C++17 onwards
[13.356s]   237 |     public: std::any GetAny(const std::string &_key = "") const;
[13.356s]       |             ^~~
[13.356s] make[2]: *** [CMakeFiles/plat1_send_vel_node.dir/build.make:63: CMakeFiles/plat1_send_vel_node.dir/src/plat1_send_vel_node.cpp.o] Error 1
[13.356s] make[1]: *** [CMakeFiles/Makefile2:78: CMakeFiles/plat1_send_vel_node.dir/all] Error 2
[13.356s] make: *** [Makefile:141: all] Error 2
[13.357s] Invoked command in '/home/javierfr/Tesis_ws/V1/build/sim_pkg' returned '2': CMAKE_PREFIX_PATH=${CMAKE_PREFIX_PATH}:/opt/ros/foxy LD_LIBRARY_PATH=/home/javierfr/Tesis_ws/V1/install/interfaces/lib:/opt/ros/foxy/opt/yaml_cpp_vendor/lib:/opt/ros/foxy/opt/rviz_ogre_vendor/lib:/opt/ros/foxy/lib/x86_64-linux-gnu:/opt/ros/foxy/lib:/usr/lib/x86_64-linux-gnu/gazebo-11/plugins:/usr/lib/x86_64-linux-gnu/gazebo-11/plugins /usr/bin/cmake --build /home/javierfr/Tesis_ws/V1/build/sim_pkg -- -j12 -l12
