[35m[1mScanning dependencies of target platform_plugin_test[0m
[ 50%] [32mBuilding CXX object CMakeFiles/platform_plugin_test.dir/src/platform_plugin_test.cpp.o[0m
/home/javierfr/Tesis_ws/V1/src/gazebo_plugin_sim/src/platform_plugin_test.cpp: In member function â€˜virtual void gazebo_plugin_sim::PlatformPluginTest::Load(gazebo::physics::ModelPtr, sdf::v9::ElementPtr)â€™:
/home/javierfr/Tesis_ws/V1/src/gazebo_plugin_sim/src/platform_plugin_test.cpp:90:12: error: â€˜class gazebo_plugin_sim::PlatformPluginTestâ€™ has no member named â€˜SetVelocityM1â€™
   90 |      this->SetVelocityM1(velocityM1);
      |            ^~~~~~~~~~~~~
/home/javierfr/Tesis_ws/V1/src/gazebo_plugin_sim/src/platform_plugin_test.cpp: At global scope:
/home/javierfr/Tesis_ws/V1/src/gazebo_plugin_sim/src/platform_plugin_test.cpp:104:7: error: no declaration matches â€˜void gazebo_plugin_sim::PlatformPluginTestPrivate::SetVelocityM1(const double&)â€™
  104 |  void PlatformPluginTestPrivate::SetVelocityM1(const double &_velM1)
      |       ^~~~~~~~~~~~~~~~~~~~~~~~~
/home/javierfr/Tesis_ws/V1/src/gazebo_plugin_sim/src/platform_plugin_test.cpp:104:7: note: no functions named â€˜void gazebo_plugin_sim::PlatformPluginTestPrivate::SetVelocityM1(const double&)â€™
/home/javierfr/Tesis_ws/V1/src/gazebo_plugin_sim/src/platform_plugin_test.cpp:25:8: note: â€˜class gazebo_plugin_sim::PlatformPluginTestPrivateâ€™ defined here
   25 |  class PlatformPluginTestPrivate
      |        ^~~~~~~~~~~~~~~~~~~~~~~~~
cc1plus: warning: unrecognized command line option â€˜-Wno-inconsistent-missing-overrideâ€™
make[2]: *** [CMakeFiles/platform_plugin_test.dir/build.make:63: CMakeFiles/platform_plugin_test.dir/src/platform_plugin_test.cpp.o] Error 1
make[1]: *** [CMakeFiles/Makefile2:78: CMakeFiles/platform_plugin_test.dir/all] Error 2
make: *** [Makefile:141: all] Error 2
