[0.019s] Invoking command in '/home/javierfr/Tesis_ws/V1/build/img_proc_pkg': CMAKE_PREFIX_PATH=${CMAKE_PREFIX_PATH}:/opt/ros/foxy /usr/bin/cmake --build /home/javierfr/Tesis_ws/V1/build/img_proc_pkg -- -j12 -l12
[0.058s] [35m[1mScanning dependencies of target img_proc_qr_detector[0m
[0.075s] [ 25%] Built target img_proc_node
[0.081s] [ 50%] Built target img_publ_test_node
[0.086s] [ 75%] Built target img_subs_test_node
[0.094s] [ 87%] [32mBuilding CXX object CMakeFiles/img_proc_qr_detector.dir/src/img_proc_qr_detector.cpp.o[0m
[1.348s] [01m[K/home/javierfr/Tesis_ws/V1/src/img_proc_pkg/src/img_proc_qr_detector.cpp:[m[K In member function â€˜[01m[Kvoid Img_Proc_Qr_Detector::topic_callback(sensor_msgs::msg::Image_<std::allocator<void> >::SharedPtr) const[m[Kâ€™:
[1.348s] [01m[K/home/javierfr/Tesis_ws/V1/src/img_proc_pkg/src/img_proc_qr_detector.cpp:64:19:[m[K [01;31m[Kerror: [m[Kexpected initializer before â€˜[01m[Ksdls[m[Kâ€™
[1.348s]    64 |         long uint [01;31m[Ksdls[m[K=data.length;
[1.348s]       |                   [01;31m[K^~~~[m[K
[1.350s] [01m[K/home/javierfr/Tesis_ws/V1/src/img_proc_pkg/src/img_proc_qr_detector.cpp:67:43:[m[K [01;31m[Kerror: [m[Kâ€˜[01m[Ksdls[m[Kâ€™ was not declared in this scope
[1.350s]    67 |         std::cout << "Decoded Data : " << [01;31m[Ksdls[m[K << std::endl;
[1.350s]       |                                           [01;31m[K^~~~[m[K
[2.456s] make[2]: *** [CMakeFiles/img_proc_qr_detector.dir/build.make:63: CMakeFiles/img_proc_qr_detector.dir/src/img_proc_qr_detector.cpp.o] Error 1
[2.456s] make[1]: *** [CMakeFiles/Makefile2:84: CMakeFiles/img_proc_qr_detector.dir/all] Error 2
[2.456s] make: *** [Makefile:141: all] Error 2
[2.458s] Invoked command in '/home/javierfr/Tesis_ws/V1/build/img_proc_pkg' returned '2': CMAKE_PREFIX_PATH=${CMAKE_PREFIX_PATH}:/opt/ros/foxy /usr/bin/cmake --build /home/javierfr/Tesis_ws/V1/build/img_proc_pkg -- -j12 -l12
