/home/javierfr/Tesis_ws/V1/src/control_pkg/src/control_pid_p1_node.cpp: In member function ‘void Control_PID_P1_node::save_data()’:
/home/javierfr/Tesis_ws/V1/src/control_pkg/src/control_pid_p1_node.cpp:559:14: error: ‘platform_state’ was not declared in this scope; did you mean ‘platform2_state’?
  559 |    myfile << platform_state;
      |              ^~~~~~~~~~~~~~
      |              platform2_state
make[2]: *** [CMakeFiles/control_pid_p1_node.dir/build.make:63: CMakeFiles/control_pid_p1_node.dir/src/control_pid_p1_node.cpp.o] Error 1
make[1]: *** [CMakeFiles/Makefile2:107: CMakeFiles/control_pid_p1_node.dir/all] Error 2
make: *** [Makefile:141: all] Error 2
