[35m[1mScanning dependencies of target control_pid_r1_node[0m
[ 33%] Built target control_pid_p2_node
[ 66%] Built target control_pid_p1_node
[ 83%] [32mBuilding CXX object CMakeFiles/control_pid_r1_node.dir/src/control_pid_r1_node.cpp.o[0m
/home/javierfr/Tesis_ws/V1/src/control_pkg/src/control_pid_r1_node.cpp: In constructor â€˜Control_PID_R1_node::Control_PID_R1_node()â€™:
/home/javierfr/Tesis_ws/V1/src/control_pkg/src/control_pid_r1_node.cpp:141:70: error: â€˜LmSw_subsâ€™ is not a member of â€˜Control_PID_R1_nodeâ€™
  141 |          "/robot_1/limit_switch", 1, std::bind(&Control_PID_R1_node::LmSw_subs,this,_1));
      |                                                                      ^~~~~~~~~
/home/javierfr/Tesis_ws/V1/src/control_pkg/src/control_pid_r1_node.cpp:144:72: error: â€˜velM_subsâ€™ is not a member of â€˜Control_PID_R1_nodeâ€™
  144 |          "/robot_1/sim_vel_motors", 1, std::bind(&Control_PID_R1_node::velM_subs,this,_1));
      |                                                                        ^~~~~~~~~
make[2]: *** [CMakeFiles/control_pid_r1_node.dir/build.make:63: CMakeFiles/control_pid_r1_node.dir/src/control_pid_r1_node.cpp.o] Error 1
make[1]: *** [CMakeFiles/Makefile2:136: CMakeFiles/control_pid_r1_node.dir/all] Error 2
make: *** [Makefile:141: all] Error 2
