[0.012s] Invoking command in '/home/javierfr/Tesis_ws/V1/build/control_pkg': CMAKE_PREFIX_PATH=/home/javierfr/Tesis_ws/V1/install/interfaces:/home/javierfr/Tesis_ws/V1/install/inv_kinematics_pkg:/home/javierfr/Tesis_ws/V1/install/control_pkg:/home/javierfr/Tesis_ws/V1/install/img_proc_pkg:/home/javierfr/Tesis_ws/V1/install/gazebo_plugin_sim:/opt/ros/foxy LD_LIBRARY_PATH=/home/javierfr/Tesis_ws/V1/install/interfaces/lib:/home/javierfr/Tesis_ws/V1/install/gazebo_plugin_sim/lib:/opt/ros/foxy/opt/yaml_cpp_vendor/lib:/opt/ros/foxy/opt/rviz_ogre_vendor/lib:/opt/ros/foxy/lib/x86_64-linux-gnu:/opt/ros/foxy/lib:/usr/lib/x86_64-linux-gnu/gazebo-11/plugins:/usr/lib/x86_64-linux-gnu/gazebo-11/plugins /usr/bin/cmake --build /home/javierfr/Tesis_ws/V1/build/control_pkg -- -j12 -l12
[0.043s] [35m[1mScanning dependencies of target control_pid_r1_node[0m
[0.060s] [ 33%] Built target control_pid_p2_node
[0.061s] [ 66%] Built target control_pid_p1_node
[0.070s] [ 83%] [32mBuilding CXX object CMakeFiles/control_pid_r1_node.dir/src/control_pid_r1_node.cpp.o[0m
[3.080s] /home/javierfr/Tesis_ws/V1/src/control_pkg/src/control_pid_r1_node.cpp: In constructor â€˜Control_PID_R1_node::Control_PID_R1_node()â€™:
[3.080s] /home/javierfr/Tesis_ws/V1/src/control_pkg/src/control_pid_r1_node.cpp:141:70: error: â€˜LmSw_subsâ€™ is not a member of â€˜Control_PID_R1_nodeâ€™
[3.080s]   141 |          "/robot_1/limit_switch", 1, std::bind(&Control_PID_R1_node::LmSw_subs,this,_1));
[3.080s]       |                                                                      ^~~~~~~~~
[3.080s] /home/javierfr/Tesis_ws/V1/src/control_pkg/src/control_pid_r1_node.cpp:144:72: error: â€˜velM_subsâ€™ is not a member of â€˜Control_PID_R1_nodeâ€™
[3.080s]   144 |          "/robot_1/sim_vel_motors", 1, std::bind(&Control_PID_R1_node::velM_subs,this,_1));
[3.080s]       |                                                                        ^~~~~~~~~
[3.080s] make[2]: *** [CMakeFiles/control_pid_r1_node.dir/build.make:63: CMakeFiles/control_pid_r1_node.dir/src/control_pid_r1_node.cpp.o] Error 1
[3.080s] make[1]: *** [CMakeFiles/Makefile2:136: CMakeFiles/control_pid_r1_node.dir/all] Error 2
[3.081s] make: *** [Makefile:141: all] Error 2
[3.083s] Invoked command in '/home/javierfr/Tesis_ws/V1/build/control_pkg' returned '2': CMAKE_PREFIX_PATH=/home/javierfr/Tesis_ws/V1/install/interfaces:/home/javierfr/Tesis_ws/V1/install/inv_kinematics_pkg:/home/javierfr/Tesis_ws/V1/install/control_pkg:/home/javierfr/Tesis_ws/V1/install/img_proc_pkg:/home/javierfr/Tesis_ws/V1/install/gazebo_plugin_sim:/opt/ros/foxy LD_LIBRARY_PATH=/home/javierfr/Tesis_ws/V1/install/interfaces/lib:/home/javierfr/Tesis_ws/V1/install/gazebo_plugin_sim/lib:/opt/ros/foxy/opt/yaml_cpp_vendor/lib:/opt/ros/foxy/opt/rviz_ogre_vendor/lib:/opt/ros/foxy/lib/x86_64-linux-gnu:/opt/ros/foxy/lib:/usr/lib/x86_64-linux-gnu/gazebo-11/plugins:/usr/lib/x86_64-linux-gnu/gazebo-11/plugins /usr/bin/cmake --build /home/javierfr/Tesis_ws/V1/build/control_pkg -- -j12 -l12
