-- Found ament_cmake: 0.9.8 (/opt/ros/foxy/share/ament_cmake/cmake)
-- Using PYTHON_EXECUTABLE: /usr/bin/python3
-- Found rclcpp: 2.3.1 (/opt/ros/foxy/share/rclcpp/cmake)
-- Using all available rosidl_typesupport_c: rosidl_typesupport_fastrtps_c;rosidl_typesupport_introspection_c
-- Found rosidl_adapter: 1.2.1 (/opt/ros/foxy/share/rosidl_adapter/cmake)
-- Using all available rosidl_typesupport_cpp: rosidl_typesupport_fastrtps_cpp;rosidl_typesupport_introspection_cpp
-- Found rmw_implementation_cmake: 1.0.3 (/opt/ros/foxy/share/rmw_implementation_cmake/cmake)
-- Using RMW implementation 'rmw_fastrtps_cpp' as default
-- Found interfaces: 0.0.0 (/home/javierfr/Tesis_ws/V1/install/interfaces/share/interfaces/cmake)
-- Configuring done
-- Generating done
-- Build files have been written to: /home/javierfr/Tesis_ws/V1/build/control_pkg
[35m[1mScanning dependencies of target control_pid_r2_node[0m
[35m[1mScanning dependencies of target control_pid_r1_node[0m
[ 50%] Built target control_pid_p1_node
[ 50%] Built target control_pid_p2_node
[ 62%] [32mBuilding CXX object CMakeFiles/control_pid_r2_node.dir/src/control_pid_r2_node.cpp.o[0m
[ 75%] [32mBuilding CXX object CMakeFiles/control_pid_r1_node.dir/src/control_pid_r1_node.cpp.o[0m
/home/javierfr/Tesis_ws/V1/src/control_pkg/src/control_pid_r2_node.cpp:741:38: error: â€˜PlatStateâ€™ is not a member of â€˜interfaces::msgâ€™
  741 |   rclcpp::Publisher<interfaces::msg::PlatState>::SharedPtr state_platform2_publisher;
      |                                      ^~~~~~~~~
/home/javierfr/Tesis_ws/V1/src/control_pkg/src/control_pid_r2_node.cpp:741:38: error: â€˜PlatStateâ€™ is not a member of â€˜interfaces::msgâ€™
/home/javierfr/Tesis_ws/V1/src/control_pkg/src/control_pid_r2_node.cpp:741:47: error: template argument 1 is invalid
  741 |   rclcpp::Publisher<interfaces::msg::PlatState>::SharedPtr state_platform2_publisher;
      |                                               ^
/home/javierfr/Tesis_ws/V1/src/control_pkg/src/control_pid_r2_node.cpp:741:50: error: expected â€˜;â€™ at end of member declaration
  741 |   rclcpp::Publisher<interfaces::msg::PlatState>::SharedPtr state_platform2_publisher;
      |                                                  ^~~~~~~~~
      |                                                           ;
/home/javierfr/Tesis_ws/V1/src/control_pkg/src/control_pid_r2_node.cpp:741:60: error: â€˜state_platform2_publisherâ€™ does not name a type
  741 |   rclcpp::Publisher<interfaces::msg::PlatState>::SharedPtr state_platform2_publisher;
      |                                                            ^~~~~~~~~~~~~~~~~~~~~~~~~
/home/javierfr/Tesis_ws/V1/src/control_pkg/src/control_pid_r2_node.cpp:742:41: error: â€˜PlatStateâ€™ is not a member of â€˜interfaces::msgâ€™
  742 |   rclcpp::Subscription<interfaces::msg::PlatState>::SharedPtr state_platform1_subscriber;
      |                                         ^~~~~~~~~
/home/javierfr/Tesis_ws/V1/src/control_pkg/src/control_pid_r2_node.cpp:742:41: error: â€˜PlatStateâ€™ is not a member of â€˜interfaces::msgâ€™
/home/javierfr/Tesis_ws/V1/src/control_pkg/src/control_pid_r2_node.cpp:742:50: error: template argument 1 is invalid
  742 |   rclcpp::Subscription<interfaces::msg::PlatState>::SharedPtr state_platform1_subscriber;
      |                                                  ^
/home/javierfr/Tesis_ws/V1/src/control_pkg/src/control_pid_r2_node.cpp:742:50: error: template argument 3 is invalid
/home/javierfr/Tesis_ws/V1/src/control_pkg/src/control_pid_r2_node.cpp:742:53: error: expected â€˜;â€™ at end of member declaration
  742 |   rclcpp::Subscription<interfaces::msg::PlatState>::SharedPtr state_platform1_subscriber;
      |                                                     ^~~~~~~~~
      |                                                              ;
/home/javierfr/Tesis_ws/V1/src/control_pkg/src/control_pid_r2_node.cpp:742:53: error: redeclaration of â€˜int Control_PID_R2_node::SharedPtrâ€™
/home/javierfr/Tesis_ws/V1/src/control_pkg/src/control_pid_r2_node.cpp:741:50: note: previous declaration â€˜int Control_PID_R2_node::SharedPtrâ€™
  741 |   rclcpp::Publisher<interfaces::msg::PlatState>::SharedPtr state_platform2_publisher;
      |                                                  ^~~~~~~~~
/home/javierfr/Tesis_ws/V1/src/control_pkg/src/control_pid_r2_node.cpp:742:63: error: â€˜state_platform1_subscriberâ€™ does not name a type
  742 |   rclcpp::Subscription<interfaces::msg::PlatState>::SharedPtr state_platform1_subscriber;
      |                                                               ^~~~~~~~~~~~~~~~~~~~~~~~~~
/home/javierfr/Tesis_ws/V1/src/control_pkg/src/control_pid_r2_node.cpp:744:35: error: â€˜PlatformVelâ€™ is not a member of â€˜interfaces::srvâ€™
  744 |   rclcpp::Client<interfaces::srv::PlatformVel>::SharedPtr client;
      |                                   ^~~~~~~~~~~
/home/javierfr/Tesis_ws/V1/src/control_pkg/src/control_pid_r2_node.cpp:744:35: error: â€˜PlatformVelâ€™ is not a member of â€˜interfaces::srvâ€™
/home/javierfr/Tesis_ws/V1/src/control_pkg/src/control_pid_r2_node.cpp:744:46: error: template argument 1 is invalid
  744 |   rclcpp::Client<interfaces::srv::PlatformVel>::SharedPtr client;
      |                                              ^
/home/javierfr/Tesis_ws/V1/src/control_pkg/src/control_pid_r2_node.cpp:744:49: error: expected â€˜;â€™ at end of member declaration
  744 |   rclcpp::Client<interfaces::srv::PlatformVel>::SharedPtr client;
      |                                                 ^~~~~~~~~
      |                                                          ;
/home/javierfr/Tesis_ws/V1/src/control_pkg/src/control_pid_r2_node.cpp:744:49: error: redeclaration of â€˜int Control_PID_R2_node::SharedPtrâ€™
/home/javierfr/Tesis_ws/V1/src/control_pkg/src/control_pid_r2_node.cpp:741:50: note: previous declaration â€˜int Control_PID_R2_node::SharedPtrâ€™
  741 |   rclcpp::Publisher<interfaces::msg::PlatState>::SharedPtr state_platform2_publisher;
      |                                                  ^~~~~~~~~
/home/javierfr/Tesis_ws/V1/src/control_pkg/src/control_pid_r2_node.cpp:744:59: error: â€˜clientâ€™ does not name a type
  744 |   rclcpp::Client<interfaces::srv::PlatformVel>::SharedPtr client;
      |                                                           ^~~~~~
/home/javierfr/Tesis_ws/V1/src/control_pkg/src/control_pid_r2_node.cpp: In constructor â€˜Control_PID_R2_node::Control_PID_R2_node()â€™:
/home/javierfr/Tesis_ws/V1/src/control_pkg/src/control_pid_r2_node.cpp:189:4: error: â€˜clientâ€™ was not declared in this scope
  189 |    client = this->create_client<interfaces::srv::RobotVel>("robot2_vel");
      |    ^~~~~~
/home/javierfr/Tesis_ws/V1/src/control_pkg/src/control_pid_r2_node.cpp:197:9: error: â€˜state_robot2_publisherâ€™ was not declared in this scope
  197 |         state_robot2_publisher = create_publisher<interfaces::msg::RobotState>("robot2_state",1);
      |         ^~~~~~~~~~~~~~~~~~~~~~
/home/javierfr/Tesis_ws/V1/src/control_pkg/src/control_pid_r2_node.cpp:199:8: error: â€˜state_robot1_subscriberâ€™ was not declared in this scope
  199 |        state_robot1_subscriber= create_subscription<interfaces::msg::RobotState>(
      |        ^~~~~~~~~~~~~~~~~~~~~~~
/home/javierfr/Tesis_ws/V1/src/control_pkg/src/control_pid_r2_node.cpp:202:9: error: â€˜data_robot_publisherâ€™ was not declared in this scope; did you mean â€˜data_platform_publisherâ€™?
  202 |         data_robot_publisher = create_publisher<interfaces::msg::ControlData>("robot2_control_data",1);
      |         ^~~~~~~~~~~~~~~~~~~~
      |         data_platform_publisher
/home/javierfr/Tesis_ws/V1/src/control_pkg/src/control_pid_r2_node.cpp:204:6: error: â€˜LmSw_subscriberâ€™ was not declared in this scope; did you mean â€˜count_subscribersâ€™?
  204 |      LmSw_subscriber= create_subscription<interfaces::msg::LimitSwitch>(
      |      ^~~~~~~~~~~~~~~
      |      count_subscribers
/home/javierfr/Tesis_ws/V1/src/control_pkg/src/control_pid_r2_node.cpp:207:4: error: â€˜velM_subscriberâ€™ was not declared in this scope; did you mean â€˜count_subscribersâ€™?
  207 |    velM_subscriber= create_subscription<interfaces::msg::MotorVelsWArm>(
      |    ^~~~~~~~~~~~~~~
      |    count_subscribers
/home/javierfr/Tesis_ws/V1/src/control_pkg/src/control_pid_r2_node.cpp: In member function â€˜void Control_PID_R2_node::timer_callback()â€™:
/home/javierfr/Tesis_ws/V1/src/control_pkg/src/control_pid_r2_node.cpp:310:8: error: â€˜platform2_stateâ€™ was not declared in this scope
  310 |    if (platform2_state==-1)
      |        ^~~~~~~~~~~~~~~
/home/javierfr/Tesis_ws/V1/src/control_pkg/src/control_pid_r2_node.cpp:316:8: error: â€˜platform2_stateâ€™ was not declared in this scope
  316 |    if (platform2_state==0)
      |        ^~~~~~~~~~~~~~~
/home/javierfr/Tesis_ws/V1/src/control_pkg/src/control_pid_r2_node.cpp:320:9: error: â€˜platform1_stateâ€™ was not declared in this scope
  320 |     if (platform1_state==0 or platform1_state==1)
      |         ^~~~~~~~~~~~~~~
/home/javierfr/Tesis_ws/V1/src/control_pkg/src/control_pid_r2_node.cpp:329:9: error: â€˜platform1_stateâ€™ was not declared in this scope
  329 |     if (platform1_state>=4)
      |         ^~~~~~~~~~~~~~~
/home/javierfr/Tesis_ws/V1/src/control_pkg/src/control_pid_r2_node.cpp:336:8: error: â€˜platform2_stateâ€™ was not declared in this scope
  336 |    if (platform2_state==1)
      |        ^~~~~~~~~~~~~~~
/home/javierfr/Tesis_ws/V1/src/control_pkg/src/control_pid_r2_node.cpp:342:8: error: â€˜platform2_stateâ€™ was not declared in this scope
  342 |    if (platform2_state==2)
      |        ^~~~~~~~~~~~~~~
/home/javierfr/Tesis_ws/V1/src/control_pkg/src/control_pid_r2_node.cpp:348:8: error: â€˜platform2_stateâ€™ was not declared in this scope
  348 |    if (platform2_state==3)
      |        ^~~~~~~~~~~~~~~
/home/javierfr/Tesis_ws/V1/src/control_pkg/src/control_pid_r2_node.cpp:354:8: error: â€˜platform2_stateâ€™ was not declared in this scope
  354 |    if (platform2_state==4)
      |        ^~~~~~~~~~~~~~~
/home/javierfr/Tesis_ws/V1/src/control_pkg/src/control_pid_r2_node.cpp:360:8: error: â€˜platform2_stateâ€™ was not declared in this scope
  360 |    if (platform2_state==5)
      |        ^~~~~~~~~~~~~~~
/home/javierfr/Tesis_ws/V1/src/control_pkg/src/control_pid_r2_node.cpp:366:8: error: â€˜platform2_stateâ€™ was not declared in this scope
  366 |    if (platform2_state==6)
      |        ^~~~~~~~~~~~~~~
/home/javierfr/Tesis_ws/V1/src/control_pkg/src/control_pid_r2_node.cpp:372:8: error: â€˜platform2_stateâ€™ was not declared in this scope
  372 |    if (platform2_state==7)
      |        ^~~~~~~~~~~~~~~
/home/javierfr/Tesis_ws/V1/src/control_pkg/src/control_pid_r2_node.cpp:378:8: error: â€˜platform2_stateâ€™ was not declared in this scope
  378 |    if (platform2_state==8)
      |        ^~~~~~~~~~~~~~~
/home/javierfr/Tesis_ws/V1/src/control_pkg/src/control_pid_r2_node.cpp:396:22: error: â€˜PlatStateâ€™ is not a member of â€˜interfaces::msgâ€™
  396 |     interfaces::msg::PlatState msg_publ;
      |                      ^~~~~~~~~
/home/javierfr/Tesis_ws/V1/src/control_pkg/src/control_pid_r2_node.cpp:397:5: error: â€˜msg_publâ€™ was not declared in this scope
  397 |     msg_publ.platform_state=platform2_state;
      |     ^~~~~~~~
/home/javierfr/Tesis_ws/V1/src/control_pkg/src/control_pid_r2_node.cpp:397:29: error: â€˜platform2_stateâ€™ was not declared in this scope
  397 |     msg_publ.platform_state=platform2_state;
      |                             ^~~~~~~~~~~~~~~
/home/javierfr/Tesis_ws/V1/src/control_pkg/src/control_pid_r2_node.cpp:398:5: error: â€˜state_platform2_publisherâ€™ was not declared in this scope; did you mean â€˜data_platform_publisherâ€™?
  398 |     state_platform2_publisher->publish(msg_publ);
      |     ^~~~~~~~~~~~~~~~~~~~~~~~~
      |     data_platform_publisher
/home/javierfr/Tesis_ws/V1/src/control_pkg/src/control_pid_r2_node.cpp: In member function â€˜void Control_PID_R2_node::control_F1()â€™:
/home/javierfr/Tesis_ws/V1/src/control_pkg/src/control_pid_r2_node.cpp:422:5: error: â€˜platform2_stateâ€™ was not declared in this scope
  422 |     platform2_state=2;
      |     ^~~~~~~~~~~~~~~
/home/javierfr/Tesis_ws/V1/src/control_pkg/src/control_pid_r2_node.cpp: In member function â€˜void Control_PID_R2_node::control_F2()â€™:
/home/javierfr/Tesis_ws/V1/src/control_pkg/src/control_pid_r2_node.cpp:445:5: error: â€˜platform2_stateâ€™ was not declared in this scope
  445 |     platform2_state=3;
      |     ^~~~~~~~~~~~~~~
/home/javierfr/Tesis_ws/V1/src/control_pkg/src/control_pid_r2_node.cpp: In member function â€˜void Control_PID_R2_node::control_F3()â€™:
/home/javierfr/Tesis_ws/V1/src/control_pkg/src/control_pid_r2_node.cpp:466:26: error: â€˜platform1_stateâ€™ was not declared in this scope
  466 |    if (error_count>10 && platform1_state>=7){
      |                          ^~~~~~~~~~~~~~~
/home/javierfr/Tesis_ws/V1/src/control_pkg/src/control_pid_r2_node.cpp:467:5: error: â€˜platform2_stateâ€™ was not declared in this scope
  467 |     platform2_state=4;
      |     ^~~~~~~~~~~~~~~
/home/javierfr/Tesis_ws/V1/src/control_pkg/src/control_pid_r2_node.cpp: In member function â€˜void Control_PID_R2_node::control_F4()â€™:
/home/javierfr/Tesis_ws/V1/src/control_pkg/src/control_pid_r2_node.cpp:490:5: error: â€˜platform2_stateâ€™ was not declared in this scope
  490 |     platform2_state=5;
      |     ^~~~~~~~~~~~~~~
/home/javierfr/Tesis_ws/V1/src/control_pkg/src/control_pid_r2_node.cpp: In member function â€˜void Control_PID_R2_node::control_F5()â€™:
/home/javierfr/Tesis_ws/V1/src/control_pkg/src/control_pid_r2_node.cpp:512:5: error: â€˜platform2_stateâ€™ was not declared in this scope
  512 |     platform2_state=6;
      |     ^~~~~~~~~~~~~~~
/home/javierfr/Tesis_ws/V1/src/control_pkg/src/control_pid_r2_node.cpp: In member function â€˜void Control_PID_R2_node::control_F6()â€™:
/home/javierfr/Tesis_ws/V1/src/control_pkg/src/control_pid_r2_node.cpp:534:5: error: â€˜platform2_stateâ€™ was not declared in this scope
  534 |     platform2_state=7;
      |     ^~~~~~~~~~~~~~~
/home/javierfr/Tesis_ws/V1/src/control_pkg/src/control_pid_r2_node.cpp: In member function â€˜void Control_PID_R2_node::control_F7()â€™:
/home/javierfr/Tesis_ws/V1/src/control_pkg/src/control_pid_r2_node.cpp:556:5: error: â€˜platform2_stateâ€™ was not declared in this scope
  556 |     platform2_state=8;
      |     ^~~~~~~~~~~~~~~
/home/javierfr/Tesis_ws/V1/src/control_pkg/src/control_pid_r2_node.cpp: In member function â€˜void Control_PID_R2_node::send_vel()â€™:
/home/javierfr/Tesis_ws/V1/src/control_pkg/src/control_pid_r2_node.cpp:646:19: error: â€˜clientâ€™ was not declared in this scope
  646 |     auto result = client->async_send_request(request);
      |                   ^~~~~~
/home/javierfr/Tesis_ws/V1/src/control_pkg/src/control_pid_r2_node.cpp: In member function â€˜void Control_PID_R2_node::save_data()â€™:
/home/javierfr/Tesis_ws/V1/src/control_pkg/src/control_pid_r2_node.cpp:659:25: error: â€˜platform2_stateâ€™ was not declared in this scope
  659 |    ctrl_data_msg.fase = platform2_state;
      |                         ^~~~~~~~~~~~~~~
/home/javierfr/Tesis_ws/V1/src/control_pkg/src/control_pid_r2_node.cpp: In function â€˜int main(int, char**)â€™:
/home/javierfr/Tesis_ws/V1/src/control_pkg/src/control_pid_r2_node.cpp:759:33: error: â€˜Control_PID_P2_nodeâ€™ was not declared in this scope; did you mean â€˜Control_PID_R2_nodeâ€™?
  759 |   rclcpp::spin(std::make_shared<Control_PID_P2_node>());
      |                                 ^~~~~~~~~~~~~~~~~~~
      |                                 Control_PID_R2_node
/home/javierfr/Tesis_ws/V1/src/control_pkg/src/control_pid_r2_node.cpp:759:54: error: no matching function for call to â€˜make_shared<<expression error> >()â€™
  759 |   rclcpp::spin(std::make_shared<Control_PID_P2_node>());
      |                                                      ^
In file included from /usr/include/c++/9/memory:81,
                 from /opt/ros/foxy/include/rclcpp/rclcpp.hpp:144,
                 from /home/javierfr/Tesis_ws/V1/src/control_pkg/src/control_pid_r2_node.cpp:1:
/usr/include/c++/9/bits/shared_ptr.h:714:5: note: candidate: â€˜template<class _Tp, class ... _Args> std::shared_ptr<_Tp> std::make_shared(_Args&& ...)â€™
  714 |     make_shared(_Args&&... __args)
      |     ^~~~~~~~~~~
/usr/include/c++/9/bits/shared_ptr.h:714:5: note:   template argument deduction/substitution failed:
/home/javierfr/Tesis_ws/V1/src/control_pkg/src/control_pid_r2_node.cpp:759:54: error: template argument 1 is invalid
  759 |   rclcpp::spin(std::make_shared<Control_PID_P2_node>());
      |                                                      ^
make[2]: *** [CMakeFiles/control_pid_r2_node.dir/build.make:63: CMakeFiles/control_pid_r2_node.dir/src/control_pid_r2_node.cpp.o] Error 1
make[1]: *** [CMakeFiles/Makefile2:84: CMakeFiles/control_pid_r2_node.dir/all] Error 2
make[1]: *** Waiting for unfinished jobs....
[ 87%] [32m[1mLinking CXX executable control_pid_r1_node[0m
[ 87%] Built target control_pid_r1_node
make: *** [Makefile:141: all] Error 2
