[0.008s] Invoking command in '/home/javierfr/Tesis_ws/V1/build/inv_kinematics_pkg': CMAKE_PREFIX_PATH=/home/javierfr/Tesis_ws/V1/install/interfaces:/home/javierfr/Tesis_ws/V1/install/inv_kinematics_pkg:/home/javierfr/Tesis_ws/V1/install/img_proc_pkg:/home/javierfr/Tesis_ws/V1/install/gazebo_plugin_sim:/opt/ros/foxy LD_LIBRARY_PATH=/home/javierfr/Tesis_ws/V1/install/interfaces/lib:/home/javierfr/Tesis_ws/V1/install/gazebo_plugin_sim/lib:/opt/ros/foxy/opt/yaml_cpp_vendor/lib:/opt/ros/foxy/opt/rviz_ogre_vendor/lib:/opt/ros/foxy/lib/x86_64-linux-gnu:/opt/ros/foxy/lib:/usr/lib/x86_64-linux-gnu/gazebo-11/plugins:/usr/lib/x86_64-linux-gnu/gazebo-11/plugins /usr/bin/cmake --build /home/javierfr/Tesis_ws/V1/build/inv_kinematics_pkg -- -j12 -l12
[0.028s] -- Found ament_cmake: 0.9.8 (/opt/ros/foxy/share/ament_cmake/cmake)
[0.044s] -- Using PYTHON_EXECUTABLE: /usr/bin/python3
[0.181s] -- Found rclcpp: 2.3.1 (/opt/ros/foxy/share/rclcpp/cmake)
[0.208s] -- Using all available rosidl_typesupport_c: rosidl_typesupport_fastrtps_c;rosidl_typesupport_introspection_c
[0.211s] -- Found rosidl_adapter: 1.2.1 (/opt/ros/foxy/share/rosidl_adapter/cmake)
[0.308s] -- Using all available rosidl_typesupport_cpp: rosidl_typesupport_fastrtps_cpp;rosidl_typesupport_introspection_cpp
[0.346s] -- Found rmw_implementation_cmake: 1.0.3 (/opt/ros/foxy/share/rmw_implementation_cmake/cmake)
[0.347s] -- Using RMW implementation 'rmw_fastrtps_cpp' as default
[0.457s] -- Found interfaces: 0.0.0 (/home/javierfr/Tesis_ws/V1/install/interfaces/share/interfaces/cmake)
[0.463s] -- Found geometry_msgs: 2.0.4 (/opt/ros/foxy/share/geometry_msgs/cmake)
[0.534s] -- Configuring done
[0.543s] -- Generating done
[0.544s] -- Build files have been written to: /home/javierfr/Tesis_ws/V1/build/inv_kinematics_pkg
[0.564s] [35m[1mScanning dependencies of target platform1_vel_server[0m
[0.578s] [ 50%] Built target platform1_vel_test_client
[0.584s] [ 75%] [32mBuilding CXX object CMakeFiles/platform1_vel_server.dir/src/platform1_vel_server.cpp.o[0m
[2.258s] In file included from /opt/ros/foxy/include/rclcpp/client.hpp:40,
[2.258s]                  from /opt/ros/foxy/include/rclcpp/callback_group.hpp:23,
[2.259s]                  from /opt/ros/foxy/include/rclcpp/any_executable.hpp:20,
[2.259s]                  from /opt/ros/foxy/include/rclcpp/memory_strategy.hpp:24,
[2.259s]                  from /opt/ros/foxy/include/rclcpp/memory_strategies.hpp:18,
[2.259s]                  from /opt/ros/foxy/include/rclcpp/executor_options.hpp:20,
[2.259s]                  from /opt/ros/foxy/include/rclcpp/executor.hpp:33,
[2.259s]                  from /opt/ros/foxy/include/rclcpp/executors/multi_threaded_executor.hpp:25,
[2.259s]                  from /opt/ros/foxy/include/rclcpp/executors.hpp:21,
[2.259s]                  from /opt/ros/foxy/include/rclcpp/rclcpp.hpp:146,
[2.259s]                  from /home/javierfr/Tesis_ws/V1/src/inv_kinematics_pkg/src/platform1_vel_server.cpp:1:
[2.259s] /home/javierfr/Tesis_ws/V1/src/inv_kinematics_pkg/src/platform1_vel_server.cpp: In function â€˜void send_vel(std::shared_ptr<interfaces::srv::PlatformVel_Request_<std::allocator<void> > >, std::shared_ptr<interfaces::srv::PlatformVel_Response_<std::allocator<void> > >)â€™:
[2.259s] /home/javierfr/Tesis_ws/V1/src/inv_kinematics_pkg/src/platform1_vel_server.cpp:41:7: error: â€˜vel_M1â€™ was not declared in this scope; did you mean â€˜vel_Mâ€™?
[2.259s]    41 |       vel_M1.x, vel_M2.x, vel_M3.x, vel_M4.x);
[2.259s]       |       ^~~~~~
[2.259s] /home/javierfr/Tesis_ws/V1/src/inv_kinematics_pkg/src/platform1_vel_server.cpp:41:17: error: â€˜vel_M2â€™ was not declared in this scope; did you mean â€˜vel_Mâ€™?
[2.259s]    41 |       vel_M1.x, vel_M2.x, vel_M3.x, vel_M4.x);
[2.260s]       |                 ^~~~~~
[2.260s] /home/javierfr/Tesis_ws/V1/src/inv_kinematics_pkg/src/platform1_vel_server.cpp:41:27: error: â€˜vel_M3â€™ was not declared in this scope; did you mean â€˜vel_Mâ€™?
[2.260s]    41 |       vel_M1.x, vel_M2.x, vel_M3.x, vel_M4.x);
[2.260s]       |                           ^~~~~~
[2.260s] /home/javierfr/Tesis_ws/V1/src/inv_kinematics_pkg/src/platform1_vel_server.cpp:41:37: error: â€˜vel_M4â€™ was not declared in this scope; did you mean â€˜vel_Mâ€™?
[2.260s]    41 |       vel_M1.x, vel_M2.x, vel_M3.x, vel_M4.x);
[2.260s]       |                                     ^~~~~~
[2.260s] make[2]: *** [CMakeFiles/platform1_vel_server.dir/build.make:63: CMakeFiles/platform1_vel_server.dir/src/platform1_vel_server.cpp.o] Error 1
[2.261s] make[1]: *** [CMakeFiles/Makefile2:107: CMakeFiles/platform1_vel_server.dir/all] Error 2
[2.261s] make: *** [Makefile:141: all] Error 2
[2.261s] Invoked command in '/home/javierfr/Tesis_ws/V1/build/inv_kinematics_pkg' returned '2': CMAKE_PREFIX_PATH=/home/javierfr/Tesis_ws/V1/install/interfaces:/home/javierfr/Tesis_ws/V1/install/inv_kinematics_pkg:/home/javierfr/Tesis_ws/V1/install/img_proc_pkg:/home/javierfr/Tesis_ws/V1/install/gazebo_plugin_sim:/opt/ros/foxy LD_LIBRARY_PATH=/home/javierfr/Tesis_ws/V1/install/interfaces/lib:/home/javierfr/Tesis_ws/V1/install/gazebo_plugin_sim/lib:/opt/ros/foxy/opt/yaml_cpp_vendor/lib:/opt/ros/foxy/opt/rviz_ogre_vendor/lib:/opt/ros/foxy/lib/x86_64-linux-gnu:/opt/ros/foxy/lib:/usr/lib/x86_64-linux-gnu/gazebo-11/plugins:/usr/lib/x86_64-linux-gnu/gazebo-11/plugins /usr/bin/cmake --build /home/javierfr/Tesis_ws/V1/build/inv_kinematics_pkg -- -j12 -l12
