[0.016s] Invoking command in '/home/javierfr/Tesis_ws/V1/build/img_proc_pkg': CMAKE_PREFIX_PATH=/opt/ros/foxy /usr/bin/cmake --build /home/javierfr/Tesis_ws/V1/build/img_proc_pkg -- -j12 -l12
[0.036s] -- Found ament_cmake: 0.9.8 (/opt/ros/foxy/share/ament_cmake/cmake)
[0.053s] -- Using PYTHON_EXECUTABLE: /usr/bin/python3
[0.192s] -- Found sensor_msgs: 2.0.3 (/opt/ros/foxy/share/sensor_msgs/cmake)
[0.209s] -- Using all available rosidl_typesupport_c: rosidl_typesupport_fastrtps_c;rosidl_typesupport_introspection_c
[0.212s] -- Found rosidl_adapter: 1.2.0 (/opt/ros/foxy/share/rosidl_adapter/cmake)
[0.305s] -- Using all available rosidl_typesupport_cpp: rosidl_typesupport_fastrtps_cpp;rosidl_typesupport_introspection_cpp
[0.430s] -- Found rclcpp: 2.3.0 (/opt/ros/foxy/share/rclcpp/cmake)
[0.456s] -- Found rmw_implementation_cmake: 1.0.2 (/opt/ros/foxy/share/rmw_implementation_cmake/cmake)
[0.457s] -- Using RMW implementation 'rmw_fastrtps_cpp' as default
[0.601s] -- Configuring done
[0.612s] -- Generating done
[0.613s] -- Build files have been written to: /home/javierfr/Tesis_ws/V1/build/img_proc_pkg
[0.631s] [35m[1mScanning dependencies of target img_publ_test_node[0m
[0.639s] [ 25%] [32mBuilding CXX object CMakeFiles/img_publ_test_node.dir/src/img_publ_test_node.cpp.o[0m
[0.644s] [ 75%] Built target img_proc_node
[2.962s] [01m[K/home/javierfr/Tesis_ws/V1/src/img_proc_pkg/src/img_publ_test_node.cpp:58:39:[m[K [01;31m[Kerror: [m[Kâ€˜[01m[KString[m[Kâ€™ is not a member of â€˜[01m[Kstd_msgs::msg[m[Kâ€™; did you mean â€˜[01m[Kcv::String[m[Kâ€™?
[2.962s]    58 |      rclcpp::Publisher<std_msgs::msg::[01;31m[KString[m[K>::SharedPtr publisher_;
[2.962s]       |                                       [01;31m[K^~~~~~[m[K
[2.962s] In file included from [01m[K/usr/local/include/opencv4/opencv2/core/base.hpp:58[m[K,
[2.962s]                  from [01m[K/usr/local/include/opencv4/opencv2/core.hpp:54[m[K,
[2.962s]                  from [01m[K/home/javierfr/Tesis_ws/V1/src/img_proc_pkg/src/img_publ_test_node.cpp:10[m[K:
[2.962s] [01m[K/usr/local/include/opencv4/opencv2/core/cvstd.hpp:152:21:[m[K [01;36m[Knote: [m[Kâ€˜[01m[Kcv::String[m[Kâ€™ declared here
[2.962s]   152 | typedef std::string [01;36m[KString[m[K;
[2.962s]       |                     [01;36m[K^~~~~~[m[K
[2.962s] [01m[K/home/javierfr/Tesis_ws/V1/src/img_proc_pkg/src/img_publ_test_node.cpp:58:39:[m[K [01;31m[Kerror: [m[Kâ€˜[01m[KString[m[Kâ€™ is not a member of â€˜[01m[Kstd_msgs::msg[m[Kâ€™; did you mean â€˜[01m[Kcv::String[m[Kâ€™?
[2.962s]    58 |      rclcpp::Publisher<std_msgs::msg::[01;31m[KString[m[K>::SharedPtr publisher_;
[2.962s]       |                                       [01;31m[K^~~~~~[m[K
[2.963s] In file included from [01m[K/usr/local/include/opencv4/opencv2/core/base.hpp:58[m[K,
[2.963s]                  from [01m[K/usr/local/include/opencv4/opencv2/core.hpp:54[m[K,
[2.963s]                  from [01m[K/home/javierfr/Tesis_ws/V1/src/img_proc_pkg/src/img_publ_test_node.cpp:10[m[K:
[2.963s] [01m[K/usr/local/include/opencv4/opencv2/core/cvstd.hpp:152:21:[m[K [01;36m[Knote: [m[Kâ€˜[01m[Kcv::String[m[Kâ€™ declared here
[2.963s]   152 | typedef std::string [01;36m[KString[m[K;
[2.963s]       |                     [01;36m[K^~~~~~[m[K
[2.963s] [01m[K/home/javierfr/Tesis_ws/V1/src/img_proc_pkg/src/img_publ_test_node.cpp:58:45:[m[K [01;31m[Kerror: [m[Ktemplate argument 1 is invalid
[2.963s]    58 |      rclcpp::Publisher<std_msgs::msg::String[01;31m[K>[m[K::SharedPtr publisher_;
[2.963s]       |                                             [01;31m[K^[m[K
[2.963s] [01m[K/home/javierfr/Tesis_ws/V1/src/img_proc_pkg/src/img_publ_test_node.cpp:58:48:[m[K [01;31m[Kerror: [m[Kexpected â€˜[01m[K;[m[Kâ€™ at end of member declaration
[2.963s]    58 |      rclcpp::Publisher<std_msgs::msg::String>::[01;31m[KSharedPtr[m[K publisher_;
[2.963s]       |                                                [01;31m[K^~~~~~~~~[m[K
[2.963s]       |                                                         [32m[K;[m[K
[2.964s] [01m[K/home/javierfr/Tesis_ws/V1/src/img_proc_pkg/src/img_publ_test_node.cpp:58:58:[m[K [01;31m[Kerror: [m[Kâ€˜[01m[Kpublisher_[m[Kâ€™ does not name a type; did you mean â€˜[01m[Krcl_publisher_t[m[Kâ€™?
[2.964s]    58 |      rclcpp::Publisher<std_msgs::msg::String>::SharedPtr [01;31m[Kpublisher_[m[K;
[2.964s]       |                                                          [01;31m[K^~~~~~~~~~[m[K
[2.964s]       |                                                          [32m[Krcl_publisher_t[m[K
[2.965s] [01m[K/home/javierfr/Tesis_ws/V1/src/img_proc_pkg/src/img_publ_test_node.cpp:59:2:[m[K [01;31m[Kerror: [m[Kexpected â€˜[01m[K;[m[Kâ€™ after class definition
[2.965s]    59 | }
[2.965s]       |  [01;31m[K^[m[K
[2.965s]       |  [32m[K;[m[K
[2.967s] [01m[K/home/javierfr/Tesis_ws/V1/src/img_proc_pkg/src/img_publ_test_node.cpp:[m[K In constructor â€˜[01m[KImg_Publ_Test_Node::Img_Publ_Test_Node()[m[Kâ€™:
[2.967s] [01m[K/home/javierfr/Tesis_ws/V1/src/img_proc_pkg/src/img_publ_test_node.cpp:28:4:[m[K [01;31m[Kerror: [m[Kâ€˜[01m[Kpublisher_[m[Kâ€™ was not declared in this scope; did you mean â€˜[01m[Krcl_publisher_t[m[Kâ€™?
[2.967s]    28 |    [01;31m[Kpublisher_[m[K = this->create_publisher<sensor_msgs::msg::Image>("original_image",10);
[2.967s]       |    [01;31m[K^~~~~~~~~~[m[K
[2.967s]       |    [32m[Krcl_publisher_t[m[K
[2.982s] [01m[K/home/javierfr/Tesis_ws/V1/src/img_proc_pkg/src/img_publ_test_node.cpp:[m[K In member function â€˜[01m[Kvoid Img_Publ_Test_Node::timer_callback()[m[Kâ€™:
[2.982s] [01m[K/home/javierfr/Tesis_ws/V1/src/img_proc_pkg/src/img_publ_test_node.cpp:41:12:[m[K [01;31m[Kerror: [m[Kâ€˜[01m[Kclass std::unique_ptr<sensor_msgs::msg::Image_<std::allocator<void> >, std::default_delete<sensor_msgs::msg::Image_<std::allocator<void> > > >[m[Kâ€™ has no member named â€˜[01m[Kheight[m[Kâ€™
[2.982s]    41 |    message.[01;31m[Kheight[m[K = image.rows;
[2.982s]       |            [01;31m[K^~~~~~[m[K
[2.982s] [01m[K/home/javierfr/Tesis_ws/V1/src/img_proc_pkg/src/img_publ_test_node.cpp:42:12:[m[K [01;31m[Kerror: [m[Kâ€˜[01m[Kclass std::unique_ptr<sensor_msgs::msg::Image_<std::allocator<void> >, std::default_delete<sensor_msgs::msg::Image_<std::allocator<void> > > >[m[Kâ€™ has no member named â€˜[01m[Kwidth[m[Kâ€™
[2.982s]    42 |    message.[01;31m[Kwidth[m[K = image.cols;
[2.982s]       |            [01;31m[K^~~~~[m[K
[2.982s] [01m[K/home/javierfr/Tesis_ws/V1/src/img_proc_pkg/src/img_publ_test_node.cpp:43:12:[m[K [01;31m[Kerror: [m[Kâ€˜[01m[Kclass std::unique_ptr<sensor_msgs::msg::Image_<std::allocator<void> >, std::default_delete<sensor_msgs::msg::Image_<std::allocator<void> > > >[m[Kâ€™ has no member named â€˜[01m[Kencoding[m[Kâ€™
[2.982s]    43 |    message.[01;31m[Kencoding[m[K = mat_type2encoding(image.type());
[2.982s]       |            [01;31m[K^~~~~~~~[m[K
[2.985s] [01m[K/home/javierfr/Tesis_ws/V1/src/img_proc_pkg/src/img_publ_test_node.cpp:43:23:[m[K [01;31m[Kerror: [m[Kâ€˜[01m[Kmat_type2encoding[m[Kâ€™ was not declared in this scope
[2.986s]    43 |    message.encoding = [01;31m[Kmat_type2encoding[m[K(image.type());
[2.986s]       |                       [01;31m[K^~~~~~~~~~~~~~~~~[m[K
[2.986s] [01m[K/home/javierfr/Tesis_ws/V1/src/img_proc_pkg/src/img_publ_test_node.cpp:44:12:[m[K [01;31m[Kerror: [m[Kâ€˜[01m[Kclass std::unique_ptr<sensor_msgs::msg::Image_<std::allocator<void> >, std::default_delete<sensor_msgs::msg::Image_<std::allocator<void> > > >[m[Kâ€™ has no member named â€˜[01m[Kstep[m[Kâ€™
[2.986s]    44 |    message.[01;31m[Kstep[m[K = static_cast<sensor_msgs::msg::Image::_step_type>(image.step);
[2.986s]       |            [01;31m[K^~~~[m[K
[2.986s] [01m[K/home/javierfr/Tesis_ws/V1/src/img_proc_pkg/src/img_publ_test_node.cpp:46:12:[m[K [01;31m[Kerror: [m[Kâ€˜[01m[Kclass std::unique_ptr<sensor_msgs::msg::Image_<std::allocator<void> >, std::default_delete<sensor_msgs::msg::Image_<std::allocator<void> > > >[m[Kâ€™ has no member named â€˜[01m[Kdata[m[Kâ€™
[2.986s]    46 |    message.[01;31m[Kdata[m[K.rezise(size);
[2.986s]       |            [01;31m[K^~~~[m[K
[2.986s] [01m[K/home/javierfr/Tesis_ws/V1/src/img_proc_pkg/src/img_publ_test_node.cpp:47:20:[m[K [01;31m[Kerror: [m[Kâ€˜[01m[Kclass std::unique_ptr<sensor_msgs::msg::Image_<std::allocator<void> >, std::default_delete<sensor_msgs::msg::Image_<std::allocator<void> > > >[m[Kâ€™ has no member named â€˜[01m[Kdata[m[Kâ€™
[2.986s]    47 |    memcpy(&message.[01;31m[Kdata[m[K[0], image.data, size);
[2.986s]       |                    [01;31m[K^~~~[m[K
[2.986s] [01m[K/home/javierfr/Tesis_ws/V1/src/img_proc_pkg/src/img_publ_test_node.cpp:48:12:[m[K [01;31m[Kerror: [m[Kâ€˜[01m[Kclass std::unique_ptr<sensor_msgs::msg::Image_<std::allocator<void> >, std::default_delete<sensor_msgs::msg::Image_<std::allocator<void> > > >[m[Kâ€™ has no member named â€˜[01m[Kheader[m[Kâ€™
[2.986s]    48 |    message.[01;31m[Kheader[m[K.image_id = image_id_;
[2.986s]       |            [01;31m[K^~~~~~[m[K
[2.988s] [01m[K/home/javierfr/Tesis_ws/V1/src/img_proc_pkg/src/img_publ_test_node.cpp:48:30:[m[K [01;31m[Kerror: [m[Kâ€˜[01m[Kimage_id_[m[Kâ€™ was not declared in this scope
[2.988s]    48 |    message.header.image_id = [01;31m[Kimage_id_[m[K;
[2.988s]       |                              [01;31m[K^~~~~~~~~[m[K
[2.988s] [01m[K/home/javierfr/Tesis_ws/V1/src/img_proc_pkg/src/img_publ_test_node.cpp:49:12:[m[K [01;31m[Kerror: [m[Kâ€˜[01m[Kclass std::unique_ptr<sensor_msgs::msg::Image_<std::allocator<void> >, std::default_delete<sensor_msgs::msg::Image_<std::allocator<void> > > >[m[Kâ€™ has no member named â€˜[01m[Kheader[m[Kâ€™
[2.988s]    49 |    message.[01;31m[Kheader[m[K.stamp = this->now();
[2.988s]       |            [01;31m[K^~~~~~[m[K
[2.990s] [01m[K/home/javierfr/Tesis_ws/V1/src/img_proc_pkg/src/img_publ_test_node.cpp:54:9:[m[K [01;31m[Kerror: [m[Kâ€˜[01m[Kpublisher_[m[Kâ€™ was not declared in this scope; did you mean â€˜[01m[Krcl_publisher_t[m[Kâ€™?
[2.990s]    54 |         [01;31m[Kpublisher_[m[K->publish(message);
[2.990s]       |         [01;31m[K^~~~~~~~~~[m[K
[2.990s]       |         [32m[Krcl_publisher_t[m[K
[2.992s] [01m[K/home/javierfr/Tesis_ws/V1/src/img_proc_pkg/src/img_publ_test_node.cpp:[m[K In function â€˜[01m[Kint main(int, char**)[m[Kâ€™:
[2.992s] [01m[K/home/javierfr/Tesis_ws/V1/src/img_proc_pkg/src/img_publ_test_node.cpp:69:32:[m[K [01;31m[Kerror: [m[Kâ€˜[01m[KMinimalPublisher[m[Kâ€™ was not declared in this scope
[2.993s]    69 |  rclcpp::spin(std::make_shared<[01;31m[KMinimalPublisher[m[K>());
[2.993s]       |                                [01;31m[K^~~~~~~~~~~~~~~~[m[K
[2.993s] [01m[K/home/javierfr/Tesis_ws/V1/src/img_proc_pkg/src/img_publ_test_node.cpp:69:50:[m[K [01;31m[Kerror: [m[Kno matching function for call to â€˜[01m[Kmake_shared<<expression error> >()[m[Kâ€™
[2.993s]    69 |  rclcpp::spin(std::make_shared<MinimalPublisher>([01;31m[K)[m[K);
[2.993s]       |                                                  [01;31m[K^[m[K
[2.993s] In file included from [01m[K/usr/include/c++/9/memory:81[m[K,
[2.993s]                  from [01m[K/home/javierfr/Tesis_ws/V1/src/img_proc_pkg/src/img_publ_test_node.cpp:4[m[K:
[2.993s] [01m[K/usr/include/c++/9/bits/shared_ptr.h:714:5:[m[K [01;36m[Knote: [m[Kcandidate: â€˜[01m[Ktemplate<class _Tp, class ... _Args> std::shared_ptr<_Tp> std::make_shared(_Args&& ...)[m[Kâ€™
[2.993s]   714 |     [01;36m[Kmake_shared[m[K(_Args&&... __args)
[2.993s]       |     [01;36m[K^~~~~~~~~~~[m[K
[2.993s] [01m[K/usr/include/c++/9/bits/shared_ptr.h:714:5:[m[K [01;36m[Knote: [m[K  template argument deduction/substitution failed:
[2.993s] [01m[K/home/javierfr/Tesis_ws/V1/src/img_proc_pkg/src/img_publ_test_node.cpp:69:50:[m[K [01;31m[Kerror: [m[Ktemplate argument 1 is invalid
[2.993s]    69 |  rclcpp::spin(std::make_shared<MinimalPublisher>([01;31m[K)[m[K);
[2.993s]       |                                                  [01;31m[K^[m[K
[3.596s] make[2]: *** [CMakeFiles/img_publ_test_node.dir/build.make:63: CMakeFiles/img_publ_test_node.dir/src/img_publ_test_node.cpp.o] Error 1
[3.596s] make[1]: *** [CMakeFiles/Makefile2:80: CMakeFiles/img_publ_test_node.dir/all] Error 2
[3.596s] make: *** [Makefile:141: all] Error 2
[3.598s] Invoked command in '/home/javierfr/Tesis_ws/V1/build/img_proc_pkg' returned '2': CMAKE_PREFIX_PATH=/opt/ros/foxy /usr/bin/cmake --build /home/javierfr/Tesis_ws/V1/build/img_proc_pkg -- -j12 -l12
