[ 12%] [32mBuilding CXX object CMakeFiles/robot1_plugin.dir/src/robot1_plugin.cpp.o[0m
[ 37%] Built target platform2_plugin
[ 62%] Built target platform1_plugin
[ 87%] Built target platform_plugin_test
[01m[K/home/javierfr/Tesis_ws/V1/src/gazebo_plugin_sim/src/robot1_plugin.cpp:12:10:[m[K [01;31m[Kfatal error: [m[Kgazebo_plugin_sim/robot1_plugin.hpp: No such file or directory
   12 | #include [01;31m[K<gazebo_plugin_sim/robot1_plugin.hpp>[m[K
      |          [01;31m[K^~~~~~~~~~~~~~~~~~~~~~~~~~~~~~~~~~~~~[m[K
compilation terminated.
make[2]: *** [CMakeFiles/robot1_plugin.dir/build.make:63: CMakeFiles/robot1_plugin.dir/src/robot1_plugin.cpp.o] Error 1
make[1]: *** [CMakeFiles/Makefile2:84: CMakeFiles/robot1_plugin.dir/all] Error 2
make: *** [Makefile:141: all] Error 2
