[0.017s] Invoking command in '/home/javierfr/Tesis_ws/V1/build/gazebo_plugin_sim': CMAKE_PREFIX_PATH=${CMAKE_PREFIX_PATH}:/opt/ros/foxy /usr/bin/cmake --build /home/javierfr/Tesis_ws/V1/build/gazebo_plugin_sim -- -j12 -l12
[0.090s] [ 12%] [32mBuilding CXX object CMakeFiles/robot1_plugin.dir/src/robot1_plugin.cpp.o[0m
[0.096s] [ 37%] Built target platform2_plugin
[0.099s] [ 62%] Built target platform1_plugin
[0.100s] [ 87%] Built target platform_plugin_test
[1.696s] [01m[K/home/javierfr/Tesis_ws/V1/src/gazebo_plugin_sim/src/robot1_plugin.cpp:12:10:[m[K [01;31m[Kfatal error: [m[Kgazebo_plugin_sim/robot1_plugin.hpp: No such file or directory
[1.696s]    12 | #include [01;31m[K<gazebo_plugin_sim/robot1_plugin.hpp>[m[K
[1.696s]       |          [01;31m[K^~~~~~~~~~~~~~~~~~~~~~~~~~~~~~~~~~~~~[m[K
[1.696s] compilation terminated.
[1.701s] make[2]: *** [CMakeFiles/robot1_plugin.dir/build.make:63: CMakeFiles/robot1_plugin.dir/src/robot1_plugin.cpp.o] Error 1
[1.702s] make[1]: *** [CMakeFiles/Makefile2:84: CMakeFiles/robot1_plugin.dir/all] Error 2
[1.702s] make: *** [Makefile:141: all] Error 2
[1.705s] Invoked command in '/home/javierfr/Tesis_ws/V1/build/gazebo_plugin_sim' returned '2': CMAKE_PREFIX_PATH=${CMAKE_PREFIX_PATH}:/opt/ros/foxy /usr/bin/cmake --build /home/javierfr/Tesis_ws/V1/build/gazebo_plugin_sim -- -j12 -l12
