[35m[1mScanning dependencies of target img_proc_id_node[0m
[ 25%] Built target img_proc_node
[ 50%] Built target img_subs_test_node
[ 75%] Built target img_publ_test_node
[ 87%] [32mBuilding CXX object CMakeFiles/img_proc_id_node.dir/src/img_proc_id_node.cpp.o[0m
[01m[K/home/javierfr/Tesis_ws/V1/src/img_proc_pkg/src/img_proc_id_node.cpp:[m[K In member function â€˜[01m[Kvoid Img_Proc_Id_Node::topic_callback(sensor_msgs::msg::Image_<std::allocator<void> >::SharedPtr) const[m[Kâ€™:
[01m[K/home/javierfr/Tesis_ws/V1/src/img_proc_pkg/src/img_proc_id_node.cpp:101:71:[m[K [01;31m[Kerror: [m[Kâ€˜[01m[KRETR_INTERNAL[m[Kâ€™ is not a member of â€˜[01m[Kcv[m[Kâ€™; did you mean â€˜[01m[KRETR_EXTERNAL[m[Kâ€™?
  101 |       cv::findContours(img_red_crop,red_subcontours,sub_hierarchy,cv::[01;31m[KRETR_INTERNAL[m[K, cv::CHAIN_APPROX_SIMPLE);
      |                                                                       [01;31m[K^~~~~~~~~~~~~[m[K
      |                                                                       [32m[KRETR_EXTERNAL[m[K
make[2]: *** [CMakeFiles/img_proc_id_node.dir/build.make:63: CMakeFiles/img_proc_id_node.dir/src/img_proc_id_node.cpp.o] Error 1
make[1]: *** [CMakeFiles/Makefile2:138: CMakeFiles/img_proc_id_node.dir/all] Error 2
make: *** [Makefile:141: all] Error 2
