[0.020s] Invoking command in '/home/javierfr/Tesis_ws/V1/build/gazebo_plugin_sim': CMAKE_PREFIX_PATH=${CMAKE_PREFIX_PATH}:/opt/ros/foxy /usr/bin/cmake --build /home/javierfr/Tesis_ws/V1/build/gazebo_plugin_sim -- -j12 -l12
[0.060s] [35m[1mScanning dependencies of target platform_plugin_test[0m
[0.146s] [ 50%] [32mBuilding CXX object CMakeFiles/platform_plugin_test.dir/src/platform_plugin_test.cpp.o[0m
[9.146s] /home/javierfr/Tesis_ws/V1/src/gazebo_plugin_sim/src/platform_plugin_test.cpp: In member function â€˜virtual void gazebo_plugin_sim::PlatformPluginTest::Load(gazebo::physics::ModelPtr, sdf::v9::ElementPtr)â€™:
[9.146s] /home/javierfr/Tesis_ws/V1/src/gazebo_plugin_sim/src/platform_plugin_test.cpp:164:49: error: â€˜OnUpdateâ€™ is not a member of â€˜gazebo_plugin_sim::PlatformPluginTestPrivateâ€™
[9.146s]   164 |         boost::bind(&PlatformPluginTestPrivate::OnUpdate, impl_, _1));
[9.146s]       |                                                 ^~~~~~~~
[9.146s] At global scope:
[9.146s] cc1plus: warning: unrecognized command line option â€˜-Wno-inconsistent-missing-overrideâ€™
[9.147s] make[2]: *** [CMakeFiles/platform_plugin_test.dir/build.make:63: CMakeFiles/platform_plugin_test.dir/src/platform_plugin_test.cpp.o] Error 1
[9.148s] make[1]: *** [CMakeFiles/Makefile2:78: CMakeFiles/platform_plugin_test.dir/all] Error 2
[9.148s] make: *** [Makefile:141: all] Error 2
[9.151s] Invoked command in '/home/javierfr/Tesis_ws/V1/build/gazebo_plugin_sim' returned '2': CMAKE_PREFIX_PATH=${CMAKE_PREFIX_PATH}:/opt/ros/foxy /usr/bin/cmake --build /home/javierfr/Tesis_ws/V1/build/gazebo_plugin_sim -- -j12 -l12
