/home/javierfr/Tesis_ws/V1/src/control_pkg/src/control_pid_p1_server.cpp: In function ‘void pid_serv(std::shared_ptr<interfaces::srv::ControlPidStart_Request_<std::allocator<void> > >, std::shared_ptr<interfaces::srv::ControlPidStart_Response_<std::allocator<void> > >)’:
/home/javierfr/Tesis_ws/V1/src/control_pkg/src/control_pid_p1_server.cpp:19:31: error: ‘subs_callback’ was not declared in this scope
   19 |   "image_data", 1, std::bind(&subs_callback,Control_PID_P1_server, _1));
      |                               ^~~~~~~~~~~~~
/home/javierfr/Tesis_ws/V1/src/control_pkg/src/control_pid_p1_server.cpp:15:80: warning: unused parameter ‘request’ [-Wunused-parameter]
   15 | void pid_serv(const std::shared_ptr<interfaces::srv::ControlPidStart::Request> request,
      |               ~~~~~~~~~~~~~~~~~~~~~~~~~~~~~~~~~~~~~~~~~~~~~~~~~~~~~~~~~~~~~~~~~^~~~~~~
/home/javierfr/Tesis_ws/V1/src/control_pkg/src/control_pid_p1_server.cpp:16:63: warning: unused parameter ‘response’ [-Wunused-parameter]
   16 |   std::shared_ptr<interfaces::srv::ControlPidStart::Response> response)
      |   ~~~~~~~~~~~~~~~~~~~~~~~~~~~~~~~~~~~~~~~~~~~~~~~~~~~~~~~~~~~~^~~~~~~~
/home/javierfr/Tesis_ws/V1/src/control_pkg/src/control_pid_p1_server.cpp: At global scope:
/home/javierfr/Tesis_ws/V1/src/control_pkg/src/control_pid_p1_server.cpp:27:72: error: non-member function ‘void subs_callback(interfaces::msg::ImgData_<std::allocator<void> >::SharedPtr)’ cannot have cv-qualifier
   27 | void subs_callback(const interfaces::msg::ImgData::SharedPtr data_msg) const
      |                                                                        ^~~~~
/home/javierfr/Tesis_ws/V1/src/control_pkg/src/control_pid_p1_server.cpp: In function ‘void subs_callback(interfaces::msg::ImgData_<std::allocator<void> >::SharedPtr)’:
/home/javierfr/Tesis_ws/V1/src/control_pkg/src/control_pid_p1_server.cpp:27:62: warning: unused parameter ‘data_msg’ [-Wunused-parameter]
   27 | void subs_callback(const interfaces::msg::ImgData::SharedPtr data_msg) const
      |                    ~~~~~~~~~~~~~~~~~~~~~~~~~~~~~~~~~~~~~~~~~~^~~~~~~~
make[2]: *** [CMakeFiles/control_pid_p1_server.dir/build.make:63: CMakeFiles/control_pid_p1_server.dir/src/control_pid_p1_server.cpp.o] Error 1
make[1]: *** [CMakeFiles/Makefile2:78: CMakeFiles/control_pid_p1_server.dir/all] Error 2
make: *** [Makefile:141: all] Error 2
