[01m[K/home/javierfr/Tesis_ws/V1/src/img_proc_pkg/src/img_proc_qr_detector.cpp:[m[K In member function â€˜[01m[Kvoid Img_Proc_Qr_Detector::topic_callback(sensor_msgs::msg::Image_<std::allocator<void> >::SharedPtr) const[m[Kâ€™:
[01m[K/home/javierfr/Tesis_ws/V1/src/img_proc_pkg/src/img_proc_qr_detector.cpp:69:30:[m[K [01;31m[Kerror: [m[Kfound â€˜[01m[K:[m[Kâ€™ in nested-name-specifier, expected â€˜[01m[K::[m[Kâ€™
   69 |           cv::line(image1, cv[01;31m[K:[m[KPoint2i(bbox.at<float>(i,0),bbox.at<float>(i,1)),
      |                              [01;31m[K^[m[K
      |                              [32m[K::[m[K
[01m[K/home/javierfr/Tesis_ws/V1/src/img_proc_pkg/src/img_proc_qr_detector.cpp:70:30:[m[K [01;31m[Kerror: [m[Kâ€˜[01m[Kat[m[Kâ€™ was not declared in this scope
   70 |             cv::Point2i(bbox,[01;31m[Kat[m[K<float>((i+1) % n,0), bbox.at<float>((i+1) % n,1)),
      |                              [01;31m[K^~[m[K
[01m[K/home/javierfr/Tesis_ws/V1/src/img_proc_pkg/src/img_proc_qr_detector.cpp:70:24:[m[K [01;31m[Kerror: [m[Kexpected primary-expression before â€˜[01m[K([m[Kâ€™ token
   70 |             cv::Point2i[01;31m[K([m[Kbbox,at<float>((i+1) % n,0), bbox.at<float>((i+1) % n,1)),
      |                        [01;31m[K^[m[K
[01m[K/home/javierfr/Tesis_ws/V1/src/img_proc_pkg/src/img_proc_qr_detector.cpp:70:33:[m[K [01;31m[Kerror: [m[Kexpected primary-expression before â€˜[01m[Kfloat[m[Kâ€™
   70 |             cv::Point2i(bbox,at<[01;31m[Kfloat[m[K>((i+1) % n,0), bbox.at<float>((i+1) % n,1)),
      |                                 [01;31m[K^~~~~[m[K
make[2]: *** [CMakeFiles/img_proc_qr_detector.dir/build.make:63: CMakeFiles/img_proc_qr_detector.dir/src/img_proc_qr_detector.cpp.o] Error 1
make[1]: *** [CMakeFiles/Makefile2:84: CMakeFiles/img_proc_qr_detector.dir/all] Error 2
make: *** [Makefile:141: all] Error 2
