[0.018s] Invoking command in '/home/javierfr/Tesis_ws/V1/build/img_proc_pkg': CMAKE_PREFIX_PATH=${CMAKE_PREFIX_PATH}:/opt/ros/foxy /usr/bin/cmake --build /home/javierfr/Tesis_ws/V1/build/img_proc_pkg -- -j12 -l12
[0.055s] [35m[1mScanning dependencies of target img_proc_qr_detector[0m
[0.074s] [ 25%] Built target img_proc_node
[0.075s] [ 50%] Built target img_publ_test_node
[0.085s] [ 75%] Built target img_subs_test_node
[0.089s] [ 87%] [32mBuilding CXX object CMakeFiles/img_proc_qr_detector.dir/src/img_proc_qr_detector.cpp.o[0m
[1.293s] [01m[K/home/javierfr/Tesis_ws/V1/src/img_proc_pkg/src/img_proc_qr_detector.cpp:[m[K In member function â€˜[01m[Kvoid Img_Proc_Qr_Detector::topic_callback(sensor_msgs::msg::Image_<std::allocator<void> >::SharedPtr) const[m[Kâ€™:
[1.293s] [01m[K/home/javierfr/Tesis_ws/V1/src/img_proc_pkg/src/img_proc_qr_detector.cpp:69:30:[m[K [01;31m[Kerror: [m[Kfound â€˜[01m[K:[m[Kâ€™ in nested-name-specifier, expected â€˜[01m[K::[m[Kâ€™
[1.293s]    69 |           cv::line(image1, cv[01;31m[K:[m[KPoint2i(bbox.at<float>(i,0),bbox.at<float>(i,1)),
[1.293s]       |                              [01;31m[K^[m[K
[1.293s]       |                              [32m[K::[m[K
[1.295s] [01m[K/home/javierfr/Tesis_ws/V1/src/img_proc_pkg/src/img_proc_qr_detector.cpp:70:30:[m[K [01;31m[Kerror: [m[Kâ€˜[01m[Kat[m[Kâ€™ was not declared in this scope
[1.295s]    70 |             cv::Point2i(bbox,[01;31m[Kat[m[K<float>((i+1) % n,0), bbox.at<float>((i+1) % n,1)),
[1.295s]       |                              [01;31m[K^~[m[K
[1.295s] [01m[K/home/javierfr/Tesis_ws/V1/src/img_proc_pkg/src/img_proc_qr_detector.cpp:70:24:[m[K [01;31m[Kerror: [m[Kexpected primary-expression before â€˜[01m[K([m[Kâ€™ token
[1.295s]    70 |             cv::Point2i[01;31m[K([m[Kbbox,at<float>((i+1) % n,0), bbox.at<float>((i+1) % n,1)),
[1.295s]       |                        [01;31m[K^[m[K
[1.295s] [01m[K/home/javierfr/Tesis_ws/V1/src/img_proc_pkg/src/img_proc_qr_detector.cpp:70:33:[m[K [01;31m[Kerror: [m[Kexpected primary-expression before â€˜[01m[Kfloat[m[Kâ€™
[1.295s]    70 |             cv::Point2i(bbox,at<[01;31m[Kfloat[m[K>((i+1) % n,0), bbox.at<float>((i+1) % n,1)),
[1.295s]       |                                 [01;31m[K^~~~~[m[K
[2.359s] make[2]: *** [CMakeFiles/img_proc_qr_detector.dir/build.make:63: CMakeFiles/img_proc_qr_detector.dir/src/img_proc_qr_detector.cpp.o] Error 1
[2.359s] make[1]: *** [CMakeFiles/Makefile2:84: CMakeFiles/img_proc_qr_detector.dir/all] Error 2
[2.359s] make: *** [Makefile:141: all] Error 2
[2.361s] Invoked command in '/home/javierfr/Tesis_ws/V1/build/img_proc_pkg' returned '2': CMAKE_PREFIX_PATH=${CMAKE_PREFIX_PATH}:/opt/ros/foxy /usr/bin/cmake --build /home/javierfr/Tesis_ws/V1/build/img_proc_pkg -- -j12 -l12
