[01m[K/home/javierfr/Tesis_ws/V1/src/img_proc_pkg/src/img_proc_id_node.cpp:[m[K In member function â€˜[01m[Kvoid Img_Proc_Id_Node::topic_callback(sensor_msgs::msg::Image_<std::allocator<void> >::SharedPtr) const[m[Kâ€™:
[01m[K/home/javierfr/Tesis_ws/V1/src/img_proc_pkg/src/img_proc_id_node.cpp:65:34:[m[K [01;31m[Kerror: [m[Kâ€˜[01m[Kimage1[m[Kâ€™ was not declared in this scope
   65 |      cv::imshow("Display Image", [01;31m[Kimage1[m[K);
      |                                  [01;31m[K^~~~~~[m[K
[01m[K/home/javierfr/Tesis_ws/V1/src/img_proc_pkg/src/img_proc_id_node.cpp:[m[K In function â€˜[01m[Kint main(int, char**)[m[Kâ€™:
[01m[K/home/javierfr/Tesis_ws/V1/src/img_proc_pkg/src/img_proc_id_node.cpp:76:33:[m[K [01;31m[Kerror: [m[Kâ€˜[01m[KImg_Proc_Id_node[m[Kâ€™ was not declared in this scope; did you mean â€˜[01m[KImg_Proc_Id_Node[m[Kâ€™?
   76 |   rclcpp::spin(std::make_shared<[01;31m[KImg_Proc_Id_node[m[K>());
      |                                 [01;31m[K^~~~~~~~~~~~~~~~[m[K
      |                                 [32m[KImg_Proc_Id_Node[m[K
[01m[K/home/javierfr/Tesis_ws/V1/src/img_proc_pkg/src/img_proc_id_node.cpp:76:51:[m[K [01;31m[Kerror: [m[Kno matching function for call to â€˜[01m[Kmake_shared<<expression error> >()[m[Kâ€™
   76 |   rclcpp::spin(std::make_shared<Img_Proc_Id_node>([01;31m[K)[m[K);
      |                                                   [01;31m[K^[m[K
In file included from [01m[K/usr/include/c++/9/memory:81[m[K,
                 from [01m[K/home/javierfr/Tesis_ws/V1/src/img_proc_pkg/src/img_proc_id_node.cpp:4[m[K:
[01m[K/usr/include/c++/9/bits/shared_ptr.h:714:5:[m[K [01;36m[Knote: [m[Kcandidate: â€˜[01m[Ktemplate<class _Tp, class ... _Args> std::shared_ptr<_Tp> std::make_shared(_Args&& ...)[m[Kâ€™
  714 |     [01;36m[Kmake_shared[m[K(_Args&&... __args)
      |     [01;36m[K^~~~~~~~~~~[m[K
[01m[K/usr/include/c++/9/bits/shared_ptr.h:714:5:[m[K [01;36m[Knote: [m[K  template argument deduction/substitution failed:
[01m[K/home/javierfr/Tesis_ws/V1/src/img_proc_pkg/src/img_proc_id_node.cpp:76:51:[m[K [01;31m[Kerror: [m[Ktemplate argument 1 is invalid
   76 |   rclcpp::spin(std::make_shared<Img_Proc_Id_node>([01;31m[K)[m[K);
      |                                                   [01;31m[K^[m[K
make[2]: *** [CMakeFiles/img_proc_id_node.dir/build.make:63: CMakeFiles/img_proc_id_node.dir/src/img_proc_id_node.cpp.o] Error 1
make[1]: *** [CMakeFiles/Makefile2:138: CMakeFiles/img_proc_id_node.dir/all] Error 2
make: *** [Makefile:141: all] Error 2
