[0.060s] Invoking command in '/home/javierfr/Tesis_ws/V1/build/img_proc_pkg': CMAKE_PREFIX_PATH=${CMAKE_PREFIX_PATH}:/opt/ros/foxy /usr/bin/cmake --build /home/javierfr/Tesis_ws/V1/build/img_proc_pkg -- -j12 -l12
[0.098s] [35m[1mScanning dependencies of target img_proc_id_node[0m
[0.120s] [ 25%] Built target img_proc_node
[0.122s] [ 50%] Built target img_subs_test_node
[0.135s] [ 75%] Built target img_publ_test_node
[0.143s] [ 87%] [32mBuilding CXX object CMakeFiles/img_proc_id_node.dir/src/img_proc_id_node.cpp.o[0m
[1.458s] [01m[K/home/javierfr/Tesis_ws/V1/src/img_proc_pkg/src/img_proc_id_node.cpp:[m[K In member function â€˜[01m[Kvoid Img_Proc_Id_Node::topic_callback(sensor_msgs::msg::Image_<std::allocator<void> >::SharedPtr) const[m[Kâ€™:
[1.458s] [01m[K/home/javierfr/Tesis_ws/V1/src/img_proc_pkg/src/img_proc_id_node.cpp:81:60:[m[K [01;31m[Kerror: [m[Kâ€˜[01m[Kcv::Mat::type[m[Kâ€™ is not a class, namespace, or enumeration
[1.458s]    81 |       cv::Mat mask = cv::Mat::zeros(n_rows,n_cols,cv::Mat::[01;31m[Ktype[m[K::CV_8UC1);
[1.458s]       |                                                            [01;31m[K^~~~[m[K
[1.458s] In file included from [01m[K/usr/local/include/opencv4/opencv2/core/cvdef.h:188[m[K,
[1.459s]                  from [01m[K/usr/local/include/opencv4/opencv2/core.hpp:52[m[K,
[1.459s]                  from [01m[K/home/javierfr/Tesis_ws/V1/src/img_proc_pkg/src/img_proc_id_node.cpp:10[m[K:
[1.459s] [01m[K/home/javierfr/Tesis_ws/V1/src/img_proc_pkg/src/img_proc_id_node.cpp:81:66:[m[K [01;31m[Kerror: [m[Kexpected unqualified-id before â€˜[01m[K([m[Kâ€™ token
[1.459s]    81 |       cv::Mat mask = cv::Mat::zeros(n_rows,n_cols,cv::Mat::type::[01;31m[KCV_8UC1[m[K);
[1.459s]       |                                                                  [01;31m[K^~~~~~~[m[K
[2.621s] make[2]: *** [CMakeFiles/img_proc_id_node.dir/build.make:63: CMakeFiles/img_proc_id_node.dir/src/img_proc_id_node.cpp.o] Error 1
[2.621s] make[1]: *** [CMakeFiles/Makefile2:138: CMakeFiles/img_proc_id_node.dir/all] Error 2
[2.621s] make: *** [Makefile:141: all] Error 2
[2.623s] Invoked command in '/home/javierfr/Tesis_ws/V1/build/img_proc_pkg' returned '2': CMAKE_PREFIX_PATH=${CMAKE_PREFIX_PATH}:/opt/ros/foxy /usr/bin/cmake --build /home/javierfr/Tesis_ws/V1/build/img_proc_pkg -- -j12 -l12
