-- Found ament_cmake: 0.9.8 (/opt/ros/foxy/share/ament_cmake/cmake)
-- Using PYTHON_EXECUTABLE: /usr/bin/python3
-- Found sensor_msgs: 2.0.3 (/opt/ros/foxy/share/sensor_msgs/cmake)
-- Using all available rosidl_typesupport_c: rosidl_typesupport_fastrtps_c;rosidl_typesupport_introspection_c
-- Found rosidl_adapter: 1.2.0 (/opt/ros/foxy/share/rosidl_adapter/cmake)
-- Using all available rosidl_typesupport_cpp: rosidl_typesupport_fastrtps_cpp;rosidl_typesupport_introspection_cpp
-- Found rclcpp: 2.3.0 (/opt/ros/foxy/share/rclcpp/cmake)
-- Found rmw_implementation_cmake: 1.0.2 (/opt/ros/foxy/share/rmw_implementation_cmake/cmake)
-- Using RMW implementation 'rmw_fastrtps_cpp' as default
-- Found image_transport: 2.3.0 (/opt/ros/foxy/share/image_transport/cmake)
-- Found cv_bridge: 2.2.1 (/opt/ros/foxy/share/cv_bridge/cmake)
-- Configuring done
-- Generating done
-- Build files have been written to: /home/javierfr/Tesis_ws/V1/build/img_proc_pkg
[35m[1mScanning dependencies of target img_publ_test_node[0m
[ 50%] Built target img_proc_node
[ 75%] [32mBuilding CXX object CMakeFiles/img_publ_test_node.dir/src/img_publ_test_node.cpp.o[0m
In file included from [01m[K/home/javierfr/Tesis_ws/V1/src/img_proc_pkg/src/img_publ_test_node.cpp:18[m[K:
[01m[K/opt/ros/foxy/include/image_transport/image_transport.h:41:89:[m[K [01;36m[Knote: [m[K#pragma message: Warning: This header is deprecated. Use 'image_transport.hpp' instead
   41 | This header is deprecated. Use 'image_transport.hpp' instead"[01;36m[K)[m[K
      |                                                              [01;36m[K^[m[K

[01m[K/home/javierfr/Tesis_ws/V1/src/img_proc_pkg/src/img_publ_test_node.cpp:[m[K In member function â€˜[01m[Kvoid Img_Publ_Test_Node::timer_callback()[m[Kâ€™:
[01m[K/home/javierfr/Tesis_ws/V1/src/img_proc_pkg/src/img_publ_test_node.cpp:39:17:[m[K [01;31m[Kerror: [m[Kâ€˜[01m[KImagePtr[m[Kâ€™ is not a member of â€˜[01m[Ksensor_msgs[m[Kâ€™
   39 |    sensor_msgs::[01;31m[KImagePtr[m[K message;
      |                 [01;31m[K^~~~~~~~[m[K
[01m[K/home/javierfr/Tesis_ws/V1/src/img_proc_pkg/src/img_publ_test_node.cpp:40:9:[m[K [01;31m[Kerror: [m[Kâ€˜[01m[Kmessage[m[Kâ€™ was not declared in this scope
   40 |         [01;31m[Kmessage[m[K = cv_bridge::CvImage(std::msgs::Header(), "bgr8", image).toImageMsg();
      |         [01;31m[K^~~~~~~[m[K
[01m[K/home/javierfr/Tesis_ws/V1/src/img_proc_pkg/src/img_publ_test_node.cpp:40:43:[m[K [01;31m[Kerror: [m[Kâ€˜[01m[Kmsgs[m[Kâ€™ is not a member of â€˜[01m[Kstd[m[Kâ€™
   40 |         message = cv_bridge::CvImage(std::[01;31m[Kmsgs[m[K::Header(), "bgr8", image).toImageMsg();
      |                                           [01;31m[K^~~~[m[K
make[2]: *** [CMakeFiles/img_publ_test_node.dir/build.make:63: CMakeFiles/img_publ_test_node.dir/src/img_publ_test_node.cpp.o] Error 1
make[1]: *** [CMakeFiles/Makefile2:80: CMakeFiles/img_publ_test_node.dir/all] Error 2
make: *** [Makefile:141: all] Error 2
