[0.022s] Invoking command in '/home/javierfr/Tesis_ws/V1/build/img_proc_pkg': CMAKE_PREFIX_PATH=${CMAKE_PREFIX_PATH}:/opt/ros/foxy /usr/bin/cmake --build /home/javierfr/Tesis_ws/V1/build/img_proc_pkg -- -j12 -l12
[0.057s] [35m[1mScanning dependencies of target img_proc_qr_detector[0m
[0.076s] [ 25%] Built target img_proc_node
[0.079s] [ 50%] Built target img_subs_test_node
[0.084s] [ 75%] Built target img_publ_test_node
[0.094s] [ 87%] [32mBuilding CXX object CMakeFiles/img_proc_qr_detector.dir/src/img_proc_qr_detector.cpp.o[0m
[1.316s] [01m[K/home/javierfr/Tesis_ws/V1/src/img_proc_pkg/src/img_proc_qr_detector.cpp:[m[K In member function â€˜[01m[Kvoid Img_Proc_Qr_Detector::topic_callback(sensor_msgs::msg::Image_<std::allocator<void> >::SharedPtr) const[m[Kâ€™:
[1.317s] [01m[K/home/javierfr/Tesis_ws/V1/src/img_proc_pkg/src/img_proc_qr_detector.cpp:54:11:[m[K [01;31m[Kerror: [m[Kâ€˜[01m[KQRCodeDetector[m[Kâ€™ is not a member of â€˜[01m[Kcv[m[Kâ€™
[1.317s]    54 |       cv::[01;31m[KQRCodeDetector[m[K qr =QRCodeDetector::QrCodeDetector();
[1.317s]       |           [01;31m[K^~~~~~~~~~~~~~[m[K
[1.318s] [01m[K/home/javierfr/Tesis_ws/V1/src/img_proc_pkg/src/img_proc_qr_detector.cpp:58:26:[m[K [01;31m[Kerror: [m[Kâ€˜[01m[Kqr[m[Kâ€™ was not declared in this scope
[1.318s]    58 |       std::string data = [01;31m[Kqr[m[K.detectAndDecode(image1,bbox,rectifiedImage);
[1.318s]       |                          [01;31m[K^~[m[K
[2.414s] make[2]: *** [CMakeFiles/img_proc_qr_detector.dir/build.make:63: CMakeFiles/img_proc_qr_detector.dir/src/img_proc_qr_detector.cpp.o] Error 1
[2.415s] make[1]: *** [CMakeFiles/Makefile2:84: CMakeFiles/img_proc_qr_detector.dir/all] Error 2
[2.415s] make: *** [Makefile:141: all] Error 2
[2.416s] Invoked command in '/home/javierfr/Tesis_ws/V1/build/img_proc_pkg' returned '2': CMAKE_PREFIX_PATH=${CMAKE_PREFIX_PATH}:/opt/ros/foxy /usr/bin/cmake --build /home/javierfr/Tesis_ws/V1/build/img_proc_pkg -- -j12 -l12
