[0.022s] Invoking command in '/home/javierfr/Tesis_ws/V1/build/gazebo_plugin_sim': CMAKE_PREFIX_PATH=${CMAKE_PREFIX_PATH}:/opt/ros/foxy /usr/bin/cmake --build /home/javierfr/Tesis_ws/V1/build/gazebo_plugin_sim -- -j12 -l12
[0.062s] [35m[1mScanning dependencies of target platform_plugin_test[0m
[0.138s] [ 50%] [32mBuilding CXX object CMakeFiles/platform_plugin_test.dir/src/platform_plugin_test.cpp.o[0m
[9.435s] /home/javierfr/Tesis_ws/V1/src/gazebo_plugin_sim/src/platform_plugin_test.cpp: In member function â€˜virtual void gazebo_plugin_sim::PlatformPluginTest::Load(gazebo::physics::ModelPtr, sdf::v9::ElementPtr)â€™:
[9.436s] /home/javierfr/Tesis_ws/V1/src/gazebo_plugin_sim/src/platform_plugin_test.cpp:165:46: error: expected primary-expression before â€˜<â€™ token
[9.436s]   165 |        impl_->sim_vel_M1_ = impl_->ros_node_-<create_publisher<std_msgs::msg::Float32>(
[9.436s]       |                                              ^
[9.436s] /home/javierfr/Tesis_ws/V1/src/gazebo_plugin_sim/src/platform_plugin_test.cpp:165:47: error: â€˜create_publisherâ€™ was not declared in this scope; did you mean â€˜rclcpp::create_publisherâ€™?
[9.436s]   165 |        impl_->sim_vel_M1_ = impl_->ros_node_-<create_publisher<std_msgs::msg::Float32>(
[9.436s]       |                                               ^~~~~~~~~~~~~~~~
[9.436s]       |                                               rclcpp::create_publisher
[9.436s] In file included from /opt/ros/foxy/include/rclcpp/node_impl.hpp:39,
[9.436s]                  from /opt/ros/foxy/include/rclcpp/node.hpp:1221,
[9.436s]                  from /opt/ros/foxy/include/rclcpp/executors/single_threaded_executor.hpp:28,
[9.436s]                  from /opt/ros/foxy/include/rclcpp/executors.hpp:22,
[9.436s]                  from /opt/ros/foxy/include/rclcpp/rclcpp.hpp:146,
[9.436s]                  from /opt/ros/foxy/include/gazebo_ros/node.hpp:18,
[9.436s]                  from /home/javierfr/Tesis_ws/V1/src/gazebo_plugin_sim/src/platform_plugin_test.cpp:12:
[9.437s] /opt/ros/foxy/include/rclcpp/create_publisher.hpp:43:1: note: â€˜rclcpp::create_publisherâ€™ declared here
[9.437s]    43 | create_publisher(
[9.437s]       | ^~~~~~~~~~~~~~~~
[9.437s] /home/javierfr/Tesis_ws/V1/src/gazebo_plugin_sim/src/platform_plugin_test.cpp:165:86: error: expected primary-expression before â€˜>â€™ token
[9.437s]   165 |        impl_->sim_vel_M1_ = impl_->ros_node_-<create_publisher<std_msgs::msg::Float32>(
[9.437s]       |                                                                                      ^
[9.437s] /home/javierfr/Tesis_ws/V1/src/gazebo_plugin_sim/src/platform_plugin_test.cpp:166:9: warning: left operand of comma operator has no effect [-Wunused-value]
[9.437s]   166 |         "~/sim_vel_M1", qos.get_publisher_qos("~/sim_vel_M1", rclcpp::QoS(1)));
[9.437s]       |         ^~~~~~~~~~~~~~
[9.437s] At global scope:
[9.437s] cc1plus: warning: unrecognized command line option â€˜-Wno-inconsistent-missing-overrideâ€™
[9.437s] make[2]: *** [CMakeFiles/platform_plugin_test.dir/build.make:63: CMakeFiles/platform_plugin_test.dir/src/platform_plugin_test.cpp.o] Error 1
[9.438s] make[1]: *** [CMakeFiles/Makefile2:78: CMakeFiles/platform_plugin_test.dir/all] Error 2
[9.438s] make: *** [Makefile:141: all] Error 2
[9.440s] Invoked command in '/home/javierfr/Tesis_ws/V1/build/gazebo_plugin_sim' returned '2': CMAKE_PREFIX_PATH=${CMAKE_PREFIX_PATH}:/opt/ros/foxy /usr/bin/cmake --build /home/javierfr/Tesis_ws/V1/build/gazebo_plugin_sim -- -j12 -l12
