[0.010s] Invoking command in '/home/javierfr/Tesis_ws/V1/build/control_pkg': AMENT_PREFIX_PATH=/home/javierfr/Tesis_ws/V1/install/interfaces:${AMENT_PREFIX_PATH} CMAKE_PREFIX_PATH=/home/javierfr/Tesis_ws/V1/install/interfaces:/opt/ros/foxy LD_LIBRARY_PATH=/home/javierfr/Tesis_ws/V1/install/interfaces/lib:/opt/ros/foxy/opt/yaml_cpp_vendor/lib:/opt/ros/foxy/opt/rviz_ogre_vendor/lib:/opt/ros/foxy/lib/x86_64-linux-gnu:/opt/ros/foxy/lib:/usr/lib/x86_64-linux-gnu/gazebo-11/plugins:/usr/lib/x86_64-linux-gnu/gazebo-11/plugins PYTHONPATH=/home/javierfr/Tesis_ws/V1/install/interfaces/lib/python3.8/site-packages:${PYTHONPATH} /usr/bin/cmake --build /home/javierfr/Tesis_ws/V1/build/control_pkg -- -j12 -l12
[0.039s] [35m[1mScanning dependencies of target control_pid_p1_server[0m
[0.061s] [ 50%] [32mBuilding CXX object CMakeFiles/control_pid_p1_server.dir/src/control_pid_p1_server.cpp.o[0m
[1.409s] /home/javierfr/Tesis_ws/V1/src/control_pkg/src/control_pid_p1_server.cpp: In function â€˜void subs_callback(interfaces::msg::ImgData_<std::allocator<void> >::SharedPtr)â€™:
[1.410s] /home/javierfr/Tesis_ws/V1/src/control_pkg/src/control_pid_p1_server.cpp:16:62: warning: unused parameter â€˜data_msgâ€™ [-Wunused-parameter]
[1.410s]    16 | void subs_callback(const interfaces::msg::ImgData::SharedPtr data_msg)
[1.410s]       |                    ~~~~~~~~~~~~~~~~~~~~~~~~~~~~~~~~~~~~~~~~~~^~~~~~~~
[1.410s] /home/javierfr/Tesis_ws/V1/src/control_pkg/src/control_pid_p1_server.cpp: In function â€˜void pid_serv(std::shared_ptr<interfaces::srv::ControlPidStart_Request_<std::allocator<void> > >, std::shared_ptr<interfaces::srv::ControlPidStart_Response_<std::allocator<void> > >)â€™:
[1.410s] /home/javierfr/Tesis_ws/V1/src/control_pkg/src/control_pid_p1_server.cpp:23:80: warning: unused parameter â€˜requestâ€™ [-Wunused-parameter]
[1.410s]    23 | void pid_serv(const std::shared_ptr<interfaces::srv::ControlPidStart::Request> request,
[1.410s]       |               ~~~~~~~~~~~~~~~~~~~~~~~~~~~~~~~~~~~~~~~~~~~~~~~~~~~~~~~~~~~~~~~~~^~~~~~~
[1.410s] /home/javierfr/Tesis_ws/V1/src/control_pkg/src/control_pid_p1_server.cpp:24:63: warning: unused parameter â€˜responseâ€™ [-Wunused-parameter]
[1.410s]    24 |   std::shared_ptr<interfaces::srv::ControlPidStart::Response> response)
[1.410s]       |   ~~~~~~~~~~~~~~~~~~~~~~~~~~~~~~~~~~~~~~~~~~~~~~~~~~~~~~~~~~~~^~~~~~~~
[1.410s] /home/javierfr/Tesis_ws/V1/src/control_pkg/src/control_pid_p1_server.cpp: In function â€˜int main(int, char**)â€™:
[1.410s] /home/javierfr/Tesis_ws/V1/src/control_pkg/src/control_pid_p1_server.cpp:50:45: error: invalid use of â€˜thisâ€™ in non-member function
[1.410s]    50 |   "image_data", 1, std::bind(&subs_callback,this, _1));
[1.411s]       |                                             ^~~~
[1.411s] make[2]: *** [CMakeFiles/control_pid_p1_server.dir/build.make:63: CMakeFiles/control_pid_p1_server.dir/src/control_pid_p1_server.cpp.o] Error 1
[1.411s] make[1]: *** [CMakeFiles/Makefile2:78: CMakeFiles/control_pid_p1_server.dir/all] Error 2
[1.411s] make: *** [Makefile:141: all] Error 2
[1.412s] Invoked command in '/home/javierfr/Tesis_ws/V1/build/control_pkg' returned '2': AMENT_PREFIX_PATH=/home/javierfr/Tesis_ws/V1/install/interfaces:${AMENT_PREFIX_PATH} CMAKE_PREFIX_PATH=/home/javierfr/Tesis_ws/V1/install/interfaces:/opt/ros/foxy LD_LIBRARY_PATH=/home/javierfr/Tesis_ws/V1/install/interfaces/lib:/opt/ros/foxy/opt/yaml_cpp_vendor/lib:/opt/ros/foxy/opt/rviz_ogre_vendor/lib:/opt/ros/foxy/lib/x86_64-linux-gnu:/opt/ros/foxy/lib:/usr/lib/x86_64-linux-gnu/gazebo-11/plugins:/usr/lib/x86_64-linux-gnu/gazebo-11/plugins PYTHONPATH=/home/javierfr/Tesis_ws/V1/install/interfaces/lib/python3.8/site-packages:${PYTHONPATH} /usr/bin/cmake --build /home/javierfr/Tesis_ws/V1/build/control_pkg -- -j12 -l12
