[0.025s] Invoking command in '/home/javierfr/Tesis_ws/V1/build/img_proc_pkg': CMAKE_PREFIX_PATH=${CMAKE_PREFIX_PATH}:/opt/ros/foxy /usr/bin/cmake --build /home/javierfr/Tesis_ws/V1/build/img_proc_pkg -- -j12 -l12
[0.061s] [35m[1mScanning dependencies of target img_proc_id_node[0m
[0.078s] [ 25%] Built target img_proc_node
[0.084s] [ 50%] Built target img_subs_test_node
[0.084s] [ 75%] Built target img_publ_test_node
[0.095s] [ 87%] [32mBuilding CXX object CMakeFiles/img_proc_id_node.dir/src/img_proc_id_node.cpp.o[0m
[1.322s] [01m[K/home/javierfr/Tesis_ws/V1/src/img_proc_pkg/src/img_proc_id_node.cpp:[m[K In member function â€˜[01m[Kvoid Img_Proc_Id_Node::topic_callback(sensor_msgs::msg::Image_<std::allocator<void> >::SharedPtr) const[m[Kâ€™:
[1.322s] [01m[K/home/javierfr/Tesis_ws/V1/src/img_proc_pkg/src/img_proc_id_node.cpp:66:46:[m[K [01;31m[Kerror: [m[Kâ€˜[01m[KCOLOR_GBR2HSV[m[Kâ€™ is not a member of â€˜[01m[Kcv[m[Kâ€™; did you mean â€˜[01m[KCOLOR_BGR2HSV[m[Kâ€™?
[1.322s]    66 |       cv::cvtColor(img_original,img_hsv, cv::[01;31m[KCOLOR_GBR2HSV[m[K);     //Convert to HSV
[1.323s]       |                                              [01;31m[K^~~~~~~~~~~~~[m[K
[1.323s]       |                                              [32m[KCOLOR_BGR2HSV[m[K
[2.390s] make[2]: *** [CMakeFiles/img_proc_id_node.dir/build.make:63: CMakeFiles/img_proc_id_node.dir/src/img_proc_id_node.cpp.o] Error 1
[2.390s] make[1]: *** [CMakeFiles/Makefile2:138: CMakeFiles/img_proc_id_node.dir/all] Error 2
[2.391s] make: *** [Makefile:141: all] Error 2
[2.392s] Invoked command in '/home/javierfr/Tesis_ws/V1/build/img_proc_pkg' returned '2': CMAKE_PREFIX_PATH=${CMAKE_PREFIX_PATH}:/opt/ros/foxy /usr/bin/cmake --build /home/javierfr/Tesis_ws/V1/build/img_proc_pkg -- -j12 -l12
