[35m[1mScanning dependencies of target img_proc_id_node[0m
[ 25%] Built target img_proc_node
[ 50%] Built target img_subs_test_node
[ 75%] Built target img_publ_test_node
[ 87%] [32mBuilding CXX object CMakeFiles/img_proc_id_node.dir/src/img_proc_id_node.cpp.o[0m
[01m[K/home/javierfr/Tesis_ws/V1/src/img_proc_pkg/src/img_proc_id_node.cpp:33:16:[m[K [01;31m[Kerror: [m[Kexpected initializer before â€˜[01m[KRHmin[m[Kâ€™
   33 | int::SharedPtr [01;31m[KRHmin[m[K,RSmin,RVmin,RHmax,RSmax,RVmax;;
      |                [01;31m[K^~~~~[m[K
[01m[K/home/javierfr/Tesis_ws/V1/src/img_proc_pkg/src/img_proc_id_node.cpp:33:52:[m[K [01;35m[Kwarning: [m[Kextra â€˜[01m[K;[m[Kâ€™ [[01;35m[K-Wpedantic[m[K]
   33 | int::SharedPtr RHmin,RSmin,RVmin,RHmax,RSmax,RVmax;[01;35m[K;[m[K
      |                                                    [01;35m[K^[m[K
[01m[K/home/javierfr/Tesis_ws/V1/src/img_proc_pkg/src/img_proc_id_node.cpp:[m[K In member function â€˜[01m[Kvoid Img_Proc_Id_Node::topic_callback(sensor_msgs::msg::Image_<std::allocator<void> >::SharedPtr) const[m[Kâ€™:
[01m[K/home/javierfr/Tesis_ws/V1/src/img_proc_pkg/src/img_proc_id_node.cpp:74:51:[m[K [01;31m[Kerror: [m[Kâ€˜[01m[KRHmin[m[Kâ€™ was not declared in this scope
   74 |       cv::threshold(img_hsvs[0], img_red_temp[0], [01;31m[KRHmin[m[K, 255, cv::THRESH_BINARY);  //Hmin filter
      |                                                   [01;31m[K^~~~~[m[K
[01m[K/home/javierfr/Tesis_ws/V1/src/img_proc_pkg/src/img_proc_id_node.cpp:75:51:[m[K [01;31m[Kerror: [m[Kâ€˜[01m[KRHmax[m[Kâ€™ was not declared in this scope
   75 |       cv::threshold(img_hsvs[0], img_red_temp[1], [01;31m[KRHmax[m[K, 255, cv::THRESH_BINARY_INV);  //Hmax filter
      |                                                   [01;31m[K^~~~~[m[K
[01m[K/home/javierfr/Tesis_ws/V1/src/img_proc_pkg/src/img_proc_id_node.cpp:78:51:[m[K [01;31m[Kerror: [m[Kâ€˜[01m[KRSmin[m[Kâ€™ was not declared in this scope
   78 |       cv::threshold(img_hsvs[1], img_red_temp[2], [01;31m[KRSmin[m[K, 255, cv::THRESH_BINARY);  //Smin filter
      |                                                   [01;31m[K^~~~~[m[K
[01m[K/home/javierfr/Tesis_ws/V1/src/img_proc_pkg/src/img_proc_id_node.cpp:79:51:[m[K [01;31m[Kerror: [m[Kâ€˜[01m[KRSmax[m[Kâ€™ was not declared in this scope
   79 |       cv::threshold(img_hsvs[1], img_red_temp[3], [01;31m[KRSmax[m[K, 255, cv::THRESH_BINARY_INV);  //Smax filter
      |                                                   [01;31m[K^~~~~[m[K
[01m[K/home/javierfr/Tesis_ws/V1/src/img_proc_pkg/src/img_proc_id_node.cpp:82:51:[m[K [01;31m[Kerror: [m[Kâ€˜[01m[KRVmin[m[Kâ€™ was not declared in this scope
   82 |       cv::threshold(img_hsvs[2], img_red_temp[4], [01;31m[KRVmin[m[K, 255, cv::THRESH_BINARY);  //Vmin filter
      |                                                   [01;31m[K^~~~~[m[K
[01m[K/home/javierfr/Tesis_ws/V1/src/img_proc_pkg/src/img_proc_id_node.cpp:83:51:[m[K [01;31m[Kerror: [m[Kâ€˜[01m[KRVmax[m[Kâ€™ was not declared in this scope
   83 |       cv::threshold(img_hsvs[2], img_red_temp[5], [01;31m[KRVmax[m[K, 255, cv::THRESH_BINARY_INV);  //Vmax filter
      |                                                   [01;31m[K^~~~~[m[K
[01m[K/home/javierfr/Tesis_ws/V1/src/img_proc_pkg/src/img_proc_id_node.cpp:[m[K In function â€˜[01m[Kint main(int, char**)[m[Kâ€™:
[01m[K/home/javierfr/Tesis_ws/V1/src/img_proc_pkg/src/img_proc_id_node.cpp:115:42:[m[K [01;31m[Kerror: [m[Kâ€˜[01m[KRHmin[m[Kâ€™ was not declared in this scope
  115 |   cv::createTrackbar("Hmin", "HSV_RED", &[01;31m[KRHmin[m[K, 360);
      |                                          [01;31m[K^~~~~[m[K
[01m[K/home/javierfr/Tesis_ws/V1/src/img_proc_pkg/src/img_proc_id_node.cpp:116:42:[m[K [01;31m[Kerror: [m[Kâ€˜[01m[KRHmax[m[Kâ€™ was not declared in this scope
  116 |   cv::createTrackbar("Hmax", "HSV_RED", &[01;31m[KRHmax[m[K, 360);
      |                                          [01;31m[K^~~~~[m[K
[01m[K/home/javierfr/Tesis_ws/V1/src/img_proc_pkg/src/img_proc_id_node.cpp:117:42:[m[K [01;31m[Kerror: [m[Kâ€˜[01m[KRSmin[m[Kâ€™ was not declared in this scope
  117 |   cv::createTrackbar("Smin", "HSV_RED", &[01;31m[KRSmin[m[K, 255);
      |                                          [01;31m[K^~~~~[m[K
[01m[K/home/javierfr/Tesis_ws/V1/src/img_proc_pkg/src/img_proc_id_node.cpp:118:42:[m[K [01;31m[Kerror: [m[Kâ€˜[01m[KRSmax[m[Kâ€™ was not declared in this scope
  118 |   cv::createTrackbar("Smax", "HSV_RED", &[01;31m[KRSmax[m[K, 255);
      |                                          [01;31m[K^~~~~[m[K
[01m[K/home/javierfr/Tesis_ws/V1/src/img_proc_pkg/src/img_proc_id_node.cpp:119:42:[m[K [01;31m[Kerror: [m[Kâ€˜[01m[KRVmin[m[Kâ€™ was not declared in this scope
  119 |   cv::createTrackbar("Vmin", "HSV_RED", &[01;31m[KRVmin[m[K, 255);
      |                                          [01;31m[K^~~~~[m[K
[01m[K/home/javierfr/Tesis_ws/V1/src/img_proc_pkg/src/img_proc_id_node.cpp:120:42:[m[K [01;31m[Kerror: [m[Kâ€˜[01m[KRVmax[m[Kâ€™ was not declared in this scope
  120 |   cv::createTrackbar("Vmax", "HSV_RED", &[01;31m[KRVmax[m[K, 255);
      |                                          [01;31m[K^~~~~[m[K
make[2]: *** [CMakeFiles/img_proc_id_node.dir/build.make:63: CMakeFiles/img_proc_id_node.dir/src/img_proc_id_node.cpp.o] Error 1
make[1]: *** [CMakeFiles/Makefile2:138: CMakeFiles/img_proc_id_node.dir/all] Error 2
make: *** [Makefile:141: all] Error 2
