[01m[K/home/javierfr/Tesis_ws/V1/src/img_proc_pkg/src/img_subs_test_node.cpp:[m[K In member function â€˜[01m[Kvoid Img_Subs_Test_Node::topic_callback(sensor_msgs::msg::Image_<std::allocator<void> >::SharedPtr) const[m[Kâ€™:
[01m[K/home/javierfr/Tesis_ws/V1/src/img_proc_pkg/src/img_subs_test_node.cpp:50:13:[m[K [01;31m[Kerror: [m[Kâ€˜[01m[Kconst class Img_Subs_Test_Node[m[Kâ€™ has no member named â€˜[01m[Kdestroy_node[m[Kâ€™
   50 |       this->[01;31m[Kdestroy_node[m[K();
      |             [01;31m[K^~~~~~~~~~~~[m[K
make[2]: *** [CMakeFiles/img_subs_test_node.dir/build.make:63: CMakeFiles/img_subs_test_node.dir/src/img_subs_test_node.cpp.o] Error 1
make[1]: *** [CMakeFiles/Makefile2:82: CMakeFiles/img_subs_test_node.dir/all] Error 2
make: *** [Makefile:141: all] Error 2
