[0.021s] Invoking command in '/home/javierfr/Tesis_ws/V1/build/gazebo_plugin_sim': CMAKE_PREFIX_PATH=${CMAKE_PREFIX_PATH}:/opt/ros/foxy /usr/bin/cmake --build /home/javierfr/Tesis_ws/V1/build/gazebo_plugin_sim -- -j12 -l12
[0.060s] [35m[1mScanning dependencies of target platform_plugin_test[0m
[0.123s] [ 50%] [32mBuilding CXX object CMakeFiles/platform_plugin_test.dir/src/platform_plugin_test.cpp.o[0m
[6.552s] /home/javierfr/Tesis_ws/V1/src/gazebo_plugin_sim/src/platform_plugin_test.cpp: In member function â€˜virtual void gazebo_plugin_sim::PlatformPluginTest::Load(gazebo::physics::ModelPtr, sdf::v9::ElementPtr)â€™:
[6.552s] /home/javierfr/Tesis_ws/V1/src/gazebo_plugin_sim/src/platform_plugin_test.cpp:70:38: error: â€˜using element_type = class gazebo_ros::Nodeâ€™ {aka â€˜class gazebo_ros::Nodeâ€™} has no member named â€˜create_subcriptionâ€™; did you mean â€˜create_subscriptionâ€™?
[6.552s]    70 |     impl_->vel_M1_=impl_->ros_node_->create_subcription<std_msgs::msg::Float32>(
[6.552s]       |                                      ^~~~~~~~~~~~~~~~~~
[6.552s]       |                                      create_subscription
[6.552s] /home/javierfr/Tesis_ws/V1/src/gazebo_plugin_sim/src/platform_plugin_test.cpp:70:79: error: expected primary-expression before â€˜>â€™ token
[6.552s]    70 |     impl_->vel_M1_=impl_->ros_node_->create_subcription<std_msgs::msg::Float32>(
[6.553s]       |                                                                               ^
[6.553s] /home/javierfr/Tesis_ws/V1/src/gazebo_plugin_sim/src/platform_plugin_test.cpp:71:6: warning: left operand of comma operator has no effect [-Wunused-value]
[6.553s]    71 |      topicNameM1,qos.get_subscription_qos(topicNameM1, rclcpp::QoS(1)),
[6.553s]       |      ^~~~~~~~~~~
[6.553s] At global scope:
[6.553s] cc1plus: warning: unrecognized command line option â€˜-Wno-inconsistent-missing-overrideâ€™
[6.553s] make[2]: *** [CMakeFiles/platform_plugin_test.dir/build.make:63: CMakeFiles/platform_plugin_test.dir/src/platform_plugin_test.cpp.o] Error 1
[6.554s] make[1]: *** [CMakeFiles/Makefile2:78: CMakeFiles/platform_plugin_test.dir/all] Error 2
[6.554s] make: *** [Makefile:141: all] Error 2
[6.556s] Invoked command in '/home/javierfr/Tesis_ws/V1/build/gazebo_plugin_sim' returned '2': CMAKE_PREFIX_PATH=${CMAKE_PREFIX_PATH}:/opt/ros/foxy /usr/bin/cmake --build /home/javierfr/Tesis_ws/V1/build/gazebo_plugin_sim -- -j12 -l12
