[0.017s] Invoking command in '/home/javierfr/Tesis_ws/V1/build/img_proc_pkg': CMAKE_PREFIX_PATH=${CMAKE_PREFIX_PATH}:/opt/ros/foxy /usr/bin/cmake --build /home/javierfr/Tesis_ws/V1/build/img_proc_pkg -- -j12 -l12
[0.051s] [35m[1mScanning dependencies of target img_proc_id_node[0m
[0.073s] [ 25%] Built target img_proc_node
[0.075s] [ 50%] Built target img_publ_test_node
[0.077s] [ 75%] Built target img_subs_test_node
[0.083s] [ 87%] [32mBuilding CXX object CMakeFiles/img_proc_id_node.dir/src/img_proc_id_node.cpp.o[0m
[1.319s] [01m[K/home/javierfr/Tesis_ws/V1/src/img_proc_pkg/src/img_proc_id_node.cpp:[m[K In member function â€˜[01m[Kvoid Img_Proc_Id_Node::topic_callback(sensor_msgs::msg::Image_<std::allocator<void> >::SharedPtr) const[m[Kâ€™:
[1.319s] [01m[K/home/javierfr/Tesis_ws/V1/src/img_proc_pkg/src/img_proc_id_node.cpp:98:22:[m[K [01;35m[Kwarning: [m[Kcomparison of integer expressions of different signedness: â€˜[01m[Kint[m[Kâ€™ and â€˜[01m[Kstd::vector<std::vector<cv::Point_<int> > >::size_type[m[Kâ€™ {aka â€˜[01m[Klong unsigned int[m[Kâ€™} [[01;35m[K-Wsign-compare[m[K]
[1.319s]    98 |       for (int i=0; [01;35m[Ki<red_contours.size()[m[K; i++)
[1.319s]       |                     [01;35m[K~^~~~~~~~~~~~~~~~~~~~[m[K
[1.320s] [01m[K/home/javierfr/Tesis_ws/V1/src/img_proc_pkg/src/img_proc_id_node.cpp:129:26:[m[K [01;35m[Kwarning: [m[Kcomparison of integer expressions of different signedness: â€˜[01m[Kint[m[Kâ€™ and â€˜[01m[Kstd::vector<std::vector<cv::Point_<int> > >::size_type[m[Kâ€™ {aka â€˜[01m[Klong unsigned int[m[Kâ€™} [[01;35m[K-Wsign-compare[m[K]
[1.320s]   129 |         for (int ii=1; [01;35m[Kii<red_subcontours.size()[m[K; ii++)
[1.320s]       |                        [01;35m[K~~^~~~~~~~~~~~~~~~~~~~~~~[m[K
[1.320s] [01m[K/home/javierfr/Tesis_ws/V1/src/img_proc_pkg/src/img_proc_id_node.cpp:175:65:[m[K [01;35m[Kwarning: [m[Kformat â€˜[01m[K%f[m[Kâ€™ expects argument of type â€˜[01m[Kdouble[m[Kâ€™, but argument 5 has type â€˜[01m[Kint[m[Kâ€™ [[01;35m[K-Wformat=[m[K]
[1.320s]   175 |               sprintf(Data, "Robot 1 \n x= %d \n y=%d \n angle=[01;35m[K%f[m[K", R1x,R1y,[32m[KR1ang[m[K);
[1.320s]       |                                                                [01;35m[K~^[m[K           [32m[K~~~~~[m[K
[1.320s]       |                                                                 [01;35m[K|[m[K           [32m[K|[m[K
[1.320s]       |                                                                 [01;35m[Kdouble[m[K      [32m[Kint[m[K
[1.320s]       |                                                                [32m[K%d[m[K
[1.323s] [01m[K/home/javierfr/Tesis_ws/V1/src/img_proc_pkg/src/img_proc_id_node.cpp:185:15:[m[K [01;31m[Kerror: [m[Kâ€˜[01m[Ksprintf_s[m[Kâ€™ was not declared in this scope; did you mean â€˜[01m[Ksprintf[m[Kâ€™?
[1.323s]   185 |               [01;31m[Ksprintf_s[m[K(Data, "Robot 2 \n x= %d \n y=%d \n angle=%f", R2x,R2y,R2ang);
[1.323s]       |               [01;31m[K^~~~~~~~~[m[K
[1.323s]       |               [32m[Ksprintf[m[K
[2.414s] make[2]: *** [CMakeFiles/img_proc_id_node.dir/build.make:63: CMakeFiles/img_proc_id_node.dir/src/img_proc_id_node.cpp.o] Error 1
[2.414s] make[1]: *** [CMakeFiles/Makefile2:138: CMakeFiles/img_proc_id_node.dir/all] Error 2
[2.415s] make: *** [Makefile:141: all] Error 2
[2.416s] Invoked command in '/home/javierfr/Tesis_ws/V1/build/img_proc_pkg' returned '2': CMAKE_PREFIX_PATH=${CMAKE_PREFIX_PATH}:/opt/ros/foxy /usr/bin/cmake --build /home/javierfr/Tesis_ws/V1/build/img_proc_pkg -- -j12 -l12
