[0.009s] Invoking command in '/home/javierfr/Tesis_ws/V1/build/inv_kinematics_pkg': CMAKE_PREFIX_PATH=/home/javierfr/Tesis_ws/V1/install/interfaces:/home/javierfr/Tesis_ws/V1/install/inv_kinematics_pkg:/home/javierfr/Tesis_ws/V1/install/img_proc_pkg:/home/javierfr/Tesis_ws/V1/install/gazebo_plugin_sim:/opt/ros/foxy LD_LIBRARY_PATH=/home/javierfr/Tesis_ws/V1/install/interfaces/lib:/home/javierfr/Tesis_ws/V1/install/gazebo_plugin_sim/lib:/opt/ros/foxy/opt/yaml_cpp_vendor/lib:/opt/ros/foxy/opt/rviz_ogre_vendor/lib:/opt/ros/foxy/lib/x86_64-linux-gnu:/opt/ros/foxy/lib:/usr/lib/x86_64-linux-gnu/gazebo-11/plugins:/usr/lib/x86_64-linux-gnu/gazebo-11/plugins /usr/bin/cmake --build /home/javierfr/Tesis_ws/V1/build/inv_kinematics_pkg -- -j12 -l12
[0.029s] -- Found ament_cmake: 0.9.8 (/opt/ros/foxy/share/ament_cmake/cmake)
[0.045s] -- Using PYTHON_EXECUTABLE: /usr/bin/python3
[0.186s] -- Found rclcpp: 2.3.1 (/opt/ros/foxy/share/rclcpp/cmake)
[0.213s] -- Using all available rosidl_typesupport_c: rosidl_typesupport_fastrtps_c;rosidl_typesupport_introspection_c
[0.215s] -- Found rosidl_adapter: 1.2.1 (/opt/ros/foxy/share/rosidl_adapter/cmake)
[0.310s] -- Using all available rosidl_typesupport_cpp: rosidl_typesupport_fastrtps_cpp;rosidl_typesupport_introspection_cpp
[0.348s] -- Found rmw_implementation_cmake: 1.0.3 (/opt/ros/foxy/share/rmw_implementation_cmake/cmake)
[0.349s] -- Using RMW implementation 'rmw_fastrtps_cpp' as default
[0.458s] -- Found interfaces: 0.0.0 (/home/javierfr/Tesis_ws/V1/install/interfaces/share/interfaces/cmake)
[0.463s] -- Found geometry_msgs: 2.0.4 (/opt/ros/foxy/share/geometry_msgs/cmake)
[0.535s] -- Configuring done
[0.541s] -- Generating done
[0.542s] -- Build files have been written to: /home/javierfr/Tesis_ws/V1/build/inv_kinematics_pkg
[0.560s] [35m[1mScanning dependencies of target platform1_vel[0m
[0.586s] [ 50%] [32mBuilding CXX object CMakeFiles/platform1_vel.dir/src/platform1_vel.cpp.o[0m
[1.861s] /home/javierfr/Tesis_ws/V1/src/inv_kinematics_pkg/src/platform1_vel.cpp: In constructor â€˜Platform1Vel::Platform1Vel()â€™:
[1.861s] /home/javierfr/Tesis_ws/V1/src/inv_kinematics_pkg/src/platform1_vel.cpp:15:23: error: â€˜Platform1VelServerâ€™ has not been declared
[1.861s]    15 |     "platform1_vel", &Platform1VelServer::send_vel);
[1.861s]       |                       ^~~~~~~~~~~~~~~~~~
[1.861s] /home/javierfr/Tesis_ws/V1/src/inv_kinematics_pkg/src/platform1_vel.cpp: In member function â€˜void Platform1Vel::send_vel(std::shared_ptr<interfaces::srv::PlatformVel_Request_<std::allocator<void> > >, std::shared_ptr<interfaces::srv::PlatformVel_Response_<std::allocator<void> > >)â€™:
[1.861s] /home/javierfr/Tesis_ws/V1/src/inv_kinematics_pkg/src/platform1_vel.cpp:47:6: error: â€˜publisher_M1â€™ was not declared in this scope
[1.862s]    47 |      publisher_M1->publish(vel_M1);
[1.862s]       |      ^~~~~~~~~~~~
[1.862s] make[2]: *** [CMakeFiles/platform1_vel.dir/build.make:63: CMakeFiles/platform1_vel.dir/src/platform1_vel.cpp.o] Error 1
[1.862s] make[1]: *** [CMakeFiles/Makefile2:78: CMakeFiles/platform1_vel.dir/all] Error 2
[1.862s] make: *** [Makefile:141: all] Error 2
[1.864s] Invoked command in '/home/javierfr/Tesis_ws/V1/build/inv_kinematics_pkg' returned '2': CMAKE_PREFIX_PATH=/home/javierfr/Tesis_ws/V1/install/interfaces:/home/javierfr/Tesis_ws/V1/install/inv_kinematics_pkg:/home/javierfr/Tesis_ws/V1/install/img_proc_pkg:/home/javierfr/Tesis_ws/V1/install/gazebo_plugin_sim:/opt/ros/foxy LD_LIBRARY_PATH=/home/javierfr/Tesis_ws/V1/install/interfaces/lib:/home/javierfr/Tesis_ws/V1/install/gazebo_plugin_sim/lib:/opt/ros/foxy/opt/yaml_cpp_vendor/lib:/opt/ros/foxy/opt/rviz_ogre_vendor/lib:/opt/ros/foxy/lib/x86_64-linux-gnu:/opt/ros/foxy/lib:/usr/lib/x86_64-linux-gnu/gazebo-11/plugins:/usr/lib/x86_64-linux-gnu/gazebo-11/plugins /usr/bin/cmake --build /home/javierfr/Tesis_ws/V1/build/inv_kinematics_pkg -- -j12 -l12
