[0.094s] Invoking command in '/home/javierfr/Tesis_ws/V1/build/interfaces': /usr/bin/cmake --build /home/javierfr/Tesis_ws/V1/build/interfaces -- -j12 -l12
[0.917s] -- Found ament_cmake: 0.9.8 (/opt/ros/foxy/share/ament_cmake/cmake)
[0.979s] -- Using PYTHON_EXECUTABLE: /usr/bin/python3
[1.218s] Traceback (most recent call last):
[1.218s]   File "/opt/ros/foxy/share/ament_cmake_core/cmake/package_templates/templates_2_cmake.py", line 21, in <module>
[1.218s]     from ament_package.templates import get_environment_hook_template_path
[1.218s] ModuleNotFoundError: No module named 'ament_package'
[1.233s] CMake Error at /opt/ros/foxy/share/ament_cmake_core/cmake/ament_cmake_package_templates-extras.cmake:41 (message):
[1.233s]   execute_process(/usr/bin/python3
[1.233s]   /opt/ros/foxy/share/ament_cmake_core/cmake/package_templates/templates_2_cmake.py
[1.233s]   /home/javierfr/Tesis_ws/V1/build/interfaces/ament_cmake_package_templates/templates.cmake)
[1.234s]   returned error code 1
[1.234s] Call Stack (most recent call first):
[1.234s]   /opt/ros/foxy/share/ament_cmake_core/cmake/ament_cmake_coreConfig.cmake:41 (include)
[1.234s]   /opt/ros/foxy/share/ament_cmake/cmake/ament_cmake_export_dependencies-extras.cmake:15 (find_package)
[1.234s]   /opt/ros/foxy/share/ament_cmake/cmake/ament_cmakeConfig.cmake:41 (include)
[1.234s]   CMakeLists.txt:19 (find_package)
[1.234s] 
[1.234s] 
[1.234s] -- Configuring incomplete, errors occurred!
[1.234s] See also "/home/javierfr/Tesis_ws/V1/build/interfaces/CMakeFiles/CMakeOutput.log".
[1.252s] make: *** [Makefile:222: cmake_check_build_system] Error 1
[1.253s] Invoked command in '/home/javierfr/Tesis_ws/V1/build/interfaces' returned '2': /usr/bin/cmake --build /home/javierfr/Tesis_ws/V1/build/interfaces -- -j12 -l12
