[0.008s] Invoking command in '/home/javierfr/Tesis_ws/V1/build/sim_pkg': CMAKE_PREFIX_PATH=${CMAKE_PREFIX_PATH}:/opt/ros/foxy LD_LIBRARY_PATH=/home/javierfr/Tesis_ws/V1/install/interfaces/lib:/opt/ros/foxy/opt/yaml_cpp_vendor/lib:/opt/ros/foxy/opt/rviz_ogre_vendor/lib:/opt/ros/foxy/lib/x86_64-linux-gnu:/opt/ros/foxy/lib:/usr/lib/x86_64-linux-gnu/gazebo-11/plugins:/usr/lib/x86_64-linux-gnu/gazebo-11/plugins /usr/bin/cmake --build /home/javierfr/Tesis_ws/V1/build/sim_pkg -- -j12 -l12
[0.040s] [35m[1mScanning dependencies of target plat1_send_vel_node[0m
[0.105s] [ 50%] [32mBuilding CXX object CMakeFiles/plat1_send_vel_node.dir/src/plat1_send_vel_node.cpp.o[0m
[5.884s] In file included from /usr/include/ignition/math6/ignition/math.hh:30,
[5.884s]                  from /usr/include/sdformat-9.5/sdf/Param.hh:33,
[5.884s]                  from /usr/include/sdformat-9.5/sdf/Element.hh:28,
[5.884s]                  from /usr/include/sdformat-9.5/sdf/Actor.hh:25,
[5.884s]                  from /usr/include/sdformat-9.5/sdf/sdf.hh:2,
[5.884s]                  from /usr/include/gazebo-11/gazebo/msgs/msgs.hh:22,
[5.884s]                  from /usr/include/gazebo-11/gazebo/transport/CallbackHelper.hh:29,
[5.884s]                  from /usr/include/gazebo-11/gazebo/transport/transport.hh:2,
[5.885s]                  from /home/javierfr/Tesis_ws/V1/src/sim_pkg/src/plat1_send_vel_node.cpp:4:
[5.885s] /usr/include/ignition/math6/ignition/math/Capsule.hh:91:20: error: â€˜optionalâ€™ in namespace â€˜stdâ€™ does not name a template type
[5.885s]    91 |       public: std::optional< MassMatrix3<Precision> > MassMatrix() const;
[5.885s]       |                    ^~~~~~~~
[5.885s] /usr/include/ignition/math6/ignition/math/Capsule.hh:91:15: note: â€˜std::optionalâ€™ is only available from C++17 onwards
[5.885s]    91 |       public: std::optional< MassMatrix3<Precision> > MassMatrix() const;
[5.885s]       |               ^~~
[5.885s] In file included from /usr/include/ignition/math6/ignition/math/Capsule.hh:149,
[5.885s]                  from /usr/include/ignition/math6/ignition/math.hh:30,
[5.885s]                  from /usr/include/sdformat-9.5/sdf/Param.hh:33,
[5.885s]                  from /usr/include/sdformat-9.5/sdf/Element.hh:28,
[5.886s]                  from /usr/include/sdformat-9.5/sdf/Actor.hh:25,
[5.886s]                  from /usr/include/sdformat-9.5/sdf/sdf.hh:2,
[5.886s]                  from /usr/include/gazebo-11/gazebo/msgs/msgs.hh:22,
[5.886s]                  from /usr/include/gazebo-11/gazebo/transport/CallbackHelper.hh:29,
[5.886s]                  from /usr/include/gazebo-11/gazebo/transport/transport.hh:2,
[5.886s]                  from /home/javierfr/Tesis_ws/V1/src/sim_pkg/src/plat1_send_vel_node.cpp:4:
[5.886s] /usr/include/ignition/math6/ignition/math/detail/Capsule.hh:100:6: error: â€˜optionalâ€™ in namespace â€˜stdâ€™ does not name a template type
[5.887s]   100 | std::optional< MassMatrix3<T> > Capsule<T>::MassMatrix() const
[5.887s]       |      ^~~~~~~~
[5.887s] /usr/include/ignition/math6/ignition/math/detail/Capsule.hh:100:1: note: â€˜std::optionalâ€™ is only available from C++17 onwards
[5.887s]   100 | std::optional< MassMatrix3<T> > Capsule<T>::MassMatrix() const
[5.887s]       | ^~~
[5.887s] In file included from /usr/include/ignition/math6/ignition/math.hh:34,
[5.888s]                  from /usr/include/sdformat-9.5/sdf/Param.hh:33,
[5.888s]                  from /usr/include/sdformat-9.5/sdf/Element.hh:28,
[5.889s]                  from /usr/include/sdformat-9.5/sdf/Actor.hh:25,
[5.889s]                  from /usr/include/sdformat-9.5/sdf/sdf.hh:2,
[5.889s]                  from /usr/include/gazebo-11/gazebo/msgs/msgs.hh:22,
[5.890s]                  from /usr/include/gazebo-11/gazebo/transport/CallbackHelper.hh:29,
[5.890s]                  from /usr/include/gazebo-11/gazebo/transport/transport.hh:2,
[5.890s]                  from /home/javierfr/Tesis_ws/V1/src/sim_pkg/src/plat1_send_vel_node.cpp:4:
[5.890s] /usr/include/ignition/math6/ignition/math/Ellipsoid.hh:77:20: error: â€˜optionalâ€™ in namespace â€˜stdâ€™ does not name a template type
[5.890s]    77 |       public: std::optional< MassMatrix3<Precision> > MassMatrix() const;
[5.890s]       |                    ^~~~~~~~
[5.890s] /usr/include/ignition/math6/ignition/math/Ellipsoid.hh:77:15: note: â€˜std::optionalâ€™ is only available from C++17 onwards
[5.890s]    77 |       public: std::optional< MassMatrix3<Precision> > MassMatrix() const;
[5.890s]       |               ^~~
[5.890s] In file included from /usr/include/ignition/math6/ignition/math/Ellipsoid.hh:132,
[5.890s]                  from /usr/include/ignition/math6/ignition/math.hh:34,
[5.890s]                  from /usr/include/sdformat-9.5/sdf/Param.hh:33,
[5.890s]                  from /usr/include/sdformat-9.5/sdf/Element.hh:28,
[5.891s]                  from /usr/include/sdformat-9.5/sdf/Actor.hh:25,
[5.891s]                  from /usr/include/sdformat-9.5/sdf/sdf.hh:2,
[5.891s]                  from /usr/include/gazebo-11/gazebo/msgs/msgs.hh:22,
[5.891s]                  from /usr/include/gazebo-11/gazebo/transport/CallbackHelper.hh:29,
[5.891s]                  from /usr/include/gazebo-11/gazebo/transport/transport.hh:2,
[5.891s]                  from /home/javierfr/Tesis_ws/V1/src/sim_pkg/src/plat1_send_vel_node.cpp:4:
[5.891s] /usr/include/ignition/math6/ignition/math/detail/Ellipsoid.hh:77:6: error: â€˜optionalâ€™ in namespace â€˜stdâ€™ does not name a template type
[5.891s]    77 | std::optional< MassMatrix3<T> > Ellipsoid<T>::MassMatrix() const
[5.891s]       |      ^~~~~~~~
[5.891s] /usr/include/ignition/math6/ignition/math/detail/Ellipsoid.hh:77:1: note: â€˜std::optionalâ€™ is only available from C++17 onwards
[5.891s]    77 | std::optional< MassMatrix3<T> > Ellipsoid<T>::MassMatrix() const
[5.891s]       | ^~~
[5.891s] In file included from /usr/include/sdformat-9.5/sdf/Element.hh:28,
[5.892s]                  from /usr/include/sdformat-9.5/sdf/Actor.hh:25,
[5.892s]                  from /usr/include/sdformat-9.5/sdf/sdf.hh:2,
[5.892s]                  from /usr/include/gazebo-11/gazebo/msgs/msgs.hh:22,
[5.892s]                  from /usr/include/gazebo-11/gazebo/transport/CallbackHelper.hh:29,
[5.892s]                  from /usr/include/gazebo-11/gazebo/transport/transport.hh:2,
[5.892s]                  from /home/javierfr/Tesis_ws/V1/src/sim_pkg/src/plat1_send_vel_node.cpp:4:
[5.892s] /usr/include/sdformat-9.5/sdf/Param.hh:72:57: error: expected constructor, destructor, or type conversion before â€˜;â€™ token
[5.892s]    72 |   template<class T> ParamStreamer(T) -> ParamStreamer<T>;
[5.892s]       |                                                         ^
[5.892s] /usr/include/sdformat-9.5/sdf/Param.hh:83:47: error: â€˜variantâ€™ is not a member of â€˜stdâ€™
[5.892s]    83 |                            ParamStreamer<std::variant<Ts...>> sv)
[5.892s]       |                                               ^~~~~~~
[5.892s] /usr/include/sdformat-9.5/sdf/Param.hh:83:47: note: â€˜std::variantâ€™ is only available from C++17 onwards
[5.893s] /usr/include/sdformat-9.5/sdf/Param.hh:83:47: error: â€˜variantâ€™ is not a member of â€˜stdâ€™
[5.893s] /usr/include/sdformat-9.5/sdf/Param.hh:83:47: note: â€˜std::variantâ€™ is only available from C++17 onwards
[5.893s] /usr/include/sdformat-9.5/sdf/Param.hh:83:57: error: expected parameter pack before â€˜...â€™
[5.893s]    83 |                            ParamStreamer<std::variant<Ts...>> sv)
[5.893s]       |                                                         ^~~
[5.893s] /usr/include/sdformat-9.5/sdf/Param.hh:83:57: error: template argument 1 is invalid
[5.893s] /usr/include/sdformat-9.5/sdf/Param.hh:83:47: error: â€˜variantâ€™ is not a member of â€˜stdâ€™
[5.893s]    83 |                            ParamStreamer<std::variant<Ts...>> sv)
[5.893s]       |                                               ^~~~~~~
[5.893s] /usr/include/sdformat-9.5/sdf/Param.hh:83:47: note: â€˜std::variantâ€™ is only available from C++17 onwards
[5.893s] /usr/include/sdformat-9.5/sdf/Param.hh:83:47: error: â€˜variantâ€™ is not a member of â€˜stdâ€™
[5.893s] /usr/include/sdformat-9.5/sdf/Param.hh:83:47: note: â€˜std::variantâ€™ is only available from C++17 onwards
[5.894s] /usr/include/sdformat-9.5/sdf/Param.hh:83:57: error: expected parameter pack before â€˜...â€™
[5.894s]    83 |                            ParamStreamer<std::variant<Ts...>> sv)
[5.894s]       |                                                         ^~~
[5.894s] /usr/include/sdformat-9.5/sdf/Param.hh:83:60: error: template argument 1 is invalid
[5.894s]    83 |                            ParamStreamer<std::variant<Ts...>> sv)
[5.894s]       |                                                            ^~
[5.894s] /usr/include/sdformat-9.5/sdf/Param.hh:83:47: error: â€˜variantâ€™ is not a member of â€˜stdâ€™
[5.894s]    83 |                            ParamStreamer<std::variant<Ts...>> sv)
[5.894s]       |                                               ^~~~~~~
[5.894s] /usr/include/sdformat-9.5/sdf/Param.hh:83:47: note: â€˜std::variantâ€™ is only available from C++17 onwards
[5.894s] /usr/include/sdformat-9.5/sdf/Param.hh:83:47: error: â€˜variantâ€™ is not a member of â€˜stdâ€™
[5.894s] /usr/include/sdformat-9.5/sdf/Param.hh:83:47: note: â€˜std::variantâ€™ is only available from C++17 onwards
[5.894s] /usr/include/sdformat-9.5/sdf/Param.hh:83:57: error: expected parameter pack before â€˜...â€™
[5.894s]    83 |                            ParamStreamer<std::variant<Ts...>> sv)
[5.895s]       |                                                         ^~~
[5.895s] /usr/include/sdformat-9.5/sdf/Param.hh:83:60: error: template argument 1 is invalid
[5.895s]    83 |                            ParamStreamer<std::variant<Ts...>> sv)
[5.895s]       |                                                            ^~
[5.895s] /usr/include/sdformat-9.5/sdf/Param.hh:83:28: error: â€˜ParamStreamerâ€™ is not a type
[5.895s]    83 |                            ParamStreamer<std::variant<Ts...>> sv)
[5.895s]       |                            ^~~~~~~~~~~~~
[5.895s] /usr/include/sdformat-9.5/sdf/Param.hh:83:41: error: expected â€˜,â€™ or â€˜...â€™ before â€˜<â€™ token
[5.895s]    83 |                            ParamStreamer<std::variant<Ts...>> sv)
[5.895s]       |                                         ^
[5.895s] /usr/include/sdformat-9.5/sdf/Param.hh: In function â€˜std::ostream& sdf::v9::operator<<(std::ostream&, int)â€™:
[5.895s] /usr/include/sdformat-9.5/sdf/Param.hh:85:10: error: â€˜visitâ€™ is not a member of â€˜stdâ€™
[5.896s]    85 |     std::visit([&os](auto const &v)
[5.896s]       |          ^~~~~
[5.896s] /usr/include/sdformat-9.5/sdf/Param.hh:85:10: note: â€˜std::visitâ€™ is only available from C++17 onwards
[5.896s] /usr/include/sdformat-9.5/sdf/Param.hh: In lambda function:
[5.896s] /usr/include/sdformat-9.5/sdf/Param.hh:87:28: error: missing template arguments before â€˜{â€™ token
[5.896s]    87 |         os << ParamStreamer{v};
[5.896s]       |                            ^
[5.896s] /usr/include/sdformat-9.5/sdf/Param.hh: In function â€˜std::ostream& sdf::v9::operator<<(std::ostream&, int)â€™:
[5.896s] /usr/include/sdformat-9.5/sdf/Param.hh:88:10: error: â€˜svâ€™ was not declared in this scope
[5.896s]    88 |       }, sv.val);
[5.896s]       |          ^~
[5.896s] /usr/include/sdformat-9.5/sdf/Param.hh: At global scope:
[5.896s] /usr/include/sdformat-9.5/sdf/Param.hh:173:30: error: â€˜std::anyâ€™ has not been declared
[5.897s]   173 |     public: bool GetAny(std::any &_anyVal) const;
[5.897s]       |                              ^~~
[5.897s] /usr/include/sdformat-9.5/sdf/Param.hh:242:32: error: â€˜anyâ€™ is not a member of â€˜stdâ€™
[5.897s]   242 |     public: std::function<std::any ()> updateFunc;
[5.897s]       |                                ^~~
[5.897s] /usr/include/sdformat-9.5/sdf/Param.hh:242:32: note: â€˜std::anyâ€™ is only available from C++17 onwards
[5.897s] /usr/include/sdformat-9.5/sdf/Param.hh:242:32: error: â€˜anyâ€™ is not a member of â€˜stdâ€™
[5.897s] /usr/include/sdformat-9.5/sdf/Param.hh:242:32: note: â€˜std::anyâ€™ is only available from C++17 onwards
[5.897s] /usr/include/sdformat-9.5/sdf/Param.hh:242:38: error: template argument 1 is invalid
[5.897s]   242 |     public: std::function<std::any ()> updateFunc;
[5.897s]       |                                      ^
[5.897s] /usr/include/sdformat-9.5/sdf/Param.hh:246:26: error: â€˜variantâ€™ in namespace â€˜stdâ€™ does not name a template type
[5.898s]   246 |     public: typedef std::variant<bool, char, std::string, int, std::uint64_t,
[5.898s]       |                          ^~~~~~~
[5.898s] /usr/include/sdformat-9.5/sdf/Param.hh:246:21: note: â€˜std::variantâ€™ is only available from C++17 onwards
[5.898s]   246 |     public: typedef std::variant<bool, char, std::string, int, std::uint64_t,
[5.898s]       |                     ^~~
[5.898s] /usr/include/sdformat-9.5/sdf/Param.hh:257:13: error: â€˜ParamVariantâ€™ does not name a type
[5.898s]   257 |     public: ParamVariant value;
[5.898s]       |             ^~~~~~~~~~~~
[5.898s] /usr/include/sdformat-9.5/sdf/Param.hh:260:13: error: â€˜ParamVariantâ€™ does not name a type
[5.899s]   260 |     public: ParamVariant defaultValue;
[5.899s]       |             ^~~~~~~~~~~~
[5.899s] /usr/include/sdformat-9.5/sdf/Param.hh: In member function â€˜bool sdf::v9::Param::Get(T&) constâ€™:
[5.899s] /usr/include/sdformat-9.5/sdf/Param.hh:298:69: error: â€˜class sdf::v9::ParamPrivateâ€™ has no member named â€˜valueâ€™
[5.899s]   298 |         std::string strValue = std::get<std::string>(this->dataPtr->value);
[5.899s]       |                                                                     ^~~~~
[5.899s] /usr/include/sdformat-9.5/sdf/Param.hh:318:25: error: â€˜get_ifâ€™ is not a member of â€˜stdâ€™; did you mean â€˜get_timeâ€™?
[5.899s]   318 |         T *value = std::get_if<T>(&this->dataPtr->value);
[5.899s]       |                         ^~~~~~
[5.899s]       |                         get_time
[5.900s] /usr/include/sdformat-9.5/sdf/Param.hh:318:33: error: expected primary-expression before â€˜>â€™ token
[5.900s]   318 |         T *value = std::get_if<T>(&this->dataPtr->value);
[5.900s]       |                                 ^
[5.900s] /usr/include/sdformat-9.5/sdf/Param.hh:318:51: error: â€˜class sdf::v9::ParamPrivateâ€™ has no member named â€˜valueâ€™
[5.900s]   318 |         T *value = std::get_if<T>(&this->dataPtr->value);
[5.900s]       |                                                   ^~~~~
[5.900s] /usr/include/sdformat-9.5/sdf/Param.hh:324:30: error: missing template arguments before â€˜{â€™ token
[5.900s]   324 |           ss << ParamStreamer{this->dataPtr->value};
[5.900s]       |                              ^
[5.901s] /usr/include/sdformat-9.5/sdf/Param.hh: In member function â€˜bool sdf::v9::Param::GetDefault(T&) constâ€™:
[5.901s] /usr/include/sdformat-9.5/sdf/Param.hh:349:26: error: missing template arguments before â€˜{â€™ token
[5.901s]   349 |       ss << ParamStreamer{this->dataPtr->defaultValue};
[5.901s]       |                          ^
[5.901s] /usr/include/sdformat-9.5/sdf/Param.hh: In member function â€˜bool sdf::v9::Param::IsType() constâ€™:
[5.901s] /usr/include/sdformat-9.5/sdf/Param.hh:369:17: error: â€˜holds_alternativeâ€™ is not a member of â€˜stdâ€™
[5.901s]   369 |     return std::holds_alternative<Type>(this->dataPtr->value);
[5.901s]       |                 ^~~~~~~~~~~~~~~~~
[5.901s] /usr/include/sdformat-9.5/sdf/Param.hh:369:39: error: expected primary-expression before â€˜>â€™ token
[5.901s]   369 |     return std::holds_alternative<Type>(this->dataPtr->value);
[5.902s]       |                                       ^
[5.902s] /usr/include/sdformat-9.5/sdf/Param.hh:369:56: error: â€˜class sdf::v9::ParamPrivateâ€™ has no member named â€˜valueâ€™
[5.902s]   369 |     return std::holds_alternative<Type>(this->dataPtr->value);
[5.902s]       |                                                        ^~~~~
[5.902s] In file included from /usr/include/sdformat-9.5/sdf/Actor.hh:25,
[5.902s]                  from /usr/include/sdformat-9.5/sdf/sdf.hh:2,
[5.902s]                  from /usr/include/gazebo-11/gazebo/msgs/msgs.hh:22,
[5.902s]                  from /usr/include/gazebo-11/gazebo/transport/CallbackHelper.hh:29,
[5.902s]                  from /usr/include/gazebo-11/gazebo/transport/transport.hh:2,
[5.902s]                  from /home/javierfr/Tesis_ws/V1/src/sim_pkg/src/plat1_send_vel_node.cpp:4:
[5.902s] /usr/include/sdformat-9.5/sdf/Element.hh: At global scope:
[5.902s] /usr/include/sdformat-9.5/sdf/Element.hh:237:18: error: â€˜anyâ€™ in namespace â€˜stdâ€™ does not name a type
[5.903s]   237 |     public: std::any GetAny(const std::string &_key = "") const;
[5.903s]       |                  ^~~
[5.903s] /usr/include/sdformat-9.5/sdf/Element.hh:237:13: note: â€˜std::anyâ€™ is only available from C++17 onwards
[5.903s]   237 |     public: std::any GetAny(const std::string &_key = "") const;
[5.903s]       |             ^~~
[5.903s] /home/javierfr/Tesis_ws/V1/src/sim_pkg/src/plat1_send_vel_node.cpp:10:27: error: â€˜stdâ€™ in namespace â€˜rclcppâ€™ does not name a type
[5.903s]    10 | void setvel(const rclcpp::std::shared_ptr<interfaces::srv::Platform1Vel::Request> request,
[5.903s]       |                           ^~~
[5.904s] /home/javierfr/Tesis_ws/V1/src/sim_pkg/src/plat1_send_vel_node.cpp:10:42: error: expected unqualified-id before â€˜<â€™ token
[5.904s]    10 | void setvel(const rclcpp::std::shared_ptr<interfaces::srv::Platform1Vel::Request> request,
[5.904s]       |                                          ^
[5.904s] /home/javierfr/Tesis_ws/V1/src/sim_pkg/src/plat1_send_vel_node.cpp:10:42: error: expected â€˜)â€™ before â€˜<â€™ token
[5.904s]    10 | void setvel(const rclcpp::std::shared_ptr<interfaces::srv::Platform1Vel::Request> request,
[5.904s]       |            ~                             ^
[5.904s]       |                                          )
[5.904s] /home/javierfr/Tesis_ws/V1/src/sim_pkg/src/plat1_send_vel_node.cpp:10:42: error: expected initializer before â€˜<â€™ token
[5.904s] /home/javierfr/Tesis_ws/V1/src/sim_pkg/src/plat1_send_vel_node.cpp: In function â€˜int main(int, char**)â€™:
[5.904s] /home/javierfr/Tesis_ws/V1/src/sim_pkg/src/plat1_send_vel_node.cpp:24:11: error: â€˜rclcpp::stdâ€™ has not been declared
[5.905s]    24 |   rclcpp::std::shared_ptr<rclcpp::Node> node = rclcpp::Node::make_shared("plat1_send_vel_node");
[5.905s]       |           ^~~
[5.905s] /home/javierfr/Tesis_ws/V1/src/sim_pkg/src/plat1_send_vel_node.cpp:24:39: error: expected primary-expression before â€˜>â€™ token
[5.905s]    24 |   rclcpp::std::shared_ptr<rclcpp::Node> node = rclcpp::Node::make_shared("plat1_send_vel_node");
[5.905s]       |                                       ^
[5.905s] /home/javierfr/Tesis_ws/V1/src/sim_pkg/src/plat1_send_vel_node.cpp:24:41: error: â€˜nodeâ€™ was not declared in this scope; did you mean â€˜boost::unordered::detail::nodeâ€™?
[5.905s]    24 |   rclcpp::std::shared_ptr<rclcpp::Node> node = rclcpp::Node::make_shared("plat1_send_vel_node");
[5.905s]       |                                         ^~~~
[5.905s]       |                                         boost::unordered::detail::node
[5.907s] In file included from /usr/include/boost/unordered/detail/set.hpp:6,
[5.907s]                  from /usr/include/boost/unordered/unordered_set.hpp:20,
[5.908s]                  from /usr/include/gazebo-11/gazebo/transport/TopicManager.hh:26,
[5.908s]                  from /usr/include/gazebo-11/gazebo/transport/Node.hh:30,
[5.908s]                  from /usr/include/gazebo-11/gazebo/transport/transport.hh:6,
[5.908s]                  from /home/javierfr/Tesis_ws/V1/src/sim_pkg/src/plat1_send_vel_node.cpp:4:
[5.908s] /usr/include/boost/unordered/detail/implementation.hpp:230:48: note: â€˜boost::unordered::detail::nodeâ€™ declared here
[5.909s]   230 |       template <typename A, typename T> struct node;
[5.909s]       |                                                ^~~~
[5.909s] /home/javierfr/Tesis_ws/V1/src/sim_pkg/src/plat1_send_vel_node.cpp:27:55: error: expected primary-expression before â€˜>â€™ token
[5.910s]    27 |     node->create_service<interfaces::srv::Platform1Vel>("platform1_vel",  &setvel);
[5.910s]       |                                                       ^
[5.910s] /home/javierfr/Tesis_ws/V1/src/sim_pkg/src/plat1_send_vel_node.cpp:27:76: error: â€˜setvelâ€™ was not declared in this scope
[5.910s]    27 |     node->create_service<interfaces::srv::Platform1Vel>("platform1_vel",  &setvel);
[5.910s]       |                                                                            ^~~~~~
[5.911s] make[2]: *** [CMakeFiles/plat1_send_vel_node.dir/build.make:63: CMakeFiles/plat1_send_vel_node.dir/src/plat1_send_vel_node.cpp.o] Error 1
[5.911s] make[1]: *** [CMakeFiles/Makefile2:78: CMakeFiles/plat1_send_vel_node.dir/all] Error 2
[5.911s] make: *** [Makefile:141: all] Error 2
[5.911s] Invoked command in '/home/javierfr/Tesis_ws/V1/build/sim_pkg' returned '2': CMAKE_PREFIX_PATH=${CMAKE_PREFIX_PATH}:/opt/ros/foxy LD_LIBRARY_PATH=/home/javierfr/Tesis_ws/V1/install/interfaces/lib:/opt/ros/foxy/opt/yaml_cpp_vendor/lib:/opt/ros/foxy/opt/rviz_ogre_vendor/lib:/opt/ros/foxy/lib/x86_64-linux-gnu:/opt/ros/foxy/lib:/usr/lib/x86_64-linux-gnu/gazebo-11/plugins:/usr/lib/x86_64-linux-gnu/gazebo-11/plugins /usr/bin/cmake --build /home/javierfr/Tesis_ws/V1/build/sim_pkg -- -j12 -l12
