-- Found ament_cmake: 0.9.8 (/opt/ros/foxy/share/ament_cmake/cmake)
-- Using PYTHON_EXECUTABLE: /usr/bin/python3
-- Found camera_info_manager: 2.3.0 (/opt/ros/foxy/share/camera_info_manager/cmake)
-- Using all available rosidl_typesupport_c: rosidl_typesupport_fastrtps_c;rosidl_typesupport_introspection_c
-- Found rosidl_adapter: 1.2.1 (/opt/ros/foxy/share/rosidl_adapter/cmake)
-- Using all available rosidl_typesupport_cpp: rosidl_typesupport_fastrtps_cpp;rosidl_typesupport_introspection_cpp
-- Found rmw_implementation_cmake: 1.0.3 (/opt/ros/foxy/share/rmw_implementation_cmake/cmake)
-- Using RMW implementation 'rmw_fastrtps_cpp' as default
-- Setting yaml-cpp_DIR to: '/opt/ros/foxy/share/yaml_cpp_vendor/cmake/../../../opt/yaml_cpp_vendor/lib/cmake/yaml-cpp'
-- Found gazebo_dev: 3.5.3 (/opt/ros/foxy/share/gazebo_dev/cmake)
-- Found DART: /usr/include (Required is at least version "6.6") found components: dart 
-- Found Protobuf: /usr/lib/x86_64-linux-gnu/libprotobuf.so;-lpthread (found version "3.6.1") 
-- Looking for ignition-math6 -- found version 6.8.0
-- Searching for dependencies of ignition-math6
-- Looking for OGRE...
-- Found Ogre Ghadamon (1.9.0)
-- Found OGRE: optimized;/usr/lib/x86_64-linux-gnu/libOgreMain.so;debug;/usr/lib/x86_64-linux-gnu/libOgreMain.so
-- Looking for OGRE_Paging...
-- Found OGRE_Paging: optimized;/usr/lib/x86_64-linux-gnu/libOgrePaging.so;debug;/usr/lib/x86_64-linux-gnu/libOgrePaging.so
-- Looking for OGRE_Terrain...
-- Found OGRE_Terrain: optimized;/usr/lib/x86_64-linux-gnu/libOgreTerrain.so;debug;/usr/lib/x86_64-linux-gnu/libOgreTerrain.so
-- Looking for OGRE_Property...
-- Found OGRE_Property: optimized;/usr/lib/x86_64-linux-gnu/libOgreProperty.so;debug;/usr/lib/x86_64-linux-gnu/libOgreProperty.so
-- Looking for OGRE_RTShaderSystem...
-- Found OGRE_RTShaderSystem: optimized;/usr/lib/x86_64-linux-gnu/libOgreRTShaderSystem.so;debug;/usr/lib/x86_64-linux-gnu/libOgreRTShaderSystem.so
-- Looking for OGRE_Volume...
-- Found OGRE_Volume: optimized;/usr/lib/x86_64-linux-gnu/libOgreVolume.so;debug;/usr/lib/x86_64-linux-gnu/libOgreVolume.so
-- Looking for OGRE_Overlay...
-- Found OGRE_Overlay: optimized;/usr/lib/x86_64-linux-gnu/libOgreOverlay.so;debug;/usr/lib/x86_64-linux-gnu/libOgreOverlay.so
-- Looking for ignition-math6 -- found version 6.8.0
-- Looking for ignition-transport8 -- found version 8.2.0
-- Searching for dependencies of ignition-transport8
-- Found Protobuf: /usr/lib/x86_64-linux-gnu/libprotobuf.so;-lpthread (found suitable version "3.6.1", minimum required is "3") 
-- Config-file not installed for ZeroMQ -- checking for pkg-config
-- Checking for module 'libzmq >= 4'
--   Found libzmq , version 4.3.2
-- Checking for module 'uuid'
--   Found uuid, version 2.34.0
-- Looking for ignition-msgs5 -- found version 5.7.0
-- Searching for dependencies of ignition-msgs5
-- Looking for ignition-math6 -- found version 6.8.0
-- Checking for module 'tinyxml2'
--   Found tinyxml2, version 6.2.0
-- Looking for ignition-msgs5 -- found version 5.7.0
-- Looking for ignition-common3 -- found version 3.13.1
-- Searching for dependencies of ignition-common3
-- Looking for dlfcn.h - found
-- Looking for libdl - found
-- Searching for <ignition-common3> component [graphics]
-- Looking for ignition-common3-graphics -- found version 3.13.1
-- Searching for dependencies of ignition-common3-graphics
-- Looking for ignition-math6 -- found version 6.8.0
-- Looking for ignition-fuel_tools4 -- found version 4.3.0
-- Searching for dependencies of ignition-fuel_tools4
-- Checking for module 'jsoncpp'
--   Found jsoncpp, version 1.7.4
-- Checking for module 'libzip'
--   Found libzip, version 1.5.1
-- Looking for ignition-common3 -- found version 3.13.1
-- Looking for ignition-msgs5 -- found version 5.7.0
-- Gazebo version: 11.5
-- Found gazebo_msgs: 3.5.3 (/opt/ros/foxy/share/gazebo_msgs/cmake)
-- Found gazebo_ros: 3.5.3 (/opt/ros/foxy/share/gazebo_ros/cmake)
-- Found image_transport: 2.3.0 (/opt/ros/foxy/share/image_transport/cmake)
-- Found cv_bridge: 2.2.1 (/opt/ros/foxy/share/cv_bridge/cmake)
-- Found nav_msgs: 2.0.4 (/opt/ros/foxy/share/nav_msgs/cmake)
-- Found std_srvs: 2.0.4 (/opt/ros/foxy/share/std_srvs/cmake)
-- Found tf2: 0.13.10 (/opt/ros/foxy/share/tf2/cmake)
-- Found tf2_geometry_msgs: 0.13.10 (/opt/ros/foxy/share/tf2_geometry_msgs/cmake)
-- Found eigen3_cmake_module: 0.1.1 (/opt/ros/foxy/share/eigen3_cmake_module/cmake)
-- Configuring done
-- Generating done
-- Build files have been written to: /home/javierfr/Tesis_ws/V1/build/gazebo_plugin_sim
[35m[1mScanning dependencies of target platform1_plugin[0m
[35m[1mScanning dependencies of target platform_plugin_test[0m
[ 25%] [32mBuilding CXX object CMakeFiles/platform_plugin_test.dir/src/platform_plugin_test.cpp.o[0m
[ 50%] [32mBuilding CXX object CMakeFiles/platform1_plugin.dir/src/platform1_plugin.cpp.o[0m
[ 75%] [32m[1mLinking CXX shared library libplatform_plugin_test.so[0m
[ 75%] Built target platform_plugin_test
/home/javierfr/Tesis_ws/V1/src/gazebo_plugin_sim/src/platform1_plugin.cpp:87:2: error: â€˜Platform1Pluginâ€™ does not name a type; did you mean â€˜PlatformPluginTestâ€™?
   87 |  Platform1Plugin::Platform1Plugin()
      |  ^~~~~~~~~~~~~~~
      |  PlatformPluginTest
/home/javierfr/Tesis_ws/V1/src/gazebo_plugin_sim/src/platform1_plugin.cpp:93:2: error: â€˜Platform1Pluginâ€™ does not name a type; did you mean â€˜PlatformPluginTestâ€™?
   93 |  Platform1Plugin::~Platform1Plugin()
      |  ^~~~~~~~~~~~~~~
      |  PlatformPluginTest
/home/javierfr/Tesis_ws/V1/src/gazebo_plugin_sim/src/platform1_plugin.cpp:98:7: error: â€˜Platform1Pluginâ€™ has not been declared
   98 |  void Platform1Plugin::Load(gazebo::physics::ModelPtr _model, sdf::ElementPtr _sdf)
      |       ^~~~~~~~~~~~~~~
/home/javierfr/Tesis_ws/V1/src/gazebo_plugin_sim/src/platform1_plugin.cpp: In function â€˜void gazebo_plugin_sim::Load(gazebo::physics::ModelPtr, sdf::v9::ElementPtr)â€™:
/home/javierfr/Tesis_ws/V1/src/gazebo_plugin_sim/src/platform1_plugin.cpp:100:3: error: â€˜impl_â€™ was not declared in this scope; did you mean â€˜mpl_â€™?
  100 |   impl_->model_ = _model;
      |   ^~~~~
      |   mpl_
/home/javierfr/Tesis_ws/V1/src/gazebo_plugin_sim/src/platform1_plugin.cpp:160:90: error: expected primary-expression before â€˜>â€™ token
  160 |        impl_->vel_M1_ = impl_->ros_node_->create_subscription<geometry_msgs::msg::Vector3>(
      |                                                                                          ^
/home/javierfr/Tesis_ws/V1/src/gazebo_plugin_sim/src/platform1_plugin.cpp:161:7: warning: left operand of comma operator has no effect [-Wunused-value]
  161 |       "~/vel_M1", qos.get_subscription_qos("~/vel_M1", rclcpp::QoS(0)),
      |       ^~~~~~~~~~
/home/javierfr/Tesis_ws/V1/src/gazebo_plugin_sim/src/platform1_plugin.cpp:163:90: error: expected primary-expression before â€˜>â€™ token
  163 |        impl_->vel_M2_ = impl_->ros_node_->create_subscription<geometry_msgs::msg::Vector3>(
      |                                                                                          ^
/home/javierfr/Tesis_ws/V1/src/gazebo_plugin_sim/src/platform1_plugin.cpp:164:7: warning: left operand of comma operator has no effect [-Wunused-value]
  164 |       "~/vel_M2", qos.get_subscription_qos("~/vel_M2", rclcpp::QoS(0)),
      |       ^~~~~~~~~~
/home/javierfr/Tesis_ws/V1/src/gazebo_plugin_sim/src/platform1_plugin.cpp:166:90: error: expected primary-expression before â€˜>â€™ token
  166 |        impl_->vel_M3_ = impl_->ros_node_->create_subscription<geometry_msgs::msg::Vector3>(
      |                                                                                          ^
/home/javierfr/Tesis_ws/V1/src/gazebo_plugin_sim/src/platform1_plugin.cpp:167:7: warning: left operand of comma operator has no effect [-Wunused-value]
  167 |       "~/vel_M3", qos.get_subscription_qos("~/vel_M3", rclcpp::QoS(0)),
      |       ^~~~~~~~~~
/home/javierfr/Tesis_ws/V1/src/gazebo_plugin_sim/src/platform1_plugin.cpp:169:90: error: expected primary-expression before â€˜>â€™ token
  169 |        impl_->vel_M4_ = impl_->ros_node_->create_subscription<geometry_msgs::msg::Vector3>(
      |                                                                                          ^
/home/javierfr/Tesis_ws/V1/src/gazebo_plugin_sim/src/platform1_plugin.cpp:170:7: warning: left operand of comma operator has no effect [-Wunused-value]
  170 |       "~/vel_M4", qos.get_subscription_qos("~/vel_M4", rclcpp::QoS(0)),
      |       ^~~~~~~~~~
/home/javierfr/Tesis_ws/V1/src/gazebo_plugin_sim/src/platform1_plugin.cpp:174:91: error: expected primary-expression before â€˜>â€™ token
  174 |        impl_->sim_vel_M1_ = impl_->ros_node_->create_publisher<geometry_msgs::msg::Vector3>(
      |                                                                                           ^
/home/javierfr/Tesis_ws/V1/src/gazebo_plugin_sim/src/platform1_plugin.cpp:175:9: warning: left operand of comma operator has no effect [-Wunused-value]
  175 |         "~/sim_vel_M1", qos.get_publisher_qos("~/sim_vel_M1", rclcpp::QoS(1)));
      |         ^~~~~~~~~~~~~~
/home/javierfr/Tesis_ws/V1/src/gazebo_plugin_sim/src/platform1_plugin.cpp:176:91: error: expected primary-expression before â€˜>â€™ token
  176 |        impl_->sim_vel_M2_ = impl_->ros_node_->create_publisher<geometry_msgs::msg::Vector3>(
      |                                                                                           ^
/home/javierfr/Tesis_ws/V1/src/gazebo_plugin_sim/src/platform1_plugin.cpp:177:9: warning: left operand of comma operator has no effect [-Wunused-value]
  177 |         "~/sim_vel_M2", qos.get_publisher_qos("~/sim_vel_M2", rclcpp::QoS(1)));
      |         ^~~~~~~~~~~~~~
/home/javierfr/Tesis_ws/V1/src/gazebo_plugin_sim/src/platform1_plugin.cpp:178:91: error: expected primary-expression before â€˜>â€™ token
  178 |        impl_->sim_vel_M3_ = impl_->ros_node_->create_publisher<geometry_msgs::msg::Vector3>(
      |                                                                                           ^
/home/javierfr/Tesis_ws/V1/src/gazebo_plugin_sim/src/platform1_plugin.cpp:179:9: warning: left operand of comma operator has no effect [-Wunused-value]
  179 |         "~/sim_vel_M3", qos.get_publisher_qos("~/sim_vel_M3", rclcpp::QoS(1)));
      |         ^~~~~~~~~~~~~~
/home/javierfr/Tesis_ws/V1/src/gazebo_plugin_sim/src/platform1_plugin.cpp:180:91: error: expected primary-expression before â€˜>â€™ token
  180 |        impl_->sim_vel_M4_ = impl_->ros_node_->create_publisher<geometry_msgs::msg::Vector3>(
      |                                                                                           ^
/home/javierfr/Tesis_ws/V1/src/gazebo_plugin_sim/src/platform1_plugin.cpp:181:9: warning: left operand of comma operator has no effect [-Wunused-value]
  181 |         "~/sim_vel_M4", qos.get_publisher_qos("~/sim_vel_M4", rclcpp::QoS(1)));
      |         ^~~~~~~~~~~~~~
/home/javierfr/Tesis_ws/V1/src/gazebo_plugin_sim/src/platform1_plugin.cpp: At global scope:
/home/javierfr/Tesis_ws/V1/src/gazebo_plugin_sim/src/platform1_plugin.cpp:270:7: error: â€˜Platform1Pluginâ€™ has not been declared
  270 |  void Platform1Plugin::Reset()
      |       ^~~~~~~~~~~~~~~
/home/javierfr/Tesis_ws/V1/src/gazebo_plugin_sim/src/platform1_plugin.cpp: In function â€˜void gazebo_plugin_sim::Reset()â€™:
/home/javierfr/Tesis_ws/V1/src/gazebo_plugin_sim/src/platform1_plugin.cpp:272:4: error: â€˜impl_â€™ was not declared in this scope; did you mean â€˜mpl_â€™?
  272 |    impl_->ros_node_.reset();
      |    ^~~~~
      |    mpl_
In file included from /home/javierfr/Tesis_ws/V1/src/gazebo_plugin_sim/include/gazebo_plugin_sim/platform_plugin_test.hpp:4,
                 from /home/javierfr/Tesis_ws/V1/src/gazebo_plugin_sim/src/platform1_plugin.cpp:12:
/home/javierfr/Tesis_ws/V1/src/gazebo_plugin_sim/src/platform1_plugin.cpp: In function â€˜gazebo::ModelPlugin* gazebo_plugin_sim::RegisterPlugin()â€™:
/home/javierfr/Tesis_ws/V1/src/gazebo_plugin_sim/src/platform1_plugin.cpp:276:27: error: expected type-specifier before â€˜Platform1Pluginâ€™
  276 |  GZ_REGISTER_MODEL_PLUGIN(Platform1Plugin)
      |                           ^~~~~~~~~~~~~~~
/usr/include/gazebo-11/gazebo/common/Plugin.hh:423:16: note: in definition of macro â€˜GZ_REGISTER_MODEL_PLUGINâ€™
  423 |     return new classname();\
      |                ^~~~~~~~~
/home/javierfr/Tesis_ws/V1/src/gazebo_plugin_sim/src/platform1_plugin.cpp:276:27: error: expected â€˜;â€™ before â€˜Platform1Pluginâ€™
  276 |  GZ_REGISTER_MODEL_PLUGIN(Platform1Plugin)
      |                           ^~~~~~~~~~~~~~~
/usr/include/gazebo-11/gazebo/common/Plugin.hh:423:16: note: in definition of macro â€˜GZ_REGISTER_MODEL_PLUGINâ€™
  423 |     return new classname();\
      |                ^~~~~~~~~
/home/javierfr/Tesis_ws/V1/src/gazebo_plugin_sim/src/platform1_plugin.cpp:276:27: error: â€˜Platform1Pluginâ€™ was not declared in this scope; did you mean â€˜PlatformPluginTestâ€™?
  276 |  GZ_REGISTER_MODEL_PLUGIN(Platform1Plugin)
      |                           ^~~~~~~~~~~~~~~
/usr/include/gazebo-11/gazebo/common/Plugin.hh:423:16: note: in definition of macro â€˜GZ_REGISTER_MODEL_PLUGINâ€™
  423 |     return new classname();\
      |                ^~~~~~~~~
At global scope:
cc1plus: warning: unrecognized command line option â€˜-Wno-inconsistent-missing-overrideâ€™
make[2]: *** [CMakeFiles/platform1_plugin.dir/build.make:63: CMakeFiles/platform1_plugin.dir/src/platform1_plugin.cpp.o] Error 1
make[1]: *** [CMakeFiles/Makefile2:80: CMakeFiles/platform1_plugin.dir/all] Error 2
make: *** [Makefile:141: all] Error 2
