[0.017s] Invoking command in '/home/javierfr/Tesis_ws/V1/build/gazebo_plugin_sim': CMAKE_PREFIX_PATH=${CMAKE_PREFIX_PATH}:/opt/ros/foxy /usr/bin/cmake --build /home/javierfr/Tesis_ws/V1/build/gazebo_plugin_sim -- -j12 -l12
[0.041s] -- Found ament_cmake: 0.9.8 (/opt/ros/foxy/share/ament_cmake/cmake)
[0.059s] -- Using PYTHON_EXECUTABLE: /usr/bin/python3
[0.232s] -- Found camera_info_manager: 2.3.0 (/opt/ros/foxy/share/camera_info_manager/cmake)
[0.264s] -- Using all available rosidl_typesupport_c: rosidl_typesupport_fastrtps_c;rosidl_typesupport_introspection_c
[0.267s] -- Found rosidl_adapter: 1.2.1 (/opt/ros/foxy/share/rosidl_adapter/cmake)
[0.371s] -- Using all available rosidl_typesupport_cpp: rosidl_typesupport_fastrtps_cpp;rosidl_typesupport_introspection_cpp
[0.412s] -- Found rmw_implementation_cmake: 1.0.3 (/opt/ros/foxy/share/rmw_implementation_cmake/cmake)
[0.413s] -- Using RMW implementation 'rmw_fastrtps_cpp' as default
[0.634s] -- Setting yaml-cpp_DIR to: '/opt/ros/foxy/share/yaml_cpp_vendor/cmake/../../../opt/yaml_cpp_vendor/lib/cmake/yaml-cpp'
[0.686s] -- Found gazebo_dev: 3.5.3 (/opt/ros/foxy/share/gazebo_dev/cmake)
[0.722s] -- Found DART: /usr/include (Required is at least version "6.6") found components: dart 
[0.746s] -- Found Protobuf: /usr/lib/x86_64-linux-gnu/libprotobuf.so;-lpthread (found version "3.6.1") 
[0.747s] -- Looking for ignition-math6 -- found version 6.8.0
[0.750s] -- Searching for dependencies of ignition-math6
[0.752s] -- Looking for OGRE...
[0.756s] -- Found Ogre Ghadamon (1.9.0)
[0.756s] -- Found OGRE: optimized;/usr/lib/x86_64-linux-gnu/libOgreMain.so;debug;/usr/lib/x86_64-linux-gnu/libOgreMain.so
[0.764s] -- Looking for OGRE_Paging...
[0.764s] -- Found OGRE_Paging: optimized;/usr/lib/x86_64-linux-gnu/libOgrePaging.so;debug;/usr/lib/x86_64-linux-gnu/libOgrePaging.so
[0.764s] -- Looking for OGRE_Terrain...
[0.764s] -- Found OGRE_Terrain: optimized;/usr/lib/x86_64-linux-gnu/libOgreTerrain.so;debug;/usr/lib/x86_64-linux-gnu/libOgreTerrain.so
[0.764s] -- Looking for OGRE_Property...
[0.765s] -- Found OGRE_Property: optimized;/usr/lib/x86_64-linux-gnu/libOgreProperty.so;debug;/usr/lib/x86_64-linux-gnu/libOgreProperty.so
[0.765s] -- Looking for OGRE_RTShaderSystem...
[0.765s] -- Found OGRE_RTShaderSystem: optimized;/usr/lib/x86_64-linux-gnu/libOgreRTShaderSystem.so;debug;/usr/lib/x86_64-linux-gnu/libOgreRTShaderSystem.so
[0.765s] -- Looking for OGRE_Volume...
[0.765s] -- Found OGRE_Volume: optimized;/usr/lib/x86_64-linux-gnu/libOgreVolume.so;debug;/usr/lib/x86_64-linux-gnu/libOgreVolume.so
[0.765s] -- Looking for OGRE_Overlay...
[0.765s] -- Found OGRE_Overlay: optimized;/usr/lib/x86_64-linux-gnu/libOgreOverlay.so;debug;/usr/lib/x86_64-linux-gnu/libOgreOverlay.so
[0.873s] -- Looking for ignition-math6 -- found version 6.8.0
[0.873s] -- Looking for ignition-transport8 -- found version 8.2.0
[0.874s] -- Searching for dependencies of ignition-transport8
[0.888s] -- Found Protobuf: /usr/lib/x86_64-linux-gnu/libprotobuf.so;-lpthread (found suitable version "3.6.1", minimum required is "3") 
[0.898s] -- Config-file not installed for ZeroMQ -- checking for pkg-config
[0.902s] -- Checking for module 'libzmq >= 4'
[0.913s] --   Found libzmq , version 4.3.2
[0.946s] -- Checking for module 'uuid'
[0.957s] --   Found uuid, version 2.34.0
[0.984s] -- Looking for ignition-msgs5 -- found version 5.7.0
[0.984s] -- Searching for dependencies of ignition-msgs5
[1.000s] -- Looking for ignition-math6 -- found version 6.8.0
[1.003s] -- Checking for module 'tinyxml2'
[1.014s] --   Found tinyxml2, version 6.2.0
[1.043s] -- Looking for ignition-msgs5 -- found version 5.7.0
[1.043s] -- Looking for ignition-common3 -- found version 3.13.1
[1.044s] -- Searching for dependencies of ignition-common3
[1.044s] -- Looking for dlfcn.h - found
[1.044s] -- Looking for libdl - found
[1.050s] -- Searching for <ignition-common3> component [graphics]
[1.050s] -- Looking for ignition-common3-graphics -- found version 3.13.1
[1.051s] -- Searching for dependencies of ignition-common3-graphics
[1.051s] -- Looking for ignition-math6 -- found version 6.8.0
[1.052s] -- Looking for ignition-fuel_tools4 -- found version 4.3.0
[1.053s] -- Searching for dependencies of ignition-fuel_tools4
[1.072s] -- Checking for module 'jsoncpp'
[1.083s] --   Found jsoncpp, version 1.7.4
[1.114s] -- Checking for module 'libzip'
[1.125s] --   Found libzip, version 1.5.1
[1.153s] -- Looking for ignition-common3 -- found version 3.13.1
[1.154s] -- Looking for ignition-msgs5 -- found version 5.7.0
[1.155s] -- Gazebo version: 11.5
[1.155s] -- Found gazebo_msgs: 3.5.3 (/opt/ros/foxy/share/gazebo_msgs/cmake)
[1.328s] -- Found gazebo_ros: 3.5.3 (/opt/ros/foxy/share/gazebo_ros/cmake)
[1.335s] -- Found image_transport: 2.3.0 (/opt/ros/foxy/share/image_transport/cmake)
[1.367s] -- Found cv_bridge: 2.2.1 (/opt/ros/foxy/share/cv_bridge/cmake)
[1.373s] -- Found nav_msgs: 2.0.4 (/opt/ros/foxy/share/nav_msgs/cmake)
[1.432s] -- Found std_srvs: 2.0.4 (/opt/ros/foxy/share/std_srvs/cmake)
[1.439s] -- Found tf2: 0.13.10 (/opt/ros/foxy/share/tf2/cmake)
[1.446s] -- Found tf2_geometry_msgs: 0.13.10 (/opt/ros/foxy/share/tf2_geometry_msgs/cmake)
[1.451s] -- Found eigen3_cmake_module: 0.1.1 (/opt/ros/foxy/share/eigen3_cmake_module/cmake)
[1.825s] -- Configuring done
[1.863s] -- Generating done
[1.865s] -- Build files have been written to: /home/javierfr/Tesis_ws/V1/build/gazebo_plugin_sim
[1.888s] [35m[1mScanning dependencies of target platform1_plugin[0m
[1.893s] [35m[1mScanning dependencies of target platform_plugin_test[0m
[1.959s] [ 25%] [32mBuilding CXX object CMakeFiles/platform_plugin_test.dir/src/platform_plugin_test.cpp.o[0m
[1.989s] [ 50%] [32mBuilding CXX object CMakeFiles/platform1_plugin.dir/src/platform1_plugin.cpp.o[0m
[2.016s] [ 75%] [32m[1mLinking CXX shared library libplatform_plugin_test.so[0m
[2.503s] [ 75%] Built target platform_plugin_test
[10.821s] /home/javierfr/Tesis_ws/V1/src/gazebo_plugin_sim/src/platform1_plugin.cpp:87:2: error: â€˜Platform1Pluginâ€™ does not name a type; did you mean â€˜PlatformPluginTestâ€™?
[10.821s]    87 |  Platform1Plugin::Platform1Plugin()
[10.821s]       |  ^~~~~~~~~~~~~~~
[10.821s]       |  PlatformPluginTest
[10.821s] /home/javierfr/Tesis_ws/V1/src/gazebo_plugin_sim/src/platform1_plugin.cpp:93:2: error: â€˜Platform1Pluginâ€™ does not name a type; did you mean â€˜PlatformPluginTestâ€™?
[10.821s]    93 |  Platform1Plugin::~Platform1Plugin()
[10.821s]       |  ^~~~~~~~~~~~~~~
[10.821s]       |  PlatformPluginTest
[10.821s] /home/javierfr/Tesis_ws/V1/src/gazebo_plugin_sim/src/platform1_plugin.cpp:98:7: error: â€˜Platform1Pluginâ€™ has not been declared
[10.821s]    98 |  void Platform1Plugin::Load(gazebo::physics::ModelPtr _model, sdf::ElementPtr _sdf)
[10.821s]       |       ^~~~~~~~~~~~~~~
[10.821s] /home/javierfr/Tesis_ws/V1/src/gazebo_plugin_sim/src/platform1_plugin.cpp: In function â€˜void gazebo_plugin_sim::Load(gazebo::physics::ModelPtr, sdf::v9::ElementPtr)â€™:
[10.821s] /home/javierfr/Tesis_ws/V1/src/gazebo_plugin_sim/src/platform1_plugin.cpp:100:3: error: â€˜impl_â€™ was not declared in this scope; did you mean â€˜mpl_â€™?
[10.821s]   100 |   impl_->model_ = _model;
[10.821s]       |   ^~~~~
[10.822s]       |   mpl_
[10.822s] /home/javierfr/Tesis_ws/V1/src/gazebo_plugin_sim/src/platform1_plugin.cpp:160:90: error: expected primary-expression before â€˜>â€™ token
[10.822s]   160 |        impl_->vel_M1_ = impl_->ros_node_->create_subscription<geometry_msgs::msg::Vector3>(
[10.822s]       |                                                                                          ^
[10.822s] /home/javierfr/Tesis_ws/V1/src/gazebo_plugin_sim/src/platform1_plugin.cpp:161:7: warning: left operand of comma operator has no effect [-Wunused-value]
[10.822s]   161 |       "~/vel_M1", qos.get_subscription_qos("~/vel_M1", rclcpp::QoS(0)),
[10.822s]       |       ^~~~~~~~~~
[10.822s] /home/javierfr/Tesis_ws/V1/src/gazebo_plugin_sim/src/platform1_plugin.cpp:163:90: error: expected primary-expression before â€˜>â€™ token
[10.822s]   163 |        impl_->vel_M2_ = impl_->ros_node_->create_subscription<geometry_msgs::msg::Vector3>(
[10.822s]       |                                                                                          ^
[10.822s] /home/javierfr/Tesis_ws/V1/src/gazebo_plugin_sim/src/platform1_plugin.cpp:164:7: warning: left operand of comma operator has no effect [-Wunused-value]
[10.822s]   164 |       "~/vel_M2", qos.get_subscription_qos("~/vel_M2", rclcpp::QoS(0)),
[10.822s]       |       ^~~~~~~~~~
[10.822s] /home/javierfr/Tesis_ws/V1/src/gazebo_plugin_sim/src/platform1_plugin.cpp:166:90: error: expected primary-expression before â€˜>â€™ token
[10.822s]   166 |        impl_->vel_M3_ = impl_->ros_node_->create_subscription<geometry_msgs::msg::Vector3>(
[10.822s]       |                                                                                          ^
[10.822s] /home/javierfr/Tesis_ws/V1/src/gazebo_plugin_sim/src/platform1_plugin.cpp:167:7: warning: left operand of comma operator has no effect [-Wunused-value]
[10.822s]   167 |       "~/vel_M3", qos.get_subscription_qos("~/vel_M3", rclcpp::QoS(0)),
[10.822s]       |       ^~~~~~~~~~
[10.822s] /home/javierfr/Tesis_ws/V1/src/gazebo_plugin_sim/src/platform1_plugin.cpp:169:90: error: expected primary-expression before â€˜>â€™ token
[10.823s]   169 |        impl_->vel_M4_ = impl_->ros_node_->create_subscription<geometry_msgs::msg::Vector3>(
[10.823s]       |                                                                                          ^
[10.823s] /home/javierfr/Tesis_ws/V1/src/gazebo_plugin_sim/src/platform1_plugin.cpp:170:7: warning: left operand of comma operator has no effect [-Wunused-value]
[10.823s]   170 |       "~/vel_M4", qos.get_subscription_qos("~/vel_M4", rclcpp::QoS(0)),
[10.823s]       |       ^~~~~~~~~~
[10.823s] /home/javierfr/Tesis_ws/V1/src/gazebo_plugin_sim/src/platform1_plugin.cpp:174:91: error: expected primary-expression before â€˜>â€™ token
[10.823s]   174 |        impl_->sim_vel_M1_ = impl_->ros_node_->create_publisher<geometry_msgs::msg::Vector3>(
[10.823s]       |                                                                                           ^
[10.823s] /home/javierfr/Tesis_ws/V1/src/gazebo_plugin_sim/src/platform1_plugin.cpp:175:9: warning: left operand of comma operator has no effect [-Wunused-value]
[10.823s]   175 |         "~/sim_vel_M1", qos.get_publisher_qos("~/sim_vel_M1", rclcpp::QoS(1)));
[10.823s]       |         ^~~~~~~~~~~~~~
[10.823s] /home/javierfr/Tesis_ws/V1/src/gazebo_plugin_sim/src/platform1_plugin.cpp:176:91: error: expected primary-expression before â€˜>â€™ token
[10.823s]   176 |        impl_->sim_vel_M2_ = impl_->ros_node_->create_publisher<geometry_msgs::msg::Vector3>(
[10.823s]       |                                                                                           ^
[10.824s] /home/javierfr/Tesis_ws/V1/src/gazebo_plugin_sim/src/platform1_plugin.cpp:177:9: warning: left operand of comma operator has no effect [-Wunused-value]
[10.824s]   177 |         "~/sim_vel_M2", qos.get_publisher_qos("~/sim_vel_M2", rclcpp::QoS(1)));
[10.824s]       |         ^~~~~~~~~~~~~~
[10.824s] /home/javierfr/Tesis_ws/V1/src/gazebo_plugin_sim/src/platform1_plugin.cpp:178:91: error: expected primary-expression before â€˜>â€™ token
[10.824s]   178 |        impl_->sim_vel_M3_ = impl_->ros_node_->create_publisher<geometry_msgs::msg::Vector3>(
[10.824s]       |                                                                                           ^
[10.824s] /home/javierfr/Tesis_ws/V1/src/gazebo_plugin_sim/src/platform1_plugin.cpp:179:9: warning: left operand of comma operator has no effect [-Wunused-value]
[10.824s]   179 |         "~/sim_vel_M3", qos.get_publisher_qos("~/sim_vel_M3", rclcpp::QoS(1)));
[10.824s]       |         ^~~~~~~~~~~~~~
[10.824s] /home/javierfr/Tesis_ws/V1/src/gazebo_plugin_sim/src/platform1_plugin.cpp:180:91: error: expected primary-expression before â€˜>â€™ token
[10.824s]   180 |        impl_->sim_vel_M4_ = impl_->ros_node_->create_publisher<geometry_msgs::msg::Vector3>(
[10.824s]       |                                                                                           ^
[10.824s] /home/javierfr/Tesis_ws/V1/src/gazebo_plugin_sim/src/platform1_plugin.cpp:181:9: warning: left operand of comma operator has no effect [-Wunused-value]
[10.824s]   181 |         "~/sim_vel_M4", qos.get_publisher_qos("~/sim_vel_M4", rclcpp::QoS(1)));
[10.825s]       |         ^~~~~~~~~~~~~~
[10.825s] /home/javierfr/Tesis_ws/V1/src/gazebo_plugin_sim/src/platform1_plugin.cpp: At global scope:
[10.825s] /home/javierfr/Tesis_ws/V1/src/gazebo_plugin_sim/src/platform1_plugin.cpp:270:7: error: â€˜Platform1Pluginâ€™ has not been declared
[10.826s]   270 |  void Platform1Plugin::Reset()
[10.827s]       |       ^~~~~~~~~~~~~~~
[10.827s] /home/javierfr/Tesis_ws/V1/src/gazebo_plugin_sim/src/platform1_plugin.cpp: In function â€˜void gazebo_plugin_sim::Reset()â€™:
[10.827s] /home/javierfr/Tesis_ws/V1/src/gazebo_plugin_sim/src/platform1_plugin.cpp:272:4: error: â€˜impl_â€™ was not declared in this scope; did you mean â€˜mpl_â€™?
[10.828s]   272 |    impl_->ros_node_.reset();
[10.828s]       |    ^~~~~
[10.828s]       |    mpl_
[10.828s] In file included from /home/javierfr/Tesis_ws/V1/src/gazebo_plugin_sim/include/gazebo_plugin_sim/platform_plugin_test.hpp:4,
[10.828s]                  from /home/javierfr/Tesis_ws/V1/src/gazebo_plugin_sim/src/platform1_plugin.cpp:12:
[10.828s] /home/javierfr/Tesis_ws/V1/src/gazebo_plugin_sim/src/platform1_plugin.cpp: In function â€˜gazebo::ModelPlugin* gazebo_plugin_sim::RegisterPlugin()â€™:
[10.828s] /home/javierfr/Tesis_ws/V1/src/gazebo_plugin_sim/src/platform1_plugin.cpp:276:27: error: expected type-specifier before â€˜Platform1Pluginâ€™
[10.828s]   276 |  GZ_REGISTER_MODEL_PLUGIN(Platform1Plugin)
[10.828s]       |                           ^~~~~~~~~~~~~~~
[10.828s] /usr/include/gazebo-11/gazebo/common/Plugin.hh:423:16: note: in definition of macro â€˜GZ_REGISTER_MODEL_PLUGINâ€™
[10.828s]   423 |     return new classname();\
[10.828s]       |                ^~~~~~~~~
[10.828s] /home/javierfr/Tesis_ws/V1/src/gazebo_plugin_sim/src/platform1_plugin.cpp:276:27: error: expected â€˜;â€™ before â€˜Platform1Pluginâ€™
[10.828s]   276 |  GZ_REGISTER_MODEL_PLUGIN(Platform1Plugin)
[10.828s]       |                           ^~~~~~~~~~~~~~~
[10.828s] /usr/include/gazebo-11/gazebo/common/Plugin.hh:423:16: note: in definition of macro â€˜GZ_REGISTER_MODEL_PLUGINâ€™
[10.828s]   423 |     return new classname();\
[10.829s]       |                ^~~~~~~~~
[10.829s] /home/javierfr/Tesis_ws/V1/src/gazebo_plugin_sim/src/platform1_plugin.cpp:276:27: error: â€˜Platform1Pluginâ€™ was not declared in this scope; did you mean â€˜PlatformPluginTestâ€™?
[10.829s]   276 |  GZ_REGISTER_MODEL_PLUGIN(Platform1Plugin)
[10.829s]       |                           ^~~~~~~~~~~~~~~
[10.829s] /usr/include/gazebo-11/gazebo/common/Plugin.hh:423:16: note: in definition of macro â€˜GZ_REGISTER_MODEL_PLUGINâ€™
[10.829s]   423 |     return new classname();\
[10.829s]       |                ^~~~~~~~~
[10.829s] At global scope:
[10.829s] cc1plus: warning: unrecognized command line option â€˜-Wno-inconsistent-missing-overrideâ€™
[10.829s] make[2]: *** [CMakeFiles/platform1_plugin.dir/build.make:63: CMakeFiles/platform1_plugin.dir/src/platform1_plugin.cpp.o] Error 1
[10.829s] make[1]: *** [CMakeFiles/Makefile2:80: CMakeFiles/platform1_plugin.dir/all] Error 2
[10.829s] make: *** [Makefile:141: all] Error 2
[10.829s] Invoked command in '/home/javierfr/Tesis_ws/V1/build/gazebo_plugin_sim' returned '2': CMAKE_PREFIX_PATH=${CMAKE_PREFIX_PATH}:/opt/ros/foxy /usr/bin/cmake --build /home/javierfr/Tesis_ws/V1/build/gazebo_plugin_sim -- -j12 -l12
