[0.013s] Invoking command in '/home/javierfr/Tesis_ws/V1/build/img_proc_pkg': CMAKE_PREFIX_PATH=/opt/ros/foxy /usr/bin/cmake --build /home/javierfr/Tesis_ws/V1/build/img_proc_pkg -- -j12 -l12
[0.048s] [35m[1mScanning dependencies of target img_subs_test_node[0m
[0.061s] [ 33%] Built target img_proc_node
[0.064s] [ 66%] Built target img_publ_test_node
[0.072s] [ 83%] [32mBuilding CXX object CMakeFiles/img_subs_test_node.dir/src/img_subs_test_node.cpp.o[0m
[1.215s] [01m[K/home/javierfr/Tesis_ws/V1/src/img_proc_pkg/src/img_subs_test_node.cpp:[m[K In member function â€˜[01m[Kvoid Img_Subs_Test_Node::topic_callback(sensor_msgs::msg::Image_<std::allocator<void> >::SharedPtr) const[m[Kâ€™:
[1.215s] [01m[K/home/javierfr/Tesis_ws/V1/src/img_proc_pkg/src/img_subs_test_node.cpp:45:51:[m[K [01;31m[Kerror: [m[Kno matching function for call to â€˜[01m[KtoCvShare(const SharedPtr*, const char [5])[m[Kâ€™
[1.215s]    45 |       image_bridge=cv_bridge::toCvShare(&msg, RGB8[01;31m[K)[m[K;
[1.215s]       |                                                   [01;31m[K^[m[K
[1.215s] In file included from [01m[K/home/javierfr/Tesis_ws/V1/src/img_proc_pkg/src/img_subs_test_node.cpp:20[m[K:
[1.215s] [01m[K/opt/ros/foxy/include/cv_bridge/cv_bridge.h:230:34:[m[K [01;36m[Knote: [m[Kcandidate: â€˜[01m[Kcv_bridge::CvImageConstPtr cv_bridge::toCvShare(const ConstSharedPtr&, const string&)[m[Kâ€™
[1.216s]   230 | CV_BRIDGE_EXPORT CvImageConstPtr [01;36m[KtoCvShare[m[K(
[1.216s]       |                                  [01;36m[K^~~~~~~~~[m[K
[1.216s] [01m[K/opt/ros/foxy/include/cv_bridge/cv_bridge.h:231:51:[m[K [01;36m[Knote: [m[K  no known conversion for argument 1 from â€˜[01m[Kconst SharedPtr*[m[Kâ€™ {aka â€˜[01m[Kconst std::shared_ptr<sensor_msgs::msg::Image_<std::allocator<void> > >*[m[Kâ€™} to â€˜[01m[Kconst ConstSharedPtr&[m[Kâ€™ {aka â€˜[01m[Kconst std::shared_ptr<const sensor_msgs::msg::Image_<std::allocator<void> > >&[m[Kâ€™}
[1.216s]   231 |   [01;36m[Kconst sensor_msgs::msg::Image::ConstSharedPtr & source[m[K,
[1.216s]       |   [01;36m[K~~~~~~~~~~~~~~~~~~~~~~~~~~~~~~~~~~~~~~~~~~~~~~~~^~~~~~[m[K
[1.216s] [01m[K/opt/ros/foxy/include/cv_bridge/cv_bridge.h:258:34:[m[K [01;36m[Knote: [m[Kcandidate: â€˜[01m[Kcv_bridge::CvImageConstPtr cv_bridge::toCvShare(const Image&, const std::shared_ptr<const void>&, const string&)[m[Kâ€™
[1.216s]   258 | CV_BRIDGE_EXPORT CvImageConstPtr [01;36m[KtoCvShare[m[K(
[1.216s]       |                                  [01;36m[K^~~~~~~~~[m[K
[1.216s] [01m[K/opt/ros/foxy/include/cv_bridge/cv_bridge.h:152:37:[m[K [01;36m[Knote: [m[K  no known conversion for argument 1 from â€˜[01m[Kconst SharedPtr*[m[Kâ€™ {aka â€˜[01m[Kconst std::shared_ptr<sensor_msgs::msg::Image_<std::allocator<void> > >*[m[Kâ€™} to â€˜[01m[Kconst Image&[m[Kâ€™ {aka â€˜[01m[Kconst sensor_msgs::msg::Image_<std::allocator<void> >&[m[Kâ€™}
[1.216s]   152 |     [01;36m[Kconst sensor_msgs::msg::Image & source[m[K,
[1.216s]       |     [01;36m[K~~~~~~~~~~~~~~~~~~~~~~~~~~~~~~~~^~~~~~[m[K
[2.252s] make[2]: *** [CMakeFiles/img_subs_test_node.dir/build.make:63: CMakeFiles/img_subs_test_node.dir/src/img_subs_test_node.cpp.o] Error 1
[2.252s] make[1]: *** [CMakeFiles/Makefile2:82: CMakeFiles/img_subs_test_node.dir/all] Error 2
[2.252s] make: *** [Makefile:141: all] Error 2
[2.254s] Invoked command in '/home/javierfr/Tesis_ws/V1/build/img_proc_pkg' returned '2': CMAKE_PREFIX_PATH=/opt/ros/foxy /usr/bin/cmake --build /home/javierfr/Tesis_ws/V1/build/img_proc_pkg -- -j12 -l12
