[0.012s] Invoking command in '/home/javierfr/Tesis_ws/V1/build/img_proc_pkg': CMAKE_PREFIX_PATH=/opt/ros/foxy /usr/bin/cmake --build /home/javierfr/Tesis_ws/V1/build/img_proc_pkg -- -j12 -l12
[0.036s] -- Found ament_cmake: 0.9.8 (/opt/ros/foxy/share/ament_cmake/cmake)
[0.052s] -- Using PYTHON_EXECUTABLE: /usr/bin/python3
[0.196s] -- Found sensor_msgs: 2.0.4 (/opt/ros/foxy/share/sensor_msgs/cmake)
[0.213s] -- Using all available rosidl_typesupport_c: rosidl_typesupport_fastrtps_c;rosidl_typesupport_introspection_c
[0.215s] -- Found rosidl_adapter: 1.2.1 (/opt/ros/foxy/share/rosidl_adapter/cmake)
[0.312s] -- Using all available rosidl_typesupport_cpp: rosidl_typesupport_fastrtps_cpp;rosidl_typesupport_introspection_cpp
[0.442s] -- Found rclcpp: 2.3.1 (/opt/ros/foxy/share/rclcpp/cmake)
[0.470s] -- Found rmw_implementation_cmake: 1.0.3 (/opt/ros/foxy/share/rmw_implementation_cmake/cmake)
[0.471s] -- Using RMW implementation 'rmw_fastrtps_cpp' as default
[0.576s] -- Found image_transport: 2.3.0 (/opt/ros/foxy/share/image_transport/cmake)
[0.609s] -- Found cv_bridge: 2.2.1 (/opt/ros/foxy/share/cv_bridge/cmake)
[0.660s] -- Configuring done
[0.676s] -- Generating done
[0.677s] -- Build files have been written to: /home/javierfr/Tesis_ws/V1/build/img_proc_pkg
[0.697s] [35m[1mScanning dependencies of target img_subs_test_node[0m
[0.710s] [ 33%] Built target img_proc_node
[0.713s] [ 66%] Built target img_publ_test_node
[0.875s] [ 83%] [32mBuilding CXX object CMakeFiles/img_subs_test_node.dir/src/img_subs_test_node.cpp.o[0m
[2.078s] [01m[K/home/javierfr/Tesis_ws/V1/src/img_proc_pkg/src/img_subs_test_node.cpp:37:46:[m[K [01;31m[Kerror: [m[Kâ€˜[01m[KString[m[Kâ€™ in namespace â€˜[01m[Kstd_msgs::msg[m[Kâ€™ does not name a type
[2.078s]    37 |    void topic_callback(const std_msgs::msg::[01;31m[KString[m[K::SharedPtr msg) const
[2.078s]       |                                             [01;31m[K^~~~~~[m[K
[2.078s] 
[2.078s] [01m[K/home/javierfr/Tesis_ws/V1/src/img_proc_pkg/src/img_subs_test_node.cpp:37:64:[m[K [01;31m[Kerror: [m[Kexpected unqualified-id before â€˜[01m[Kmsg[m[Kâ€™
[2.078s]    37 | pic_callback(const std_msgs::msg::String::SharedPtr [01;31m[Kmsg[m[K) const
[2.078s]       |                                                     [01;31m[K^~~[m[K
[2.078s] 
[2.078s] [01m[K/home/javierfr/Tesis_ws/V1/src/img_proc_pkg/src/img_subs_test_node.cpp:37:63:[m[K [01;31m[Kerror: [m[Kexpected â€˜[01m[K)[m[Kâ€™ before â€˜[01m[Kmsg[m[Kâ€™
[2.078s]    37 | pic_callback[34m[K([m[Kconst std_msgs::msg::String::SharedPtr[01;31m[K [m[K[32m[Kmsg[m[K) const
[2.078s]       |             [34m[K~[m[K                                      [01;31m[K^[m[K[32m[K~~~[m[K
[2.078s]       |                                                    [32m[K)[m[K
[2.078s] [01m[K/home/javierfr/Tesis_ws/V1/src/img_proc_pkg/src/img_subs_test_node.cpp:37:54:[m[K [01;31m[Kerror: [m[Kexpected â€˜[01m[K;[m[Kâ€™ at end of member declaration
[2.078s]    37 | topic_callback(const std_msgs::msg::String::[01;31m[KSharedPtr[m[K msg) const
[2.078s]       |                                             [01;31m[K^~~~~~~~~[m[K
[2.079s]       |                                                      [32m[K;[m[K
[2.079s] [01m[K/home/javierfr/Tesis_ws/V1/src/img_proc_pkg/src/img_subs_test_node.cpp:37:64:[m[K [01;31m[Kerror: [m[Kâ€˜[01m[Kmsg[m[Kâ€™ does not name a type
[2.079s]    37 | pic_callback(const std_msgs::msg::String::SharedPtr [01;31m[Kmsg[m[K) const
[2.079s]       |                                                     [01;31m[K^~~[m[K
[2.079s] 
[2.079s] [01m[K/home/javierfr/Tesis_ws/V1/src/img_proc_pkg/src/img_subs_test_node.cpp:41:41:[m[K [01;31m[Kerror: [m[Kâ€˜[01m[KString[m[Kâ€™ is not a member of â€˜[01m[Kstd_msgs::msg[m[Kâ€™; did you mean â€˜[01m[Kcv::String[m[Kâ€™?
[2.079s]    41 |     rclcpp::Subscription<std_msgs::msg::[01;31m[KString[m[K>::SharedPtr subscription_;
[2.079s]       |                                         [01;31m[K^~~~~~[m[K
[2.079s] In file included from [01m[K/usr/local/include/opencv4/opencv2/core/base.hpp:58[m[K,
[2.079s]                  from [01m[K/usr/local/include/opencv4/opencv2/core.hpp:54[m[K,
[2.079s]                  from [01m[K/home/javierfr/Tesis_ws/V1/src/img_proc_pkg/src/img_subs_test_node.cpp:10[m[K:
[2.080s] [01m[K/usr/local/include/opencv4/opencv2/core/cvstd.hpp:152:21:[m[K [01;36m[Knote: [m[Kâ€˜[01m[Kcv::String[m[Kâ€™ declared here
[2.080s]   152 | typedef std::string [01;36m[KString[m[K;
[2.080s]       |                     [01;36m[K^~~~~~[m[K
[2.080s] [01m[K/home/javierfr/Tesis_ws/V1/src/img_proc_pkg/src/img_subs_test_node.cpp:41:41:[m[K [01;31m[Kerror: [m[Kâ€˜[01m[KString[m[Kâ€™ is not a member of â€˜[01m[Kstd_msgs::msg[m[Kâ€™; did you mean â€˜[01m[Kcv::String[m[Kâ€™?
[2.080s]    41 |     rclcpp::Subscription<std_msgs::msg::[01;31m[KString[m[K>::SharedPtr subscription_;
[2.080s]       |                                         [01;31m[K^~~~~~[m[K
[2.080s] In file included from [01m[K/usr/local/include/opencv4/opencv2/core/base.hpp:58[m[K,
[2.080s]                  from [01m[K/usr/local/include/opencv4/opencv2/core.hpp:54[m[K,
[2.080s]                  from [01m[K/home/javierfr/Tesis_ws/V1/src/img_proc_pkg/src/img_subs_test_node.cpp:10[m[K:
[2.080s] [01m[K/usr/local/include/opencv4/opencv2/core/cvstd.hpp:152:21:[m[K [01;36m[Knote: [m[Kâ€˜[01m[Kcv::String[m[Kâ€™ declared here
[2.080s]   152 | typedef std::string [01;36m[KString[m[K;
[2.080s]       |                     [01;36m[K^~~~~~[m[K
[2.080s] [01m[K/home/javierfr/Tesis_ws/V1/src/img_proc_pkg/src/img_subs_test_node.cpp:41:47:[m[K [01;31m[Kerror: [m[Ktemplate argument 1 is invalid
[2.080s]    41 |   rclcpp::Subscription<std_msgs::msg::String[01;31m[K>[m[K::SharedPtr subscription_;
[2.080s]       |                                             [01;31m[K^[m[K
[2.080s] 
[2.080s] [01m[K/home/javierfr/Tesis_ws/V1/src/img_proc_pkg/src/img_subs_test_node.cpp:41:47:[m[K [01;31m[Kerror: [m[Ktemplate argument 3 is invalid
[2.080s] [01m[K/home/javierfr/Tesis_ws/V1/src/img_proc_pkg/src/img_subs_test_node.cpp:41:50:[m[K [01;31m[Kerror: [m[Kexpected â€˜[01m[K;[m[Kâ€™ at end of member declaration
[2.081s]    41 | clcpp::Subscription<std_msgs::msg::String>::[01;31m[KSharedPtr[m[K subscription_;
[2.081s]       |                                             [01;31m[K^~~~~~~~~[m[K
[2.081s]       |                                                      [32m[K;[m[K
[2.082s] [01m[K/home/javierfr/Tesis_ws/V1/src/img_proc_pkg/src/img_subs_test_node.cpp:41:60:[m[K [01;31m[Kerror: [m[Kâ€˜[01m[Ksubscription_[m[Kâ€™ does not name a type; did you mean â€˜[01m[Krcl_subscription_t[m[Kâ€™?
[2.082s]    41 | :Subscription<std_msgs::msg::String>::SharedPtr [01;31m[Ksubscription_[m[K;
[2.082s]       |                                                 [01;31m[K^~~~~~~~~~~~~[m[K
[2.082s]       |                                                 [32m[Krcl_subscription_t[m[K
[2.086s] [01m[K/home/javierfr/Tesis_ws/V1/src/img_proc_pkg/src/img_subs_test_node.cpp:[m[K In constructor â€˜[01m[KImg_Subs_Test_Node::Img_Subs_Test_Node()[m[Kâ€™:
[2.086s] [01m[K/home/javierfr/Tesis_ws/V1/src/img_proc_pkg/src/img_subs_test_node.cpp:32:7:[m[K [01;31m[Kerror: [m[Kâ€˜[01m[Ksubscription_[m[Kâ€™ was not declared in this scope; did you mean â€˜[01m[Krcl_subscription_t[m[Kâ€™?
[2.086s]    32 |       [01;31m[Ksubscription_[m[K = this->create_subscription<std_msgs::msg::String>(
[2.086s]       |       [01;31m[K^~~~~~~~~~~~~[m[K
[2.086s]       |       [32m[Krcl_subscription_t[m[K
[2.086s] [01m[K/home/javierfr/Tesis_ws/V1/src/img_proc_pkg/src/img_subs_test_node.cpp:32:64:[m[K [01;31m[Kerror: [m[Kâ€˜[01m[KString[m[Kâ€™ is not a member of â€˜[01m[Kstd_msgs::msg[m[Kâ€™; did you mean â€˜[01m[Kcv::String[m[Kâ€™?
[2.086s]    32 | scription_ = this->create_subscription<std_msgs::msg::[01;31m[KString[m[K>(
[2.086s]       |                                                       [01;31m[K^~~~~~[m[K
[2.087s] 
[2.087s] In file included from [01m[K/usr/local/include/opencv4/opencv2/core/base.hpp:58[m[K,
[2.087s]                  from [01m[K/usr/local/include/opencv4/opencv2/core.hpp:54[m[K,
[2.087s]                  from [01m[K/home/javierfr/Tesis_ws/V1/src/img_proc_pkg/src/img_subs_test_node.cpp:10[m[K:
[2.087s] [01m[K/usr/local/include/opencv4/opencv2/core/cvstd.hpp:152:21:[m[K [01;36m[Knote: [m[Kâ€˜[01m[Kcv::String[m[Kâ€™ declared here
[2.087s]   152 | typedef std::string [01;36m[KString[m[K;
[2.087s]       |                     [01;36m[K^~~~~~[m[K
[2.087s] [01m[K/home/javierfr/Tesis_ws/V1/src/img_proc_pkg/src/img_subs_test_node.cpp:32:64:[m[K [01;31m[Kerror: [m[Kâ€˜[01m[KString[m[Kâ€™ is not a member of â€˜[01m[Kstd_msgs::msg[m[Kâ€™; did you mean â€˜[01m[Kcv::String[m[Kâ€™?
[2.087s]    32 | scription_ = this->create_subscription<std_msgs::msg::[01;31m[KString[m[K>(
[2.087s]       |                                                       [01;31m[K^~~~~~[m[K
[2.087s] 
[2.087s] In file included from [01m[K/usr/local/include/opencv4/opencv2/core/base.hpp:58[m[K,
[2.088s]                  from [01m[K/usr/local/include/opencv4/opencv2/core.hpp:54[m[K,
[2.088s]                  from [01m[K/home/javierfr/Tesis_ws/V1/src/img_proc_pkg/src/img_subs_test_node.cpp:10[m[K:
[2.088s] [01m[K/usr/local/include/opencv4/opencv2/core/cvstd.hpp:152:21:[m[K [01;36m[Knote: [m[Kâ€˜[01m[Kcv::String[m[Kâ€™ declared here
[2.088s]   152 | typedef std::string [01;36m[KString[m[K;
[2.088s]       |                     [01;36m[K^~~~~~[m[K
[2.088s] [01m[K/home/javierfr/Tesis_ws/V1/src/img_proc_pkg/src/img_subs_test_node.cpp:33:31:[m[K [01;31m[Kerror: [m[Kâ€˜[01m[KMinimalSubscriber[m[Kâ€™ has not been declared
[2.088s]    33 |       "topic", 10, std::bind(&[01;31m[KMinimalSubscriber[m[K::topic_callback, this, _1));
[2.088s]       |                               [01;31m[K^~~~~~~~~~~~~~~~~[m[K
[2.088s] [01m[K/home/javierfr/Tesis_ws/V1/src/img_proc_pkg/src/img_subs_test_node.cpp:33:72:[m[K [01;31m[Kerror: [m[Kâ€˜[01m[K_1[m[Kâ€™ was not declared in this scope; did you mean â€˜[01m[Kstd::placeholders::_1[m[Kâ€™?
[2.088s]    33 | d(&MinimalSubscriber::topic_callback, this, [01;31m[K_1[m[K));
[2.088s]       |                                             [01;31m[K^~[m[K
[2.088s]       |                                             [32m[Kstd::placeholders::_1[m[K
[2.089s] In file included from [01m[K/home/javierfr/Tesis_ws/V1/src/img_proc_pkg/src/img_subs_test_node.cpp:3[m[K:
[2.089s] [01m[K/usr/include/c++/9/functional:211:34:[m[K [01;36m[Knote: [m[Kâ€˜[01m[Kstd::placeholders::_1[m[Kâ€™ declared here
[2.089s]   211 |     extern const _Placeholder<1> [01;36m[K_1[m[K;
[2.089s]       |                                  [01;36m[K^~[m[K
[2.089s] [01m[K/home/javierfr/Tesis_ws/V1/src/img_proc_pkg/src/img_subs_test_node.cpp:[m[K In function â€˜[01m[Kint main(int, char**)[m[Kâ€™:
[2.090s] [01m[K/home/javierfr/Tesis_ws/V1/src/img_proc_pkg/src/img_subs_test_node.cpp:47:33:[m[K [01;31m[Kerror: [m[Kâ€˜[01m[KMinimalSubscriber[m[Kâ€™ was not declared in this scope
[2.090s]    47 |   rclcpp::spin(std::make_shared<[01;31m[KMinimalSubscriber[m[K>());
[2.090s]       |                                 [01;31m[K^~~~~~~~~~~~~~~~~[m[K
[2.090s] [01m[K/home/javierfr/Tesis_ws/V1/src/img_proc_pkg/src/img_subs_test_node.cpp:47:52:[m[K [01;31m[Kerror: [m[Kno matching function for call to â€˜[01m[Kmake_shared<<expression error> >()[m[Kâ€™
[2.090s]    47 |   rclcpp::spin(std::make_shared<MinimalSubscriber>([01;31m[K)[m[K);
[2.090s]       |                                                    [01;31m[K^[m[K
[2.090s] In file included from [01m[K/usr/include/c++/9/memory:81[m[K,
[2.090s]                  from [01m[K/home/javierfr/Tesis_ws/V1/src/img_proc_pkg/src/img_subs_test_node.cpp:4[m[K:
[2.090s] [01m[K/usr/include/c++/9/bits/shared_ptr.h:714:5:[m[K [01;36m[Knote: [m[Kcandidate: â€˜[01m[Ktemplate<class _Tp, class ... _Args> std::shared_ptr<_Tp> std::make_shared(_Args&& ...)[m[Kâ€™
[2.090s]   714 |     [01;36m[Kmake_shared[m[K(_Args&&... __args)
[2.090s]       |     [01;36m[K^~~~~~~~~~~[m[K
[2.090s] [01m[K/usr/include/c++/9/bits/shared_ptr.h:714:5:[m[K [01;36m[Knote: [m[K  template argument deduction/substitution failed:
[2.091s] [01m[K/home/javierfr/Tesis_ws/V1/src/img_proc_pkg/src/img_subs_test_node.cpp:47:52:[m[K [01;31m[Kerror: [m[Ktemplate argument 1 is invalid
[2.091s]    47 |   rclcpp::spin(std::make_shared<MinimalSubscriber>([01;31m[K)[m[K);
[2.091s]       |                                                    [01;31m[K^[m[K
[2.542s] make[2]: *** [CMakeFiles/img_subs_test_node.dir/build.make:63: CMakeFiles/img_subs_test_node.dir/src/img_subs_test_node.cpp.o] Error 1
[2.542s] make[1]: *** [CMakeFiles/Makefile2:82: CMakeFiles/img_subs_test_node.dir/all] Error 2
[2.542s] make: *** [Makefile:141: all] Error 2
[2.544s] Invoked command in '/home/javierfr/Tesis_ws/V1/build/img_proc_pkg' returned '2': CMAKE_PREFIX_PATH=/opt/ros/foxy /usr/bin/cmake --build /home/javierfr/Tesis_ws/V1/build/img_proc_pkg -- -j12 -l12
