[0.008s] Invoking command in '/home/javierfr/Tesis_ws/V1/build/sim_pkg': AMENT_PREFIX_PATH=/home/javierfr/Tesis_ws/V1/install/interfaces:${AMENT_PREFIX_PATH} CMAKE_PREFIX_PATH=/home/javierfr/Tesis_ws/V1/install/interfaces:/opt/ros/foxy LD_LIBRARY_PATH=/home/javierfr/Tesis_ws/V1/install/interfaces/lib:/opt/ros/foxy/opt/yaml_cpp_vendor/lib:/opt/ros/foxy/opt/rviz_ogre_vendor/lib:/opt/ros/foxy/lib/x86_64-linux-gnu:/opt/ros/foxy/lib:/usr/lib/x86_64-linux-gnu/gazebo-11/plugins:/usr/lib/x86_64-linux-gnu/gazebo-11/plugins PYTHONPATH=/home/javierfr/Tesis_ws/V1/install/interfaces/lib/python3.8/site-packages:${PYTHONPATH} /usr/bin/cmake --build /home/javierfr/Tesis_ws/V1/build/sim_pkg -- -j12 -l12
[0.040s] [35m[1mScanning dependencies of target plat1_send_vel_node[0m
[0.081s] [ 50%] [32mBuilding CXX object CMakeFiles/plat1_send_vel_node.dir/src/plat1_send_vel_node.cpp.o[0m
[5.502s] In file included from /usr/include/ignition/math6/ignition/math.hh:30,
[5.502s]                  from /usr/include/sdformat-9.5/sdf/Param.hh:33,
[5.502s]                  from /usr/include/sdformat-9.5/sdf/Element.hh:28,
[5.502s]                  from /usr/include/sdformat-9.5/sdf/Actor.hh:25,
[5.502s]                  from /usr/include/sdformat-9.5/sdf/sdf.hh:2,
[5.502s]                  from /usr/include/gazebo-11/gazebo/msgs/msgs.hh:22,
[5.502s]                  from /usr/include/gazebo-11/gazebo/transport/CallbackHelper.hh:29,
[5.503s]                  from /usr/include/gazebo-11/gazebo/transport/transport.hh:2,
[5.503s]                  from /home/javierfr/Tesis_ws/V1/src/sim_pkg/src/plat1_send_vel_node.cpp:4:
[5.503s] /usr/include/ignition/math6/ignition/math/Capsule.hh:91:20: error: â€˜optionalâ€™ in namespace â€˜stdâ€™ does not name a template type
[5.503s]    91 |       public: std::optional< MassMatrix3<Precision> > MassMatrix() const;
[5.503s]       |                    ^~~~~~~~
[5.503s] /usr/include/ignition/math6/ignition/math/Capsule.hh:91:15: note: â€˜std::optionalâ€™ is only available from C++17 onwards
[5.503s]    91 |       public: std::optional< MassMatrix3<Precision> > MassMatrix() const;
[5.503s]       |               ^~~
[5.504s] In file included from /usr/include/ignition/math6/ignition/math/Capsule.hh:149,
[5.504s]                  from /usr/include/ignition/math6/ignition/math.hh:30,
[5.504s]                  from /usr/include/sdformat-9.5/sdf/Param.hh:33,
[5.504s]                  from /usr/include/sdformat-9.5/sdf/Element.hh:28,
[5.504s]                  from /usr/include/sdformat-9.5/sdf/Actor.hh:25,
[5.504s]                  from /usr/include/sdformat-9.5/sdf/sdf.hh:2,
[5.504s]                  from /usr/include/gazebo-11/gazebo/msgs/msgs.hh:22,
[5.504s]                  from /usr/include/gazebo-11/gazebo/transport/CallbackHelper.hh:29,
[5.504s]                  from /usr/include/gazebo-11/gazebo/transport/transport.hh:2,
[5.504s]                  from /home/javierfr/Tesis_ws/V1/src/sim_pkg/src/plat1_send_vel_node.cpp:4:
[5.504s] /usr/include/ignition/math6/ignition/math/detail/Capsule.hh:100:6: error: â€˜optionalâ€™ in namespace â€˜stdâ€™ does not name a template type
[5.504s]   100 | std::optional< MassMatrix3<T> > Capsule<T>::MassMatrix() const
[5.504s]       |      ^~~~~~~~
[5.504s] /usr/include/ignition/math6/ignition/math/detail/Capsule.hh:100:1: note: â€˜std::optionalâ€™ is only available from C++17 onwards
[5.504s]   100 | std::optional< MassMatrix3<T> > Capsule<T>::MassMatrix() const
[5.505s]       | ^~~
[5.505s] In file included from /usr/include/ignition/math6/ignition/math.hh:34,
[5.505s]                  from /usr/include/sdformat-9.5/sdf/Param.hh:33,
[5.506s]                  from /usr/include/sdformat-9.5/sdf/Element.hh:28,
[5.506s]                  from /usr/include/sdformat-9.5/sdf/Actor.hh:25,
[5.507s]                  from /usr/include/sdformat-9.5/sdf/sdf.hh:2,
[5.507s]                  from /usr/include/gazebo-11/gazebo/msgs/msgs.hh:22,
[5.507s]                  from /usr/include/gazebo-11/gazebo/transport/CallbackHelper.hh:29,
[5.507s]                  from /usr/include/gazebo-11/gazebo/transport/transport.hh:2,
[5.507s]                  from /home/javierfr/Tesis_ws/V1/src/sim_pkg/src/plat1_send_vel_node.cpp:4:
[5.507s] /usr/include/ignition/math6/ignition/math/Ellipsoid.hh:77:20: error: â€˜optionalâ€™ in namespace â€˜stdâ€™ does not name a template type
[5.507s]    77 |       public: std::optional< MassMatrix3<Precision> > MassMatrix() const;
[5.508s]       |                    ^~~~~~~~
[5.508s] /usr/include/ignition/math6/ignition/math/Ellipsoid.hh:77:15: note: â€˜std::optionalâ€™ is only available from C++17 onwards
[5.508s]    77 |       public: std::optional< MassMatrix3<Precision> > MassMatrix() const;
[5.508s]       |               ^~~
[5.508s] In file included from /usr/include/ignition/math6/ignition/math/Ellipsoid.hh:132,
[5.508s]                  from /usr/include/ignition/math6/ignition/math.hh:34,
[5.508s]                  from /usr/include/sdformat-9.5/sdf/Param.hh:33,
[5.508s]                  from /usr/include/sdformat-9.5/sdf/Element.hh:28,
[5.508s]                  from /usr/include/sdformat-9.5/sdf/Actor.hh:25,
[5.508s]                  from /usr/include/sdformat-9.5/sdf/sdf.hh:2,
[5.508s]                  from /usr/include/gazebo-11/gazebo/msgs/msgs.hh:22,
[5.508s]                  from /usr/include/gazebo-11/gazebo/transport/CallbackHelper.hh:29,
[5.508s]                  from /usr/include/gazebo-11/gazebo/transport/transport.hh:2,
[5.508s]                  from /home/javierfr/Tesis_ws/V1/src/sim_pkg/src/plat1_send_vel_node.cpp:4:
[5.508s] /usr/include/ignition/math6/ignition/math/detail/Ellipsoid.hh:77:6: error: â€˜optionalâ€™ in namespace â€˜stdâ€™ does not name a template type
[5.508s]    77 | std::optional< MassMatrix3<T> > Ellipsoid<T>::MassMatrix() const
[5.508s]       |      ^~~~~~~~
[5.508s] /usr/include/ignition/math6/ignition/math/detail/Ellipsoid.hh:77:1: note: â€˜std::optionalâ€™ is only available from C++17 onwards
[5.508s]    77 | std::optional< MassMatrix3<T> > Ellipsoid<T>::MassMatrix() const
[5.509s]       | ^~~
[5.509s] In file included from /usr/include/sdformat-9.5/sdf/Element.hh:28,
[5.509s]                  from /usr/include/sdformat-9.5/sdf/Actor.hh:25,
[5.509s]                  from /usr/include/sdformat-9.5/sdf/sdf.hh:2,
[5.509s]                  from /usr/include/gazebo-11/gazebo/msgs/msgs.hh:22,
[5.509s]                  from /usr/include/gazebo-11/gazebo/transport/CallbackHelper.hh:29,
[5.509s]                  from /usr/include/gazebo-11/gazebo/transport/transport.hh:2,
[5.509s]                  from /home/javierfr/Tesis_ws/V1/src/sim_pkg/src/plat1_send_vel_node.cpp:4:
[5.509s] /usr/include/sdformat-9.5/sdf/Param.hh:72:57: error: expected constructor, destructor, or type conversion before â€˜;â€™ token
[5.509s]    72 |   template<class T> ParamStreamer(T) -> ParamStreamer<T>;
[5.509s]       |                                                         ^
[5.509s] /usr/include/sdformat-9.5/sdf/Param.hh:83:47: error: â€˜variantâ€™ is not a member of â€˜stdâ€™
[5.509s]    83 |                            ParamStreamer<std::variant<Ts...>> sv)
[5.509s]       |                                               ^~~~~~~
[5.509s] /usr/include/sdformat-9.5/sdf/Param.hh:83:47: note: â€˜std::variantâ€™ is only available from C++17 onwards
[5.509s] /usr/include/sdformat-9.5/sdf/Param.hh:83:47: error: â€˜variantâ€™ is not a member of â€˜stdâ€™
[5.509s] /usr/include/sdformat-9.5/sdf/Param.hh:83:47: note: â€˜std::variantâ€™ is only available from C++17 onwards
[5.509s] /usr/include/sdformat-9.5/sdf/Param.hh:83:57: error: expected parameter pack before â€˜...â€™
[5.509s]    83 |                            ParamStreamer<std::variant<Ts...>> sv)
[5.510s]       |                                                         ^~~
[5.510s] /usr/include/sdformat-9.5/sdf/Param.hh:83:57: error: template argument 1 is invalid
[5.510s] /usr/include/sdformat-9.5/sdf/Param.hh:83:47: error: â€˜variantâ€™ is not a member of â€˜stdâ€™
[5.510s]    83 |                            ParamStreamer<std::variant<Ts...>> sv)
[5.510s]       |                                               ^~~~~~~
[5.510s] /usr/include/sdformat-9.5/sdf/Param.hh:83:47: note: â€˜std::variantâ€™ is only available from C++17 onwards
[5.510s] /usr/include/sdformat-9.5/sdf/Param.hh:83:47: error: â€˜variantâ€™ is not a member of â€˜stdâ€™
[5.510s] /usr/include/sdformat-9.5/sdf/Param.hh:83:47: note: â€˜std::variantâ€™ is only available from C++17 onwards
[5.510s] /usr/include/sdformat-9.5/sdf/Param.hh:83:57: error: expected parameter pack before â€˜...â€™
[5.510s]    83 |                            ParamStreamer<std::variant<Ts...>> sv)
[5.510s]       |                                                         ^~~
[5.510s] /usr/include/sdformat-9.5/sdf/Param.hh:83:60: error: template argument 1 is invalid
[5.510s]    83 |                            ParamStreamer<std::variant<Ts...>> sv)
[5.510s]       |                                                            ^~
[5.510s] /usr/include/sdformat-9.5/sdf/Param.hh:83:47: error: â€˜variantâ€™ is not a member of â€˜stdâ€™
[5.510s]    83 |                            ParamStreamer<std::variant<Ts...>> sv)
[5.510s]       |                                               ^~~~~~~
[5.510s] /usr/include/sdformat-9.5/sdf/Param.hh:83:47: note: â€˜std::variantâ€™ is only available from C++17 onwards
[5.510s] /usr/include/sdformat-9.5/sdf/Param.hh:83:47: error: â€˜variantâ€™ is not a member of â€˜stdâ€™
[5.511s] /usr/include/sdformat-9.5/sdf/Param.hh:83:47: note: â€˜std::variantâ€™ is only available from C++17 onwards
[5.511s] /usr/include/sdformat-9.5/sdf/Param.hh:83:57: error: expected parameter pack before â€˜...â€™
[5.511s]    83 |                            ParamStreamer<std::variant<Ts...>> sv)
[5.511s]       |                                                         ^~~
[5.511s] /usr/include/sdformat-9.5/sdf/Param.hh:83:60: error: template argument 1 is invalid
[5.511s]    83 |                            ParamStreamer<std::variant<Ts...>> sv)
[5.511s]       |                                                            ^~
[5.511s] /usr/include/sdformat-9.5/sdf/Param.hh:83:28: error: â€˜ParamStreamerâ€™ is not a type
[5.511s]    83 |                            ParamStreamer<std::variant<Ts...>> sv)
[5.511s]       |                            ^~~~~~~~~~~~~
[5.511s] /usr/include/sdformat-9.5/sdf/Param.hh:83:41: error: expected â€˜,â€™ or â€˜...â€™ before â€˜<â€™ token
[5.511s]    83 |                            ParamStreamer<std::variant<Ts...>> sv)
[5.511s]       |                                         ^
[5.511s] /usr/include/sdformat-9.5/sdf/Param.hh: In function â€˜std::ostream& sdf::v9::operator<<(std::ostream&, int)â€™:
[5.511s] /usr/include/sdformat-9.5/sdf/Param.hh:85:10: error: â€˜visitâ€™ is not a member of â€˜stdâ€™
[5.511s]    85 |     std::visit([&os](auto const &v)
[5.511s]       |          ^~~~~
[5.511s] /usr/include/sdformat-9.5/sdf/Param.hh:85:10: note: â€˜std::visitâ€™ is only available from C++17 onwards
[5.511s] /usr/include/sdformat-9.5/sdf/Param.hh: In lambda function:
[5.512s] /usr/include/sdformat-9.5/sdf/Param.hh:87:28: error: missing template arguments before â€˜{â€™ token
[5.512s]    87 |         os << ParamStreamer{v};
[5.512s]       |                            ^
[5.512s] /usr/include/sdformat-9.5/sdf/Param.hh: In function â€˜std::ostream& sdf::v9::operator<<(std::ostream&, int)â€™:
[5.512s] /usr/include/sdformat-9.5/sdf/Param.hh:88:10: error: â€˜svâ€™ was not declared in this scope
[5.512s]    88 |       }, sv.val);
[5.512s]       |          ^~
[5.512s] /usr/include/sdformat-9.5/sdf/Param.hh: At global scope:
[5.512s] /usr/include/sdformat-9.5/sdf/Param.hh:173:30: error: â€˜std::anyâ€™ has not been declared
[5.512s]   173 |     public: bool GetAny(std::any &_anyVal) const;
[5.512s]       |                              ^~~
[5.512s] /usr/include/sdformat-9.5/sdf/Param.hh:242:32: error: â€˜anyâ€™ is not a member of â€˜stdâ€™
[5.512s]   242 |     public: std::function<std::any ()> updateFunc;
[5.512s]       |                                ^~~
[5.512s] /usr/include/sdformat-9.5/sdf/Param.hh:242:32: note: â€˜std::anyâ€™ is only available from C++17 onwards
[5.512s] /usr/include/sdformat-9.5/sdf/Param.hh:242:32: error: â€˜anyâ€™ is not a member of â€˜stdâ€™
[5.512s] /usr/include/sdformat-9.5/sdf/Param.hh:242:32: note: â€˜std::anyâ€™ is only available from C++17 onwards
[5.512s] /usr/include/sdformat-9.5/sdf/Param.hh:242:38: error: template argument 1 is invalid
[5.512s]   242 |     public: std::function<std::any ()> updateFunc;
[5.512s]       |                                      ^
[5.513s] /usr/include/sdformat-9.5/sdf/Param.hh:246:26: error: â€˜variantâ€™ in namespace â€˜stdâ€™ does not name a template type
[5.513s]   246 |     public: typedef std::variant<bool, char, std::string, int, std::uint64_t,
[5.513s]       |                          ^~~~~~~
[5.513s] /usr/include/sdformat-9.5/sdf/Param.hh:246:21: note: â€˜std::variantâ€™ is only available from C++17 onwards
[5.513s]   246 |     public: typedef std::variant<bool, char, std::string, int, std::uint64_t,
[5.513s]       |                     ^~~
[5.513s] /usr/include/sdformat-9.5/sdf/Param.hh:257:13: error: â€˜ParamVariantâ€™ does not name a type
[5.513s]   257 |     public: ParamVariant value;
[5.513s]       |             ^~~~~~~~~~~~
[5.513s] /usr/include/sdformat-9.5/sdf/Param.hh:260:13: error: â€˜ParamVariantâ€™ does not name a type
[5.513s]   260 |     public: ParamVariant defaultValue;
[5.513s]       |             ^~~~~~~~~~~~
[5.513s] /usr/include/sdformat-9.5/sdf/Param.hh: In member function â€˜bool sdf::v9::Param::Get(T&) constâ€™:
[5.513s] /usr/include/sdformat-9.5/sdf/Param.hh:298:69: error: â€˜class sdf::v9::ParamPrivateâ€™ has no member named â€˜valueâ€™
[5.513s]   298 |         std::string strValue = std::get<std::string>(this->dataPtr->value);
[5.513s]       |                                                                     ^~~~~
[5.513s] /usr/include/sdformat-9.5/sdf/Param.hh:318:25: error: â€˜get_ifâ€™ is not a member of â€˜stdâ€™; did you mean â€˜get_timeâ€™?
[5.513s]   318 |         T *value = std::get_if<T>(&this->dataPtr->value);
[5.513s]       |                         ^~~~~~
[5.514s]       |                         get_time
[5.514s] /usr/include/sdformat-9.5/sdf/Param.hh:318:33: error: expected primary-expression before â€˜>â€™ token
[5.514s]   318 |         T *value = std::get_if<T>(&this->dataPtr->value);
[5.514s]       |                                 ^
[5.514s] /usr/include/sdformat-9.5/sdf/Param.hh:318:51: error: â€˜class sdf::v9::ParamPrivateâ€™ has no member named â€˜valueâ€™
[5.514s]   318 |         T *value = std::get_if<T>(&this->dataPtr->value);
[5.514s]       |                                                   ^~~~~
[5.514s] /usr/include/sdformat-9.5/sdf/Param.hh:324:30: error: missing template arguments before â€˜{â€™ token
[5.514s]   324 |           ss << ParamStreamer{this->dataPtr->value};
[5.514s]       |                              ^
[5.514s] /usr/include/sdformat-9.5/sdf/Param.hh: In member function â€˜bool sdf::v9::Param::GetDefault(T&) constâ€™:
[5.514s] /usr/include/sdformat-9.5/sdf/Param.hh:349:26: error: missing template arguments before â€˜{â€™ token
[5.514s]   349 |       ss << ParamStreamer{this->dataPtr->defaultValue};
[5.514s]       |                          ^
[5.514s] /usr/include/sdformat-9.5/sdf/Param.hh: In member function â€˜bool sdf::v9::Param::IsType() constâ€™:
[5.514s] /usr/include/sdformat-9.5/sdf/Param.hh:369:17: error: â€˜holds_alternativeâ€™ is not a member of â€˜stdâ€™
[5.514s]   369 |     return std::holds_alternative<Type>(this->dataPtr->value);
[5.514s]       |                 ^~~~~~~~~~~~~~~~~
[5.514s] /usr/include/sdformat-9.5/sdf/Param.hh:369:39: error: expected primary-expression before â€˜>â€™ token
[5.515s]   369 |     return std::holds_alternative<Type>(this->dataPtr->value);
[5.515s]       |                                       ^
[5.515s] /usr/include/sdformat-9.5/sdf/Param.hh:369:56: error: â€˜class sdf::v9::ParamPrivateâ€™ has no member named â€˜valueâ€™
[5.515s]   369 |     return std::holds_alternative<Type>(this->dataPtr->value);
[5.515s]       |                                                        ^~~~~
[5.515s] In file included from /usr/include/sdformat-9.5/sdf/Actor.hh:25,
[5.515s]                  from /usr/include/sdformat-9.5/sdf/sdf.hh:2,
[5.515s]                  from /usr/include/gazebo-11/gazebo/msgs/msgs.hh:22,
[5.515s]                  from /usr/include/gazebo-11/gazebo/transport/CallbackHelper.hh:29,
[5.515s]                  from /usr/include/gazebo-11/gazebo/transport/transport.hh:2,
[5.515s]                  from /home/javierfr/Tesis_ws/V1/src/sim_pkg/src/plat1_send_vel_node.cpp:4:
[5.515s] /usr/include/sdformat-9.5/sdf/Element.hh: At global scope:
[5.515s] /usr/include/sdformat-9.5/sdf/Element.hh:237:18: error: â€˜anyâ€™ in namespace â€˜stdâ€™ does not name a type
[5.515s]   237 |     public: std::any GetAny(const std::string &_key = "") const;
[5.516s]       |                  ^~~
[5.516s] /usr/include/sdformat-9.5/sdf/Element.hh:237:13: note: â€˜std::anyâ€™ is only available from C++17 onwards
[5.516s]   237 |     public: std::any GetAny(const std::string &_key = "") const;
[5.516s]       |             ^~~
[5.516s] make[2]: *** [CMakeFiles/plat1_send_vel_node.dir/build.make:63: CMakeFiles/plat1_send_vel_node.dir/src/plat1_send_vel_node.cpp.o] Error 1
[5.516s] make[1]: *** [CMakeFiles/Makefile2:78: CMakeFiles/plat1_send_vel_node.dir/all] Error 2
[5.516s] make: *** [Makefile:141: all] Error 2
[5.516s] Invoked command in '/home/javierfr/Tesis_ws/V1/build/sim_pkg' returned '2': AMENT_PREFIX_PATH=/home/javierfr/Tesis_ws/V1/install/interfaces:${AMENT_PREFIX_PATH} CMAKE_PREFIX_PATH=/home/javierfr/Tesis_ws/V1/install/interfaces:/opt/ros/foxy LD_LIBRARY_PATH=/home/javierfr/Tesis_ws/V1/install/interfaces/lib:/opt/ros/foxy/opt/yaml_cpp_vendor/lib:/opt/ros/foxy/opt/rviz_ogre_vendor/lib:/opt/ros/foxy/lib/x86_64-linux-gnu:/opt/ros/foxy/lib:/usr/lib/x86_64-linux-gnu/gazebo-11/plugins:/usr/lib/x86_64-linux-gnu/gazebo-11/plugins PYTHONPATH=/home/javierfr/Tesis_ws/V1/install/interfaces/lib/python3.8/site-packages:${PYTHONPATH} /usr/bin/cmake --build /home/javierfr/Tesis_ws/V1/build/sim_pkg -- -j12 -l12
