[35m[1mScanning dependencies of target control_pid_p2_node[0m
[35m[1mScanning dependencies of target control_pid_p1_node[0m
[ 25%] [32mBuilding CXX object CMakeFiles/control_pid_p2_node.dir/src/control_pid_p2_node.cpp.o[0m
[ 50%] [32mBuilding CXX object CMakeFiles/control_pid_p1_node.dir/src/control_pid_p1_node.cpp.o[0m
/home/javierfr/Tesis_ws/V1/src/control_pkg/src/control_pid_p2_node.cpp: In member function â€˜void Control_PID_P2_node::save_data()â€™:
/home/javierfr/Tesis_ws/V1/src/control_pkg/src/control_pid_p2_node.cpp:568:14: error: â€˜Xrobot1â€™ was not declared in this scope; did you mean â€˜Xrobot2â€™?
  568 |    myfile << Xrobot1;
      |              ^~~~~~~
      |              Xrobot2
/home/javierfr/Tesis_ws/V1/src/control_pkg/src/control_pid_p2_node.cpp:570:14: error: â€˜Yrobot1â€™ was not declared in this scope; did you mean â€˜Yrobot2â€™?
  570 |    myfile << Yrobot1;
      |              ^~~~~~~
      |              Yrobot2
/home/javierfr/Tesis_ws/V1/src/control_pkg/src/control_pid_p2_node.cpp:572:14: error: â€˜ANGrobot1â€™ was not declared in this scope; did you mean â€˜ANGrobot2â€™?
  572 |    myfile << ANGrobot1;
      |              ^~~~~~~~~
      |              ANGrobot2
/home/javierfr/Tesis_ws/V1/src/control_pkg/src/control_pid_p2_node.cpp:574:14: error: â€˜Xobj1â€™ was not declared in this scope; did you mean â€˜Xobj2â€™?
  574 |    myfile << Xobj1;
      |              ^~~~~
      |              Xobj2
/home/javierfr/Tesis_ws/V1/src/control_pkg/src/control_pid_p2_node.cpp:576:14: error: â€˜Yobj1â€™ was not declared in this scope; did you mean â€˜Yobj2â€™?
  576 |    myfile << Yobj1;
      |              ^~~~~
      |              Yobj2
/home/javierfr/Tesis_ws/V1/src/control_pkg/src/control_pid_p2_node.cpp:578:14: error: â€˜ANGobj1â€™ was not declared in this scope; did you mean â€˜ANGobj2â€™?
  578 |    myfile << ANGobj1;
      |              ^~~~~~~
      |              ANGobj2
make[2]: *** [CMakeFiles/control_pid_p2_node.dir/build.make:63: CMakeFiles/control_pid_p2_node.dir/src/control_pid_p2_node.cpp.o] Error 1
make[1]: *** [CMakeFiles/Makefile2:80: CMakeFiles/control_pid_p2_node.dir/all] Error 2
make[1]: *** Waiting for unfinished jobs....
[ 75%] [32m[1mLinking CXX executable control_pid_p1_node[0m
[ 75%] Built target control_pid_p1_node
make: *** [Makefile:141: all] Error 2
