[0.012s] Invoking command in '/home/javierfr/Tesis_ws/V1/build/control_pkg': CMAKE_PREFIX_PATH=/home/javierfr/Tesis_ws/V1/install/interfaces:/home/javierfr/Tesis_ws/V1/install/inv_kinematics_pkg:/home/javierfr/Tesis_ws/V1/install/control_pkg:/home/javierfr/Tesis_ws/V1/install/img_proc_pkg:/home/javierfr/Tesis_ws/V1/install/gazebo_plugin_sim:/opt/ros/foxy LD_LIBRARY_PATH=/home/javierfr/Tesis_ws/V1/install/interfaces/lib:/home/javierfr/Tesis_ws/V1/install/gazebo_plugin_sim/lib:/opt/ros/foxy/opt/yaml_cpp_vendor/lib:/opt/ros/foxy/opt/rviz_ogre_vendor/lib:/opt/ros/foxy/lib/x86_64-linux-gnu:/opt/ros/foxy/lib:/usr/lib/x86_64-linux-gnu/gazebo-11/plugins:/usr/lib/x86_64-linux-gnu/gazebo-11/plugins /usr/bin/cmake --build /home/javierfr/Tesis_ws/V1/build/control_pkg -- -j12 -l12
[0.040s] [35m[1mScanning dependencies of target control_pid_p2_node[0m
[0.040s] [35m[1mScanning dependencies of target control_pid_p1_node[0m
[0.063s] [ 25%] [32mBuilding CXX object CMakeFiles/control_pid_p2_node.dir/src/control_pid_p2_node.cpp.o[0m
[0.065s] [ 50%] [32mBuilding CXX object CMakeFiles/control_pid_p1_node.dir/src/control_pid_p1_node.cpp.o[0m
[3.146s] /home/javierfr/Tesis_ws/V1/src/control_pkg/src/control_pid_p2_node.cpp: In member function â€˜void Control_PID_P2_node::save_data()â€™:
[3.146s] /home/javierfr/Tesis_ws/V1/src/control_pkg/src/control_pid_p2_node.cpp:568:14: error: â€˜Xrobot1â€™ was not declared in this scope; did you mean â€˜Xrobot2â€™?
[3.146s]   568 |    myfile << Xrobot1;
[3.147s]       |              ^~~~~~~
[3.147s]       |              Xrobot2
[3.147s] /home/javierfr/Tesis_ws/V1/src/control_pkg/src/control_pid_p2_node.cpp:570:14: error: â€˜Yrobot1â€™ was not declared in this scope; did you mean â€˜Yrobot2â€™?
[3.147s]   570 |    myfile << Yrobot1;
[3.147s]       |              ^~~~~~~
[3.147s]       |              Yrobot2
[3.147s] /home/javierfr/Tesis_ws/V1/src/control_pkg/src/control_pid_p2_node.cpp:572:14: error: â€˜ANGrobot1â€™ was not declared in this scope; did you mean â€˜ANGrobot2â€™?
[3.147s]   572 |    myfile << ANGrobot1;
[3.147s]       |              ^~~~~~~~~
[3.147s]       |              ANGrobot2
[3.147s] /home/javierfr/Tesis_ws/V1/src/control_pkg/src/control_pid_p2_node.cpp:574:14: error: â€˜Xobj1â€™ was not declared in this scope; did you mean â€˜Xobj2â€™?
[3.147s]   574 |    myfile << Xobj1;
[3.147s]       |              ^~~~~
[3.147s]       |              Xobj2
[3.148s] /home/javierfr/Tesis_ws/V1/src/control_pkg/src/control_pid_p2_node.cpp:576:14: error: â€˜Yobj1â€™ was not declared in this scope; did you mean â€˜Yobj2â€™?
[3.148s]   576 |    myfile << Yobj1;
[3.148s]       |              ^~~~~
[3.148s]       |              Yobj2
[3.148s] /home/javierfr/Tesis_ws/V1/src/control_pkg/src/control_pid_p2_node.cpp:578:14: error: â€˜ANGobj1â€™ was not declared in this scope; did you mean â€˜ANGobj2â€™?
[3.148s]   578 |    myfile << ANGobj1;
[3.148s]       |              ^~~~~~~
[3.148s]       |              ANGobj2
[3.148s] make[2]: *** [CMakeFiles/control_pid_p2_node.dir/build.make:63: CMakeFiles/control_pid_p2_node.dir/src/control_pid_p2_node.cpp.o] Error 1
[3.148s] make[1]: *** [CMakeFiles/Makefile2:80: CMakeFiles/control_pid_p2_node.dir/all] Error 2
[3.148s] make[1]: *** Waiting for unfinished jobs....
[6.118s] [ 75%] [32m[1mLinking CXX executable control_pid_p1_node[0m
[6.373s] [ 75%] Built target control_pid_p1_node
[6.374s] make: *** [Makefile:141: all] Error 2
[6.375s] Invoked command in '/home/javierfr/Tesis_ws/V1/build/control_pkg' returned '2': CMAKE_PREFIX_PATH=/home/javierfr/Tesis_ws/V1/install/interfaces:/home/javierfr/Tesis_ws/V1/install/inv_kinematics_pkg:/home/javierfr/Tesis_ws/V1/install/control_pkg:/home/javierfr/Tesis_ws/V1/install/img_proc_pkg:/home/javierfr/Tesis_ws/V1/install/gazebo_plugin_sim:/opt/ros/foxy LD_LIBRARY_PATH=/home/javierfr/Tesis_ws/V1/install/interfaces/lib:/home/javierfr/Tesis_ws/V1/install/gazebo_plugin_sim/lib:/opt/ros/foxy/opt/yaml_cpp_vendor/lib:/opt/ros/foxy/opt/rviz_ogre_vendor/lib:/opt/ros/foxy/lib/x86_64-linux-gnu:/opt/ros/foxy/lib:/usr/lib/x86_64-linux-gnu/gazebo-11/plugins:/usr/lib/x86_64-linux-gnu/gazebo-11/plugins /usr/bin/cmake --build /home/javierfr/Tesis_ws/V1/build/control_pkg -- -j12 -l12
