[0.020s] Invoking command in '/home/javierfr/Tesis_ws/V1/build/gazebo_plugin_sim': CMAKE_PREFIX_PATH=${CMAKE_PREFIX_PATH}:/opt/ros/foxy /usr/bin/cmake --build /home/javierfr/Tesis_ws/V1/build/gazebo_plugin_sim -- -j12 -l12
[0.061s] [35m[1mScanning dependencies of target platform_plugin_test[0m
[0.147s] [ 50%] [32mBuilding CXX object CMakeFiles/platform_plugin_test.dir/src/platform_plugin_test.cpp.o[0m
[9.255s] /home/javierfr/Tesis_ws/V1/src/gazebo_plugin_sim/src/platform_plugin_test.cpp: In member function â€˜void gazebo_plugin_sim::PlatformPluginTestPrivate::SetVelocityM1(const double&)â€™:
[9.255s] /home/javierfr/Tesis_ws/V1/src/gazebo_plugin_sim/src/platform_plugin_test.cpp:109:3: error: â€˜impl_â€™ was not declared in this scope; did you mean â€˜mpl_â€™?
[9.255s]   109 |   impl_->model_->GetJointController()->SetVelocityTarget(
[9.255s]       |   ^~~~~
[9.255s]       |   mpl_
[9.255s] At global scope:
[9.255s] cc1plus: warning: unrecognized command line option â€˜-Wno-inconsistent-missing-overrideâ€™
[9.256s] make[2]: *** [CMakeFiles/platform_plugin_test.dir/build.make:63: CMakeFiles/platform_plugin_test.dir/src/platform_plugin_test.cpp.o] Error 1
[9.257s] make[1]: *** [CMakeFiles/Makefile2:78: CMakeFiles/platform_plugin_test.dir/all] Error 2
[9.257s] make: *** [Makefile:141: all] Error 2
[9.259s] Invoked command in '/home/javierfr/Tesis_ws/V1/build/gazebo_plugin_sim' returned '2': CMAKE_PREFIX_PATH=${CMAKE_PREFIX_PATH}:/opt/ros/foxy /usr/bin/cmake --build /home/javierfr/Tesis_ws/V1/build/gazebo_plugin_sim -- -j12 -l12
