[0.010s] Invoking command in '/home/javierfr/Tesis_ws/V1/build/control_pkg': AMENT_PREFIX_PATH=/home/javierfr/Tesis_ws/V1/install/interfaces:${AMENT_PREFIX_PATH} CMAKE_PREFIX_PATH=/home/javierfr/Tesis_ws/V1/install/interfaces:/opt/ros/foxy LD_LIBRARY_PATH=/home/javierfr/Tesis_ws/V1/install/interfaces/lib:/opt/ros/foxy/opt/yaml_cpp_vendor/lib:/opt/ros/foxy/opt/rviz_ogre_vendor/lib:/opt/ros/foxy/lib/x86_64-linux-gnu:/opt/ros/foxy/lib:/usr/lib/x86_64-linux-gnu/gazebo-11/plugins:/usr/lib/x86_64-linux-gnu/gazebo-11/plugins PYTHONPATH=/home/javierfr/Tesis_ws/V1/install/interfaces/lib/python3.8/site-packages:${PYTHONPATH} /usr/bin/cmake --build /home/javierfr/Tesis_ws/V1/build/control_pkg -- -j12 -l12
[0.038s] [35m[1mScanning dependencies of target control_pid_p1_node[0m
[0.057s] [ 50%] [32mBuilding CXX object CMakeFiles/control_pid_p1_node.dir/src/control_pid_p1_node.cpp.o[0m
[2.102s] In file included from /opt/ros/foxy/include/rclcpp/service.hpp:34,
[2.102s]                  from /opt/ros/foxy/include/rclcpp/callback_group.hpp:25,
[2.102s]                  from /opt/ros/foxy/include/rclcpp/any_executable.hpp:20,
[2.102s]                  from /opt/ros/foxy/include/rclcpp/memory_strategy.hpp:24,
[2.103s]                  from /opt/ros/foxy/include/rclcpp/memory_strategies.hpp:18,
[2.103s]                  from /opt/ros/foxy/include/rclcpp/executor_options.hpp:20,
[2.103s]                  from /opt/ros/foxy/include/rclcpp/executor.hpp:33,
[2.103s]                  from /opt/ros/foxy/include/rclcpp/executors/multi_threaded_executor.hpp:25,
[2.103s]                  from /opt/ros/foxy/include/rclcpp/executors.hpp:21,
[2.103s]                  from /opt/ros/foxy/include/rclcpp/rclcpp.hpp:146,
[2.103s]                  from /home/javierfr/Tesis_ws/V1/src/control_pkg/src/control_pid_p1_node.cpp:1:
[2.103s] /home/javierfr/Tesis_ws/V1/src/control_pkg/src/control_pid_p1_node.cpp: In member function â€˜void Control_PID_P1_node::subs_callback(interfaces::msg::ImgData_<std::allocator<void> >::SharedPtr) constâ€™:
[2.103s] /home/javierfr/Tesis_ws/V1/src/control_pkg/src/control_pid_p1_node.cpp:26:16: error: â€˜Control_PID_P1_serverâ€™ was not declared in this scope; did you mean â€˜Control_PID_P1_nodeâ€™?
[2.103s]    26 |    RCLCPP_INFO(Control_PID_P1_server->get_logger(), "Data received" );
[2.103s]       |                ^~~~~~~~~~~~~~~~~~~~~
[2.103s] /home/javierfr/Tesis_ws/V1/src/control_pkg/src/control_pid_p1_node.cpp:26:4: error: template argument 1 is invalid
[2.103s]    26 |    RCLCPP_INFO(Control_PID_P1_server->get_logger(), "Data received" );
[2.103s]       |    ^~~~~~~~~~~
[2.103s] /home/javierfr/Tesis_ws/V1/src/control_pkg/src/control_pid_p1_node.cpp:26:4: error: template argument 1 is invalid
[2.103s]    26 |    RCLCPP_INFO(Control_PID_P1_server->get_logger(), "Data received" );
[2.103s]       |    ^~~~~~~~~~~
[2.103s] /home/javierfr/Tesis_ws/V1/src/control_pkg/src/control_pid_p1_node.cpp:26:4: error: template argument 1 is invalid
[2.103s]    26 |    RCLCPP_INFO(Control_PID_P1_server->get_logger(), "Data received" );
[2.103s]       |    ^~~~~~~~~~~
[2.104s] /home/javierfr/Tesis_ws/V1/src/control_pkg/src/control_pid_p1_node.cpp:24:64: warning: unused parameter â€˜data_msgâ€™ [-Wunused-parameter]
[2.104s]    24 |   void subs_callback(const interfaces::msg::ImgData::SharedPtr data_msg) const
[2.104s]       |                      ~~~~~~~~~~~~~~~~~~~~~~~~~~~~~~~~~~~~~~~~~~^~~~~~~~
[2.141s] make[2]: *** [CMakeFiles/control_pid_p1_node.dir/build.make:63: CMakeFiles/control_pid_p1_node.dir/src/control_pid_p1_node.cpp.o] Error 1
[2.141s] make[1]: *** [CMakeFiles/Makefile2:78: CMakeFiles/control_pid_p1_node.dir/all] Error 2
[2.141s] make: *** [Makefile:141: all] Error 2
[2.143s] Invoked command in '/home/javierfr/Tesis_ws/V1/build/control_pkg' returned '2': AMENT_PREFIX_PATH=/home/javierfr/Tesis_ws/V1/install/interfaces:${AMENT_PREFIX_PATH} CMAKE_PREFIX_PATH=/home/javierfr/Tesis_ws/V1/install/interfaces:/opt/ros/foxy LD_LIBRARY_PATH=/home/javierfr/Tesis_ws/V1/install/interfaces/lib:/opt/ros/foxy/opt/yaml_cpp_vendor/lib:/opt/ros/foxy/opt/rviz_ogre_vendor/lib:/opt/ros/foxy/lib/x86_64-linux-gnu:/opt/ros/foxy/lib:/usr/lib/x86_64-linux-gnu/gazebo-11/plugins:/usr/lib/x86_64-linux-gnu/gazebo-11/plugins PYTHONPATH=/home/javierfr/Tesis_ws/V1/install/interfaces/lib/python3.8/site-packages:${PYTHONPATH} /usr/bin/cmake --build /home/javierfr/Tesis_ws/V1/build/control_pkg -- -j12 -l12
