[0.009s] Invoking command in '/home/javierfr/Tesis_ws/V1/build/control_pkg': AMENT_PREFIX_PATH=/home/javierfr/Tesis_ws/V1/install/interfaces:${AMENT_PREFIX_PATH} CMAKE_PREFIX_PATH=/home/javierfr/Tesis_ws/V1/install/interfaces:/opt/ros/foxy LD_LIBRARY_PATH=/home/javierfr/Tesis_ws/V1/install/interfaces/lib:/opt/ros/foxy/opt/yaml_cpp_vendor/lib:/opt/ros/foxy/opt/rviz_ogre_vendor/lib:/opt/ros/foxy/lib/x86_64-linux-gnu:/opt/ros/foxy/lib:/usr/lib/x86_64-linux-gnu/gazebo-11/plugins:/usr/lib/x86_64-linux-gnu/gazebo-11/plugins PYTHONPATH=/home/javierfr/Tesis_ws/V1/install/interfaces/lib/python3.8/site-packages:${PYTHONPATH} /usr/bin/cmake --build /home/javierfr/Tesis_ws/V1/build/control_pkg -- -j12 -l12
[0.029s] -- Found ament_cmake: 0.9.8 (/opt/ros/foxy/share/ament_cmake/cmake)
[0.045s] -- Using PYTHON_EXECUTABLE: /usr/bin/python3
[0.192s] -- Found rclcpp: 2.3.1 (/opt/ros/foxy/share/rclcpp/cmake)
[0.218s] -- Using all available rosidl_typesupport_c: rosidl_typesupport_fastrtps_c;rosidl_typesupport_introspection_c
[0.221s] -- Found rosidl_adapter: 1.2.1 (/opt/ros/foxy/share/rosidl_adapter/cmake)
[0.319s] -- Using all available rosidl_typesupport_cpp: rosidl_typesupport_fastrtps_cpp;rosidl_typesupport_introspection_cpp
[0.358s] -- Found rmw_implementation_cmake: 1.0.3 (/opt/ros/foxy/share/rmw_implementation_cmake/cmake)
[0.359s] -- Using RMW implementation 'rmw_fastrtps_cpp' as default
[0.474s] -- Found interfaces: 0.0.0 (/home/javierfr/Tesis_ws/V1/install/interfaces/share/interfaces/cmake)
[0.523s] -- Configuring done
[0.529s] -- Generating done
[0.530s] -- Build files have been written to: /home/javierfr/Tesis_ws/V1/build/control_pkg
[0.547s] [35m[1mScanning dependencies of target control_pid_p1_server[0m
[0.572s] [ 50%] [32mBuilding CXX object CMakeFiles/control_pid_p1_server.dir/src/control_pid_p1_server.cpp.o[0m
[2.073s] /home/javierfr/Tesis_ws/V1/src/control_pkg/src/control_pid_p1_server.cpp: In function â€˜void pid_serv(std::shared_ptr<interfaces::srv::ControlPidStart_Request_<std::allocator<void> > >, std::shared_ptr<interfaces::srv::ControlPidStart_Response_<std::allocator<void> > >)â€™:
[2.073s] /home/javierfr/Tesis_ws/V1/src/control_pkg/src/control_pid_p1_server.cpp:19:31: error: â€˜subs_callbackâ€™ was not declared in this scope
[2.073s]    19 |   "image_data", 1, std::bind(&subs_callback,Control_PID_P1_server, _1));
[2.073s]       |                               ^~~~~~~~~~~~~
[2.073s] /home/javierfr/Tesis_ws/V1/src/control_pkg/src/control_pid_p1_server.cpp:15:80: warning: unused parameter â€˜requestâ€™ [-Wunused-parameter]
[2.073s]    15 | void pid_serv(const std::shared_ptr<interfaces::srv::ControlPidStart::Request> request,
[2.073s]       |               ~~~~~~~~~~~~~~~~~~~~~~~~~~~~~~~~~~~~~~~~~~~~~~~~~~~~~~~~~~~~~~~~~^~~~~~~
[2.074s] /home/javierfr/Tesis_ws/V1/src/control_pkg/src/control_pid_p1_server.cpp:16:63: warning: unused parameter â€˜responseâ€™ [-Wunused-parameter]
[2.074s]    16 |   std::shared_ptr<interfaces::srv::ControlPidStart::Response> response)
[2.074s]       |   ~~~~~~~~~~~~~~~~~~~~~~~~~~~~~~~~~~~~~~~~~~~~~~~~~~~~~~~~~~~~^~~~~~~~
[2.074s] /home/javierfr/Tesis_ws/V1/src/control_pkg/src/control_pid_p1_server.cpp: At global scope:
[2.074s] /home/javierfr/Tesis_ws/V1/src/control_pkg/src/control_pid_p1_server.cpp:27:72: error: non-member function â€˜void subs_callback(interfaces::msg::ImgData_<std::allocator<void> >::SharedPtr)â€™ cannot have cv-qualifier
[2.074s]    27 | void subs_callback(const interfaces::msg::ImgData::SharedPtr data_msg) const
[2.074s]       |                                                                        ^~~~~
[2.074s] In file included from /opt/ros/foxy/include/rclcpp/service.hpp:34,
[2.074s]                  from /opt/ros/foxy/include/rclcpp/callback_group.hpp:25,
[2.074s]                  from /opt/ros/foxy/include/rclcpp/any_executable.hpp:20,
[2.074s]                  from /opt/ros/foxy/include/rclcpp/memory_strategy.hpp:24,
[2.074s]                  from /opt/ros/foxy/include/rclcpp/memory_strategies.hpp:18,
[2.074s]                  from /opt/ros/foxy/include/rclcpp/executor_options.hpp:20,
[2.074s]                  from /opt/ros/foxy/include/rclcpp/executor.hpp:33,
[2.074s]                  from /opt/ros/foxy/include/rclcpp/executors/multi_threaded_executor.hpp:25,
[2.075s]                  from /opt/ros/foxy/include/rclcpp/executors.hpp:21,
[2.075s]                  from /opt/ros/foxy/include/rclcpp/rclcpp.hpp:146,
[2.075s]                  from /home/javierfr/Tesis_ws/V1/src/control_pkg/src/control_pid_p1_server.cpp:1:
[2.075s] /home/javierfr/Tesis_ws/V1/src/control_pkg/src/control_pid_p1_server.cpp: In function â€˜void subs_callback(interfaces::msg::ImgData_<std::allocator<void> >::SharedPtr)â€™:
[2.075s] /home/javierfr/Tesis_ws/V1/src/control_pkg/src/control_pid_p1_server.cpp:29:14: error: invalid use of â€˜thisâ€™ in non-member function
[2.075s]    29 |  RCLCPP_INFO(this->get_logger(), "Data received" );
[2.076s]       |              ^~~~
[2.076s] /home/javierfr/Tesis_ws/V1/src/control_pkg/src/control_pid_p1_server.cpp:29:14: error: invalid use of â€˜thisâ€™ in non-member function
[2.077s] /home/javierfr/Tesis_ws/V1/src/control_pkg/src/control_pid_p1_server.cpp:29:2: error: template argument 1 is invalid
[2.077s]    29 |  RCLCPP_INFO(this->get_logger(), "Data received" );
[2.077s]       |  ^~~~~~~~~~~
[2.077s] /home/javierfr/Tesis_ws/V1/src/control_pkg/src/control_pid_p1_server.cpp:29:2: error: template argument 1 is invalid
[2.077s]    29 |  RCLCPP_INFO(this->get_logger(), "Data received" );
[2.078s]       |  ^~~~~~~~~~~
[2.078s] /home/javierfr/Tesis_ws/V1/src/control_pkg/src/control_pid_p1_server.cpp:29:2: error: template argument 1 is invalid
[2.078s]    29 |  RCLCPP_INFO(this->get_logger(), "Data received" );
[2.078s]       |  ^~~~~~~~~~~
[2.078s] In file included from /opt/ros/foxy/include/rclcpp/client.hpp:40,
[2.078s]                  from /opt/ros/foxy/include/rclcpp/callback_group.hpp:23,
[2.078s]                  from /opt/ros/foxy/include/rclcpp/any_executable.hpp:20,
[2.078s]                  from /opt/ros/foxy/include/rclcpp/memory_strategy.hpp:24,
[2.079s]                  from /opt/ros/foxy/include/rclcpp/memory_strategies.hpp:18,
[2.079s]                  from /opt/ros/foxy/include/rclcpp/executor_options.hpp:20,
[2.079s]                  from /opt/ros/foxy/include/rclcpp/executor.hpp:33,
[2.079s]                  from /opt/ros/foxy/include/rclcpp/executors/multi_threaded_executor.hpp:25,
[2.079s]                  from /opt/ros/foxy/include/rclcpp/executors.hpp:21,
[2.079s]                  from /opt/ros/foxy/include/rclcpp/rclcpp.hpp:146,
[2.079s]                  from /home/javierfr/Tesis_ws/V1/src/control_pkg/src/control_pid_p1_server.cpp:1:
[2.079s] /home/javierfr/Tesis_ws/V1/src/control_pkg/src/control_pid_p1_server.cpp:29:14: error: invalid use of â€˜thisâ€™ in non-member function
[2.079s]    29 |  RCLCPP_INFO(this->get_logger(), "Data received" );
[2.079s]       |              ^~~~
[2.079s] /home/javierfr/Tesis_ws/V1/src/control_pkg/src/control_pid_p1_server.cpp:29:14: error: invalid use of â€˜thisâ€™ in non-member function
[2.079s]    29 |  RCLCPP_INFO(this->get_logger(), "Data received" );
[2.079s]       |              ^~~~
[2.079s] /home/javierfr/Tesis_ws/V1/src/control_pkg/src/control_pid_p1_server.cpp:27:62: warning: unused parameter â€˜data_msgâ€™ [-Wunused-parameter]
[2.079s]    27 | void subs_callback(const interfaces::msg::ImgData::SharedPtr data_msg) const
[2.080s]       |                    ~~~~~~~~~~~~~~~~~~~~~~~~~~~~~~~~~~~~~~~~~~^~~~~~~~
[2.080s] make[2]: *** [CMakeFiles/control_pid_p1_server.dir/build.make:63: CMakeFiles/control_pid_p1_server.dir/src/control_pid_p1_server.cpp.o] Error 1
[2.080s] make[1]: *** [CMakeFiles/Makefile2:78: CMakeFiles/control_pid_p1_server.dir/all] Error 2
[2.080s] make: *** [Makefile:141: all] Error 2
[2.080s] Invoked command in '/home/javierfr/Tesis_ws/V1/build/control_pkg' returned '2': AMENT_PREFIX_PATH=/home/javierfr/Tesis_ws/V1/install/interfaces:${AMENT_PREFIX_PATH} CMAKE_PREFIX_PATH=/home/javierfr/Tesis_ws/V1/install/interfaces:/opt/ros/foxy LD_LIBRARY_PATH=/home/javierfr/Tesis_ws/V1/install/interfaces/lib:/opt/ros/foxy/opt/yaml_cpp_vendor/lib:/opt/ros/foxy/opt/rviz_ogre_vendor/lib:/opt/ros/foxy/lib/x86_64-linux-gnu:/opt/ros/foxy/lib:/usr/lib/x86_64-linux-gnu/gazebo-11/plugins:/usr/lib/x86_64-linux-gnu/gazebo-11/plugins PYTHONPATH=/home/javierfr/Tesis_ws/V1/install/interfaces/lib/python3.8/site-packages:${PYTHONPATH} /usr/bin/cmake --build /home/javierfr/Tesis_ws/V1/build/control_pkg -- -j12 -l12
