[35m[1mScanning dependencies of target img_proc_id_node[0m
[ 25%] Built target img_proc_node
[ 75%] Built target img_publ_test_node
[ 75%] Built target img_subs_test_node
[ 87%] [32mBuilding CXX object CMakeFiles/img_proc_id_node.dir/src/img_proc_id_node.cpp.o[0m
In file included from [01m[K/usr/local/include/opencv4/opencv2/core/cvdef.h:188[m[K,
                 from [01m[K/usr/local/include/opencv4/opencv2/core.hpp:52[m[K,
                 from [01m[K/home/javierfr/Tesis_ws/V1/src/img_proc_pkg/src/img_proc_id_node.cpp:10[m[K:
[01m[K/home/javierfr/Tesis_ws/V1/src/img_proc_pkg/src/img_proc_id_node.cpp:[m[K In member function â€˜[01m[Kvoid Img_Proc_Id_Node::topic_callback(sensor_msgs::msg::Image_<std::allocator<void> >::SharedPtr) const[m[Kâ€™:
[01m[K/home/javierfr/Tesis_ws/V1/src/img_proc_pkg/src/img_proc_id_node.cpp:71:38:[m[K [01;31m[Kerror: [m[Kexpected unqualified-id before â€˜[01m[K([m[Kâ€™ token
   71 |       cv::Mat mask(n_rows,n_cols,cv::[01;31m[KCV_8UC1[m[K, 0);
      |                                      [01;31m[K^~~~~~~[m[K
make[2]: *** [CMakeFiles/img_proc_id_node.dir/build.make:63: CMakeFiles/img_proc_id_node.dir/src/img_proc_id_node.cpp.o] Error 1
make[1]: *** [CMakeFiles/Makefile2:138: CMakeFiles/img_proc_id_node.dir/all] Error 2
make: *** [Makefile:141: all] Error 2
