[35m[1mScanning dependencies of target control_pid_r2_node[0m
[35m[1mScanning dependencies of target control_pid_r1_node[0m
[ 25%] Built target control_pid_p2_node
[ 50%] Built target control_pid_p1_node
[ 62%] [32mBuilding CXX object CMakeFiles/control_pid_r2_node.dir/src/control_pid_r2_node.cpp.o[0m
[ 75%] [32mBuilding CXX object CMakeFiles/control_pid_r1_node.dir/src/control_pid_r1_node.cpp.o[0m
/home/javierfr/Tesis_ws/V1/src/control_pkg/src/control_pid_r2_node.cpp:859:35: error: â€˜RobotformVelâ€™ is not a member of â€˜interfaces::srvâ€™; did you mean â€˜RobotVelâ€™?
  859 |   rclcpp::Client<interfaces::srv::RobotformVel>::SharedPtr client;
      |                                   ^~~~~~~~~~~~
      |                                   RobotVel
/home/javierfr/Tesis_ws/V1/src/control_pkg/src/control_pid_r2_node.cpp:859:35: error: â€˜RobotformVelâ€™ is not a member of â€˜interfaces::srvâ€™; did you mean â€˜RobotVelâ€™?
  859 |   rclcpp::Client<interfaces::srv::RobotformVel>::SharedPtr client;
      |                                   ^~~~~~~~~~~~
      |                                   RobotVel
/home/javierfr/Tesis_ws/V1/src/control_pkg/src/control_pid_r2_node.cpp:859:47: error: template argument 1 is invalid
  859 |   rclcpp::Client<interfaces::srv::RobotformVel>::SharedPtr client;
      |                                               ^
/home/javierfr/Tesis_ws/V1/src/control_pkg/src/control_pid_r2_node.cpp:859:50: error: expected â€˜;â€™ at end of member declaration
  859 |   rclcpp::Client<interfaces::srv::RobotformVel>::SharedPtr client;
      |                                                  ^~~~~~~~~
      |                                                           ;
/home/javierfr/Tesis_ws/V1/src/control_pkg/src/control_pid_r2_node.cpp:859:60: error: â€˜clientâ€™ does not name a type
  859 |   rclcpp::Client<interfaces::srv::RobotformVel>::SharedPtr client;
      |                                                            ^~~~~~
/home/javierfr/Tesis_ws/V1/src/control_pkg/src/control_pid_r2_node.cpp: In constructor â€˜Control_PID_R2_node::Control_PID_R2_node()â€™:
/home/javierfr/Tesis_ws/V1/src/control_pkg/src/control_pid_r2_node.cpp:189:4: error: â€˜clientâ€™ was not declared in this scope
  189 |    client = this->create_client<interfaces::srv::RobotVel>("robot2_vel");
      |    ^~~~~~
/home/javierfr/Tesis_ws/V1/src/control_pkg/src/control_pid_r2_node.cpp:204:6: error: â€˜LmSw_subscriberâ€™ was not declared in this scope; did you mean â€˜count_subscribersâ€™?
  204 |      LmSw_subscriber= create_subscription<interfaces::msg::LimitSwitch>(
      |      ^~~~~~~~~~~~~~~
      |      count_subscribers
/home/javierfr/Tesis_ws/V1/src/control_pkg/src/control_pid_r2_node.cpp:207:4: error: â€˜velM_subscriberâ€™ was not declared in this scope; did you mean â€˜count_subscribersâ€™?
  207 |    velM_subscriber= create_subscription<interfaces::msg::MotorVelsWArm>(
      |    ^~~~~~~~~~~~~~~
      |    count_subscribers
/home/javierfr/Tesis_ws/V1/src/control_pkg/src/control_pid_r2_node.cpp: In member function â€˜void Control_PID_R2_node::send_vel()â€™:
/home/javierfr/Tesis_ws/V1/src/control_pkg/src/control_pid_r2_node.cpp:761:19: error: â€˜clientâ€™ was not declared in this scope
  761 |     auto result = client->async_send_request(request);
      |                   ^~~~~~
make[2]: *** [CMakeFiles/control_pid_r2_node.dir/build.make:63: CMakeFiles/control_pid_r2_node.dir/src/control_pid_r2_node.cpp.o] Error 1
make[1]: *** [CMakeFiles/Makefile2:84: CMakeFiles/control_pid_r2_node.dir/all] Error 2
make[1]: *** Waiting for unfinished jobs....
[ 87%] [32m[1mLinking CXX executable control_pid_r1_node[0m
[ 87%] Built target control_pid_r1_node
make: *** [Makefile:141: all] Error 2
