[0.014s] Invoking command in '/home/javierfr/Tesis_ws/V1/build/control_pkg': CMAKE_PREFIX_PATH=/home/javierfr/Tesis_ws/V1/install/interfaces:/home/javierfr/Tesis_ws/V1/install/inv_kinematics_pkg:/home/javierfr/Tesis_ws/V1/install/control_pkg:/home/javierfr/Tesis_ws/V1/install/img_proc_pkg:/home/javierfr/Tesis_ws/V1/install/gazebo_plugin_sim:/opt/ros/foxy LD_LIBRARY_PATH=/home/javierfr/Tesis_ws/V1/install/interfaces/lib:/home/javierfr/Tesis_ws/V1/install/gazebo_plugin_sim/lib:/opt/ros/foxy/opt/yaml_cpp_vendor/lib:/opt/ros/foxy/opt/rviz_ogre_vendor/lib:/opt/ros/foxy/lib/x86_64-linux-gnu:/opt/ros/foxy/lib:/usr/lib/x86_64-linux-gnu/gazebo-11/plugins:/usr/lib/x86_64-linux-gnu/gazebo-11/plugins /usr/bin/cmake --build /home/javierfr/Tesis_ws/V1/build/control_pkg -- -j12 -l12
[0.045s] [35m[1mScanning dependencies of target control_pid_r2_node[0m
[0.047s] [35m[1mScanning dependencies of target control_pid_r1_node[0m
[0.064s] [ 25%] Built target control_pid_p2_node
[0.066s] [ 50%] Built target control_pid_p1_node
[0.076s] [ 62%] [32mBuilding CXX object CMakeFiles/control_pid_r2_node.dir/src/control_pid_r2_node.cpp.o[0m
[0.079s] [ 75%] [32mBuilding CXX object CMakeFiles/control_pid_r1_node.dir/src/control_pid_r1_node.cpp.o[0m
[3.782s] /home/javierfr/Tesis_ws/V1/src/control_pkg/src/control_pid_r2_node.cpp:859:35: error: â€˜RobotformVelâ€™ is not a member of â€˜interfaces::srvâ€™; did you mean â€˜RobotVelâ€™?
[3.782s]   859 |   rclcpp::Client<interfaces::srv::RobotformVel>::SharedPtr client;
[3.782s]       |                                   ^~~~~~~~~~~~
[3.782s]       |                                   RobotVel
[3.782s] /home/javierfr/Tesis_ws/V1/src/control_pkg/src/control_pid_r2_node.cpp:859:35: error: â€˜RobotformVelâ€™ is not a member of â€˜interfaces::srvâ€™; did you mean â€˜RobotVelâ€™?
[3.783s]   859 |   rclcpp::Client<interfaces::srv::RobotformVel>::SharedPtr client;
[3.783s]       |                                   ^~~~~~~~~~~~
[3.783s]       |                                   RobotVel
[3.783s] /home/javierfr/Tesis_ws/V1/src/control_pkg/src/control_pid_r2_node.cpp:859:47: error: template argument 1 is invalid
[3.783s]   859 |   rclcpp::Client<interfaces::srv::RobotformVel>::SharedPtr client;
[3.783s]       |                                               ^
[3.783s] /home/javierfr/Tesis_ws/V1/src/control_pkg/src/control_pid_r2_node.cpp:859:50: error: expected â€˜;â€™ at end of member declaration
[3.783s]   859 |   rclcpp::Client<interfaces::srv::RobotformVel>::SharedPtr client;
[3.783s]       |                                                  ^~~~~~~~~
[3.783s]       |                                                           ;
[3.783s] /home/javierfr/Tesis_ws/V1/src/control_pkg/src/control_pid_r2_node.cpp:859:60: error: â€˜clientâ€™ does not name a type
[3.783s]   859 |   rclcpp::Client<interfaces::srv::RobotformVel>::SharedPtr client;
[3.783s]       |                                                            ^~~~~~
[3.783s] /home/javierfr/Tesis_ws/V1/src/control_pkg/src/control_pid_r2_node.cpp: In constructor â€˜Control_PID_R2_node::Control_PID_R2_node()â€™:
[3.783s] /home/javierfr/Tesis_ws/V1/src/control_pkg/src/control_pid_r2_node.cpp:189:4: error: â€˜clientâ€™ was not declared in this scope
[3.783s]   189 |    client = this->create_client<interfaces::srv::RobotVel>("robot2_vel");
[3.783s]       |    ^~~~~~
[3.784s] /home/javierfr/Tesis_ws/V1/src/control_pkg/src/control_pid_r2_node.cpp:204:6: error: â€˜LmSw_subscriberâ€™ was not declared in this scope; did you mean â€˜count_subscribersâ€™?
[3.784s]   204 |      LmSw_subscriber= create_subscription<interfaces::msg::LimitSwitch>(
[3.784s]       |      ^~~~~~~~~~~~~~~
[3.784s]       |      count_subscribers
[3.784s] /home/javierfr/Tesis_ws/V1/src/control_pkg/src/control_pid_r2_node.cpp:207:4: error: â€˜velM_subscriberâ€™ was not declared in this scope; did you mean â€˜count_subscribersâ€™?
[3.784s]   207 |    velM_subscriber= create_subscription<interfaces::msg::MotorVelsWArm>(
[3.784s]       |    ^~~~~~~~~~~~~~~
[3.784s]       |    count_subscribers
[3.784s] /home/javierfr/Tesis_ws/V1/src/control_pkg/src/control_pid_r2_node.cpp: In member function â€˜void Control_PID_R2_node::send_vel()â€™:
[3.784s] /home/javierfr/Tesis_ws/V1/src/control_pkg/src/control_pid_r2_node.cpp:761:19: error: â€˜clientâ€™ was not declared in this scope
[3.784s]   761 |     auto result = client->async_send_request(request);
[3.784s]       |                   ^~~~~~
[3.784s] make[2]: *** [CMakeFiles/control_pid_r2_node.dir/build.make:63: CMakeFiles/control_pid_r2_node.dir/src/control_pid_r2_node.cpp.o] Error 1
[3.784s] make[1]: *** [CMakeFiles/Makefile2:84: CMakeFiles/control_pid_r2_node.dir/all] Error 2
[3.784s] make[1]: *** Waiting for unfinished jobs....
[8.116s] [ 87%] [32m[1mLinking CXX executable control_pid_r1_node[0m
[8.457s] [ 87%] Built target control_pid_r1_node
[8.458s] make: *** [Makefile:141: all] Error 2
[8.459s] Invoked command in '/home/javierfr/Tesis_ws/V1/build/control_pkg' returned '2': CMAKE_PREFIX_PATH=/home/javierfr/Tesis_ws/V1/install/interfaces:/home/javierfr/Tesis_ws/V1/install/inv_kinematics_pkg:/home/javierfr/Tesis_ws/V1/install/control_pkg:/home/javierfr/Tesis_ws/V1/install/img_proc_pkg:/home/javierfr/Tesis_ws/V1/install/gazebo_plugin_sim:/opt/ros/foxy LD_LIBRARY_PATH=/home/javierfr/Tesis_ws/V1/install/interfaces/lib:/home/javierfr/Tesis_ws/V1/install/gazebo_plugin_sim/lib:/opt/ros/foxy/opt/yaml_cpp_vendor/lib:/opt/ros/foxy/opt/rviz_ogre_vendor/lib:/opt/ros/foxy/lib/x86_64-linux-gnu:/opt/ros/foxy/lib:/usr/lib/x86_64-linux-gnu/gazebo-11/plugins:/usr/lib/x86_64-linux-gnu/gazebo-11/plugins /usr/bin/cmake --build /home/javierfr/Tesis_ws/V1/build/control_pkg -- -j12 -l12
