-- Found ament_cmake: 0.9.8 (/opt/ros/foxy/share/ament_cmake/cmake)
-- Using PYTHON_EXECUTABLE: /usr/bin/python3
-- Found sensor_msgs: 2.0.4 (/opt/ros/foxy/share/sensor_msgs/cmake)
-- Using all available rosidl_typesupport_c: rosidl_typesupport_fastrtps_c;rosidl_typesupport_introspection_c
-- Found rosidl_adapter: 1.2.1 (/opt/ros/foxy/share/rosidl_adapter/cmake)
-- Using all available rosidl_typesupport_cpp: rosidl_typesupport_fastrtps_cpp;rosidl_typesupport_introspection_cpp
-- Found rclcpp: 2.3.1 (/opt/ros/foxy/share/rclcpp/cmake)
-- Found rmw_implementation_cmake: 1.0.3 (/opt/ros/foxy/share/rmw_implementation_cmake/cmake)
-- Using RMW implementation 'rmw_fastrtps_cpp' as default
-- Found image_transport: 2.3.0 (/opt/ros/foxy/share/image_transport/cmake)
-- Found cv_bridge: 2.2.1 (/opt/ros/foxy/share/cv_bridge/cmake)
-- Configuring done
-- Generating done
-- Build files have been written to: /home/javierfr/Tesis_ws/V1/build/img_proc_pkg
[35m[1mScanning dependencies of target img_proc_id_node[0m
[35m[1mScanning dependencies of target img_proc_qr_detector[0m
[ 20%] Built target img_proc_node
[ 60%] Built target img_subs_test_node
[ 60%] Built target img_publ_test_node
[ 70%] [32mBuilding CXX object CMakeFiles/img_proc_qr_detector.dir/src/img_proc_qr_detector.cpp.o[0m
[ 80%] [32mBuilding CXX object CMakeFiles/img_proc_id_node.dir/src/img_proc_id_node.cpp.o[0m
[01m[K/home/javierfr/Tesis_ws/V1/src/img_proc_pkg/src/img_proc_qr_detector.cpp:[m[K In member function â€˜[01m[Kvoid Img_Proc_Qr_Detector::topic_callback(sensor_msgs::msg::Image_<std::allocator<void> >::SharedPtr) const[m[Kâ€™:
[01m[K/home/javierfr/Tesis_ws/V1/src/img_proc_pkg/src/img_proc_qr_detector.cpp:67:34:[m[K [01;31m[Kerror: [m[Kâ€˜[01m[Kimage1[m[Kâ€™ was not declared in this scope
   67 |      cv::imshow("Display Image", [01;31m[Kimage1[m[K);
      |                                  [01;31m[K^~~~~~[m[K
[01m[K/home/javierfr/Tesis_ws/V1/src/img_proc_pkg/src/img_proc_id_node.cpp:[m[K In member function â€˜[01m[Kvoid Img_Proc_Id_Node::topic_callback(sensor_msgs::msg::Image_<std::allocator<void> >::SharedPtr) const[m[Kâ€™:
[01m[K/home/javierfr/Tesis_ws/V1/src/img_proc_pkg/src/img_proc_id_node.cpp:65:34:[m[K [01;31m[Kerror: [m[Kâ€˜[01m[Kimage1[m[Kâ€™ was not declared in this scope
   65 |      cv::imshow("Display Image", [01;31m[Kimage1[m[K);
      |                                  [01;31m[K^~~~~~[m[K
[01m[K/home/javierfr/Tesis_ws/V1/src/img_proc_pkg/src/img_proc_id_node.cpp:[m[K In function â€˜[01m[Kint main(int, char**)[m[Kâ€™:
[01m[K/home/javierfr/Tesis_ws/V1/src/img_proc_pkg/src/img_proc_id_node.cpp:76:33:[m[K [01;31m[Kerror: [m[Kâ€˜[01m[KImg_Proc_Id_node[m[Kâ€™ was not declared in this scope; did you mean â€˜[01m[KImg_Proc_Id_Node[m[Kâ€™?
   76 |   rclcpp::spin(std::make_shared<[01;31m[KImg_Proc_Id_node[m[K>());
      |                                 [01;31m[K^~~~~~~~~~~~~~~~[m[K
      |                                 [32m[KImg_Proc_Id_Node[m[K
[01m[K/home/javierfr/Tesis_ws/V1/src/img_proc_pkg/src/img_proc_id_node.cpp:76:51:[m[K [01;31m[Kerror: [m[Kno matching function for call to â€˜[01m[Kmake_shared<<expression error> >()[m[Kâ€™
   76 |   rclcpp::spin(std::make_shared<Img_Proc_Id_node>([01;31m[K)[m[K);
      |                                                   [01;31m[K^[m[K
In file included from [01m[K/usr/include/c++/9/memory:81[m[K,
                 from [01m[K/home/javierfr/Tesis_ws/V1/src/img_proc_pkg/src/img_proc_id_node.cpp:4[m[K:
[01m[K/usr/include/c++/9/bits/shared_ptr.h:714:5:[m[K [01;36m[Knote: [m[Kcandidate: â€˜[01m[Ktemplate<class _Tp, class ... _Args> std::shared_ptr<_Tp> std::make_shared(_Args&& ...)[m[Kâ€™
  714 |     [01;36m[Kmake_shared[m[K(_Args&&... __args)
      |     [01;36m[K^~~~~~~~~~~[m[K
[01m[K/usr/include/c++/9/bits/shared_ptr.h:714:5:[m[K [01;36m[Knote: [m[K  template argument deduction/substitution failed:
[01m[K/home/javierfr/Tesis_ws/V1/src/img_proc_pkg/src/img_proc_id_node.cpp:76:51:[m[K [01;31m[Kerror: [m[Ktemplate argument 1 is invalid
   76 |   rclcpp::spin(std::make_shared<Img_Proc_Id_node>([01;31m[K)[m[K);
      |                                                   [01;31m[K^[m[K
make[2]: *** [CMakeFiles/img_proc_id_node.dir/build.make:63: CMakeFiles/img_proc_id_node.dir/src/img_proc_id_node.cpp.o] Error 1
make[1]: *** [CMakeFiles/Makefile2:140: CMakeFiles/img_proc_id_node.dir/all] Error 2
make[1]: *** Waiting for unfinished jobs....
make[2]: *** [CMakeFiles/img_proc_qr_detector.dir/build.make:63: CMakeFiles/img_proc_qr_detector.dir/src/img_proc_qr_detector.cpp.o] Error 1
make[1]: *** [CMakeFiles/Makefile2:248: CMakeFiles/img_proc_qr_detector.dir/all] Error 2
make: *** [Makefile:141: all] Error 2
