[0.018s] Invoking command in '/home/javierfr/Tesis_ws/V1/build/img_proc_pkg': CMAKE_PREFIX_PATH=${CMAKE_PREFIX_PATH}:/opt/ros/foxy /usr/bin/cmake --build /home/javierfr/Tesis_ws/V1/build/img_proc_pkg -- -j12 -l12
[0.249s] -- Found ament_cmake: 0.9.8 (/opt/ros/foxy/share/ament_cmake/cmake)
[0.347s] -- Using PYTHON_EXECUTABLE: /usr/bin/python3
[0.660s] -- Found sensor_msgs: 2.0.4 (/opt/ros/foxy/share/sensor_msgs/cmake)
[0.853s] -- Using all available rosidl_typesupport_c: rosidl_typesupport_fastrtps_c;rosidl_typesupport_introspection_c
[0.880s] -- Found rosidl_adapter: 1.2.1 (/opt/ros/foxy/share/rosidl_adapter/cmake)
[1.660s] -- Using all available rosidl_typesupport_cpp: rosidl_typesupport_fastrtps_cpp;rosidl_typesupport_introspection_cpp
[1.930s] -- Found rclcpp: 2.3.1 (/opt/ros/foxy/share/rclcpp/cmake)
[2.038s] -- Found rmw_implementation_cmake: 1.0.3 (/opt/ros/foxy/share/rmw_implementation_cmake/cmake)
[2.058s] -- Using RMW implementation 'rmw_fastrtps_cpp' as default
[2.323s] -- Found image_transport: 2.3.0 (/opt/ros/foxy/share/image_transport/cmake)
[2.545s] -- Found cv_bridge: 2.2.1 (/opt/ros/foxy/share/cv_bridge/cmake)
[2.810s] -- Configuring done
[3.062s] -- Generating done
[3.081s] -- Build files have been written to: /home/javierfr/Tesis_ws/V1/build/img_proc_pkg
[3.113s] [35m[1mScanning dependencies of target img_proc_id_node[0m
[3.114s] [35m[1mScanning dependencies of target img_proc_qr_detector[0m
[3.127s] [ 20%] Built target img_proc_node
[3.129s] [ 60%] Built target img_subs_test_node
[3.129s] [ 60%] Built target img_publ_test_node
[3.141s] [ 70%] [32mBuilding CXX object CMakeFiles/img_proc_qr_detector.dir/src/img_proc_qr_detector.cpp.o[0m
[3.215s] [ 80%] [32mBuilding CXX object CMakeFiles/img_proc_id_node.dir/src/img_proc_id_node.cpp.o[0m
[4.393s] [01m[K/home/javierfr/Tesis_ws/V1/src/img_proc_pkg/src/img_proc_qr_detector.cpp:[m[K In member function â€˜[01m[Kvoid Img_Proc_Qr_Detector::topic_callback(sensor_msgs::msg::Image_<std::allocator<void> >::SharedPtr) const[m[Kâ€™:
[4.393s] [01m[K/home/javierfr/Tesis_ws/V1/src/img_proc_pkg/src/img_proc_qr_detector.cpp:67:34:[m[K [01;31m[Kerror: [m[Kâ€˜[01m[Kimage1[m[Kâ€™ was not declared in this scope
[4.393s]    67 |      cv::imshow("Display Image", [01;31m[Kimage1[m[K);
[4.393s]       |                                  [01;31m[K^~~~~~[m[K
[4.436s] [01m[K/home/javierfr/Tesis_ws/V1/src/img_proc_pkg/src/img_proc_id_node.cpp:[m[K In member function â€˜[01m[Kvoid Img_Proc_Id_Node::topic_callback(sensor_msgs::msg::Image_<std::allocator<void> >::SharedPtr) const[m[Kâ€™:
[4.436s] [01m[K/home/javierfr/Tesis_ws/V1/src/img_proc_pkg/src/img_proc_id_node.cpp:65:34:[m[K [01;31m[Kerror: [m[Kâ€˜[01m[Kimage1[m[Kâ€™ was not declared in this scope
[4.436s]    65 |      cv::imshow("Display Image", [01;31m[Kimage1[m[K);
[4.436s]       |                                  [01;31m[K^~~~~~[m[K
[4.438s] [01m[K/home/javierfr/Tesis_ws/V1/src/img_proc_pkg/src/img_proc_id_node.cpp:[m[K In function â€˜[01m[Kint main(int, char**)[m[Kâ€™:
[4.438s] [01m[K/home/javierfr/Tesis_ws/V1/src/img_proc_pkg/src/img_proc_id_node.cpp:76:33:[m[K [01;31m[Kerror: [m[Kâ€˜[01m[KImg_Proc_Id_node[m[Kâ€™ was not declared in this scope; did you mean â€˜[01m[KImg_Proc_Id_Node[m[Kâ€™?
[4.438s]    76 |   rclcpp::spin(std::make_shared<[01;31m[KImg_Proc_Id_node[m[K>());
[4.438s]       |                                 [01;31m[K^~~~~~~~~~~~~~~~[m[K
[4.438s]       |                                 [32m[KImg_Proc_Id_Node[m[K
[4.438s] [01m[K/home/javierfr/Tesis_ws/V1/src/img_proc_pkg/src/img_proc_id_node.cpp:76:51:[m[K [01;31m[Kerror: [m[Kno matching function for call to â€˜[01m[Kmake_shared<<expression error> >()[m[Kâ€™
[4.438s]    76 |   rclcpp::spin(std::make_shared<Img_Proc_Id_node>([01;31m[K)[m[K);
[4.438s]       |                                                   [01;31m[K^[m[K
[4.438s] In file included from [01m[K/usr/include/c++/9/memory:81[m[K,
[4.438s]                  from [01m[K/home/javierfr/Tesis_ws/V1/src/img_proc_pkg/src/img_proc_id_node.cpp:4[m[K:
[4.438s] [01m[K/usr/include/c++/9/bits/shared_ptr.h:714:5:[m[K [01;36m[Knote: [m[Kcandidate: â€˜[01m[Ktemplate<class _Tp, class ... _Args> std::shared_ptr<_Tp> std::make_shared(_Args&& ...)[m[Kâ€™
[4.438s]   714 |     [01;36m[Kmake_shared[m[K(_Args&&... __args)
[4.438s]       |     [01;36m[K^~~~~~~~~~~[m[K
[4.438s] [01m[K/usr/include/c++/9/bits/shared_ptr.h:714:5:[m[K [01;36m[Knote: [m[K  template argument deduction/substitution failed:
[4.438s] [01m[K/home/javierfr/Tesis_ws/V1/src/img_proc_pkg/src/img_proc_id_node.cpp:76:51:[m[K [01;31m[Kerror: [m[Ktemplate argument 1 is invalid
[4.438s]    76 |   rclcpp::spin(std::make_shared<Img_Proc_Id_node>([01;31m[K)[m[K);
[4.438s]       |                                                   [01;31m[K^[m[K
[5.458s] make[2]: *** [CMakeFiles/img_proc_id_node.dir/build.make:63: CMakeFiles/img_proc_id_node.dir/src/img_proc_id_node.cpp.o] Error 1
[5.458s] make[1]: *** [CMakeFiles/Makefile2:140: CMakeFiles/img_proc_id_node.dir/all] Error 2
[5.458s] make[1]: *** Waiting for unfinished jobs....
[5.529s] make[2]: *** [CMakeFiles/img_proc_qr_detector.dir/build.make:63: CMakeFiles/img_proc_qr_detector.dir/src/img_proc_qr_detector.cpp.o] Error 1
[5.529s] make[1]: *** [CMakeFiles/Makefile2:248: CMakeFiles/img_proc_qr_detector.dir/all] Error 2
[5.529s] make: *** [Makefile:141: all] Error 2
[5.532s] Invoked command in '/home/javierfr/Tesis_ws/V1/build/img_proc_pkg' returned '2': CMAKE_PREFIX_PATH=${CMAKE_PREFIX_PATH}:/opt/ros/foxy /usr/bin/cmake --build /home/javierfr/Tesis_ws/V1/build/img_proc_pkg -- -j12 -l12
