[0.021s] Invoking command in '/home/javierfr/Tesis_ws/V1/build/interfaces': CMAKE_PREFIX_PATH=${CMAKE_PREFIX_PATH}:/opt/ros/foxy /usr/bin/cmake --build /home/javierfr/Tesis_ws/V1/build/interfaces -- -j12 -l12
[0.251s] -- Found ament_cmake: 0.9.8 (/opt/ros/foxy/share/ament_cmake/cmake)
[0.404s] -- Found PythonInterp: /usr/bin/python3 (found suitable version "3.8.5", minimum required is "3") 
[0.405s] -- Using PYTHON_EXECUTABLE: /usr/bin/python3
[0.693s] -- Found rosidl_default_generators: 1.0.1 (/opt/ros/foxy/share/rosidl_default_generators/cmake)
[0.728s] -- Using all available rosidl_typesupport_c: rosidl_typesupport_fastrtps_c;rosidl_typesupport_introspection_c
[0.795s] -- Found rosidl_adapter: 1.2.1 (/opt/ros/foxy/share/rosidl_adapter/cmake)
[1.399s] -- Using all available rosidl_typesupport_cpp: rosidl_typesupport_fastrtps_cpp;rosidl_typesupport_introspection_cpp
[1.546s] -- Found PythonInterp: /usr/bin/python3 (found version "3.8.5") 
[1.842s] CMake Error at /opt/ros/foxy/share/rosidl_adapter/cmake/rosidl_adapt_interfaces.cmake:60 (message):
[1.842s]   execute_process(/usr/bin/python3 -m rosidl_adapter --package-name
[1.842s]   interfaces --arguments-file
[1.842s]   /home/javierfr/Tesis_ws/V1/build/interfaces/rosidl_adapter__arguments__interfaces.json
[1.842s]   --output-dir
[1.842s]   /home/javierfr/Tesis_ws/V1/build/interfaces/rosidl_adapter/interfaces
[1.842s]   --output-file
[1.842s]   /home/javierfr/Tesis_ws/V1/build/interfaces/rosidl_adapter/interfaces.idls)
[1.842s]   returned error code 1:
[1.842s] 
[1.842s]   Error processing 'int32 R1_x' of 'interfaces/ImgData': ''R1_x' is an
[1.842s]   invalid field name.  It should have the pattern
[1.842s]   '^(?!.*__)(?!.*_$)[a-z][a-z0-9_]*$''
[1.842s] 
[1.842s]   Traceback (most recent call last):
[1.843s] 
[1.843s]     File "/usr/lib/python3.8/runpy.py", line 194, in _run_module_as_main
[1.843s]       return _run_code(code, main_globals, None,
[1.843s]     File "/usr/lib/python3.8/runpy.py", line 87, in _run_code
[1.843s]       exec(code, run_globals)
[1.843s]     File "/opt/ros/foxy/lib/python3.8/site-packages/rosidl_adapter/__main__.py", line 19, in <module>
[1.843s]       sys.exit(main())
[1.843s]     File "/opt/ros/foxy/lib/python3.8/site-packages/rosidl_adapter/main.py", line 53, in main
[1.843s]       abs_idl_file = convert_to_idl(
[1.843s]     File "/opt/ros/foxy/lib/python3.8/site-packages/rosidl_adapter/__init__.py", line 19, in convert_to_idl
[1.843s]       return convert_msg_to_idl(
[1.843s]     File "/opt/ros/foxy/lib/python3.8/site-packages/rosidl_adapter/msg/__init__.py", line 28, in convert_msg_to_idl
[1.843s]       msg = parse_message_string(package_name, input_file.stem, content)
[1.843s]     File "/opt/ros/foxy/lib/python3.8/site-packages/rosidl_adapter/parser.py", line 515, in parse_message_string
[1.843s]       fields.append(Field(
[1.843s]     File "/opt/ros/foxy/lib/python3.8/site-packages/rosidl_adapter/parser.py", line 353, in __init__
[1.843s]       raise NameError(
[1.844s] 
[1.844s]   NameError: 'R1_x' is an invalid field name.  It should have the pattern
[1.844s]   '^(?!.*__)(?!.*_$)[a-z][a-z0-9_]*$'
[1.844s] 
[1.844s] Call Stack (most recent call first):
[1.844s]   /opt/ros/foxy/share/rosidl_cmake/cmake/rosidl_generate_interfaces.cmake:130 (rosidl_adapt_interfaces)
[1.844s]   CMakeLists.txt:22 (rosidl_generate_interfaces)
[1.844s] 
[1.844s] 
[1.844s] -- Configuring incomplete, errors occurred!
[1.844s] See also "/home/javierfr/Tesis_ws/V1/build/interfaces/CMakeFiles/CMakeOutput.log".
[1.847s] make: *** [Makefile:988: cmake_check_build_system] Error 1
[1.849s] Invoked command in '/home/javierfr/Tesis_ws/V1/build/interfaces' returned '2': CMAKE_PREFIX_PATH=${CMAKE_PREFIX_PATH}:/opt/ros/foxy /usr/bin/cmake --build /home/javierfr/Tesis_ws/V1/build/interfaces -- -j12 -l12
