[0.020s] Invoking command in '/home/javierfr/Tesis_ws/V1/build/img_proc_pkg': CMAKE_PREFIX_PATH=${CMAKE_PREFIX_PATH}:/opt/ros/foxy /usr/bin/cmake --build /home/javierfr/Tesis_ws/V1/build/img_proc_pkg -- -j12 -l12
[0.057s] [35m[1mScanning dependencies of target img_proc_qr_detector[0m
[0.084s] [ 37%] Built target img_proc_node
[0.084s] [ 50%] Built target img_publ_test_node
[0.087s] [ 75%] Built target img_subs_test_node
[0.092s] [ 87%] [32mBuilding CXX object CMakeFiles/img_proc_qr_detector.dir/src/img_proc_qr_detector.cpp.o[0m
[1.354s] [01m[K/home/javierfr/Tesis_ws/V1/src/img_proc_pkg/src/img_proc_qr_detector.cpp:[m[K In member function â€˜[01m[Kvoid Img_Proc_Qr_Detector::topic_callback(sensor_msgs::msg::Image_<std::allocator<void> >::SharedPtr) const[m[Kâ€™:
[1.354s] [01m[K/home/javierfr/Tesis_ws/V1/src/img_proc_pkg/src/img_proc_qr_detector.cpp:67:40:[m[K [01;31m[Kerror: [m[Kinvalid use of non-static member function â€˜[01m[Kstd::__cxx11::basic_string<_CharT, _Traits, _Alloc>::size_type std::__cxx11::basic_string<_CharT, _Traits, _Alloc>::length() const [with _CharT = char; _Traits = std::char_traits<char>; _Alloc = std::allocator<char>; std::__cxx11::basic_string<_CharT, _Traits, _Alloc>::size_type = long unsigned int][m[Kâ€™
[1.354s]    67 |         [01;31m[Kstd::cout << "Decoded Data : " << data.length[m[K << std::endl;
[1.354s]       |         [01;31m[K~~~~~~~~~~~~~~~~~~~~~~~~~~~~~~~^~~~~~~~~~~~~~[m[K
[1.354s] In file included from [01m[K/usr/include/c++/9/string:55[m[K,
[1.354s]                  from [01m[K/usr/include/c++/9/stdexcept:39[m[K,
[1.354s]                  from [01m[K/usr/include/c++/9/array:39[m[K,
[1.354s]                  from [01m[K/usr/include/c++/9/tuple:39[m[K,
[1.354s]                  from [01m[K/usr/include/c++/9/functional:54[m[K,
[1.355s]                  from [01m[K/home/javierfr/Tesis_ws/V1/src/img_proc_pkg/src/img_proc_qr_detector.cpp:3[m[K:
[1.355s] [01m[K/usr/include/c++/9/bits/basic_string.h:936:7:[m[K [01;36m[Knote: [m[Kdeclared here
[1.355s]   936 |       [01;36m[Klength[m[K() const _GLIBCXX_NOEXCEPT
[1.355s]       |       [01;36m[K^~~~~~[m[K
[2.473s] make[2]: *** [CMakeFiles/img_proc_qr_detector.dir/build.make:63: CMakeFiles/img_proc_qr_detector.dir/src/img_proc_qr_detector.cpp.o] Error 1
[2.473s] make[1]: *** [CMakeFiles/Makefile2:84: CMakeFiles/img_proc_qr_detector.dir/all] Error 2
[2.474s] make: *** [Makefile:141: all] Error 2
[2.475s] Invoked command in '/home/javierfr/Tesis_ws/V1/build/img_proc_pkg' returned '2': CMAKE_PREFIX_PATH=${CMAKE_PREFIX_PATH}:/opt/ros/foxy /usr/bin/cmake --build /home/javierfr/Tesis_ws/V1/build/img_proc_pkg -- -j12 -l12
