[0.020s] Invoking command in '/home/javierfr/Tesis_ws/V1/build/img_proc_pkg': CMAKE_PREFIX_PATH=${CMAKE_PREFIX_PATH}:/opt/ros/foxy /usr/bin/cmake --build /home/javierfr/Tesis_ws/V1/build/img_proc_pkg -- -j12 -l12
[0.061s] [35m[1mScanning dependencies of target img_proc_id_node[0m
[0.080s] [ 25%] Built target img_proc_node
[0.093s] [ 50%] Built target img_subs_test_node
[0.098s] [ 62%] [32mBuilding CXX object CMakeFiles/img_proc_id_node.dir/src/img_proc_id_node.cpp.o[0m
[0.099s] [ 87%] Built target img_publ_test_node
[1.480s] In file included from [01m[K/usr/local/include/opencv4/opencv2/core/cvdef.h:188[m[K,
[1.480s]                  from [01m[K/usr/local/include/opencv4/opencv2/core.hpp:52[m[K,
[1.480s]                  from [01m[K/home/javierfr/Tesis_ws/V1/src/img_proc_pkg/src/img_proc_id_node.cpp:10[m[K:
[1.481s] [01m[K/home/javierfr/Tesis_ws/V1/src/img_proc_pkg/src/img_proc_id_node.cpp:[m[K In member function â€˜[01m[Kvoid Img_Proc_Id_Node::topic_callback(sensor_msgs::msg::Image_<std::allocator<void> >::SharedPtr) const[m[Kâ€™:
[1.481s] [01m[K/home/javierfr/Tesis_ws/V1/src/img_proc_pkg/src/img_proc_id_node.cpp:81:60:[m[K [01;31m[Kerror: [m[Kexpected unqualified-id before â€˜[01m[K([m[Kâ€™ token
[1.481s]    81 |       cv::Mat mask = cv::Mat::zeros(n_rows,n_cols,cv::Mat::[01;31m[KCV_8UC1[m[K);
[1.481s]       |                                                            [01;31m[K^~~~~~~[m[K
[2.661s] make[2]: *** [CMakeFiles/img_proc_id_node.dir/build.make:63: CMakeFiles/img_proc_id_node.dir/src/img_proc_id_node.cpp.o] Error 1
[2.661s] make[1]: *** [CMakeFiles/Makefile2:138: CMakeFiles/img_proc_id_node.dir/all] Error 2
[2.661s] make: *** [Makefile:141: all] Error 2
[2.663s] Invoked command in '/home/javierfr/Tesis_ws/V1/build/img_proc_pkg' returned '2': CMAKE_PREFIX_PATH=${CMAKE_PREFIX_PATH}:/opt/ros/foxy /usr/bin/cmake --build /home/javierfr/Tesis_ws/V1/build/img_proc_pkg -- -j12 -l12
