[01m[K/home/javierfr/Tesis_ws/V1/src/img_proc_pkg/src/img_subs_test_node.cpp:[m[K In function â€˜[01m[Kint main(int, char**)[m[Kâ€™:
[01m[K/home/javierfr/Tesis_ws/V1/src/img_proc_pkg/src/img_subs_test_node.cpp:62:76:[m[K [01;31m[Kerror: [m[Kno matching function for call to â€˜[01m[Kspin_until_future_complete(std::shared_ptr<Img_Subs_Test_Node>)[m[Kâ€™
   62 | plete(std::make_shared<Img_Subs_Test_Node>()[01;31m[K)[m[K;
      |                                             [01;31m[K^[m[K

In file included from [01m[K/opt/ros/foxy/include/rclcpp/rclcpp.hpp:146[m[K,
                 from [01m[K/home/javierfr/Tesis_ws/V1/src/img_proc_pkg/src/img_subs_test_node.cpp:15[m[K:
[01m[K/opt/ros/foxy/include/rclcpp/executors.hpp:105:1:[m[K [01;36m[Knote: [m[Kcandidate: â€˜[01m[Ktemplate<class FutureT, class TimeRepT, class TimeT> rclcpp::FutureReturnCode rclcpp::spin_until_future_complete(rclcpp::node_interfaces::NodeBaseInterface::SharedPtr, const std::shared_future<_Res>&, std::chrono::duration<_Rep, _Period>)[m[Kâ€™
  105 | [01;36m[Kspin_until_future_complete[m[K(
      | [01;36m[K^~~~~~~~~~~~~~~~~~~~~~~~~~[m[K
[01m[K/opt/ros/foxy/include/rclcpp/executors.hpp:105:1:[m[K [01;36m[Knote: [m[K  template argument deduction/substitution failed:
[01m[K/home/javierfr/Tesis_ws/V1/src/img_proc_pkg/src/img_subs_test_node.cpp:62:76:[m[K [01;36m[Knote: [m[K  candidate expects 3 arguments, 1 provided
   62 | plete(std::make_shared<Img_Subs_Test_Node>()[01;36m[K)[m[K;
      |                                             [01;36m[K^[m[K

In file included from [01m[K/opt/ros/foxy/include/rclcpp/rclcpp.hpp:146[m[K,
                 from [01m[K/home/javierfr/Tesis_ws/V1/src/img_proc_pkg/src/img_subs_test_node.cpp:15[m[K:
[01m[K/opt/ros/foxy/include/rclcpp/executors.hpp:117:1:[m[K [01;36m[Knote: [m[Kcandidate: â€˜[01m[Ktemplate<class NodeT, class FutureT, class TimeRepT, class TimeT> rclcpp::FutureReturnCode rclcpp::spin_until_future_complete(std::shared_ptr<_Tp>, const std::shared_future<ResponseT>&, std::chrono::duration<_Rep2, _Period2>)[m[Kâ€™
  117 | [01;36m[Kspin_until_future_complete[m[K(
      | [01;36m[K^~~~~~~~~~~~~~~~~~~~~~~~~~[m[K
[01m[K/opt/ros/foxy/include/rclcpp/executors.hpp:117:1:[m[K [01;36m[Knote: [m[K  template argument deduction/substitution failed:
[01m[K/home/javierfr/Tesis_ws/V1/src/img_proc_pkg/src/img_subs_test_node.cpp:62:76:[m[K [01;36m[Knote: [m[K  candidate expects 3 arguments, 1 provided
   62 | plete(std::make_shared<Img_Subs_Test_Node>()[01;36m[K)[m[K;
      |                                             [01;36m[K^[m[K

make[2]: *** [CMakeFiles/img_subs_test_node.dir/build.make:63: CMakeFiles/img_subs_test_node.dir/src/img_subs_test_node.cpp.o] Error 1
make[1]: *** [CMakeFiles/Makefile2:82: CMakeFiles/img_subs_test_node.dir/all] Error 2
make: *** [Makefile:141: all] Error 2
