[0.008s] Invoking command in '/home/javierfr/Tesis_ws/V1/build/inv_kinematics_pkg': CMAKE_PREFIX_PATH=/home/javierfr/Tesis_ws/V1/install/interfaces:/home/javierfr/Tesis_ws/V1/install/inv_kinematics_pkg:/home/javierfr/Tesis_ws/V1/install/img_proc_pkg:/home/javierfr/Tesis_ws/V1/install/gazebo_plugin_sim:/opt/ros/foxy LD_LIBRARY_PATH=/home/javierfr/Tesis_ws/V1/install/interfaces/lib:/home/javierfr/Tesis_ws/V1/install/gazebo_plugin_sim/lib:/opt/ros/foxy/opt/yaml_cpp_vendor/lib:/opt/ros/foxy/opt/rviz_ogre_vendor/lib:/opt/ros/foxy/lib/x86_64-linux-gnu:/opt/ros/foxy/lib:/usr/lib/x86_64-linux-gnu/gazebo-11/plugins:/usr/lib/x86_64-linux-gnu/gazebo-11/plugins /usr/bin/cmake --build /home/javierfr/Tesis_ws/V1/build/inv_kinematics_pkg -- -j12 -l12
[0.041s] [35m[1mScanning dependencies of target platform1_vel_server[0m
[0.057s] [ 50%] Built target platform1_vel_test_client
[0.062s] [ 75%] [32mBuilding CXX object CMakeFiles/platform1_vel_server.dir/src/platform1_vel_server.cpp.o[0m
[1.818s] /home/javierfr/Tesis_ws/V1/src/inv_kinematics_pkg/src/platform1_vel_server.cpp:9:1: error: invalid use of template-name â€˜rclcpp::Publisherâ€™ without an argument list
[1.818s]     9 | rclcpp::Publisher::SharedPtr publisher_M = nullptr;
[1.818s]       | ^~~~~~
[1.818s] /home/javierfr/Tesis_ws/V1/src/inv_kinematics_pkg/src/platform1_vel_server.cpp:9:1: note: class template argument deduction is only available with â€˜-std=c++17â€™ or â€˜-std=gnu++17â€™
[1.818s] In file included from /opt/ros/foxy/include/rclcpp/topic_statistics/subscription_topic_statistics.hpp:31,
[1.818s]                  from /opt/ros/foxy/include/rclcpp/subscription.hpp:50,
[1.818s]                  from /opt/ros/foxy/include/rclcpp/any_executable.hpp:25,
[1.818s]                  from /opt/ros/foxy/include/rclcpp/memory_strategy.hpp:24,
[1.818s]                  from /opt/ros/foxy/include/rclcpp/memory_strategies.hpp:18,
[1.819s]                  from /opt/ros/foxy/include/rclcpp/executor_options.hpp:20,
[1.819s]                  from /opt/ros/foxy/include/rclcpp/executor.hpp:33,
[1.819s]                  from /opt/ros/foxy/include/rclcpp/executors/multi_threaded_executor.hpp:25,
[1.819s]                  from /opt/ros/foxy/include/rclcpp/executors.hpp:21,
[1.819s]                  from /opt/ros/foxy/include/rclcpp/rclcpp.hpp:146,
[1.819s]                  from /home/javierfr/Tesis_ws/V1/src/inv_kinematics_pkg/src/platform1_vel_server.cpp:1:
[1.819s] /opt/ros/foxy/include/rclcpp/publisher.hpp:51:7: note: â€˜template<class MessageT, class AllocatorT> class rclcpp::Publisherâ€™ declared here
[1.820s]    51 | class Publisher : public PublisherBase
[1.820s]       |       ^~~~~~~~~
[1.821s] /home/javierfr/Tesis_ws/V1/src/inv_kinematics_pkg/src/platform1_vel_server.cpp: In function â€˜void send_vel(std::shared_ptr<interfaces::srv::PlatformVel_Request_<std::allocator<void> > >, std::shared_ptr<interfaces::srv::PlatformVel_Response_<std::allocator<void> > >)â€™:
[1.821s] /home/javierfr/Tesis_ws/V1/src/inv_kinematics_pkg/src/platform1_vel_server.cpp:37:6: error: â€˜publisher_Mâ€™ was not declared in this scope; did you mean â€˜rcl_publisher_tâ€™?
[1.821s]    37 |      publisher_M->publish(vel_M);
[1.822s]       |      ^~~~~~~~~~~
[1.822s]       |      rcl_publisher_t
[1.822s] /home/javierfr/Tesis_ws/V1/src/inv_kinematics_pkg/src/platform1_vel_server.cpp: In function â€˜int main(int, char**)â€™:
[1.822s] /home/javierfr/Tesis_ws/V1/src/inv_kinematics_pkg/src/platform1_vel_server.cpp:59:3: error: â€˜publisher_Mâ€™ was not declared in this scope; did you mean â€˜rcl_publisher_tâ€™?
[1.822s]    59 |   publisher_M = Platform1VelServer_node->create_publisher<interfaces::msg::MotorVels>("/robot_platform_1/vel_Motors",1);
[1.823s]       |   ^~~~~~~~~~~
[1.823s]       |   rcl_publisher_t
[1.823s] make[2]: *** [CMakeFiles/platform1_vel_server.dir/build.make:63: CMakeFiles/platform1_vel_server.dir/src/platform1_vel_server.cpp.o] Error 1
[1.823s] make[1]: *** [CMakeFiles/Makefile2:107: CMakeFiles/platform1_vel_server.dir/all] Error 2
[1.823s] make: *** [Makefile:141: all] Error 2
[1.823s] Invoked command in '/home/javierfr/Tesis_ws/V1/build/inv_kinematics_pkg' returned '2': CMAKE_PREFIX_PATH=/home/javierfr/Tesis_ws/V1/install/interfaces:/home/javierfr/Tesis_ws/V1/install/inv_kinematics_pkg:/home/javierfr/Tesis_ws/V1/install/img_proc_pkg:/home/javierfr/Tesis_ws/V1/install/gazebo_plugin_sim:/opt/ros/foxy LD_LIBRARY_PATH=/home/javierfr/Tesis_ws/V1/install/interfaces/lib:/home/javierfr/Tesis_ws/V1/install/gazebo_plugin_sim/lib:/opt/ros/foxy/opt/yaml_cpp_vendor/lib:/opt/ros/foxy/opt/rviz_ogre_vendor/lib:/opt/ros/foxy/lib/x86_64-linux-gnu:/opt/ros/foxy/lib:/usr/lib/x86_64-linux-gnu/gazebo-11/plugins:/usr/lib/x86_64-linux-gnu/gazebo-11/plugins /usr/bin/cmake --build /home/javierfr/Tesis_ws/V1/build/inv_kinematics_pkg -- -j12 -l12
