[35m[1mScanning dependencies of target img_proc_qr_detector[0m
[ 25%] Built target img_proc_node
[ 50%] Built target img_publ_test_node
[ 75%] Built target img_subs_test_node
[ 87%] [32mBuilding CXX object CMakeFiles/img_proc_qr_detector.dir/src/img_proc_qr_detector.cpp.o[0m
[01m[K/home/javierfr/Tesis_ws/V1/src/img_proc_pkg/src/img_proc_qr_detector.cpp:[m[K In member function â€˜[01m[Kvoid Img_Proc_Qr_Detector::topic_callback(sensor_msgs::msg::Image_<std::allocator<void> >::SharedPtr) const[m[Kâ€™:
[01m[K/home/javierfr/Tesis_ws/V1/src/img_proc_pkg/src/img_proc_qr_detector.cpp:54:11:[m[K [01;31m[Kerror: [m[Kâ€˜[01m[KQRCodeDetector[m[Kâ€™ is not a member of â€˜[01m[Kcv[m[Kâ€™
   54 |       cv::[01;31m[KQRCodeDetector[m[K qr =QRCodeDetector::QrCodeDetector();
      |           [01;31m[K^~~~~~~~~~~~~~[m[K
[01m[K/home/javierfr/Tesis_ws/V1/src/img_proc_pkg/src/img_proc_qr_detector.cpp:56:26:[m[K [01;31m[Kerror: [m[Kâ€˜[01m[Kqr[m[Kâ€™ was not declared in this scope
   56 |       std::string data = [01;31m[Kqr[m[K.detectAndDecode(image1,bbox,rectifiedImage);
      |                          [01;31m[K^~[m[K
In file included from [01m[K/opt/ros/foxy/include/rclcpp/client.hpp:40[m[K,
                 from [01m[K/opt/ros/foxy/include/rclcpp/callback_group.hpp:23[m[K,
                 from [01m[K/opt/ros/foxy/include/rclcpp/any_executable.hpp:20[m[K,
                 from [01m[K/opt/ros/foxy/include/rclcpp/memory_strategy.hpp:24[m[K,
                 from [01m[K/opt/ros/foxy/include/rclcpp/memory_strategies.hpp:18[m[K,
                 from [01m[K/opt/ros/foxy/include/rclcpp/executor_options.hpp:20[m[K,
                 from [01m[K/opt/ros/foxy/include/rclcpp/executor.hpp:33[m[K,
                 from [01m[K/opt/ros/foxy/include/rclcpp/executors/multi_threaded_executor.hpp:25[m[K,
                 from [01m[K/opt/ros/foxy/include/rclcpp/executors.hpp:21[m[K,
                 from [01m[K/opt/ros/foxy/include/rclcpp/rclcpp.hpp:146[m[K,
                 from [01m[K/home/javierfr/Tesis_ws/V1/src/img_proc_pkg/src/img_proc_qr_detector.cpp:15[m[K:
[01m[K/home/javierfr/Tesis_ws/V1/src/img_proc_pkg/src/img_proc_qr_detector.cpp:58:53:[m[K [01;31m[Kerror: [m[Kexpected â€˜[01m[K)[m[Kâ€™ before â€˜[01m[Kdata[m[Kâ€™
   58 |       RCLCPP_INFO(this->get_logger(), "QR_Data: %s" [01;31m[Kdata[m[K);
      |                                                     [01;31m[K^~~~[m[K
[01m[K/home/javierfr/Tesis_ws/V1/src/img_proc_pkg/src/img_proc_qr_detector.cpp:58:7:[m[K [01;36m[Knote: [m[Kto match this â€˜[01m[K([m[Kâ€™
   58 |       [01;36m[KRCLCPP_INFO[m[K(this->get_logger(), "QR_Data: %s" data);
      |       [01;36m[K^~~~~~~~~~~[m[K
make[2]: *** [CMakeFiles/img_proc_qr_detector.dir/build.make:63: CMakeFiles/img_proc_qr_detector.dir/src/img_proc_qr_detector.cpp.o] Error 1
make[1]: *** [CMakeFiles/Makefile2:84: CMakeFiles/img_proc_qr_detector.dir/all] Error 2
make: *** [Makefile:141: all] Error 2
