[0.018s] Invoking command in '/home/javierfr/Tesis_ws/V1/build/img_proc_pkg': CMAKE_PREFIX_PATH=${CMAKE_PREFIX_PATH}:/opt/ros/foxy /usr/bin/cmake --build /home/javierfr/Tesis_ws/V1/build/img_proc_pkg -- -j12 -l12
[0.056s] [35m[1mScanning dependencies of target img_proc_qr_detector[0m
[0.077s] [ 25%] Built target img_proc_node
[0.083s] [ 50%] Built target img_publ_test_node
[0.085s] [ 75%] Built target img_subs_test_node
[0.093s] [ 87%] [32mBuilding CXX object CMakeFiles/img_proc_qr_detector.dir/src/img_proc_qr_detector.cpp.o[0m
[1.333s] [01m[K/home/javierfr/Tesis_ws/V1/src/img_proc_pkg/src/img_proc_qr_detector.cpp:[m[K In member function â€˜[01m[Kvoid Img_Proc_Qr_Detector::topic_callback(sensor_msgs::msg::Image_<std::allocator<void> >::SharedPtr) const[m[Kâ€™:
[1.333s] [01m[K/home/javierfr/Tesis_ws/V1/src/img_proc_pkg/src/img_proc_qr_detector.cpp:54:11:[m[K [01;31m[Kerror: [m[Kâ€˜[01m[KQRCodeDetector[m[Kâ€™ is not a member of â€˜[01m[Kcv[m[Kâ€™
[1.333s]    54 |       cv::[01;31m[KQRCodeDetector[m[K qr =QRCodeDetector::QrCodeDetector();
[1.333s]       |           [01;31m[K^~~~~~~~~~~~~~[m[K
[1.334s] [01m[K/home/javierfr/Tesis_ws/V1/src/img_proc_pkg/src/img_proc_qr_detector.cpp:56:26:[m[K [01;31m[Kerror: [m[Kâ€˜[01m[Kqr[m[Kâ€™ was not declared in this scope
[1.334s]    56 |       std::string data = [01;31m[Kqr[m[K.detectAndDecode(image1,bbox,rectifiedImage);
[1.334s]       |                          [01;31m[K^~[m[K
[1.334s] In file included from [01m[K/opt/ros/foxy/include/rclcpp/client.hpp:40[m[K,
[1.334s]                  from [01m[K/opt/ros/foxy/include/rclcpp/callback_group.hpp:23[m[K,
[1.334s]                  from [01m[K/opt/ros/foxy/include/rclcpp/any_executable.hpp:20[m[K,
[1.334s]                  from [01m[K/opt/ros/foxy/include/rclcpp/memory_strategy.hpp:24[m[K,
[1.335s]                  from [01m[K/opt/ros/foxy/include/rclcpp/memory_strategies.hpp:18[m[K,
[1.335s]                  from [01m[K/opt/ros/foxy/include/rclcpp/executor_options.hpp:20[m[K,
[1.335s]                  from [01m[K/opt/ros/foxy/include/rclcpp/executor.hpp:33[m[K,
[1.335s]                  from [01m[K/opt/ros/foxy/include/rclcpp/executors/multi_threaded_executor.hpp:25[m[K,
[1.335s]                  from [01m[K/opt/ros/foxy/include/rclcpp/executors.hpp:21[m[K,
[1.335s]                  from [01m[K/opt/ros/foxy/include/rclcpp/rclcpp.hpp:146[m[K,
[1.335s]                  from [01m[K/home/javierfr/Tesis_ws/V1/src/img_proc_pkg/src/img_proc_qr_detector.cpp:15[m[K:
[1.335s] [01m[K/home/javierfr/Tesis_ws/V1/src/img_proc_pkg/src/img_proc_qr_detector.cpp:58:53:[m[K [01;31m[Kerror: [m[Kexpected â€˜[01m[K)[m[Kâ€™ before â€˜[01m[Kdata[m[Kâ€™
[1.335s]    58 |       RCLCPP_INFO(this->get_logger(), "QR_Data: %s" [01;31m[Kdata[m[K);
[1.335s]       |                                                     [01;31m[K^~~~[m[K
[1.335s] [01m[K/home/javierfr/Tesis_ws/V1/src/img_proc_pkg/src/img_proc_qr_detector.cpp:58:7:[m[K [01;36m[Knote: [m[Kto match this â€˜[01m[K([m[Kâ€™
[1.335s]    58 |       [01;36m[KRCLCPP_INFO[m[K(this->get_logger(), "QR_Data: %s" data);
[1.335s]       |       [01;36m[K^~~~~~~~~~~[m[K
[2.426s] make[2]: *** [CMakeFiles/img_proc_qr_detector.dir/build.make:63: CMakeFiles/img_proc_qr_detector.dir/src/img_proc_qr_detector.cpp.o] Error 1
[2.427s] make[1]: *** [CMakeFiles/Makefile2:84: CMakeFiles/img_proc_qr_detector.dir/all] Error 2
[2.427s] make: *** [Makefile:141: all] Error 2
[2.429s] Invoked command in '/home/javierfr/Tesis_ws/V1/build/img_proc_pkg' returned '2': CMAKE_PREFIX_PATH=${CMAKE_PREFIX_PATH}:/opt/ros/foxy /usr/bin/cmake --build /home/javierfr/Tesis_ws/V1/build/img_proc_pkg -- -j12 -l12
