[0.171s] Invoking command in '/home/javierfr/Tesis_ws/V1/build/img_proc_pkg': /usr/bin/cmake --build /home/javierfr/Tesis_ws/V1/build/img_proc_pkg -- -j12 -l12
[1.138s] -- Found ament_cmake: 0.9.8 (/opt/ros/foxy/share/ament_cmake/cmake)
[1.251s] -- Using PYTHON_EXECUTABLE: /usr/bin/python3
[1.359s] Traceback (most recent call last):
[1.359s]   File "/opt/ros/foxy/share/ament_cmake_core/cmake/package_templates/templates_2_cmake.py", line 21, in <module>
[1.359s]     from ament_package.templates import get_environment_hook_template_path
[1.359s] ModuleNotFoundError: No module named 'ament_package'
[1.372s] CMake Error at /opt/ros/foxy/share/ament_cmake_core/cmake/ament_cmake_package_templates-extras.cmake:41 (message):
[1.372s]   execute_process(/usr/bin/python3
[1.372s]   /opt/ros/foxy/share/ament_cmake_core/cmake/package_templates/templates_2_cmake.py
[1.372s]   /home/javierfr/Tesis_ws/V1/build/img_proc_pkg/ament_cmake_package_templates/templates.cmake)
[1.372s]   returned error code 1
[1.372s] Call Stack (most recent call first):
[1.372s]   /opt/ros/foxy/share/ament_cmake_core/cmake/ament_cmake_coreConfig.cmake:41 (include)
[1.372s]   /opt/ros/foxy/share/ament_cmake/cmake/ament_cmake_export_dependencies-extras.cmake:15 (find_package)
[1.372s]   /opt/ros/foxy/share/ament_cmake/cmake/ament_cmakeConfig.cmake:41 (include)
[1.372s]   CMakeLists.txt:19 (find_package)
[1.372s] 
[1.372s] 
[1.373s] -- Configuring incomplete, errors occurred!
[1.373s] See also "/home/javierfr/Tesis_ws/V1/build/img_proc_pkg/CMakeFiles/CMakeOutput.log".
[1.409s] make: *** [Makefile:266: cmake_check_build_system] Error 1
[1.415s] Invoked command in '/home/javierfr/Tesis_ws/V1/build/img_proc_pkg' returned '2': /usr/bin/cmake --build /home/javierfr/Tesis_ws/V1/build/img_proc_pkg -- -j12 -l12
