[0.007s] Invoking command in '/home/javierfr/Tesis_ws/V1/build/sim_pkg': CMAKE_PREFIX_PATH=${CMAKE_PREFIX_PATH}:/opt/ros/foxy LD_LIBRARY_PATH=/home/javierfr/Tesis_ws/V1/install/interfaces/lib:/opt/ros/foxy/opt/yaml_cpp_vendor/lib:/opt/ros/foxy/opt/rviz_ogre_vendor/lib:/opt/ros/foxy/lib/x86_64-linux-gnu:/opt/ros/foxy/lib:/usr/lib/x86_64-linux-gnu/gazebo-11/plugins:/usr/lib/x86_64-linux-gnu/gazebo-11/plugins /usr/bin/cmake --build /home/javierfr/Tesis_ws/V1/build/sim_pkg -- -j12 -l12
[0.037s] [35m[1mScanning dependencies of target plat1_send_vel_node[0m
[0.056s] [ 50%] [32mBuilding CXX object CMakeFiles/plat1_send_vel_node.dir/src/plat1_send_vel_node.cpp.o[0m
[1.375s] /home/javierfr/Tesis_ws/V1/src/sim_pkg/src/plat1_send_vel_node.cpp:6:32: error: â€˜tutorial_interfacesâ€™ was not declared in this scope; did you mean â€˜rcl_interfacesâ€™?
[1.375s]     6 | void add(const std::shared_ptr<tutorial_interfaces::srv::AddThreeInts::Request> request,     // CHANGE
[1.375s]       |                                ^~~~~~~~~~~~~~~~~~~
[1.375s]       |                                rcl_interfaces
[1.375s] /home/javierfr/Tesis_ws/V1/src/sim_pkg/src/plat1_send_vel_node.cpp:6:79: error: template argument 1 is invalid
[1.375s]     6 | void add(const std::shared_ptr<tutorial_interfaces::srv::AddThreeInts::Request> request,     // CHANGE
[1.375s]       |                                                                               ^
[1.375s] /home/javierfr/Tesis_ws/V1/src/sim_pkg/src/plat1_send_vel_node.cpp:6:32: error: â€˜tutorial_interfacesâ€™ was not declared in this scope; did you mean â€˜rcl_interfacesâ€™?
[1.375s]     6 | void add(const std::shared_ptr<tutorial_interfaces::srv::AddThreeInts::Request> request,     // CHANGE
[1.375s]       |                                ^~~~~~~~~~~~~~~~~~~
[1.376s]       |                                rcl_interfaces
[1.376s] /home/javierfr/Tesis_ws/V1/src/sim_pkg/src/plat1_send_vel_node.cpp:6:79: error: template argument 1 is invalid
[1.376s]     6 | void add(const std::shared_ptr<tutorial_interfaces::srv::AddThreeInts::Request> request,     // CHANGE
[1.376s]       |                                                                               ^
[1.376s] /home/javierfr/Tesis_ws/V1/src/sim_pkg/src/plat1_send_vel_node.cpp:6:32: error: â€˜tutorial_interfacesâ€™ was not declared in this scope; did you mean â€˜rcl_interfacesâ€™?
[1.376s]     6 | void add(const std::shared_ptr<tutorial_interfaces::srv::AddThreeInts::Request> request,     // CHANGE
[1.376s]       |                                ^~~~~~~~~~~~~~~~~~~
[1.376s]       |                                rcl_interfaces
[1.376s] /home/javierfr/Tesis_ws/V1/src/sim_pkg/src/plat1_send_vel_node.cpp:6:79: error: template argument 1 is invalid
[1.376s]     6 | void add(const std::shared_ptr<tutorial_interfaces::srv::AddThreeInts::Request> request,     // CHANGE
[1.376s]       |                                                                               ^
[1.376s] /home/javierfr/Tesis_ws/V1/src/sim_pkg/src/plat1_send_vel_node.cpp:6:32: error: â€˜tutorial_interfacesâ€™ was not declared in this scope; did you mean â€˜rcl_interfacesâ€™?
[1.376s]     6 | void add(const std::shared_ptr<tutorial_interfaces::srv::AddThreeInts::Request> request,     // CHANGE
[1.376s]       |                                ^~~~~~~~~~~~~~~~~~~
[1.376s]       |                                rcl_interfaces
[1.376s] /home/javierfr/Tesis_ws/V1/src/sim_pkg/src/plat1_send_vel_node.cpp:6:79: error: template argument 1 is invalid
[1.376s]     6 | void add(const std::shared_ptr<tutorial_interfaces::srv::AddThreeInts::Request> request,     // CHANGE
[1.377s]       |                                                                               ^
[1.377s] /home/javierfr/Tesis_ws/V1/src/sim_pkg/src/plat1_send_vel_node.cpp:6:32: error: â€˜tutorial_interfacesâ€™ was not declared in this scope; did you mean â€˜rcl_interfacesâ€™?
[1.377s]     6 | void add(const std::shared_ptr<tutorial_interfaces::srv::AddThreeInts::Request> request,     // CHANGE
[1.378s]       |                                ^~~~~~~~~~~~~~~~~~~
[1.378s]       |                                rcl_interfaces
[1.379s] /home/javierfr/Tesis_ws/V1/src/sim_pkg/src/plat1_send_vel_node.cpp:6:79: error: template argument 1 is invalid
[1.379s]     6 | void add(const std::shared_ptr<tutorial_interfaces::srv::AddThreeInts::Request> request,     // CHANGE
[1.379s]       |                                                                               ^
[1.379s] /home/javierfr/Tesis_ws/V1/src/sim_pkg/src/plat1_send_vel_node.cpp:6:16: error: invalid use of template-name â€˜std::shared_ptrâ€™ without an argument list
[1.379s]     6 | void add(const std::shared_ptr<tutorial_interfaces::srv::AddThreeInts::Request> request,     // CHANGE
[1.379s]       |                ^~~
[1.379s] /home/javierfr/Tesis_ws/V1/src/sim_pkg/src/plat1_send_vel_node.cpp:6:16: note: class template argument deduction is only available with â€˜-std=c++17â€™ or â€˜-std=gnu++17â€™
[1.379s] In file included from /usr/include/c++/9/bits/shared_ptr.h:52,
[1.379s]                  from /usr/include/c++/9/memory:81,
[1.379s]                  from /opt/ros/foxy/include/rclcpp/rclcpp.hpp:144,
[1.380s]                  from /home/javierfr/Tesis_ws/V1/src/sim_pkg/src/plat1_send_vel_node.cpp:1:
[1.380s] /usr/include/c++/9/bits/shared_ptr_base.h:348:11: note: â€˜template<class _Tp> class std::shared_ptrâ€™ declared here
[1.380s]   348 |     class shared_ptr;
[1.380s]       |           ^~~~~~~~~~
[1.380s] /home/javierfr/Tesis_ws/V1/src/sim_pkg/src/plat1_send_vel_node.cpp:6:31: error: expected â€˜,â€™ or â€˜...â€™ before â€˜<â€™ token
[1.380s]     6 | void add(const std::shared_ptr<tutorial_interfaces::srv::AddThreeInts::Request> request,     // CHANGE
[1.380s]       |                               ^
[1.380s] /home/javierfr/Tesis_ws/V1/src/sim_pkg/src/plat1_send_vel_node.cpp: In function â€˜void add(int)â€™:
[1.380s] /home/javierfr/Tesis_ws/V1/src/sim_pkg/src/plat1_send_vel_node.cpp:9:3: error: â€˜responseâ€™ was not declared in this scope
[1.380s]     9 |   response->sum = request->a + request->b + request->c;                                       // CHANGE
[1.380s]       |   ^~~~~~~~
[1.380s] /home/javierfr/Tesis_ws/V1/src/sim_pkg/src/plat1_send_vel_node.cpp:9:19: error: â€˜requestâ€™ was not declared in this scope
[1.380s]     9 |   response->sum = request->a + request->b + request->c;                                       // CHANGE
[1.380s]       |                   ^~~~~~~
[1.380s] /home/javierfr/Tesis_ws/V1/src/sim_pkg/src/plat1_send_vel_node.cpp: In function â€˜int main(int, char**)â€™:
[1.380s] /home/javierfr/Tesis_ws/V1/src/sim_pkg/src/plat1_send_vel_node.cpp:21:19: error: â€˜tutorial_interfacesâ€™ was not declared in this scope; did you mean â€˜rcl_interfacesâ€™?
[1.380s]    21 |   rclcpp::Service<tutorial_interfaces::srv::AddThreeInts>::SharedPtr service =                 // CHANGE
[1.380s]       |                   ^~~~~~~~~~~~~~~~~~~
[1.380s]       |                   rcl_interfaces
[1.381s] /home/javierfr/Tesis_ws/V1/src/sim_pkg/src/plat1_send_vel_node.cpp:21:57: error: template argument 1 is invalid
[1.381s]    21 |   rclcpp::Service<tutorial_interfaces::srv::AddThreeInts>::SharedPtr service =                 // CHANGE
[1.381s]       |                                                         ^
[1.381s] /home/javierfr/Tesis_ws/V1/src/sim_pkg/src/plat1_send_vel_node.cpp:21:70: error: qualified-id in declaration before â€˜serviceâ€™
[1.381s]    21 |   rclcpp::Service<tutorial_interfaces::srv::AddThreeInts>::SharedPtr service =                 // CHANGE
[1.381s]       |                                                                      ^~~~~~~
[1.381s] make[2]: *** [CMakeFiles/plat1_send_vel_node.dir/build.make:63: CMakeFiles/plat1_send_vel_node.dir/src/plat1_send_vel_node.cpp.o] Error 1
[1.381s] make[1]: *** [CMakeFiles/Makefile2:78: CMakeFiles/plat1_send_vel_node.dir/all] Error 2
[1.381s] make: *** [Makefile:141: all] Error 2
[1.381s] Invoked command in '/home/javierfr/Tesis_ws/V1/build/sim_pkg' returned '2': CMAKE_PREFIX_PATH=${CMAKE_PREFIX_PATH}:/opt/ros/foxy LD_LIBRARY_PATH=/home/javierfr/Tesis_ws/V1/install/interfaces/lib:/opt/ros/foxy/opt/yaml_cpp_vendor/lib:/opt/ros/foxy/opt/rviz_ogre_vendor/lib:/opt/ros/foxy/lib/x86_64-linux-gnu:/opt/ros/foxy/lib:/usr/lib/x86_64-linux-gnu/gazebo-11/plugins:/usr/lib/x86_64-linux-gnu/gazebo-11/plugins /usr/bin/cmake --build /home/javierfr/Tesis_ws/V1/build/sim_pkg -- -j12 -l12
