[01m[K/home/javierfr/Tesis_ws/V1/src/img_proc_pkg/src/img_proc_qr_detector.cpp:[m[K In member function â€˜[01m[Kvoid Img_Proc_Qr_Detector::topic_callback(sensor_msgs::msg::Image_<std::allocator<void> >::SharedPtr) const[m[Kâ€™:
[01m[K/home/javierfr/Tesis_ws/V1/src/img_proc_pkg/src/img_proc_qr_detector.cpp:55:50:[m[K [01;31m[Kerror: [m[Kâ€˜[01m[KQrCodeDetector[m[Kâ€™ is not a member of â€˜[01m[Kcv::QRCodeDetector[m[Kâ€™
   55 |       cv::QRCodeDetector qr =cv::QRCodeDetector::[01;31m[KQrCodeDetector[m[K();
      |                                                  [01;31m[K^~~~~~~~~~~~~~[m[K
make[2]: *** [CMakeFiles/img_proc_qr_detector.dir/build.make:63: CMakeFiles/img_proc_qr_detector.dir/src/img_proc_qr_detector.cpp.o] Error 1
make[1]: *** [CMakeFiles/Makefile2:84: CMakeFiles/img_proc_qr_detector.dir/all] Error 2
make: *** [Makefile:141: all] Error 2
