[0.015s] Invoking command in '/home/javierfr/Tesis_ws/V1/build/gazebo_plugin_sim': CMAKE_PREFIX_PATH=${CMAKE_PREFIX_PATH}:/opt/ros/foxy /usr/bin/cmake --build /home/javierfr/Tesis_ws/V1/build/gazebo_plugin_sim -- -j12 -l12
[0.297s] -- Found ament_cmake: 0.9.8 (/opt/ros/foxy/share/ament_cmake/cmake)
[0.407s] -- Using PYTHON_EXECUTABLE: /usr/bin/python3
[0.750s] -- Found camera_info_manager: 2.3.0 (/opt/ros/foxy/share/camera_info_manager/cmake)
[1.199s] -- Using all available rosidl_typesupport_c: rosidl_typesupport_fastrtps_c;rosidl_typesupport_introspection_c
[1.202s] -- Found rosidl_adapter: 1.2.1 (/opt/ros/foxy/share/rosidl_adapter/cmake)
[1.563s] -- Using all available rosidl_typesupport_cpp: rosidl_typesupport_fastrtps_cpp;rosidl_typesupport_introspection_cpp
[1.745s] -- Found rmw_implementation_cmake: 1.0.3 (/opt/ros/foxy/share/rmw_implementation_cmake/cmake)
[1.751s] -- Using RMW implementation 'rmw_fastrtps_cpp' as default
[2.194s] -- Setting yaml-cpp_DIR to: '/opt/ros/foxy/share/yaml_cpp_vendor/cmake/../../../opt/yaml_cpp_vendor/lib/cmake/yaml-cpp'
[2.280s] -- Found gazebo_dev: 3.5.3 (/opt/ros/foxy/share/gazebo_dev/cmake)
[2.611s] -- Found DART: /usr/include (Required is at least version "6.6") found components: dart 
[2.921s] -- Found Protobuf: /usr/lib/x86_64-linux-gnu/libprotobuf.so;-lpthread (found version "3.6.1") 
[2.950s] -- Looking for ignition-math6 -- found version 6.8.0
[2.979s] -- Searching for dependencies of ignition-math6
[2.982s] -- Looking for OGRE...
[3.018s] -- Found Ogre Ghadamon (1.9.0)
[3.023s] -- Found OGRE: optimized;/usr/lib/x86_64-linux-gnu/libOgreMain.so;debug;/usr/lib/x86_64-linux-gnu/libOgreMain.so
[3.031s] -- Looking for OGRE_Paging...
[3.031s] -- Found OGRE_Paging: optimized;/usr/lib/x86_64-linux-gnu/libOgrePaging.so;debug;/usr/lib/x86_64-linux-gnu/libOgrePaging.so
[3.031s] -- Looking for OGRE_Terrain...
[3.031s] -- Found OGRE_Terrain: optimized;/usr/lib/x86_64-linux-gnu/libOgreTerrain.so;debug;/usr/lib/x86_64-linux-gnu/libOgreTerrain.so
[3.031s] -- Looking for OGRE_Property...
[3.031s] -- Found OGRE_Property: optimized;/usr/lib/x86_64-linux-gnu/libOgreProperty.so;debug;/usr/lib/x86_64-linux-gnu/libOgreProperty.so
[3.032s] -- Looking for OGRE_RTShaderSystem...
[3.032s] -- Found OGRE_RTShaderSystem: optimized;/usr/lib/x86_64-linux-gnu/libOgreRTShaderSystem.so;debug;/usr/lib/x86_64-linux-gnu/libOgreRTShaderSystem.so
[3.032s] -- Looking for OGRE_Volume...
[3.032s] -- Found OGRE_Volume: optimized;/usr/lib/x86_64-linux-gnu/libOgreVolume.so;debug;/usr/lib/x86_64-linux-gnu/libOgreVolume.so
[3.032s] -- Looking for OGRE_Overlay...
[3.032s] -- Found OGRE_Overlay: optimized;/usr/lib/x86_64-linux-gnu/libOgreOverlay.so;debug;/usr/lib/x86_64-linux-gnu/libOgreOverlay.so
[3.158s] -- Looking for ignition-math6 -- found version 6.8.0
[3.167s] -- Looking for ignition-transport8 -- found version 8.2.0
[3.167s] -- Searching for dependencies of ignition-transport8
[3.190s] -- Found Protobuf: /usr/lib/x86_64-linux-gnu/libprotobuf.so;-lpthread (found suitable version "3.6.1", minimum required is "3") 
[3.206s] -- Config-file not installed for ZeroMQ -- checking for pkg-config
[3.210s] -- Checking for module 'libzmq >= 4'
[3.310s] --   Found libzmq , version 4.3.2
[3.345s] -- Checking for module 'uuid'
[3.372s] --   Found uuid, version 2.34.0
[3.406s] -- Looking for ignition-msgs5 -- found version 5.7.0
[3.407s] -- Searching for dependencies of ignition-msgs5
[3.423s] -- Looking for ignition-math6 -- found version 6.8.0
[3.426s] -- Checking for module 'tinyxml2'
[3.441s] --   Found tinyxml2, version 6.2.0
[3.475s] -- Looking for ignition-msgs5 -- found version 5.7.0
[3.488s] -- Looking for ignition-common3 -- found version 3.13.1
[3.489s] -- Searching for dependencies of ignition-common3
[3.489s] -- Looking for dlfcn.h - found
[3.489s] -- Looking for libdl - found
[3.497s] -- Searching for <ignition-common3> component [graphics]
[3.498s] -- Looking for ignition-common3-graphics -- found version 3.13.1
[3.499s] -- Searching for dependencies of ignition-common3-graphics
[3.499s] -- Looking for ignition-math6 -- found version 6.8.0
[3.511s] -- Looking for ignition-fuel_tools4 -- found version 4.3.0
[3.512s] -- Searching for dependencies of ignition-fuel_tools4
[3.582s] -- Checking for module 'jsoncpp'
[3.621s] --   Found jsoncpp, version 1.7.4
[3.655s] -- Checking for module 'libzip'
[3.686s] --   Found libzip, version 1.5.1
[3.716s] -- Looking for ignition-common3 -- found version 3.13.1
[3.716s] -- Looking for ignition-msgs5 -- found version 5.7.0
[3.718s] -- Gazebo version: 11.5
[3.730s] -- Found gazebo_msgs: 3.5.3 (/opt/ros/foxy/share/gazebo_msgs/cmake)
[4.018s] -- Found gazebo_ros: 3.5.3 (/opt/ros/foxy/share/gazebo_ros/cmake)
[4.065s] -- Found image_transport: 2.3.0 (/opt/ros/foxy/share/image_transport/cmake)
[4.198s] -- Found cv_bridge: 2.2.1 (/opt/ros/foxy/share/cv_bridge/cmake)
[4.245s] -- Found nav_msgs: 2.0.4 (/opt/ros/foxy/share/nav_msgs/cmake)
[4.324s] -- Found std_srvs: 2.0.4 (/opt/ros/foxy/share/std_srvs/cmake)
[4.344s] -- Found tf2: 0.13.10 (/opt/ros/foxy/share/tf2/cmake)
[4.367s] -- Found tf2_geometry_msgs: 0.13.10 (/opt/ros/foxy/share/tf2_geometry_msgs/cmake)
[4.398s] -- Found eigen3_cmake_module: 0.1.1 (/opt/ros/foxy/share/eigen3_cmake_module/cmake)
[4.845s] -- Found interfaces: 0.0.0 (/home/javierfr/Tesis_ws/V1/install/interfaces/share/interfaces/cmake)
[6.212s] -- Configuring done
[6.708s] -- Generating done
[6.711s] -- Build files have been written to: /home/javierfr/Tesis_ws/V1/build/gazebo_plugin_sim
[6.734s] [35m[1mScanning dependencies of target robot1_plugin[0m
[6.763s] [ 75%] Built target platform2_plugin
[6.763s] [ 75%] Built target platform1_plugin
[6.763s] [ 75%] Built target platform_plugin_test
[8.767s] [ 87%] [32mBuilding CXX object CMakeFiles/robot1_plugin.dir/src/robot1_plugin.cpp.o[0m
[20.219s] [01m[K/home/javierfr/Tesis_ws/V1/src/gazebo_plugin_sim/src/robot1_plugin.cpp:25:10:[m[K [01;31m[Kfatal error: [m[Kinterfaces/msg/motor_vels_w_arm.hpp: No such file or directory
[20.219s]    25 | #include [01;31m[K<interfaces/msg/motor_vels_w_arm.hpp>[m[K
[20.219s]       |          [01;31m[K^~~~~~~~~~~~~~~~~~~~~~~~~~~~~~~~~~~~~[m[K
[20.219s] compilation terminated.
[20.226s] make[2]: *** [CMakeFiles/robot1_plugin.dir/build.make:63: CMakeFiles/robot1_plugin.dir/src/robot1_plugin.cpp.o] Error 1
[20.226s] make[1]: *** [CMakeFiles/Makefile2:84: CMakeFiles/robot1_plugin.dir/all] Error 2
[20.226s] make: *** [Makefile:141: all] Error 2
