[0.010s] Invoking command in '/home/javierfr/Tesis_ws/V1/build/control_pkg': AMENT_PREFIX_PATH=/home/javierfr/Tesis_ws/V1/install/interfaces:${AMENT_PREFIX_PATH} CMAKE_PREFIX_PATH=/home/javierfr/Tesis_ws/V1/install/interfaces:/opt/ros/foxy LD_LIBRARY_PATH=/home/javierfr/Tesis_ws/V1/install/interfaces/lib:/opt/ros/foxy/opt/yaml_cpp_vendor/lib:/opt/ros/foxy/opt/rviz_ogre_vendor/lib:/opt/ros/foxy/lib/x86_64-linux-gnu:/opt/ros/foxy/lib:/usr/lib/x86_64-linux-gnu/gazebo-11/plugins:/usr/lib/x86_64-linux-gnu/gazebo-11/plugins PYTHONPATH=/home/javierfr/Tesis_ws/V1/install/interfaces/lib/python3.8/site-packages:${PYTHONPATH} /usr/bin/cmake --build /home/javierfr/Tesis_ws/V1/build/control_pkg -- -j12 -l12
[0.039s] [35m[1mScanning dependencies of target control_pid_p1_node[0m
[0.054s] [ 50%] Built target control_pid_p2_node
[0.060s] [ 75%] [32mBuilding CXX object CMakeFiles/control_pid_p1_node.dir/src/control_pid_p1_node.cpp.o[0m
[2.562s] /home/javierfr/Tesis_ws/V1/src/control_pkg/src/control_pid_p1_node.cpp:81:1: error: invalid use of template-name â€˜std::chrono::time_pointâ€™ without an argument list
[2.563s]    81 | std::chrono::time_point start_time = std::chrono::system_clock::now();
[2.563s]       | ^~~
[2.563s] /home/javierfr/Tesis_ws/V1/src/control_pkg/src/control_pid_p1_node.cpp:81:1: note: class template argument deduction is only available with â€˜-std=c++17â€™ or â€˜-std=gnu++17â€™
[2.563s] In file included from /usr/include/c++/9/mutex:39,
[2.563s]                  from /usr/include/c++/9/future:38,
[2.563s]                  from /opt/ros/foxy/include/rclcpp/executors.hpp:18,
[2.563s]                  from /opt/ros/foxy/include/rclcpp/rclcpp.hpp:146,
[2.563s]                  from /home/javierfr/Tesis_ws/V1/src/control_pkg/src/control_pid_p1_node.cpp:1:
[2.563s] /usr/include/c++/9/chrono:65:14: note: â€˜template<class _Clock, class _Dur> struct std::chrono::time_pointâ€™ declared here
[2.563s]    65 |       struct time_point;
[2.563s]       |              ^~~~~~~~~~
[2.563s] /home/javierfr/Tesis_ws/V1/src/control_pkg/src/control_pid_p1_node.cpp:82:1: error: invalid use of template-name â€˜std::chrono::time_pointâ€™ without an argument list
[2.564s]    82 | std::chrono::time_point end_time = std::chrono::system_clock::now();
[2.564s]       | ^~~
[2.564s] /home/javierfr/Tesis_ws/V1/src/control_pkg/src/control_pid_p1_node.cpp:82:1: note: class template argument deduction is only available with â€˜-std=c++17â€™ or â€˜-std=gnu++17â€™
[2.564s] In file included from /usr/include/c++/9/mutex:39,
[2.564s]                  from /usr/include/c++/9/future:38,
[2.564s]                  from /opt/ros/foxy/include/rclcpp/executors.hpp:18,
[2.564s]                  from /opt/ros/foxy/include/rclcpp/rclcpp.hpp:146,
[2.564s]                  from /home/javierfr/Tesis_ws/V1/src/control_pkg/src/control_pid_p1_node.cpp:1:
[2.564s] /usr/include/c++/9/chrono:65:14: note: â€˜template<class _Clock, class _Dur> struct std::chrono::time_pointâ€™ declared here
[2.564s]    65 |       struct time_point;
[2.564s]       |              ^~~~~~~~~~
[2.564s] /home/javierfr/Tesis_ws/V1/src/control_pkg/src/control_pid_p1_node.cpp:83:36: error: â€˜end_timeâ€™ was not declared in this scope
[2.565s]    83 | std::chrono::duration<double> dt = end_time - start_time;
[2.565s]       |                                    ^~~~~~~~
[2.565s] /home/javierfr/Tesis_ws/V1/src/control_pkg/src/control_pid_p1_node.cpp:83:47: error: â€˜start_timeâ€™ was not declared in this scope; did you mean â€˜strptimeâ€™?
[2.565s]    83 | std::chrono::duration<double> dt = end_time - start_time;
[2.565s]       |                                               ^~~~~~~~~~
[2.566s]       |                                               strptime
[2.567s] make[2]: *** [CMakeFiles/control_pid_p1_node.dir/build.make:63: CMakeFiles/control_pid_p1_node.dir/src/control_pid_p1_node.cpp.o] Error 1
[2.567s] make[1]: *** [CMakeFiles/Makefile2:107: CMakeFiles/control_pid_p1_node.dir/all] Error 2
[2.567s] make: *** [Makefile:141: all] Error 2
[2.567s] Invoked command in '/home/javierfr/Tesis_ws/V1/build/control_pkg' returned '2': AMENT_PREFIX_PATH=/home/javierfr/Tesis_ws/V1/install/interfaces:${AMENT_PREFIX_PATH} CMAKE_PREFIX_PATH=/home/javierfr/Tesis_ws/V1/install/interfaces:/opt/ros/foxy LD_LIBRARY_PATH=/home/javierfr/Tesis_ws/V1/install/interfaces/lib:/opt/ros/foxy/opt/yaml_cpp_vendor/lib:/opt/ros/foxy/opt/rviz_ogre_vendor/lib:/opt/ros/foxy/lib/x86_64-linux-gnu:/opt/ros/foxy/lib:/usr/lib/x86_64-linux-gnu/gazebo-11/plugins:/usr/lib/x86_64-linux-gnu/gazebo-11/plugins PYTHONPATH=/home/javierfr/Tesis_ws/V1/install/interfaces/lib/python3.8/site-packages:${PYTHONPATH} /usr/bin/cmake --build /home/javierfr/Tesis_ws/V1/build/control_pkg -- -j12 -l12
