[0.015s] Invoking command in '/home/javierfr/Tesis_ws/V1/build/img_proc_pkg': CMAKE_PREFIX_PATH=/opt/ros/foxy /usr/bin/cmake --build /home/javierfr/Tesis_ws/V1/build/img_proc_pkg -- -j12 -l12
[0.045s] [35m[1mScanning dependencies of target img_publ_test_node[0m
[0.057s] [ 50%] Built target img_proc_node
[0.171s] [ 75%] [32mBuilding CXX object CMakeFiles/img_publ_test_node.dir/src/img_publ_test_node.cpp.o[0m
[1.285s] [01m[K/home/javierfr/Tesis_ws/V1/src/img_proc_pkg/src/img_publ_test_node.cpp:[m[K In member function â€˜[01m[Kvoid Img_Publ_Test_Node::timer_callback()[m[Kâ€™:
[1.285s] [01m[K/home/javierfr/Tesis_ws/V1/src/img_proc_pkg/src/img_publ_test_node.cpp:41:12:[m[K [01;31m[Kerror: [m[Kâ€˜[01m[Kclass std::unique_ptr<sensor_msgs::msg::Image_<std::allocator<void> >, std::default_delete<sensor_msgs::msg::Image_<std::allocator<void> > > >[m[Kâ€™ has no member named â€˜[01m[Kheight[m[Kâ€™
[1.285s]    41 |    message.[01;31m[Kheight[m[K = image.rows;
[1.285s]       |            [01;31m[K^~~~~~[m[K
[1.285s] [01m[K/home/javierfr/Tesis_ws/V1/src/img_proc_pkg/src/img_publ_test_node.cpp:42:12:[m[K [01;31m[Kerror: [m[Kâ€˜[01m[Kclass std::unique_ptr<sensor_msgs::msg::Image_<std::allocator<void> >, std::default_delete<sensor_msgs::msg::Image_<std::allocator<void> > > >[m[Kâ€™ has no member named â€˜[01m[Kwidth[m[Kâ€™
[1.286s]    42 |    message.[01;31m[Kwidth[m[K = image.cols;
[1.286s]       |            [01;31m[K^~~~~[m[K
[1.286s] [01m[K/home/javierfr/Tesis_ws/V1/src/img_proc_pkg/src/img_publ_test_node.cpp:43:12:[m[K [01;31m[Kerror: [m[Kâ€˜[01m[Kclass std::unique_ptr<sensor_msgs::msg::Image_<std::allocator<void> >, std::default_delete<sensor_msgs::msg::Image_<std::allocator<void> > > >[m[Kâ€™ has no member named â€˜[01m[Kencoding[m[Kâ€™
[1.286s]    43 |    message.[01;31m[Kencoding[m[K = mat_type2encoding(image.type());
[1.286s]       |            [01;31m[K^~~~~~~~[m[K
[1.289s] [01m[K/home/javierfr/Tesis_ws/V1/src/img_proc_pkg/src/img_publ_test_node.cpp:43:23:[m[K [01;31m[Kerror: [m[Kâ€˜[01m[Kmat_type2encoding[m[Kâ€™ was not declared in this scope
[1.289s]    43 |    message.encoding = [01;31m[Kmat_type2encoding[m[K(image.type());
[1.289s]       |                       [01;31m[K^~~~~~~~~~~~~~~~~[m[K
[1.290s] [01m[K/home/javierfr/Tesis_ws/V1/src/img_proc_pkg/src/img_publ_test_node.cpp:44:12:[m[K [01;31m[Kerror: [m[Kâ€˜[01m[Kclass std::unique_ptr<sensor_msgs::msg::Image_<std::allocator<void> >, std::default_delete<sensor_msgs::msg::Image_<std::allocator<void> > > >[m[Kâ€™ has no member named â€˜[01m[Kstep[m[Kâ€™
[1.290s]    44 |    message.[01;31m[Kstep[m[K = static_cast<sensor_msgs::msg::Image::_step_type>(image.step);
[1.290s]       |            [01;31m[K^~~~[m[K
[1.290s] [01m[K/home/javierfr/Tesis_ws/V1/src/img_proc_pkg/src/img_publ_test_node.cpp:46:12:[m[K [01;31m[Kerror: [m[Kâ€˜[01m[Kclass std::unique_ptr<sensor_msgs::msg::Image_<std::allocator<void> >, std::default_delete<sensor_msgs::msg::Image_<std::allocator<void> > > >[m[Kâ€™ has no member named â€˜[01m[Kdata[m[Kâ€™
[1.290s]    46 |    message.[01;31m[Kdata[m[K.rezise(size);
[1.290s]       |            [01;31m[K^~~~[m[K
[1.290s] [01m[K/home/javierfr/Tesis_ws/V1/src/img_proc_pkg/src/img_publ_test_node.cpp:47:20:[m[K [01;31m[Kerror: [m[Kâ€˜[01m[Kclass std::unique_ptr<sensor_msgs::msg::Image_<std::allocator<void> >, std::default_delete<sensor_msgs::msg::Image_<std::allocator<void> > > >[m[Kâ€™ has no member named â€˜[01m[Kdata[m[Kâ€™
[1.290s]    47 |    memcpy(&message.[01;31m[Kdata[m[K[0], image.data, size);
[1.290s]       |                    [01;31m[K^~~~[m[K
[1.290s] [01m[K/home/javierfr/Tesis_ws/V1/src/img_proc_pkg/src/img_publ_test_node.cpp:48:12:[m[K [01;31m[Kerror: [m[Kâ€˜[01m[Kclass std::unique_ptr<sensor_msgs::msg::Image_<std::allocator<void> >, std::default_delete<sensor_msgs::msg::Image_<std::allocator<void> > > >[m[Kâ€™ has no member named â€˜[01m[Kheader[m[Kâ€™
[1.290s]    48 |    message.[01;31m[Kheader[m[K.image_id = image_id_;
[1.290s]       |            [01;31m[K^~~~~~[m[K
[1.292s] [01m[K/home/javierfr/Tesis_ws/V1/src/img_proc_pkg/src/img_publ_test_node.cpp:48:30:[m[K [01;31m[Kerror: [m[Kâ€˜[01m[Kimage_id_[m[Kâ€™ was not declared in this scope
[1.292s]    48 |    message.header.image_id = [01;31m[Kimage_id_[m[K;
[1.292s]       |                              [01;31m[K^~~~~~~~~[m[K
[1.292s] [01m[K/home/javierfr/Tesis_ws/V1/src/img_proc_pkg/src/img_publ_test_node.cpp:49:12:[m[K [01;31m[Kerror: [m[Kâ€˜[01m[Kclass std::unique_ptr<sensor_msgs::msg::Image_<std::allocator<void> >, std::default_delete<sensor_msgs::msg::Image_<std::allocator<void> > > >[m[Kâ€™ has no member named â€˜[01m[Kheader[m[Kâ€™
[1.292s]    49 |    message.[01;31m[Kheader[m[K.stamp = this->now();
[1.292s]       |            [01;31m[K^~~~~~[m[K
[1.293s] [01m[K/home/javierfr/Tesis_ws/V1/src/img_proc_pkg/src/img_publ_test_node.cpp:54:36:[m[K [01;31m[Kerror: [m[Kuse of deleted function â€˜[01m[Kstd::unique_ptr<_Tp, _Dp>::unique_ptr(const std::unique_ptr<_Tp, _Dp>&) [with _Tp = sensor_msgs::msg::Image_<std::allocator<void> >; _Dp = std::default_delete<sensor_msgs::msg::Image_<std::allocator<void> > >][m[Kâ€™
[1.293s]    54 |         publisher_->publish(message[01;31m[K)[m[K;
[1.293s]       |                                    [01;31m[K^[m[K
[1.293s] In file included from [01m[K/usr/include/c++/9/memory:80[m[K,
[1.293s]                  from [01m[K/home/javierfr/Tesis_ws/V1/src/img_proc_pkg/src/img_publ_test_node.cpp:4[m[K:
[1.293s] [01m[K/usr/include/c++/9/bits/unique_ptr.h:414:7:[m[K [01;36m[Knote: [m[Kdeclared here
[1.293s]   414 |       [01;36m[Kunique_ptr[m[K(const unique_ptr&) = delete;
[1.293s]       |       [01;36m[K^~~~~~~~~~[m[K
[1.293s] In file included from [01m[K/opt/ros/foxy/include/rclcpp/topic_statistics/subscription_topic_statistics.hpp:31[m[K,
[1.293s]                  from [01m[K/opt/ros/foxy/include/rclcpp/subscription.hpp:50[m[K,
[1.293s]                  from [01m[K/opt/ros/foxy/include/rclcpp/any_executable.hpp:25[m[K,
[1.293s]                  from [01m[K/opt/ros/foxy/include/rclcpp/memory_strategy.hpp:24[m[K,
[1.294s]                  from [01m[K/opt/ros/foxy/include/rclcpp/memory_strategies.hpp:18[m[K,
[1.294s]                  from [01m[K/opt/ros/foxy/include/rclcpp/executor_options.hpp:20[m[K,
[1.294s]                  from [01m[K/opt/ros/foxy/include/rclcpp/executor.hpp:33[m[K,
[1.294s]                  from [01m[K/opt/ros/foxy/include/rclcpp/executors/multi_threaded_executor.hpp:25[m[K,
[1.294s]                  from [01m[K/opt/ros/foxy/include/rclcpp/executors.hpp:21[m[K,
[1.294s]                  from [01m[K/opt/ros/foxy/include/rclcpp/rclcpp.hpp:146[m[K,
[1.294s]                  from [01m[K/home/javierfr/Tesis_ws/V1/src/img_proc_pkg/src/img_publ_test_node.cpp:16[m[K:
[1.294s] [01m[K/opt/ros/foxy/include/rclcpp/publisher.hpp:185:53:[m[K [01;36m[Knote: [m[K  initializing argument 1 of â€˜[01m[Kvoid rclcpp::Publisher<MessageT, AllocatorT>::publish(std::unique_ptr<MessageT, typename std::conditional<std::is_same<typename std::allocator_traits<typename std::allocator_traits<_Alloc>::rebind_traits<MessageT>::allocator_type>::rebind_alloc<MessageT>, typename std::allocator<void>::rebind<_Tp1>::other>::value, std::default_delete<_Tp>, rclcpp::allocator::AllocatorDeleter<typename std::allocator_traits<_Alloc>::rebind_traits<MessageT>::allocator_type> >::type>) [with MessageT = sensor_msgs::msg::Image_<std::allocator<void> >; AllocatorT = std::allocator<void>; typename std::conditional<std::is_same<typename std::allocator_traits<typename std::allocator_traits<_Alloc>::rebind_traits<MessageT>::allocator_type>::rebind_alloc<MessageT>, typename std::allocator<void>::rebind<_Tp1>::other>::value, std::default_delete<_Tp>, rclcpp::allocator::AllocatorDeleter<typename std::allocator_traits<_Alloc>::rebind_traits<MessageT>::allocator_type> >::type = std::default_delete<sensor_msgs::msg::Image_<std::allocator<void> > >][m[Kâ€™
[1.294s]   185 |   publish([01;36m[Kstd::unique_ptr<MessageT, MessageDeleter> msg[m[K)
[1.294s]       |           [01;36m[K~~~~~~~~~~~~~~~~~~~~~~~~~~~~~~~~~~~~~~~~~~^~~[m[K
[1.941s] make[2]: *** [CMakeFiles/img_publ_test_node.dir/build.make:63: CMakeFiles/img_publ_test_node.dir/src/img_publ_test_node.cpp.o] Error 1
[1.942s] make[1]: *** [CMakeFiles/Makefile2:80: CMakeFiles/img_publ_test_node.dir/all] Error 2
[1.942s] make: *** [Makefile:141: all] Error 2
[1.944s] Invoked command in '/home/javierfr/Tesis_ws/V1/build/img_proc_pkg' returned '2': CMAKE_PREFIX_PATH=/opt/ros/foxy /usr/bin/cmake --build /home/javierfr/Tesis_ws/V1/build/img_proc_pkg -- -j12 -l12
